#
# There is insufficient memory for the Java Runtime Environment to continue.
# Native memory allocation (mmap) failed to map 306184192 bytes for G1 virtual space
# Possible reasons:
#   The system is out of physical RAM or swap space
#   The process is running with CompressedOops enabled, and the Java Heap may be blocking the growth of the native heap
# Possible solutions:
#   Reduce memory load on the system
#   Increase physical memory or swap space
#   Check if swap backing store is full
#   Decrease Java heap size (-Xmx/-Xms)
#   Decrease number of Java threads
#   Decrease Java thread stack sizes (-Xss)
#   Set larger code cache with -XX:ReservedCodeCacheSize=
#   JVM is running with Zero Based Compressed Oops mode in which the Java heap is
#     placed in the first 32GB address space. The Java Heap base address is the
#     maximum limit for the native heap growth. Please use -XX:HeapBaseMinAddress
#     to set the Java Heap base and to place the Java Heap above 32GB virtual address.
# This output file may be truncated or incomplete.
#
#  Out of Memory Error (os_windows.cpp:3548), pid=20156, tid=10208
#
# JRE version: OpenJDK Runtime Environment Temurin-17.0.5+8 (17.0.5+8) (build 17.0.5+8)
# Java VM: OpenJDK 64-Bit Server VM Temurin-17.0.5+8 (17.0.5+8, mixed mode, emulated-client, tiered, compressed oops, compressed class ptrs, g1 gc, windows-amd64)
# No core dump will be written. Minidumps are not enabled by default on client versions of Windows
#

---------------  S U M M A R Y ------------

Command Line: -Dsts.lsp.client=vscode -Dsts.log.file=/dev/null -XX:TieredStopAtLevel=1 -Xlog:jni+resolve=off -Dspring.config.location=file:c:\Users\OMEN\.vscode\extensions\pivotal.vscode-spring-boot-1.43.0\language-server\BOOT-INF\classes\application.properties org.springframework.ide.vscode.boot.app.BootLanguageServerBootApp

Host: Intel(R) Core(TM) i7-7700HQ CPU @ 2.80GHz, 8 cores, 15G,  Windows 10 , 64 bit Build 19041 (10.0.19041.2364)
Time: Tue Jan 31 18:05:06 2023 Middle East Standard Time elapsed time: 14.803211 seconds (0d 0h 0m 14s)

---------------  T H R E A D  ---------------

Current thread (0x00000225ac79d830):  VMThread "VM Thread" [stack: 0x00000092ada00000,0x00000092adb00000] [id=10208]

Stack: [0x00000092ada00000,0x00000092adb00000]
Native frames: (J=compiled Java code, j=interpreted, Vv=VM code, C=native code)
V  [jvm.dll+0x676b3a]
V  [jvm.dll+0x831444]
V  [jvm.dll+0x832bee]
V  [jvm.dll+0x833253]
V  [jvm.dll+0x244ce5]
V  [jvm.dll+0x673a49]
V  [jvm.dll+0x66811a]
V  [jvm.dll+0x303ceb]
V  [jvm.dll+0x30b1e6]
V  [jvm.dll+0x35adbe]
V  [jvm.dll+0x35afef]
V  [jvm.dll+0x2dab88]
V  [jvm.dll+0x2d8e3c]
V  [jvm.dll+0x2d840c]
V  [jvm.dll+0x31c31b]
V  [jvm.dll+0x8376fb]
V  [jvm.dll+0x838434]
V  [jvm.dll+0x83894c]
V  [jvm.dll+0x838d24]
V  [jvm.dll+0x838df0]
V  [jvm.dll+0x7e17ea]
V  [jvm.dll+0x6759e5]
C  [ucrtbase.dll+0x21bb2]
C  [KERNEL32.DLL+0x17614]
C  [ntdll.dll+0x526a1]

VM_Operation (0x00000092afbfd820): G1CollectForAllocation, mode: safepoint, requested by thread 0x00000225ae899560


---------------  P R O C E S S  ---------------

Threads class SMR info:
_java_thread_list=0x00000225b1184410, length=41, elements={
0x00000225ad046380, 0x00000225ad047000, 0x00000225ad070800, 0x00000225ad071380,
0x00000225ad072c50, 0x00000225ad073510, 0x00000225ad0772d0, 0x00000225ad081bf0,
0x00000225ad29eaf0, 0x00000225ad2a7190, 0x00000225ada98d50, 0x00000225ade7f840,
0x00000225ae057020, 0x00000225ae6da4a0, 0x00000225ada65040, 0x00000225ae1f6850,
0x000002259875e4a0, 0x00000225ae585780, 0x00000225ae81b5f0, 0x00000225ae84aa60,
0x00000225ae83f630, 0x00000225ae83fb00, 0x00000225ae898220, 0x00000225ae897880,
0x00000225ae899560, 0x00000225ae896a10, 0x00000225ae8986f0, 0x00000225ae896ee0,
0x00000225ae8973b0, 0x00000225ae899090, 0x00000225ae896540, 0x00000225ae898bc0,
0x00000225ae897d50, 0x00000225ae899a30, 0x00000225ae896070, 0x00000225aeb1ed70,
0x00000225aeb20580, 0x00000225aeb1f710, 0x00000225aeb1f240, 0x00000225aeb1fbe0,
0x00000225aeb200b0
}

Java Threads: ( => current thread )
  0x00000225ad046380 JavaThread "Reference Handler" daemon [_thread_blocked, id=19172, stack(0x00000092adb00000,0x00000092adc00000)]
  0x00000225ad047000 JavaThread "Finalizer" daemon [_thread_blocked, id=31648, stack(0x00000092adc00000,0x00000092add00000)]
  0x00000225ad070800 JavaThread "Signal Dispatcher" daemon [_thread_blocked, id=14980, stack(0x00000092add00000,0x00000092ade00000)]
  0x00000225ad071380 JavaThread "Attach Listener" daemon [_thread_blocked, id=14436, stack(0x00000092ade00000,0x00000092adf00000)]
  0x00000225ad072c50 JavaThread "Service Thread" daemon [_thread_blocked, id=23520, stack(0x00000092adf00000,0x00000092ae000000)]
  0x00000225ad073510 JavaThread "Monitor Deflation Thread" daemon [_thread_blocked, id=29720, stack(0x00000092ae000000,0x00000092ae100000)]
  0x00000225ad0772d0 JavaThread "C1 CompilerThread0" daemon [_thread_blocked, id=13248, stack(0x00000092ae100000,0x00000092ae200000)]
  0x00000225ad081bf0 JavaThread "Sweeper thread" daemon [_thread_blocked, id=31128, stack(0x00000092ae200000,0x00000092ae300000)]
  0x00000225ad29eaf0 JavaThread "Notification Thread" daemon [_thread_blocked, id=28424, stack(0x00000092ae300000,0x00000092ae400000)]
  0x00000225ad2a7190 JavaThread "Common-Cleaner" daemon [_thread_blocked, id=32656, stack(0x00000092ae500000,0x00000092ae600000)]
  0x00000225ada98d50 JavaThread "C1 CompilerThread1" daemon [_thread_blocked, id=32488, stack(0x00000092ae600000,0x00000092ae700000)]
  0x00000225ade7f840 JavaThread "C1 CompilerThread2" daemon [_thread_blocked, id=29624, stack(0x00000092ae700000,0x00000092ae800000)]
  0x00000225ae057020 JavaThread "C1 CompilerThread3" daemon [_thread_blocked, id=32552, stack(0x00000092aed00000,0x00000092aee00000)]
  0x00000225ae6da4a0 JavaThread "boundedElastic-evictor-1" daemon [_thread_blocked, id=21904, stack(0x00000092af000000,0x00000092af100000)]
  0x00000225ada65040 JavaThread "pool-11-thread-1" [_thread_blocked, id=29108, stack(0x00000092af200000,0x00000092af300000)]
  0x00000225ae1f6850 JavaThread "LanguageServerApp-lifecycle" [_thread_blocked, id=31156, stack(0x00000092af300000,0x00000092af400000)]
  0x000002259875e4a0 JavaThread "DestroyJavaVM" [_thread_blocked, id=24856, stack(0x00000092ad400000,0x00000092ad500000)]
  0x00000225ae585780 JavaThread "pool-12-thread-1" [_thread_in_native, id=18652, stack(0x00000092af400000,0x00000092af500000)]
  0x00000225ae81b5f0 JavaThread "Simple-Language-Server main thread" daemon [_thread_blocked, id=22320, stack(0x00000092af500000,0x00000092af600000)]
  0x00000225ae84aa60 JavaThread "pool-8-thread-1" [_thread_blocked, id=25648, stack(0x00000092af600000,0x00000092af700000)]
  0x00000225ae83f630 JavaThread "parallel-1" daemon [_thread_blocked, id=20280, stack(0x00000092af700000,0x00000092af800000)]
  0x00000225ae83fb00 JavaThread "ForkJoinPool.commonPool-worker-1" daemon [_thread_blocked, id=14160, stack(0x00000092af800000,0x00000092af900000)]
  0x00000225ae898220 JavaThread "pool-5-thread-1" [_thread_blocked, id=32404, stack(0x00000092af900000,0x00000092afa00000)]
  0x00000225ae897880 JavaThread "parallel-2" daemon [_thread_blocked, id=11684, stack(0x00000092afa00000,0x00000092afb00000)]
  0x00000225ae899560 JavaThread "ClassGraph-worker-0" daemon [_thread_blocked, id=27720, stack(0x00000092afb00000,0x00000092afc00000)]
  0x00000225ae896a10 JavaThread "ClassGraph-worker-1" daemon [_thread_blocked, id=29048, stack(0x00000092afc00000,0x00000092afd00000)]
  0x00000225ae8986f0 JavaThread "ClassGraph-worker-2" daemon [_thread_blocked, id=22580, stack(0x00000092afd00000,0x00000092afe00000)]
  0x00000225ae896ee0 JavaThread "ClassGraph-worker-3" daemon [_thread_blocked, id=29408, stack(0x00000092afe00000,0x00000092aff00000)]
  0x00000225ae8973b0 JavaThread "ClassGraph-worker-4" daemon [_thread_blocked, id=27380, stack(0x00000092aff00000,0x00000092b0000000)]
  0x00000225ae899090 JavaThread "ClassGraph-worker-5" daemon [_thread_blocked, id=32192, stack(0x00000092b0000000,0x00000092b0100000)]
  0x00000225ae896540 JavaThread "ClassGraph-worker-6" daemon [_thread_blocked, id=9608, stack(0x00000092b0100000,0x00000092b0200000)]
  0x00000225ae898bc0 JavaThread "ClassGraph-worker-7" daemon [_thread_blocked, id=12688, stack(0x00000092b0200000,0x00000092b0300000)]
  0x00000225ae897d50 JavaThread "ClassGraph-worker-8" daemon [_thread_blocked, id=31016, stack(0x00000092b0300000,0x00000092b0400000)]
  0x00000225ae899a30 JavaThread "ClassGraph-worker-9" daemon [_thread_blocked, id=18784, stack(0x00000092b0400000,0x00000092b0500000)]
  0x00000225ae896070 JavaThread "ClassGraph-worker-10" daemon [_thread_blocked, id=25860, stack(0x00000092b0500000,0x00000092b0600000)]
  0x00000225aeb1ed70 JavaThread "ClassGraph-worker-11" daemon [_thread_blocked, id=27568, stack(0x00000092b0600000,0x00000092b0700000)]
  0x00000225aeb20580 JavaThread "ClassGraph-worker-12" daemon [_thread_blocked, id=5888, stack(0x00000092b0700000,0x00000092b0800000)]
  0x00000225aeb1f710 JavaThread "ClassGraph-worker-13" daemon [_thread_blocked, id=23636, stack(0x00000092b0800000,0x00000092b0900000)]
  0x00000225aeb1f240 JavaThread "Reconciler-1" daemon [_thread_blocked, id=32356, stack(0x00000092b0a00000,0x00000092b0b00000)]
  0x00000225aeb1fbe0 JavaThread "pool-6-thread-1" [_thread_blocked, id=21280, stack(0x00000092b0d00000,0x00000092b0e00000)]
  0x00000225aeb200b0 JavaThread "pool-10-thread-1" [_thread_blocked, id=32568, stack(0x00000092b0e00000,0x00000092b0f00000)]

Other Threads:
=>0x00000225ac79d830 VMThread "VM Thread" [stack: 0x00000092ada00000,0x00000092adb00000] [id=10208]
  0x000002259a853b50 WatcherThread [stack: 0x00000092ae400000,0x00000092ae500000] [id=17328]
  0x000002259a8317b0 GCTaskThread "GC Thread#0" [stack: 0x00000092ad500000,0x00000092ad600000] [id=30924]
  0x00000225adbb6740 GCTaskThread "GC Thread#1" [stack: 0x00000092ae800000,0x00000092ae900000] [id=30708]
  0x00000225adbb69f0 GCTaskThread "GC Thread#2" [stack: 0x00000092ae900000,0x00000092aea00000] [id=29472]
  0x00000225adbb6ca0 GCTaskThread "GC Thread#3" [stack: 0x00000092aea00000,0x00000092aeb00000] [id=28292]
  0x00000225adbb7160 GCTaskThread "GC Thread#4" [stack: 0x00000092aeb00000,0x00000092aec00000] [id=24900]
  0x00000225adf41a70 GCTaskThread "GC Thread#5" [stack: 0x00000092aec00000,0x00000092aed00000] [id=31688]
  0x00000225ae1870a0 GCTaskThread "GC Thread#6" [stack: 0x00000092aee00000,0x00000092aef00000] [id=23164]
  0x00000225ae187760 GCTaskThread "GC Thread#7" [stack: 0x00000092aef00000,0x00000092af000000] [id=8880]
  0x000002259a842410 ConcurrentGCThread "G1 Main Marker" [stack: 0x00000092ad600000,0x00000092ad700000] [id=20928]
  0x000002259a8444e0 ConcurrentGCThread "G1 Conc#0" [stack: 0x00000092ad700000,0x00000092ad800000] [id=15632]
  0x00000225ae2cce20 ConcurrentGCThread "G1 Conc#1" [stack: 0x00000092af100000,0x00000092af200000] [id=1092]
  0x00000225ac6340f0 ConcurrentGCThread "G1 Refine#0" [stack: 0x00000092ad800000,0x00000092ad900000] [id=10732]
  0x00000225ae9465a0 ConcurrentGCThread "G1 Refine#1" [stack: 0x00000092b0900000,0x00000092b0a00000] [id=31528]
  0x00000225b10788a0 ConcurrentGCThread "G1 Refine#2" [stack: 0x00000092b0b00000,0x00000092b0c00000] [id=4604]
  0x00000225b10632c0 ConcurrentGCThread "G1 Refine#3" [stack: 0x00000092b0c00000,0x00000092b0d00000] [id=28540]
  0x00000225ac634a20 ConcurrentGCThread "G1 Service" [stack: 0x00000092ad900000,0x00000092ada00000] [id=26232]

Threads with active compile tasks:

VM state: at safepoint (normal execution)

VM Mutex/Monitor currently owned by a thread:  ([mutex/lock_event])
[0x00000225986993c0] Threads_lock - owner thread: 0x00000225ac79d830
[0x000002259a7ba960] Heap_lock - owner thread: 0x00000225ae899560

Heap address: 0x0000000701e00000, size: 4066 MB, Compressed Oops mode: Zero based, Oop shift amount: 3

CDS archive(s) not mapped
Compressed class space mapped at: 0x0000000800000000-0x0000000840000000, reserved size: 1073741824
Narrow klass base: 0x0000000800000000, Narrow klass shift: 0, Narrow klass range: 0x40000000

GC Precious Log:
 CPUs: 8 total, 8 available
 Memory: 16263M
 Large Page Support: Disabled
 NUMA Support: Disabled
 Compressed Oops: Enabled (Zero based)
 Heap Region Size: 2M
 Heap Min Capacity: 8M
 Heap Initial Capacity: 256M
 Heap Max Capacity: 4066M
 Pre-touch: Disabled
 Parallel Workers: 8
 Concurrent Workers: 2
 Concurrent Refinement Workers: 8
 Periodic GC: Disabled

Heap:
 garbage-first heap   total 299008K, used 99817K [0x0000000701e00000, 0x0000000800000000)
  region size 2048K, 7 young (14336K), 7 survivors (14336K)
 Metaspace       used 40026K, committed 40448K, reserved 1089536K
  class space    used 5131K, committed 5312K, reserved 1048576K

Heap Regions: E=young(eden), S=young(survivor), O=old, HS=humongous(starts), HC=humongous(continues), CS=collection set, F=free, OA=open archive, CA=closed archive, TAMS=top-at-mark-start (previous, next)
|   0|0x0000000701e00000, 0x0000000702000000, 0x0000000702000000|100%| O|  |TAMS 0x0000000702000000, 0x0000000701e00000| Untracked 
|   1|0x0000000702000000, 0x0000000702200000, 0x0000000702200000|100%| O|  |TAMS 0x0000000702200000, 0x0000000702000000| Untracked 
|   2|0x0000000702200000, 0x0000000702400000, 0x0000000702400000|100%| O|  |TAMS 0x0000000702400000, 0x0000000702200000| Untracked 
|   3|0x0000000702400000, 0x000000070256da00, 0x0000000702600000| 71%| O|  |TAMS 0x000000070256da00, 0x0000000702400000| Untracked 
|   4|0x0000000702600000, 0x0000000702800000, 0x0000000702800000|100%| O|  |TAMS 0x0000000702800000, 0x0000000702600000| Untracked 
|   5|0x0000000702800000, 0x0000000702a00000, 0x0000000702a00000|100%| O|  |TAMS 0x0000000702a00000, 0x0000000702800000| Untracked 
|   6|0x0000000702a00000, 0x0000000702c00000, 0x0000000702c00000|100%| O|  |TAMS 0x0000000702c00000, 0x0000000702a00000| Untracked 
|   7|0x0000000702c00000, 0x0000000702e00000, 0x0000000702e00000|100%| O|  |TAMS 0x0000000702e00000, 0x0000000702c00000| Untracked 
|   8|0x0000000702e00000, 0x0000000703000000, 0x0000000703000000|100%| O|  |TAMS 0x0000000703000000, 0x0000000702e00000| Untracked 
|   9|0x0000000703000000, 0x0000000703200000, 0x0000000703200000|100%| O|  |TAMS 0x0000000703200000, 0x0000000703000000| Untracked 
|  10|0x0000000703200000, 0x0000000703400000, 0x0000000703400000|100%| O|  |TAMS 0x0000000703400000, 0x0000000703200000| Untracked 
|  11|0x0000000703400000, 0x0000000703600000, 0x0000000703600000|100%| O|  |TAMS 0x0000000703600000, 0x0000000703400000| Untracked 
|  12|0x0000000703600000, 0x0000000703800000, 0x0000000703800000|100%| O|  |TAMS 0x0000000703800000, 0x0000000703600000| Untracked 
|  13|0x0000000703800000, 0x0000000703a00000, 0x0000000703a00000|100%| O|  |TAMS 0x0000000703a00000, 0x0000000703800000| Untracked 
|  14|0x0000000703a00000, 0x0000000703b92800, 0x0000000703c00000| 78%| O|  |TAMS 0x0000000703b92800, 0x0000000703a00000| Untracked 
|  15|0x0000000703c00000, 0x0000000703e00000, 0x0000000703e00000|100%| O|  |TAMS 0x0000000703e00000, 0x0000000703c00000| Untracked 
|  16|0x0000000703e00000, 0x0000000704000000, 0x0000000704000000|100%| O|  |TAMS 0x0000000704000000, 0x0000000703e00000| Untracked 
|  17|0x0000000704000000, 0x0000000704200000, 0x0000000704200000|100%| O|  |TAMS 0x0000000704200000, 0x0000000704000000| Untracked 
|  18|0x0000000704200000, 0x0000000704400000, 0x0000000704400000|100%| O|  |TAMS 0x0000000704400000, 0x0000000704200000| Untracked 
|  19|0x0000000704400000, 0x0000000704600000, 0x0000000704600000|100%| O|  |TAMS 0x0000000704600000, 0x0000000704400000| Untracked 
|  20|0x0000000704600000, 0x0000000704800000, 0x0000000704800000|100%| O|  |TAMS 0x0000000704800000, 0x0000000704600000| Untracked 
|  21|0x0000000704800000, 0x0000000704a00000, 0x0000000704a00000|100%| O|  |TAMS 0x0000000704a00000, 0x0000000704800000| Untracked 
|  22|0x0000000704a00000, 0x0000000704c00000, 0x0000000704c00000|100%| O|  |TAMS 0x0000000704c00000, 0x0000000704a00000| Untracked 
|  23|0x0000000704c00000, 0x0000000704e00000, 0x0000000704e00000|100%| O|  |TAMS 0x0000000704e00000, 0x0000000704c00000| Untracked 
|  24|0x0000000704e00000, 0x0000000705000000, 0x0000000705000000|100%| O|  |TAMS 0x0000000705000000, 0x0000000704e00000| Untracked 
|  25|0x0000000705000000, 0x0000000705200000, 0x0000000705200000|100%| O|  |TAMS 0x0000000705200000, 0x0000000705000000| Untracked 
|  26|0x0000000705200000, 0x0000000705400000, 0x0000000705400000|100%| O|  |TAMS 0x0000000705400000, 0x0000000705200000| Untracked 
|  27|0x0000000705400000, 0x0000000705600000, 0x0000000705600000|100%| O|  |TAMS 0x0000000705600000, 0x0000000705400000| Untracked 
|  28|0x0000000705600000, 0x0000000705800000, 0x0000000705800000|100%| O|  |TAMS 0x0000000705800000, 0x0000000705600000| Untracked 
|  29|0x0000000705800000, 0x0000000705a00000, 0x0000000705a00000|100%| O|  |TAMS 0x0000000705a00000, 0x0000000705800000| Untracked 
|  30|0x0000000705a00000, 0x0000000705c00000, 0x0000000705c00000|100%| O|  |TAMS 0x0000000705c00000, 0x0000000705a00000| Untracked 
|  31|0x0000000705c00000, 0x0000000705e00000, 0x0000000705e00000|100%| O|  |TAMS 0x0000000705e00000, 0x0000000705c00000| Untracked 
|  32|0x0000000705e00000, 0x0000000706000000, 0x0000000706000000|100%| O|  |TAMS 0x0000000706000000, 0x0000000705e00000| Untracked 
|  33|0x0000000706000000, 0x0000000706200000, 0x0000000706200000|100%| O|  |TAMS 0x000000070609d000, 0x0000000706000000| Untracked 
|  34|0x0000000706200000, 0x0000000706400000, 0x0000000706400000|100%| O|  |TAMS 0x0000000706200000, 0x0000000706200000| Untracked 
|  35|0x0000000706400000, 0x0000000706600000, 0x0000000706600000|100%| O|  |TAMS 0x0000000706400000, 0x0000000706400000| Untracked 
|  36|0x0000000706600000, 0x0000000706800000, 0x0000000706800000|100%| O|  |TAMS 0x0000000706600000, 0x0000000706600000| Untracked 
|  37|0x0000000706800000, 0x0000000706a00000, 0x0000000706a00000|100%| O|  |TAMS 0x0000000706800000, 0x0000000706800000| Untracked 
|  38|0x0000000706a00000, 0x0000000706c00000, 0x0000000706c00000|100%| O|  |TAMS 0x0000000706a00000, 0x0000000706a00000| Untracked 
|  39|0x0000000706c00000, 0x0000000706e00000, 0x0000000706e00000|100%| O|  |TAMS 0x0000000706c00000, 0x0000000706c00000| Untracked 
|  40|0x0000000706e00000, 0x0000000707000000, 0x0000000707000000|100%| O|  |TAMS 0x0000000706e00000, 0x0000000706e00000| Untracked 
|  41|0x0000000707000000, 0x0000000707200000, 0x0000000707200000|100%| O|  |TAMS 0x0000000707000000, 0x0000000707000000| Untracked 
|  42|0x0000000707200000, 0x000000070730ee00, 0x0000000707400000| 52%| O|  |TAMS 0x0000000707200000, 0x0000000707200000| Untracked 
|  43|0x0000000707400000, 0x0000000707400000, 0x0000000707600000|  0%| F|  |TAMS 0x0000000707400000, 0x0000000707400000| Untracked 
|  44|0x0000000707600000, 0x0000000707600000, 0x0000000707800000|  0%| F|  |TAMS 0x0000000707600000, 0x0000000707600000| Untracked 
|  45|0x0000000707800000, 0x0000000707800000, 0x0000000707a00000|  0%| F|  |TAMS 0x0000000707800000, 0x0000000707800000| Untracked 
|  46|0x0000000707a00000, 0x0000000707a00000, 0x0000000707c00000|  0%| F|  |TAMS 0x0000000707a00000, 0x0000000707a00000| Untracked 
|  47|0x0000000707c00000, 0x0000000707c00000, 0x0000000707e00000|  0%| F|  |TAMS 0x0000000707c00000, 0x0000000707c00000| Untracked 
|  48|0x0000000707e00000, 0x0000000707e00000, 0x0000000708000000|  0%| F|  |TAMS 0x0000000707e00000, 0x0000000707e00000| Untracked 
|  49|0x0000000708000000, 0x0000000708000000, 0x0000000708200000|  0%| F|  |TAMS 0x0000000708000000, 0x0000000708000000| Untracked 
|  50|0x0000000708200000, 0x0000000708200000, 0x0000000708400000|  0%| F|  |TAMS 0x0000000708200000, 0x0000000708200000| Untracked 
|  51|0x0000000708400000, 0x0000000708400000, 0x0000000708600000|  0%| F|  |TAMS 0x0000000708400000, 0x0000000708400000| Untracked 
|  52|0x0000000708600000, 0x0000000708600000, 0x0000000708800000|  0%| F|  |TAMS 0x0000000708600000, 0x0000000708600000| Untracked 
|  53|0x0000000708800000, 0x0000000708800000, 0x0000000708a00000|  0%| F|  |TAMS 0x0000000708800000, 0x0000000708800000| Untracked 
|  54|0x0000000708a00000, 0x0000000708a00000, 0x0000000708c00000|  0%| F|  |TAMS 0x0000000708a00000, 0x0000000708a00000| Untracked 
|  55|0x0000000708c00000, 0x0000000708c00000, 0x0000000708e00000|  0%| F|  |TAMS 0x0000000708c00000, 0x0000000708c00000| Untracked 
|  56|0x0000000708e00000, 0x0000000708e00000, 0x0000000709000000|  0%| F|  |TAMS 0x0000000708e00000, 0x0000000708e00000| Untracked 
|  57|0x0000000709000000, 0x0000000709000000, 0x0000000709200000|  0%| F|  |TAMS 0x0000000709000000, 0x0000000709000000| Untracked 
|  58|0x0000000709200000, 0x0000000709200000, 0x0000000709400000|  0%| F|  |TAMS 0x0000000709200000, 0x0000000709200000| Untracked 
|  59|0x0000000709400000, 0x0000000709400000, 0x0000000709600000|  0%| F|  |TAMS 0x0000000709400000, 0x0000000709400000| Untracked 
|  60|0x0000000709600000, 0x0000000709600000, 0x0000000709800000|  0%| F|  |TAMS 0x0000000709600000, 0x0000000709600000| Untracked 
|  61|0x0000000709800000, 0x0000000709800000, 0x0000000709a00000|  0%| F|  |TAMS 0x0000000709800000, 0x0000000709800000| Untracked 
|  62|0x0000000709a00000, 0x0000000709a00000, 0x0000000709c00000|  0%| F|  |TAMS 0x0000000709a00000, 0x0000000709a00000| Untracked 
|  63|0x0000000709c00000, 0x0000000709d6b430, 0x0000000709e00000| 70%| S|CS|TAMS 0x0000000709c00000, 0x0000000709c00000| Complete 
|  64|0x0000000709e00000, 0x000000070a000000, 0x000000070a000000|100%| S|CS|TAMS 0x0000000709e00000, 0x0000000709e00000| Complete 
|  65|0x000000070a000000, 0x000000070a200000, 0x000000070a200000|100%| S|CS|TAMS 0x000000070a000000, 0x000000070a000000| Complete 
|  66|0x000000070a200000, 0x000000070a200000, 0x000000070a400000|  0%| F|  |TAMS 0x000000070a200000, 0x000000070a200000| Untracked 
|  67|0x000000070a400000, 0x000000070a400000, 0x000000070a600000|  0%| F|  |TAMS 0x000000070a400000, 0x000000070a400000| Untracked 
|  68|0x000000070a600000, 0x000000070a600000, 0x000000070a800000|  0%| F|  |TAMS 0x000000070a600000, 0x000000070a600000| Untracked 
|  69|0x000000070a800000, 0x000000070a800000, 0x000000070aa00000|  0%| F|  |TAMS 0x000000070a800000, 0x000000070a800000| Untracked 
|  70|0x000000070aa00000, 0x000000070aa00000, 0x000000070ac00000|  0%| F|  |TAMS 0x000000070aa00000, 0x000000070aa00000| Untracked 
|  71|0x000000070ac00000, 0x000000070ac00000, 0x000000070ae00000|  0%| F|  |TAMS 0x000000070ac00000, 0x000000070ac00000| Untracked 
|  72|0x000000070ae00000, 0x000000070b000000, 0x000000070b000000|100%| S|CS|TAMS 0x000000070ae00000, 0x000000070ae00000| Complete 
|  73|0x000000070b000000, 0x000000070b200000, 0x000000070b200000|100%| S|CS|TAMS 0x000000070b000000, 0x000000070b000000| Complete 
|  74|0x000000070b200000, 0x000000070b400000, 0x000000070b400000|100%| S|CS|TAMS 0x000000070b200000, 0x000000070b200000| Complete 
|  75|0x000000070b400000, 0x000000070b600000, 0x000000070b600000|100%| S|CS|TAMS 0x000000070b400000, 0x000000070b400000| Complete 
|  76|0x000000070b600000, 0x000000070b600000, 0x000000070b800000|  0%| F|  |TAMS 0x000000070b600000, 0x000000070b600000| Untracked 
|  77|0x000000070b800000, 0x000000070b800000, 0x000000070ba00000|  0%| F|  |TAMS 0x000000070b800000, 0x000000070b800000| Untracked 
|  78|0x000000070ba00000, 0x000000070ba00000, 0x000000070bc00000|  0%| F|  |TAMS 0x000000070ba00000, 0x000000070ba00000| Untracked 
|  79|0x000000070bc00000, 0x000000070bc00000, 0x000000070be00000|  0%| F|  |TAMS 0x000000070bc00000, 0x000000070bc00000| Untracked 
|  80|0x000000070be00000, 0x000000070be00000, 0x000000070c000000|  0%| F|  |TAMS 0x000000070be00000, 0x000000070be00000| Untracked 
|  81|0x000000070c000000, 0x000000070c000000, 0x000000070c200000|  0%| F|  |TAMS 0x000000070c000000, 0x000000070c000000| Untracked 
|  82|0x000000070c200000, 0x000000070c200000, 0x000000070c400000|  0%| F|  |TAMS 0x000000070c200000, 0x000000070c200000| Untracked 
|  83|0x000000070c400000, 0x000000070c400000, 0x000000070c600000|  0%| F|  |TAMS 0x000000070c400000, 0x000000070c400000| Untracked 
|  84|0x000000070c600000, 0x000000070c600000, 0x000000070c800000|  0%| F|  |TAMS 0x000000070c600000, 0x000000070c600000| Untracked 
|  85|0x000000070c800000, 0x000000070c800000, 0x000000070ca00000|  0%| F|  |TAMS 0x000000070c800000, 0x000000070c800000| Untracked 
|  86|0x000000070ca00000, 0x000000070ca00000, 0x000000070cc00000|  0%| F|  |TAMS 0x000000070ca00000, 0x000000070ca00000| Untracked 
|  87|0x000000070cc00000, 0x000000070cc00000, 0x000000070ce00000|  0%| F|  |TAMS 0x000000070cc00000, 0x000000070cc00000| Untracked 
|  88|0x000000070ce00000, 0x000000070ce00000, 0x000000070d000000|  0%| F|  |TAMS 0x000000070ce00000, 0x000000070ce00000| Untracked 
|  89|0x000000070d000000, 0x000000070d000000, 0x000000070d200000|  0%| F|  |TAMS 0x000000070d000000, 0x000000070d000000| Untracked 
|  90|0x000000070d200000, 0x000000070d200000, 0x000000070d400000|  0%| F|  |TAMS 0x000000070d200000, 0x000000070d200000| Untracked 
|  91|0x000000070d400000, 0x000000070d400000, 0x000000070d600000|  0%| F|  |TAMS 0x000000070d400000, 0x000000070d400000| Untracked 
|  92|0x000000070d600000, 0x000000070d600000, 0x000000070d800000|  0%| F|  |TAMS 0x000000070d600000, 0x000000070d600000| Untracked 
|  93|0x000000070d800000, 0x000000070d800000, 0x000000070da00000|  0%| F|  |TAMS 0x000000070d800000, 0x000000070d800000| Untracked 
|  94|0x000000070da00000, 0x000000070da00000, 0x000000070dc00000|  0%| F|  |TAMS 0x000000070da00000, 0x000000070da00000| Untracked 
|  95|0x000000070dc00000, 0x000000070dc00000, 0x000000070de00000|  0%| F|  |TAMS 0x000000070dc00000, 0x000000070dc00000| Untracked 
|  96|0x000000070de00000, 0x000000070de00000, 0x000000070e000000|  0%| F|  |TAMS 0x000000070de00000, 0x000000070de00000| Untracked 
|  97|0x000000070e000000, 0x000000070e000000, 0x000000070e200000|  0%| F|  |TAMS 0x000000070e000000, 0x000000070e000000| Untracked 
|  98|0x000000070e200000, 0x000000070e200000, 0x000000070e400000|  0%| F|  |TAMS 0x000000070e200000, 0x000000070e200000| Untracked 
|  99|0x000000070e400000, 0x000000070e400000, 0x000000070e600000|  0%| F|  |TAMS 0x000000070e400000, 0x000000070e400000| Untracked 
| 100|0x000000070e600000, 0x000000070e600000, 0x000000070e800000|  0%| F|  |TAMS 0x000000070e600000, 0x000000070e600000| Untracked 
| 101|0x000000070e800000, 0x000000070e800000, 0x000000070ea00000|  0%| F|  |TAMS 0x000000070e800000, 0x000000070e800000| Untracked 
| 102|0x000000070ea00000, 0x000000070ea00000, 0x000000070ec00000|  0%| F|  |TAMS 0x000000070ea00000, 0x000000070ea00000| Untracked 
| 103|0x000000070ec00000, 0x000000070ec00000, 0x000000070ee00000|  0%| F|  |TAMS 0x000000070ec00000, 0x000000070ec00000| Untracked 
| 104|0x000000070ee00000, 0x000000070ee00000, 0x000000070f000000|  0%| F|  |TAMS 0x000000070ee00000, 0x000000070ee00000| Untracked 
| 105|0x000000070f000000, 0x000000070f000000, 0x000000070f200000|  0%| F|  |TAMS 0x000000070f000000, 0x000000070f000000| Untracked 
| 106|0x000000070f200000, 0x000000070f200000, 0x000000070f400000|  0%| F|  |TAMS 0x000000070f200000, 0x000000070f200000| Untracked 
| 107|0x000000070f400000, 0x000000070f400000, 0x000000070f600000|  0%| F|  |TAMS 0x000000070f400000, 0x000000070f400000| Untracked 
| 108|0x000000070f600000, 0x000000070f600000, 0x000000070f800000|  0%| F|  |TAMS 0x000000070f600000, 0x000000070f600000| Untracked 
| 109|0x000000070f800000, 0x000000070f800000, 0x000000070fa00000|  0%| F|  |TAMS 0x000000070f800000, 0x000000070f800000| Untracked 
| 110|0x000000070fa00000, 0x000000070fa00000, 0x000000070fc00000|  0%| F|  |TAMS 0x000000070fa00000, 0x000000070fa00000| Untracked 
| 111|0x000000070fc00000, 0x000000070fc00000, 0x000000070fe00000|  0%| F|  |TAMS 0x000000070fc00000, 0x000000070fc00000| Untracked 
| 112|0x000000070fe00000, 0x000000070fe00000, 0x0000000710000000|  0%| F|  |TAMS 0x000000070fe00000, 0x000000070fe00000| Untracked 
| 113|0x0000000710000000, 0x0000000710000000, 0x0000000710200000|  0%| F|  |TAMS 0x0000000710000000, 0x0000000710000000| Untracked 
| 114|0x0000000710200000, 0x0000000710200000, 0x0000000710400000|  0%| F|  |TAMS 0x0000000710200000, 0x0000000710200000| Untracked 
| 115|0x0000000710400000, 0x0000000710400000, 0x0000000710600000|  0%| F|  |TAMS 0x0000000710400000, 0x0000000710400000| Untracked 
| 116|0x0000000710600000, 0x0000000710600000, 0x0000000710800000|  0%| F|  |TAMS 0x0000000710600000, 0x0000000710600000| Untracked 
| 117|0x0000000710800000, 0x0000000710800000, 0x0000000710a00000|  0%| F|  |TAMS 0x0000000710800000, 0x0000000710800000| Untracked 
| 118|0x0000000710a00000, 0x0000000710a00000, 0x0000000710c00000|  0%| F|  |TAMS 0x0000000710a00000, 0x0000000710a00000| Untracked 
| 119|0x0000000710c00000, 0x0000000710c00000, 0x0000000710e00000|  0%| F|  |TAMS 0x0000000710c00000, 0x0000000710c00000| Untracked 
| 120|0x0000000710e00000, 0x0000000710e00000, 0x0000000711000000|  0%| F|  |TAMS 0x0000000710e00000, 0x0000000710e00000| Untracked 
| 121|0x0000000711000000, 0x0000000711000000, 0x0000000711200000|  0%| F|  |TAMS 0x0000000711000000, 0x0000000711000000| Untracked 
| 122|0x0000000711200000, 0x0000000711200000, 0x0000000711400000|  0%| F|  |TAMS 0x0000000711200000, 0x0000000711200000| Untracked 
| 123|0x0000000711400000, 0x0000000711400000, 0x0000000711600000|  0%| F|  |TAMS 0x0000000711400000, 0x0000000711400000| Untracked 
| 124|0x0000000711600000, 0x0000000711600000, 0x0000000711800000|  0%| F|  |TAMS 0x0000000711600000, 0x0000000711600000| Untracked 
| 125|0x0000000711800000, 0x0000000711800000, 0x0000000711a00000|  0%| F|  |TAMS 0x0000000711800000, 0x0000000711800000| Untracked 
| 126|0x0000000711a00000, 0x0000000711a00000, 0x0000000711c00000|  0%| F|  |TAMS 0x0000000711a00000, 0x0000000711a00000| Untracked 
| 127|0x0000000711c00000, 0x0000000711c00000, 0x0000000711e00000|  0%| F|  |TAMS 0x0000000711c00000, 0x0000000711c00000| Untracked 
| 128|0x0000000711e00000, 0x0000000711e00000, 0x0000000712000000|  0%| F|  |TAMS 0x0000000711e00000, 0x0000000711e00000| Untracked 
| 129|0x0000000712000000, 0x0000000712000000, 0x0000000712200000|  0%| F|  |TAMS 0x0000000712000000, 0x0000000712000000| Untracked 
| 130|0x0000000712200000, 0x0000000712200000, 0x0000000712400000|  0%| F|  |TAMS 0x0000000712200000, 0x0000000712200000| Untracked 
| 131|0x0000000712400000, 0x0000000712400000, 0x0000000712600000|  0%| F|  |TAMS 0x0000000712400000, 0x0000000712400000| Untracked 
| 132|0x0000000712600000, 0x0000000712600000, 0x0000000712800000|  0%| F|  |TAMS 0x0000000712600000, 0x0000000712600000| Untracked 
| 133|0x0000000712800000, 0x0000000712800000, 0x0000000712a00000|  0%| F|  |TAMS 0x0000000712800000, 0x0000000712800000| Untracked 
| 134|0x0000000712a00000, 0x0000000712a00000, 0x0000000712c00000|  0%| F|  |TAMS 0x0000000712a00000, 0x0000000712a00000| Untracked 
| 135|0x0000000712c00000, 0x0000000712c00000, 0x0000000712e00000|  0%| F|  |TAMS 0x0000000712c00000, 0x0000000712c00000| Untracked 
| 136|0x0000000712e00000, 0x0000000712e00000, 0x0000000713000000|  0%| F|  |TAMS 0x0000000712e00000, 0x0000000712e00000| Untracked 
| 137|0x0000000713000000, 0x0000000713000000, 0x0000000713200000|  0%| F|  |TAMS 0x0000000713000000, 0x0000000713000000| Untracked 
| 138|0x0000000713200000, 0x0000000713200000, 0x0000000713400000|  0%| F|  |TAMS 0x0000000713200000, 0x0000000713200000| Untracked 
| 139|0x0000000713400000, 0x0000000713400000, 0x0000000713600000|  0%| F|  |TAMS 0x0000000713400000, 0x0000000713400000| Untracked 
| 140|0x0000000713600000, 0x0000000713600000, 0x0000000713800000|  0%| F|  |TAMS 0x0000000713600000, 0x0000000713600000| Untracked 
| 141|0x0000000713800000, 0x0000000713800000, 0x0000000713a00000|  0%| F|  |TAMS 0x0000000713800000, 0x0000000713800000| Untracked 
| 142|0x0000000713a00000, 0x0000000713a00000, 0x0000000713c00000|  0%| F|  |TAMS 0x0000000713a00000, 0x0000000713a00000| Untracked 
| 143|0x0000000713c00000, 0x0000000713c00000, 0x0000000713e00000|  0%| F|  |TAMS 0x0000000713c00000, 0x0000000713c00000| Untracked 
| 144|0x0000000713e00000, 0x0000000713e00000, 0x0000000714000000|  0%| F|  |TAMS 0x0000000713e00000, 0x0000000713e00000| Untracked 
| 145|0x0000000714000000, 0x0000000714000000, 0x0000000714200000|  0%| F|  |TAMS 0x0000000714000000, 0x0000000714000000| Untracked 

Card table byte_map: [0x00000225a0d60000,0x00000225a1560000] _byte_map_base: 0x000002259d551000

Marking Bits (Prev, Next): (CMBitMap*) 0x000002259a831cd0, (CMBitMap*) 0x000002259a831d10
 Prev Bits: [0x00000225a1d60000, 0x00000225a5ce8000)
 Next Bits: [0x00000225a5cf0000, 0x00000225a9c78000)

Polling page: 0x0000022599f90000

Metaspace:

Usage:
  Non-class:     34.08 MB used.
      Class:      5.01 MB used.
       Both:     39.09 MB used.

Virtual space:
  Non-class space:       40.00 MB reserved,      34.31 MB ( 86%) committed,  5 nodes.
      Class space:        1.00 GB reserved,       5.19 MB ( <1%) committed,  1 nodes.
             Both:        1.04 GB reserved,      39.50 MB (  4%) committed. 

Chunk freelists:
   Non-Class:  1.08 MB
       Class:  2.70 MB
        Both:  3.78 MB

MaxMetaspaceSize: unlimited
CompressedClassSpaceSize: 1.00 GB
Initial GC threshold: 21.00 MB
Current GC threshold: 65.75 MB
CDS: off
MetaspaceReclaimPolicy: balanced
 - commit_granule_bytes: 65536.
 - commit_granule_words: 8192.
 - virtual_space_node_default_size: 1048576.
 - enlarge_chunks_in_place: 1.
 - new_chunks_are_fully_committed: 0.
 - uncommit_free_chunks: 1.
 - use_allocation_guard: 0.
 - handle_deallocations: 1.


Internal statistics:

num_allocs_failed_limit: 6.
num_arena_births: 498.
num_arena_deaths: 0.
num_vsnodes_births: 6.
num_vsnodes_deaths: 0.
num_space_committed: 632.
num_space_uncommitted: 0.
num_chunks_returned_to_freelist: 6.
num_chunks_taken_from_freelist: 1721.
num_chunk_merges: 6.
num_chunk_splits: 1183.
num_chunks_enlarged: 872.
num_purges: 0.
num_inconsistent_stats: 0.

CodeCache: size=49152Kb used=9897Kb max_used=9897Kb free=39254Kb
 bounds [0x000002259d450000, 0x000002259de00000, 0x00000225a0450000]
 total_blobs=4732 nmethods=4175 adapters=481
 compilation: enabled
              stopped_count=0, restarted_count=0
 full_count=0

Compilation events (20 events):
Event: 14.729 Thread 0x00000225ad0772d0 nmethod 4164 0x000002259ddf7010 code [0x000002259ddf71a0, 0x000002259ddf7278]
Event: 14.729 Thread 0x00000225ada98d50 nmethod 4165 0x000002259ddf7310 code [0x000002259ddf74a0, 0x000002259ddf7578]
Event: 14.729 Thread 0x00000225ada98d50 4168       1       com.google.common.collect.ImmutableList$Builder::getReadyToExpandTo (66 bytes)
Event: 14.729 Thread 0x00000225ade7f840 nmethod 4167 0x000002259ddf7610 code [0x000002259ddf77a0, 0x000002259ddf7898]
Event: 14.729 Thread 0x00000225ae057020 nmethod 4166 0x000002259ddf7990 code [0x000002259ddf7b40, 0x000002259ddf7d08]
Event: 14.729 Thread 0x00000225ade7f840 4169       1       com.google.common.collect.ImmutableList$Builder::add (34 bytes)
Event: 14.729 Thread 0x00000225ada98d50 nmethod 4168 0x000002259ddf7e10 code [0x000002259ddf7fe0, 0x000002259ddf8268]
Event: 14.729 Thread 0x00000225ade7f840 nmethod 4169 0x000002259ddf8390 code [0x000002259ddf8540, 0x000002259ddf87f8]
Event: 14.747 Thread 0x00000225ada98d50 4170       1       io.github.classgraph.ModuleRef::getReference (5 bytes)
Event: 14.747 Thread 0x00000225ada98d50 nmethod 4170 0x000002259ddf8990 code [0x000002259ddf8b20, 0x000002259ddf8bf8]
Event: 14.772 Thread 0x00000225ad0772d0 4171   !   1       jdk.internal.module.SystemModuleFinders$SystemModuleReader::checkPermissionToConnect (38 bytes)
Event: 14.773 Thread 0x00000225ada98d50 4172       1       jdk.internal.module.SystemModuleFinders$2::get (16 bytes)
Event: 14.773 Thread 0x00000225ada98d50 nmethod 4172 0x000002259ddf8c90 code [0x000002259ddf8e20, 0x000002259ddf8fc8]
Event: 14.773 Thread 0x00000225ad0772d0 nmethod 4171 0x000002259ddf9090 code [0x000002259ddf9260, 0x000002259ddf9488]
Event: 14.773 Thread 0x00000225ad0772d0 4173       1       jdk.internal.module.SystemModuleFinders$2::get (5 bytes)
Event: 14.773 Thread 0x00000225ad0772d0 nmethod 4173 0x000002259ddf9690 code [0x000002259ddf9820, 0x000002259ddf99c8]
Event: 14.773 Thread 0x00000225ad0772d0 4174   !   1       jdk.internal.module.ModuleReferenceImpl::open (19 bytes)
Event: 14.773 Thread 0x00000225ad0772d0 nmethod 4174 0x000002259ddf9a90 code [0x000002259ddf9c40, 0x000002259ddf9dd8]
Event: 14.777 Thread 0x00000225ae057020 4175       1       java.util.concurrent.locks.AbstractQueuedSynchronizer::acquireInterruptibly (36 bytes)
Event: 14.777 Thread 0x00000225ae057020 nmethod 4175 0x000002259ddf9f10 code [0x000002259ddfa0e0, 0x000002259ddfa358]

GC Heap History (20 events):
Event: 13.703 GC heap after
{Heap after GC invocations=14 (full 0):
 garbage-first heap   total 159744K, used 31529K [0x0000000701e00000, 0x0000000800000000)
  region size 2048K, 1 young (2048K), 1 survivors (2048K)
 Metaspace       used 36484K, committed 36928K, reserved 1081344K
  class space    used 4802K, committed 4992K, reserved 1048576K
}
Event: 14.001 GC heap before
{Heap before GC invocations=15 (full 0):
 garbage-first heap   total 137216K, used 109353K [0x0000000701e00000, 0x0000000800000000)
  region size 2048K, 39 young (79872K), 1 survivors (2048K)
 Metaspace       used 37881K, committed 38208K, reserved 1089536K
  class space    used 4929K, committed 5056K, reserved 1048576K
}
Event: 14.012 GC heap after
{Heap after GC invocations=16 (full 0):
 garbage-first heap   total 137216K, used 47399K [0x0000000701e00000, 0x0000000800000000)
  region size 2048K, 5 young (10240K), 5 survivors (10240K)
 Metaspace       used 37881K, committed 38208K, reserved 1089536K
  class space    used 4929K, committed 5056K, reserved 1048576K
}
Event: 14.302 GC heap before
{Heap before GC invocations=16 (full 0):
 garbage-first heap   total 137216K, used 84263K [0x0000000701e00000, 0x0000000800000000)
  region size 2048K, 24 young (49152K), 5 survivors (10240K)
 Metaspace       used 39488K, committed 39936K, reserved 1089536K
  class space    used 5045K, committed 5248K, reserved 1048576K
}
Event: 14.312 GC heap after
{Heap after GC invocations=17 (full 0):
 garbage-first heap   total 137216K, used 57496K [0x0000000701e00000, 0x0000000800000000)
  region size 2048K, 3 young (6144K), 3 survivors (6144K)
 Metaspace       used 39488K, committed 39936K, reserved 1089536K
  class space    used 5045K, committed 5248K, reserved 1048576K
}
Event: 14.383 GC heap before
{Heap before GC invocations=17 (full 0):
 garbage-first heap   total 137216K, used 92312K [0x0000000701e00000, 0x0000000800000000)
  region size 2048K, 21 young (43008K), 3 survivors (6144K)
 Metaspace       used 39645K, committed 40064K, reserved 1089536K
  class space    used 5063K, committed 5248K, reserved 1048576K
}
Event: 14.400 GC heap after
{Heap after GC invocations=18 (full 0):
 garbage-first heap   total 137216K, used 66492K [0x0000000701e00000, 0x0000000800000000)
  region size 2048K, 3 young (6144K), 3 survivors (6144K)
 Metaspace       used 39645K, committed 40064K, reserved 1089536K
  class space    used 5063K, committed 5248K, reserved 1048576K
}
Event: 14.411 GC heap before
{Heap before GC invocations=18 (full 0):
 garbage-first heap   total 137216K, used 97212K [0x0000000701e00000, 0x0000000800000000)
  region size 2048K, 19 young (38912K), 3 survivors (6144K)
 Metaspace       used 39681K, committed 40064K, reserved 1089536K
  class space    used 5071K, committed 5248K, reserved 1048576K
}
Event: 14.417 GC heap after
{Heap after GC invocations=19 (full 0):
 garbage-first heap   total 137216K, used 69373K [0x0000000701e00000, 0x0000000800000000)
  region size 2048K, 2 young (4096K), 2 survivors (4096K)
 Metaspace       used 39681K, committed 40064K, reserved 1089536K
  class space    used 5071K, committed 5248K, reserved 1048576K
}
Event: 14.427 GC heap before
{Heap before GC invocations=19 (full 0):
 garbage-first heap   total 137216K, used 100093K [0x0000000701e00000, 0x0000000800000000)
  region size 2048K, 18 young (36864K), 2 survivors (4096K)
 Metaspace       used 39763K, committed 40128K, reserved 1089536K
  class space    used 5080K, committed 5248K, reserved 1048576K
}
Event: 14.430 GC heap after
{Heap after GC invocations=20 (full 0):
 garbage-first heap   total 299008K, used 70230K [0x0000000701e00000, 0x0000000800000000)
  region size 2048K, 2 young (4096K), 2 survivors (4096K)
 Metaspace       used 39763K, committed 40128K, reserved 1089536K
  class space    used 5080K, committed 5248K, reserved 1048576K
}
Event: 14.522 GC heap before
{Heap before GC invocations=20 (full 0):
 garbage-first heap   total 299008K, used 191062K [0x0000000701e00000, 0x0000000800000000)
  region size 2048K, 62 young (126976K), 2 survivors (4096K)
 Metaspace       used 39922K, committed 40384K, reserved 1089536K
  class space    used 5113K, committed 5312K, reserved 1048576K
}
Event: 14.527 GC heap after
{Heap after GC invocations=21 (full 0):
 garbage-first heap   total 299008K, used 75282K [0x0000000701e00000, 0x0000000800000000)
  region size 2048K, 4 young (8192K), 4 survivors (8192K)
 Metaspace       used 39922K, committed 40384K, reserved 1089536K
  class space    used 5113K, committed 5312K, reserved 1048576K
}
Event: 14.593 GC heap before
{Heap before GC invocations=22 (full 0):
 garbage-first heap   total 299008K, used 214546K [0x0000000701e00000, 0x0000000800000000)
  region size 2048K, 73 young (149504K), 4 survivors (8192K)
 Metaspace       used 40004K, committed 40448K, reserved 1089536K
  class space    used 5127K, committed 5312K, reserved 1048576K
}
Event: 14.601 GC heap after
{Heap after GC invocations=23 (full 0):
 garbage-first heap   total 299008K, used 80718K [0x0000000701e00000, 0x0000000800000000)
  region size 2048K, 7 young (14336K), 7 survivors (14336K)
 Metaspace       used 40004K, committed 40448K, reserved 1089536K
  class space    used 5127K, committed 5312K, reserved 1048576K
}
Event: 14.663 GC heap before
{Heap before GC invocations=23 (full 0):
 garbage-first heap   total 299008K, used 222030K [0x0000000701e00000, 0x0000000800000000)
  region size 2048K, 77 young (157696K), 7 survivors (14336K)
 Metaspace       used 40018K, committed 40448K, reserved 1089536K
  class space    used 5130K, committed 5312K, reserved 1048576K
}
Event: 14.671 GC heap after
{Heap after GC invocations=24 (full 0):
 garbage-first heap   total 299008K, used 86815K [0x0000000701e00000, 0x0000000800000000)
  region size 2048K, 6 young (12288K), 6 survivors (12288K)
 Metaspace       used 40018K, committed 40448K, reserved 1089536K
  class space    used 5130K, committed 5312K, reserved 1048576K
}
Event: 14.734 GC heap before
{Heap before GC invocations=24 (full 0):
 garbage-first heap   total 299008K, used 230175K [0x0000000701e00000, 0x0000000800000000)
  region size 2048K, 77 young (157696K), 6 survivors (12288K)
 Metaspace       used 40026K, committed 40448K, reserved 1089536K
  class space    used 5131K, committed 5312K, reserved 1048576K
}
Event: 14.741 GC heap after
{Heap after GC invocations=25 (full 0):
 garbage-first heap   total 299008K, used 92718K [0x0000000701e00000, 0x0000000800000000)
  region size 2048K, 7 young (14336K), 7 survivors (14336K)
 Metaspace       used 40026K, committed 40448K, reserved 1089536K
  class space    used 5131K, committed 5312K, reserved 1048576K
}
Event: 14.794 GC heap before
{Heap before GC invocations=25 (full 0):
 garbage-first heap   total 299008K, used 234030K [0x0000000701e00000, 0x0000000800000000)
  region size 2048K, 77 young (157696K), 7 survivors (14336K)
 Metaspace       used 40026K, committed 40448K, reserved 1089536K
  class space    used 5131K, committed 5312K, reserved 1048576K
}

Dll operation events (8 events):
Event: 0.010 Loaded shared library c:\Users\OMEN\.vscode\extensions\redhat.java-1.14.0-win32-x64\jre\17.0.5-win32-x86_64\bin\java.dll
Event: 0.359 Loaded shared library C:\Users\OMEN\.vscode\extensions\redhat.java-1.14.0-win32-x64\jre\17.0.5-win32-x86_64\bin\net.dll
Event: 0.362 Loaded shared library C:\Users\OMEN\.vscode\extensions\redhat.java-1.14.0-win32-x64\jre\17.0.5-win32-x86_64\bin\nio.dll
Event: 0.732 Loaded shared library C:\Users\OMEN\.vscode\extensions\redhat.java-1.14.0-win32-x64\jre\17.0.5-win32-x86_64\bin\zip.dll
Event: 6.582 Loaded shared library C:\Users\OMEN\.vscode\extensions\redhat.java-1.14.0-win32-x64\jre\17.0.5-win32-x86_64\bin\jimage.dll
Event: 7.541 Loaded shared library c:\Users\OMEN\.vscode\extensions\redhat.java-1.14.0-win32-x64\jre\17.0.5-win32-x86_64\bin\verify.dll
Event: 12.852 Loaded shared library C:\Users\OMEN\.vscode\extensions\redhat.java-1.14.0-win32-x64\jre\17.0.5-win32-x86_64\bin\management.dll
Event: 12.856 Loaded shared library C:\Users\OMEN\.vscode\extensions\redhat.java-1.14.0-win32-x64\jre\17.0.5-win32-x86_64\bin\management_ext.dll

Deoptimization events (10 events):
Event: 8.856 Thread 0x000002259875e4a0 DEOPT PACKING pc=0x000002259d9f80f9 sp=0x00000092ad4fd6a0
Event: 8.856 Thread 0x000002259875e4a0 DEOPT UNPACKING pc=0x000002259d4a2b43 sp=0x00000092ad4fcb80 mode 3
Event: 13.259 Thread 0x00000225ae81b5f0 DEOPT PACKING pc=0x000002259dc09ded sp=0x00000092af5fd5b0
Event: 13.259 Thread 0x00000225ae81b5f0 DEOPT UNPACKING pc=0x000002259d4a2b43 sp=0x00000092af5fcac8 mode 3
Event: 13.420 Thread 0x00000225ae83fb00 DEOPT PACKING pc=0x000002259dc26713 sp=0x00000092af8fe490
Event: 13.420 Thread 0x00000225ae83fb00 DEOPT UNPACKING pc=0x000002259d4a2b43 sp=0x00000092af8fd9d8 mode 3
Event: 13.618 Thread 0x00000225ae898bc0 DEOPT PACKING pc=0x000002259d9fb089 sp=0x00000092b02fed00
Event: 13.618 Thread 0x00000225ae898bc0 DEOPT UNPACKING pc=0x000002259d4a2b43 sp=0x00000092b02fe190 mode 3
Event: 14.192 Thread 0x00000225ae896540 DEOPT PACKING pc=0x000002259d9f6b1f sp=0x00000092b01fed70
Event: 14.192 Thread 0x00000225ae896540 DEOPT UNPACKING pc=0x000002259d4a2b43 sp=0x00000092b01fe1c8 mode 3

Classes unloaded (0 events):
No events

Classes redefined (0 events):
No events

Internal exceptions (20 events):
Event: 13.466 Thread 0x00000225ae896a10 Exception <a 'sun/nio/fs/WindowsException'{0x000000070fd78018}> (0x000000070fd78018) 
thrown [s\src\hotspot\share\prims\jni.cpp, line 516]
Event: 13.466 Thread 0x00000225ae896a10 Exception <a 'sun/nio/fs/WindowsException'{0x000000070fd78a28}> (0x000000070fd78a28) 
thrown [s\src\hotspot\share\prims\jni.cpp, line 516]
Event: 13.466 Thread 0x00000225ae896a10 Exception <a 'sun/nio/fs/WindowsException'{0x000000070fd78e00}> (0x000000070fd78e00) 
thrown [s\src\hotspot\share\prims\jni.cpp, line 516]
Event: 13.466 Thread 0x00000225ae896a10 Exception <a 'sun/nio/fs/WindowsException'{0x000000070fd797e8}> (0x000000070fd797e8) 
thrown [s\src\hotspot\share\prims\jni.cpp, line 516]
Event: 13.466 Thread 0x00000225ae896a10 Exception <a 'sun/nio/fs/WindowsException'{0x000000070fd79b88}> (0x000000070fd79b88) 
thrown [s\src\hotspot\share\prims\jni.cpp, line 516]
Event: 13.467 Thread 0x00000225ae896a10 Exception <a 'sun/nio/fs/WindowsException'{0x000000070fd7a580}> (0x000000070fd7a580) 
thrown [s\src\hotspot\share\prims\jni.cpp, line 516]
Event: 13.467 Thread 0x00000225ae896a10 Exception <a 'sun/nio/fs/WindowsException'{0x000000070fd7a938}> (0x000000070fd7a938) 
thrown [s\src\hotspot\share\prims\jni.cpp, line 516]
Event: 13.467 Thread 0x00000225ae896a10 Exception <a 'sun/nio/fs/WindowsException'{0x000000070fd7b320}> (0x000000070fd7b320) 
thrown [s\src\hotspot\share\prims\jni.cpp, line 516]
Event: 13.467 Thread 0x00000225ae896a10 Exception <a 'sun/nio/fs/WindowsException'{0x000000070fd7b6c8}> (0x000000070fd7b6c8) 
thrown [s\src\hotspot\share\prims\jni.cpp, line 516]
Event: 13.467 Thread 0x00000225ae896a10 Exception <a 'sun/nio/fs/WindowsException'{0x000000070fd7c0c0}> (0x000000070fd7c0c0) 
thrown [s\src\hotspot\share\prims\jni.cpp, line 516]
Event: 13.467 Thread 0x00000225ae896a10 Exception <a 'sun/nio/fs/WindowsException'{0x000000070fd7c478}> (0x000000070fd7c478) 
thrown [s\src\hotspot\share\prims\jni.cpp, line 516]
Event: 13.468 Thread 0x00000225ae896a10 Exception <a 'sun/nio/fs/WindowsException'{0x000000070fd7ce88}> (0x000000070fd7ce88) 
thrown [s\src\hotspot\share\prims\jni.cpp, line 516]
Event: 13.468 Thread 0x00000225ae896a10 Exception <a 'sun/nio/fs/WindowsException'{0x000000070fd7d260}> (0x000000070fd7d260) 
thrown [s\src\hotspot\share\prims\jni.cpp, line 516]
Event: 13.468 Thread 0x00000225ae896a10 Exception <a 'sun/nio/fs/WindowsException'{0x000000070fd7dc88}> (0x000000070fd7dc88) 
thrown [s\src\hotspot\share\prims\jni.cpp, line 516]
Event: 13.468 Thread 0x00000225ae896a10 Exception <a 'sun/nio/fs/WindowsException'{0x000000070fa37b60}> (0x000000070fa37b60) 
thrown [s\src\hotspot\share\prims\jni.cpp, line 516]
Event: 13.468 Thread 0x00000225ae896a10 Exception <a 'sun/nio/fs/WindowsException'{0x000000070fa38580}> (0x000000070fa38580) 
thrown [s\src\hotspot\share\prims\jni.cpp, line 516]
Event: 13.469 Thread 0x00000225ae896a10 Exception <a 'sun/nio/fs/WindowsException'{0x000000070fa38968}> (0x000000070fa38968) 
thrown [s\src\hotspot\share\prims\jni.cpp, line 516]
Event: 14.291 Thread 0x00000225ae81b5f0 Exception <a 'java/lang/NoSuchMethodError'{0x00000007081e4fa8}: 'java.lang.Object java.lang.invoke.Invokers$Holder.invoke_MT(java.lang.Object, java.lang.Object, java.lang.Object)'> (0x00000007081e4fa8) 
thrown [s\src\hotspot\share\interpreter\linkResolver.cpp, line 759]
Event: 14.472 Thread 0x00000225ae81b5f0 Exception <a 'java/lang/NoSuchMethodError'{0x000000071089d858}: 'java.lang.Object java.lang.invoke.DirectMethodHandle$Holder.newInvokeSpecial(java.lang.Object, java.lang.Object, int)'> (0x000000071089d858) 
thrown [s\src\hotspot\share\interpreter\linkResolver.cpp, line 759]
Event: 14.550 Thread 0x00000225aeb1fbe0 Exception <a 'sun/nio/fs/WindowsException'{0x00000007120082a0}> (0x00000007120082a0) 
thrown [s\src\hotspot\share\prims\jni.cpp, line 516]

VM Operations (20 events):
Event: 14.430 Executing VM operation: G1CollectForAllocation done
Event: 14.495 Executing VM operation: G1Concurrent
Event: 14.507 Executing VM operation: G1Concurrent done
Event: 14.521 Executing VM operation: G1CollectForAllocation
Event: 14.522 Executing VM operation: G1CollectForAllocation done
Event: 14.522 Executing VM operation: G1CollectForAllocation
Event: 14.527 Executing VM operation: G1CollectForAllocation done
Event: 14.547 Executing VM operation: G1Concurrent
Event: 14.548 Executing VM operation: G1Concurrent done
Event: 14.593 Executing VM operation: G1CollectForAllocation
Event: 14.593 Executing VM operation: G1CollectForAllocation done
Event: 14.593 Executing VM operation: G1CollectForAllocation
Event: 14.601 Executing VM operation: G1CollectForAllocation done
Event: 14.663 Executing VM operation: G1CollectForAllocation
Event: 14.671 Executing VM operation: G1CollectForAllocation done
Event: 14.734 Executing VM operation: G1CollectForAllocation
Event: 14.734 Executing VM operation: G1CollectForAllocation done
Event: 14.734 Executing VM operation: G1CollectForAllocation
Event: 14.741 Executing VM operation: G1CollectForAllocation done
Event: 14.794 Executing VM operation: G1CollectForAllocation

Events (20 events):
Event: 14.336 loading class java/nio/file/Files$3
Event: 14.336 loading class java/nio/file/Files$3 done
Event: 14.336 loading class java/nio/file/FileVisitResult
Event: 14.336 loading class java/nio/file/FileVisitResult done
Event: 14.365 loading class java/nio/channels/Channels$ReadableByteChannelImpl
Event: 14.365 loading class java/nio/channels/Channels$ReadableByteChannelImpl done
Event: 14.368 loading class java/nio/channels/NonWritableChannelException
Event: 14.368 loading class java/nio/channels/NonWritableChannelException done
Event: 14.469 loading class java/util/WeakHashMap$EntrySet
Event: 14.469 loading class java/util/WeakHashMap$EntrySet done
Event: 14.470 loading class java/util/WeakHashMap$EntryIterator
Event: 14.470 loading class java/util/WeakHashMap$HashIterator
Event: 14.470 loading class java/util/WeakHashMap$HashIterator done
Event: 14.470 loading class java/util/WeakHashMap$EntryIterator done
Event: 14.474 Thread 0x00000225aeb1fbe0 Thread added: 0x00000225aeb1fbe0
Event: 14.475 Thread 0x00000225aeb200b0 Thread added: 0x00000225aeb200b0
Event: 14.541 loading class sun/security/provider/MD5
Event: 14.542 loading class sun/security/provider/MD5 done
Event: 14.542 loading class sun/security/provider/ByteArrayAccess$LE
Event: 14.542 loading class sun/security/provider/ByteArrayAccess$LE done


Dynamic libraries:
0x00007ff633710000 - 0x00007ff63371e000 	c:\Users\OMEN\.vscode\extensions\redhat.java-1.14.0-win32-x64\jre\17.0.5-win32-x86_64\bin\java.exe
0x00007ff948350000 - 0x00007ff948548000 	C:\Windows\SYSTEM32\ntdll.dll
0x00007ff946960000 - 0x00007ff946a1f000 	C:\Windows\System32\KERNEL32.DLL
0x00007ff945fe0000 - 0x00007ff9462b2000 	C:\Windows\System32\KERNELBASE.dll
0x00007ff930390000 - 0x00007ff9303a9000 	c:\Users\OMEN\.vscode\extensions\redhat.java-1.14.0-win32-x64\jre\17.0.5-win32-x86_64\bin\VCRUNTIME140.dll
0x00007ff930620000 - 0x00007ff930637000 	c:\Users\OMEN\.vscode\extensions\redhat.java-1.14.0-win32-x64\jre\17.0.5-win32-x86_64\bin\jli.dll
0x00007ff9272b0000 - 0x00007ff92754a000 	C:\Windows\WinSxS\amd64_microsoft.windows.common-controls_6595b64144ccf1df_6.0.19041.1110_none_60b5254171f9507e\COMCTL32.dll
0x00007ff947540000 - 0x00007ff9475de000 	C:\Windows\System32\msvcrt.dll
0x00007ff9470a0000 - 0x00007ff9470cb000 	C:\Windows\System32\GDI32.dll
0x00007ff9462c0000 - 0x00007ff9462e2000 	C:\Windows\System32\win32u.dll
0x00007ff945ad0000 - 0x00007ff945bdf000 	C:\Windows\System32\gdi32full.dll
0x00007ff9462f0000 - 0x00007ff94638d000 	C:\Windows\System32\msvcp_win.dll
0x00007ff9464d0000 - 0x00007ff946671000 	C:\Windows\System32\USER32.dll
0x00007ff945e90000 - 0x00007ff945f90000 	C:\Windows\System32\ucrtbase.dll
0x00007ff946490000 - 0x00007ff9464c2000 	C:\Windows\System32\IMM32.DLL
0x00007ff9403c0000 - 0x00007ff9403cc000 	c:\Users\OMEN\.vscode\extensions\redhat.java-1.14.0-win32-x64\jre\17.0.5-win32-x86_64\bin\vcruntime140_1.dll
0x00007ff8d6140000 - 0x00007ff8d61d1000 	c:\Users\OMEN\.vscode\extensions\redhat.java-1.14.0-win32-x64\jre\17.0.5-win32-x86_64\bin\msvcp140.dll
0x00007ff8c6430000 - 0x00007ff8c7074000 	c:\Users\OMEN\.vscode\extensions\redhat.java-1.14.0-win32-x64\jre\17.0.5-win32-x86_64\bin\server\jvm.dll
0x00007ff946a20000 - 0x00007ff946ace000 	C:\Windows\System32\ADVAPI32.dll
0x00007ff9480e0000 - 0x00007ff94817c000 	C:\Windows\System32\sechost.dll
0x00007ff946830000 - 0x00007ff946955000 	C:\Windows\System32\RPCRT4.dll
0x00007ff92c3b0000 - 0x00007ff92c3b9000 	C:\Windows\SYSTEM32\WSOCK32.dll
0x00007ff9467c0000 - 0x00007ff94682b000 	C:\Windows\System32\WS2_32.dll
0x00007ff928380000 - 0x00007ff9283a7000 	C:\Windows\SYSTEM32\WINMM.dll
0x00007ff93edb0000 - 0x00007ff93edba000 	C:\Windows\SYSTEM32\VERSION.dll
0x00007ff944250000 - 0x00007ff944262000 	C:\Windows\SYSTEM32\kernel.appcore.dll
0x00007ff93ff30000 - 0x00007ff93ff3a000 	c:\Users\OMEN\.vscode\extensions\redhat.java-1.14.0-win32-x64\jre\17.0.5-win32-x86_64\bin\jimage.dll
0x00007ff9437a0000 - 0x00007ff943984000 	C:\Windows\SYSTEM32\DBGHELP.DLL
0x00007ff930f70000 - 0x00007ff930fa5000 	C:\Windows\SYSTEM32\dbgcore.DLL
0x00007ff945a40000 - 0x00007ff945ac2000 	C:\Windows\System32\bcryptPrimitives.dll
0x00007ff927b40000 - 0x00007ff927b65000 	c:\Users\OMEN\.vscode\extensions\redhat.java-1.14.0-win32-x64\jre\17.0.5-win32-x86_64\bin\java.dll
0x00007ff9264c0000 - 0x00007ff9264d8000 	c:\Users\OMEN\.vscode\extensions\redhat.java-1.14.0-win32-x64\jre\17.0.5-win32-x86_64\bin\zip.dll
0x00007ff947870000 - 0x00007ff947fb4000 	C:\Windows\System32\SHELL32.dll
0x00007ff943aa0000 - 0x00007ff944232000 	C:\Windows\SYSTEM32\windows.storage.dll
0x00007ff946c70000 - 0x00007ff946fc5000 	C:\Windows\System32\combase.dll
0x00007ff945350000 - 0x00007ff945380000 	C:\Windows\SYSTEM32\Wldp.dll
0x00007ff946bc0000 - 0x00007ff946c6d000 	C:\Windows\System32\SHCORE.dll
0x00007ff946760000 - 0x00007ff9467b5000 	C:\Windows\System32\shlwapi.dll
0x00007ff945980000 - 0x00007ff94599f000 	C:\Windows\SYSTEM32\profapi.dll
0x00007ff924750000 - 0x00007ff924769000 	C:\Users\OMEN\.vscode\extensions\redhat.java-1.14.0-win32-x64\jre\17.0.5-win32-x86_64\bin\net.dll
0x00007ff939320000 - 0x00007ff93942c000 	C:\Windows\SYSTEM32\WINHTTP.dll
0x00007ff945130000 - 0x00007ff94519a000 	C:\Windows\system32\mswsock.dll
0x00007ff9246c0000 - 0x00007ff9246d5000 	C:\Users\OMEN\.vscode\extensions\redhat.java-1.14.0-win32-x64\jre\17.0.5-win32-x86_64\bin\nio.dll
0x00007ff930fb0000 - 0x00007ff930fc0000 	c:\Users\OMEN\.vscode\extensions\redhat.java-1.14.0-win32-x64\jre\17.0.5-win32-x86_64\bin\verify.dll
0x00007ff945400000 - 0x00007ff945418000 	C:\Windows\SYSTEM32\CRYPTSP.dll
0x00007ff944a00000 - 0x00007ff944a34000 	C:\Windows\system32\rsaenh.dll
0x00007ff945be0000 - 0x00007ff945c07000 	C:\Windows\System32\bcrypt.dll
0x00007ff945940000 - 0x00007ff94596e000 	C:\Windows\SYSTEM32\USERENV.dll
0x00007ff9452c0000 - 0x00007ff9452cc000 	C:\Windows\SYSTEM32\CRYPTBASE.dll
0x00007ff944dd0000 - 0x00007ff944e0b000 	C:\Windows\SYSTEM32\IPHLPAPI.DLL
0x00007ff946480000 - 0x00007ff946488000 	C:\Windows\System32\NSI.dll
0x00007ff93aa30000 - 0x00007ff93aa47000 	C:\Windows\SYSTEM32\dhcpcsvc6.DLL
0x00007ff93b7e0000 - 0x00007ff93b7fd000 	C:\Windows\SYSTEM32\dhcpcsvc.DLL
0x00007ff944e10000 - 0x00007ff944eda000 	C:\Windows\SYSTEM32\DNSAPI.dll
0x00007ff942d70000 - 0x00007ff942d79000 	C:\Users\OMEN\.vscode\extensions\redhat.java-1.14.0-win32-x64\jre\17.0.5-win32-x86_64\bin\management.dll
0x00007ff9305a0000 - 0x00007ff9305ab000 	C:\Users\OMEN\.vscode\extensions\redhat.java-1.14.0-win32-x64\jre\17.0.5-win32-x86_64\bin\management_ext.dll
0x00007ff947090000 - 0x00007ff947098000 	C:\Windows\System32\PSAPI.DLL

dbghelp: loaded successfully - version: 4.0.5 - missing functions: none
symbol engine: initialized successfully - sym options: 0x614 - pdb path: .;c:\Users\OMEN\.vscode\extensions\redhat.java-1.14.0-win32-x64\jre\17.0.5-win32-x86_64\bin;C:\Windows\SYSTEM32;C:\Windows\WinSxS\amd64_microsoft.windows.common-controls_6595b64144ccf1df_6.0.19041.1110_none_60b5254171f9507e;c:\Users\OMEN\.vscode\extensions\redhat.java-1.14.0-win32-x64\jre\17.0.5-win32-x86_64\bin\server

VM Arguments:
jvm_args: -Dsts.lsp.client=vscode -Dsts.log.file=/dev/null -XX:TieredStopAtLevel=1 -Xlog:jni+resolve=off -Dspring.config.location=file:c:\Users\OMEN\.vscode\extensions\pivotal.vscode-spring-boot-1.43.0\language-server\BOOT-INF\classes\application.properties 
java_command: org.springframework.ide.vscode.boot.app.BootLanguageServerBootApp
java_class_path (initial): c:\Users\OMEN\.vscode\extensions\pivotal.vscode-spring-boot-1.43.0\language-server\BOOT-INF\classes;c:\Users\OMEN\.vscode\extensions\pivotal.vscode-spring-boot-1.43.0\language-server\BOOT-INF\lib\annotations-23.1.0.jar;c:\Users\OMEN\.vscode\extensions\pivotal.vscode-spring-boot-1.43.0\language-server\BOOT-INF\lib\ant-1.10.12.jar;c:\Users\OMEN\.vscode\extensions\pivotal.vscode-spring-boot-1.43.0\language-server\BOOT-INF\lib\ant-launcher-1.10.12.jar;c:\Users\OMEN\.vscode\extensions\pivotal.vscode-spring-boot-1.43.0\language-server\BOOT-INF\lib\antlr-runtime-3.5.2.jar;c:\Users\OMEN\.vscode\extensions\pivotal.vscode-spring-boot-1.43.0\language-server\BOOT-INF\lib\antlr4-4.9.3.jar;c:\Users\OMEN\.vscode\extensions\pivotal.vscode-spring-boot-1.43.0\language-server\BOOT-INF\lib\antlr4-runtime-4.9.3.jar;c:\Users\OMEN\.vscode\extensions\pivotal.vscode-spring-boot-1.43.0\language-server\BOOT-INF\lib\apiguardian-api-1.1.2.jar;c:\Users\OMEN\.vscode\extensions\pivotal.vscode-spring-boot-1.43.0\language-server\BOOT-INF\lib\asm-9.4.jar;c:\Users\OMEN\.vscode\extensions\pivotal.vscode-spring-boot-1.43.0\language-server\BOOT-INF\lib\asm-analysis-9.4.jar;c:\Users\OMEN\.vscode\extensions\pivotal.vscode-spring-boot-1.43.0\language-server\BOOT-INF\lib\asm-tree-9.4.jar;c:\Users\OMEN\.vscode\extensions\pivotal.vscode-spring-boot-1.43.0\language-server\BOOT-INF\lib\asm-util-9.4.jar;c:\Users\OMEN\.vscode\extensions\pivotal.vscode-spring-boot-1.43.0\language-server\BOOT-INF\lib\caffeine-3.1.2.jar;c:\Users\OMEN\.vscode\extensions\pivotal.vscode-spring-boot-1.43.0\language-server\BOOT-INF\lib\checker-qual-3.12.0.jar;c:\Users\OMEN\.vscode\extensions\pivotal.vscode-spring-boot-1.43.0\language-server\BOOT-INF\lib\ci-environment-9.1.0.jar;c:\Users\OMEN\.vscode\extensions\pivotal.vscode-spring-boot-1.43.0\language-server\BOOT-INF\lib\classgraph-4.8.149.jar;c:\Users\OMEN\.vscode\extensions\pivotal.vscode-spring-boot-1.43.0\language-server\BOOT-INF\lib\commons-codec-1.15.ja
Launcher Type: SUN_STANDARD

[Global flags]
     intx CICompilerCount                          = 4                                         {product} {ergonomic}
     uint ConcGCThreads                            = 2                                         {product} {ergonomic}
     uint G1ConcRefinementThreads                  = 8                                         {product} {ergonomic}
   size_t G1HeapRegionSize                         = 2097152                                   {product} {ergonomic}
    uintx GCDrainStackTargetSize                   = 64                                        {product} {ergonomic}
   size_t InitialHeapSize                          = 268435456                                 {product} {ergonomic}
   size_t MarkStackSize                            = 4194304                                   {product} {ergonomic}
   size_t MaxHeapSize                              = 4263510016                                {product} {ergonomic}
   size_t MaxNewSize                               = 2556428288                                {product} {ergonomic}
   size_t MinHeapDeltaBytes                        = 2097152                                   {product} {ergonomic}
   size_t MinHeapSize                              = 8388608                                   {product} {ergonomic}
    uintx NonProfiledCodeHeapSize                  = 0                                      {pd product} {ergonomic}
     bool ProfileInterpreter                       = false                                  {pd product} {command line}
    uintx ProfiledCodeHeapSize                     = 0                                      {pd product} {ergonomic}
   size_t SoftMaxHeapSize                          = 4263510016                             {manageable} {ergonomic}
     intx TieredStopAtLevel                        = 1                                         {product} {command line}
     bool UseCompressedClassPointers               = true                           {product lp64_product} {ergonomic}
     bool UseCompressedOops                        = true                           {product lp64_product} {ergonomic}
     bool UseG1GC                                  = true                                      {product} {ergonomic}
     bool UseLargePagesIndividualAllocation        = false                                  {pd product} {ergonomic}

Logging:
Log output configuration:
 #0: stdout all=warning,jni+resolve=off uptime,level,tags
 #1: stderr all=off uptime,level,tags

Environment Variables:
PATH=C:\Program Files\Eclipse Adoptium\jdk-17.0.6.10-hotspot\bin;C:\Windows\system32;C:\Windows;C:\Windows\System32\Wbem;C:\Windows\System32\WindowsPowerShell\v1.0\;C:\Windows\System32\OpenSSH\;C:\Program Files (x86)\NVIDIA Corporation\PhysX\Common;C:\Program Files\NVIDIA Corporation\NVIDIA NvDLISR;C:\Program Files\Git\cmd;C:\ProgramData\ComposerSetup\bin;C:\Program Files\Docker\Docker\resources\bin;C:\Users\OMEN\AppData\Local\Microsoft\WindowsApps;C:\Users\OMEN\AppData\Local\Programs\Microsoft VS Code\bin;C:\Users\OMEN\AppData\Local\GitHubDesktop\bin;C:\Program Files\php-8.2.1;C:\Users\OMEN\AppData\Roaming\Composer\vendor\bin
USERNAME=OMEN
OS=Windows_NT
PROCESSOR_IDENTIFIER=Intel64 Family 6 Model 158 Stepping 9, GenuineIntel
TMP=C:\Users\OMEN\AppData\Local\Temp
TEMP=C:\Users\OMEN\AppData\Local\Temp



---------------  S Y S T E M  ---------------

OS:
 Windows 10 , 64 bit Build 19041 (10.0.19041.2364)
OS uptime: 5 days 20:16 hours
Hyper-V role detected

CPU: total 8 (initial active 8) (4 cores per cpu, 2 threads per core) family 6 model 158 stepping 9 microcode 0xea, cx8, cmov, fxsr, ht, mmx, 3dnowpref, sse, sse2, sse3, ssse3, sse4.1, sse4.2, popcnt, lzcnt, tsc, tscinvbit, avx, avx2, aes, erms, clmul, bmi1, bmi2, adx, fma, vzeroupper, clflush, clflushopt, hv

Memory: 4k page, system-wide physical 16263M (536M free)
TotalPageFile size 46617M (AvailPageFile size 149M)
current process WorkingSet (physical memory assigned to process): 419M, peak: 419M
current process commit charge ("private bytes"): 446M, peak: 738M

vm_info: OpenJDK 64-Bit Server VM (17.0.5+8) for windows-amd64 JRE (17.0.5+8), built on Oct 19 2022 04:48:13 by "temurin" with MS VC++ 16.7 (VS2019)

END.
