#
# There is insufficient memory for the Java Runtime Environment to continue.
# Native memory allocation (mmap) failed to map 411041792 bytes for G1 virtual space
# Possible reasons:
#   The system is out of physical RAM or swap space
#   The process is running with CompressedOops enabled, and the Java Heap may be blocking the growth of the native heap
# Possible solutions:
#   Reduce memory load on the system
#   Increase physical memory or swap space
#   Check if swap backing store is full
#   Decrease Java heap size (-Xmx/-Xms)
#   Decrease number of Java threads
#   Decrease Java thread stack sizes (-Xss)
#   Set larger code cache with -XX:ReservedCodeCacheSize=
#   JVM is running with Zero Based Compressed Oops mode in which the Java heap is
#     placed in the first 32GB address space. The Java Heap base address is the
#     maximum limit for the native heap growth. Please use -XX:HeapBaseMinAddress
#     to set the Java Heap base and to place the Java Heap above 32GB virtual address.
# This output file may be truncated or incomplete.
#
#  Out of Memory Error (os_windows.cpp:3548), pid=11004, tid=27484
#
# JRE version: OpenJDK Runtime Environment Temurin-17.0.5+8 (17.0.5+8) (build 17.0.5+8)
# Java VM: OpenJDK 64-Bit Server VM Temurin-17.0.5+8 (17.0.5+8, mixed mode, emulated-client, tiered, compressed oops, compressed class ptrs, g1 gc, windows-amd64)
# No core dump will be written. Minidumps are not enabled by default on client versions of Windows
#

---------------  S U M M A R Y ------------

Command Line: -Dsts.lsp.client=vscode -Dsts.log.file=/dev/null -XX:TieredStopAtLevel=1 -Xlog:jni+resolve=off -Dspring.config.location=file:c:\Users\OMEN\.vscode\extensions\pivotal.vscode-spring-boot-1.43.0\language-server\BOOT-INF\classes\application.properties org.springframework.ide.vscode.boot.app.BootLanguageServerBootApp

Host: Intel(R) Core(TM) i7-7700HQ CPU @ 2.80GHz, 8 cores, 15G,  Windows 10 , 64 bit Build 19041 (10.0.19041.2364)
Time: Tue Jan 31 18:05:15 2023 Middle East Standard Time elapsed time: 4.510725 seconds (0d 0h 0m 4s)

---------------  T H R E A D  ---------------

Current thread (0x000001e44c8283c0):  VMThread "VM Thread" [stack: 0x000000b237a00000,0x000000b237b00000] [id=27484]

Stack: [0x000000b237a00000,0x000000b237b00000]
Native frames: (J=compiled Java code, j=interpreted, Vv=VM code, C=native code)
V  [jvm.dll+0x676b3a]
V  [jvm.dll+0x831444]
V  [jvm.dll+0x832bee]
V  [jvm.dll+0x833253]
V  [jvm.dll+0x244ce5]
V  [jvm.dll+0x673a49]
V  [jvm.dll+0x66811a]
V  [jvm.dll+0x303ceb]
V  [jvm.dll+0x30b1e6]
V  [jvm.dll+0x35adbe]
V  [jvm.dll+0x35afef]
V  [jvm.dll+0x2dab88]
V  [jvm.dll+0x2d8e3c]
V  [jvm.dll+0x2d840c]
V  [jvm.dll+0x31c31b]
V  [jvm.dll+0x8376fb]
V  [jvm.dll+0x838434]
V  [jvm.dll+0x83894c]
V  [jvm.dll+0x838d24]
V  [jvm.dll+0x838df0]
V  [jvm.dll+0x7e17ea]
V  [jvm.dll+0x6759e5]
C  [ucrtbase.dll+0x21bb2]
C  [KERNEL32.DLL+0x17614]
C  [ntdll.dll+0x526a1]

VM_Operation (0x000000b23a0fdd10): G1CollectForAllocation, mode: safepoint, requested by thread 0x000001e44e2258b0


---------------  P R O C E S S  ---------------

Threads class SMR info:
_java_thread_list=0x000001e4511432a0, length=40, elements={
0x000001e44c841390, 0x000001e44c842200, 0x000001e44c86c810, 0x000001e44c86f490,
0x000001e44c870e50, 0x000001e44c886510, 0x000001e44c886f70, 0x000001e44c88f970,
0x000001e44ca86220, 0x000001e44ca86f40, 0x000001e44ca938c0, 0x000001e44ca9d250,
0x000001e44d8d2760, 0x000001e44df081a0, 0x000001e44e00f8c0, 0x000001e44e167030,
0x000001e439fc31e0, 0x000001e44e1b5020, 0x000001e44dd9dc10, 0x000001e44e1fbce0,
0x000001e44e1ff290, 0x000001e44e224a40, 0x000001e44e227a60, 0x000001e44e225d80,
0x000001e44e2253e0, 0x000001e44e228400, 0x000001e44e226250, 0x000001e44e227f30,
0x000001e44e224f10, 0x000001e44e2258b0, 0x000001e44e226bf0, 0x000001e44e227590,
0x000001e44e2270c0, 0x000001e44e226720, 0x000001e44e1b2870, 0x000001e44e1b1a00,
0x000001e44e1b1060, 0x000001e44e1b1530, 0x000001e44e1b1ed0, 0x000001e44e1b23a0
}

Java Threads: ( => current thread )
  0x000001e44c841390 JavaThread "Reference Handler" daemon [_thread_blocked, id=32008, stack(0x000000b237b00000,0x000000b237c00000)]
  0x000001e44c842200 JavaThread "Finalizer" daemon [_thread_blocked, id=31436, stack(0x000000b237c00000,0x000000b237d00000)]
  0x000001e44c86c810 JavaThread "Signal Dispatcher" daemon [_thread_blocked, id=32336, stack(0x000000b237d00000,0x000000b237e00000)]
  0x000001e44c86f490 JavaThread "Attach Listener" daemon [_thread_blocked, id=14512, stack(0x000000b237e00000,0x000000b237f00000)]
  0x000001e44c870e50 JavaThread "Service Thread" daemon [_thread_blocked, id=32272, stack(0x000000b237f00000,0x000000b238000000)]
  0x000001e44c886510 JavaThread "Monitor Deflation Thread" daemon [_thread_blocked, id=3576, stack(0x000000b238000000,0x000000b238100000)]
  0x000001e44c886f70 JavaThread "C1 CompilerThread0" daemon [_thread_blocked, id=1544, stack(0x000000b238100000,0x000000b238200000)]
  0x000001e44c88f970 JavaThread "Sweeper thread" daemon [_thread_blocked, id=29572, stack(0x000000b238200000,0x000000b238300000)]
  0x000001e44ca86220 JavaThread "C1 CompilerThread1" daemon [_thread_blocked, id=29784, stack(0x000000b238300000,0x000000b238400000)]
  0x000001e44ca86f40 JavaThread "C1 CompilerThread2" daemon [_thread_blocked, id=6304, stack(0x000000b238400000,0x000000b238500000)]
  0x000001e44ca938c0 JavaThread "Notification Thread" daemon [_thread_blocked, id=20368, stack(0x000000b238500000,0x000000b238600000)]
  0x000001e44ca9d250 JavaThread "Common-Cleaner" daemon [_thread_blocked, id=17832, stack(0x000000b238700000,0x000000b238800000)]
  0x000001e44d8d2760 JavaThread "C1 CompilerThread3" daemon [_thread_blocked, id=31236, stack(0x000000b238d00000,0x000000b238e00000)]
  0x000001e44df081a0 JavaThread "boundedElastic-evictor-1" daemon [_thread_blocked, id=23928, stack(0x000000b239000000,0x000000b239100000)]
  0x000001e44e00f8c0 JavaThread "pool-11-thread-1" [_thread_blocked, id=28836, stack(0x000000b239200000,0x000000b239300000)]
  0x000001e44e167030 JavaThread "LanguageServerApp-lifecycle" [_thread_blocked, id=3320, stack(0x000000b239300000,0x000000b239400000)]
  0x000001e439fc31e0 JavaThread "DestroyJavaVM" [_thread_blocked, id=31100, stack(0x000000b237400000,0x000000b237500000)]
  0x000001e44e1b5020 JavaThread "pool-12-thread-1" [_thread_in_native, id=8724, stack(0x000000b239400000,0x000000b239500000)]
  0x000001e44dd9dc10 JavaThread "Simple-Language-Server main thread" daemon [_thread_blocked, id=3248, stack(0x000000b239500000,0x000000b239600000)]
  0x000001e44e1fbce0 JavaThread "pool-8-thread-1" [_thread_blocked, id=7608, stack(0x000000b239600000,0x000000b239700000)]
  0x000001e44e1ff290 JavaThread "parallel-1" daemon [_thread_blocked, id=22788, stack(0x000000b239700000,0x000000b239800000)]
  0x000001e44e224a40 JavaThread "ForkJoinPool.commonPool-worker-1" daemon [_thread_blocked, id=22660, stack(0x000000b239800000,0x000000b239900000)]
  0x000001e44e227a60 JavaThread "parallel-2" daemon [_thread_blocked, id=24484, stack(0x000000b239900000,0x000000b239a00000)]
  0x000001e44e225d80 JavaThread "ClassGraph-worker-0" daemon [_thread_blocked, id=26152, stack(0x000000b239a00000,0x000000b239b00000)]
  0x000001e44e2253e0 JavaThread "ClassGraph-worker-1" daemon [_thread_blocked, id=29964, stack(0x000000b239b00000,0x000000b239c00000)]
  0x000001e44e228400 JavaThread "ClassGraph-worker-2" daemon [_thread_blocked, id=11120, stack(0x000000b239c00000,0x000000b239d00000)]
  0x000001e44e226250 JavaThread "ClassGraph-worker-3" daemon [_thread_blocked, id=9092, stack(0x000000b239d00000,0x000000b239e00000)]
  0x000001e44e227f30 JavaThread "ClassGraph-worker-4" daemon [_thread_blocked, id=12492, stack(0x000000b239e00000,0x000000b239f00000)]
  0x000001e44e224f10 JavaThread "ClassGraph-worker-5" daemon [_thread_blocked, id=2040, stack(0x000000b239f00000,0x000000b23a000000)]
  0x000001e44e2258b0 JavaThread "ClassGraph-worker-6" daemon [_thread_blocked, id=12948, stack(0x000000b23a000000,0x000000b23a100000)]
  0x000001e44e226bf0 JavaThread "ClassGraph-worker-7" daemon [_thread_blocked, id=7260, stack(0x000000b23a100000,0x000000b23a200000)]
  0x000001e44e227590 JavaThread "ClassGraph-worker-8" daemon [_thread_blocked, id=28604, stack(0x000000b23a200000,0x000000b23a300000)]
  0x000001e44e2270c0 JavaThread "ClassGraph-worker-9" daemon [_thread_blocked, id=10224, stack(0x000000b23a300000,0x000000b23a400000)]
  0x000001e44e226720 JavaThread "ClassGraph-worker-10" daemon [_thread_blocked, id=19956, stack(0x000000b23a400000,0x000000b23a500000)]
  0x000001e44e1b2870 JavaThread "ClassGraph-worker-11" daemon [_thread_blocked, id=15256, stack(0x000000b23a500000,0x000000b23a600000)]
  0x000001e44e1b1a00 JavaThread "ClassGraph-worker-12" daemon [_thread_blocked, id=13392, stack(0x000000b23a600000,0x000000b23a700000)]
  0x000001e44e1b1060 JavaThread "ClassGraph-worker-13" daemon [_thread_blocked, id=19944, stack(0x000000b23a700000,0x000000b23a800000)]
  0x000001e44e1b1530 JavaThread "Reconciler-1" daemon [_thread_blocked, id=1792, stack(0x000000b23a800000,0x000000b23a900000)]
  0x000001e44e1b1ed0 JavaThread "pool-6-thread-1" [_thread_blocked, id=1696, stack(0x000000b23a900000,0x000000b23aa00000)]
  0x000001e44e1b23a0 JavaThread "pool-10-thread-1" [_thread_blocked, id=1788, stack(0x000000b23aa00000,0x000000b23ab00000)]

Other Threads:
=>0x000001e44c8283c0 VMThread "VM Thread" [stack: 0x000000b237a00000,0x000000b237b00000] [id=27484]
  0x000001e43a0593c0 WatcherThread [stack: 0x000000b238600000,0x000000b238700000] [id=11272]
  0x000001e43a0329b0 GCTaskThread "GC Thread#0" [stack: 0x000000b237500000,0x000000b237600000] [id=3980]
  0x000001e44d6c01c0 GCTaskThread "GC Thread#1" [stack: 0x000000b238800000,0x000000b238900000] [id=32036]
  0x000001e44d682c30 GCTaskThread "GC Thread#2" [stack: 0x000000b238900000,0x000000b238a00000] [id=27792]
  0x000001e44d683700 GCTaskThread "GC Thread#3" [stack: 0x000000b238a00000,0x000000b238b00000] [id=11312]
  0x000001e44d6cc4e0 GCTaskThread "GC Thread#4" [stack: 0x000000b238b00000,0x000000b238c00000] [id=30132]
  0x000001e44d6cc790 GCTaskThread "GC Thread#5" [stack: 0x000000b238c00000,0x000000b238d00000] [id=22956]
  0x000001e44d974110 GCTaskThread "GC Thread#6" [stack: 0x000000b238e00000,0x000000b238f00000] [id=6472]
  0x000001e44d9743c0 GCTaskThread "GC Thread#7" [stack: 0x000000b238f00000,0x000000b239000000] [id=29596]
  0x000001e43a043700 ConcurrentGCThread "G1 Main Marker" [stack: 0x000000b237600000,0x000000b237700000] [id=24300]
  0x000001e43a0448b0 ConcurrentGCThread "G1 Conc#0" [stack: 0x000000b237700000,0x000000b237800000] [id=3468]
  0x000001e44db339c0 ConcurrentGCThread "G1 Conc#1" [stack: 0x000000b239100000,0x000000b239200000] [id=1592]
  0x000001e43a088c40 ConcurrentGCThread "G1 Refine#0" [stack: 0x000000b237800000,0x000000b237900000] [id=17988]
  0x000001e45122fbb0 ConcurrentGCThread "G1 Refine#1" [stack: 0x000000b23ab00000,0x000000b23ac00000] [id=1424]
  0x000001e43a089660 ConcurrentGCThread "G1 Service" [stack: 0x000000b237900000,0x000000b237a00000] [id=24452]

Threads with active compile tasks:

VM state: at safepoint (normal execution)

VM Mutex/Monitor currently owned by a thread:  ([mutex/lock_event])
[0x000001e437daa6e0] Threads_lock - owner thread: 0x000001e44c8283c0
[0x000001e439fc2000] Heap_lock - owner thread: 0x000001e44e2258b0

Heap address: 0x0000000701e00000, size: 4066 MB, Compressed Oops mode: Zero based, Oop shift amount: 3

CDS archive(s) not mapped
Compressed class space mapped at: 0x0000000800000000-0x0000000840000000, reserved size: 1073741824
Narrow klass base: 0x0000000800000000, Narrow klass shift: 0, Narrow klass range: 0x40000000

GC Precious Log:
 CPUs: 8 total, 8 available
 Memory: 16263M
 Large Page Support: Disabled
 NUMA Support: Disabled
 Compressed Oops: Enabled (Zero based)
 Heap Region Size: 2M
 Heap Min Capacity: 8M
 Heap Initial Capacity: 256M
 Heap Max Capacity: 4066M
 Pre-touch: Disabled
 Parallel Workers: 8
 Concurrent Workers: 2
 Concurrent Refinement Workers: 8
 Periodic GC: Disabled

Heap:
 garbage-first heap   total 360448K, used 102791K [0x0000000701e00000, 0x0000000800000000)
  region size 2048K, 9 young (18432K), 9 survivors (18432K)
 Metaspace       used 40293K, committed 40768K, reserved 1089536K
  class space    used 5153K, committed 5376K, reserved 1048576K

Heap Regions: E=young(eden), S=young(survivor), O=old, HS=humongous(starts), HC=humongous(continues), CS=collection set, F=free, OA=open archive, CA=closed archive, TAMS=top-at-mark-start (previous, next)
|   0|0x0000000701e00000, 0x0000000702000000, 0x0000000702000000|100%| O|  |TAMS 0x0000000702000000, 0x0000000701e00000| Untracked 
|   1|0x0000000702000000, 0x0000000702200000, 0x0000000702200000|100%| O|  |TAMS 0x0000000702200000, 0x0000000702000000| Untracked 
|   2|0x0000000702200000, 0x0000000702400000, 0x0000000702400000|100%| O|  |TAMS 0x0000000702400000, 0x0000000702200000| Untracked 
|   3|0x0000000702400000, 0x0000000702600000, 0x0000000702600000|100%| O|  |TAMS 0x0000000702400000, 0x0000000702400000| Untracked 
|   4|0x0000000702600000, 0x0000000702800000, 0x0000000702800000|100%| O|  |TAMS 0x0000000702800000, 0x0000000702600000| Untracked 
|   5|0x0000000702800000, 0x0000000702a00000, 0x0000000702a00000|100%| O|  |TAMS 0x0000000702a00000, 0x0000000702800000| Untracked 
|   6|0x0000000702a00000, 0x0000000702c00000, 0x0000000702c00000|100%| O|  |TAMS 0x0000000702c00000, 0x0000000702a00000| Untracked 
|   7|0x0000000702c00000, 0x0000000702e00000, 0x0000000702e00000|100%| O|  |TAMS 0x0000000702e00000, 0x0000000702c00000| Untracked 
|   8|0x0000000702e00000, 0x0000000703000000, 0x0000000703000000|100%| O|  |TAMS 0x0000000702e00000, 0x0000000702e00000| Untracked 
|   9|0x0000000703000000, 0x0000000703200000, 0x0000000703200000|100%| O|  |TAMS 0x0000000703000000, 0x0000000703000000| Untracked 
|  10|0x0000000703200000, 0x0000000703400000, 0x0000000703400000|100%| O|  |TAMS 0x0000000703200000, 0x0000000703200000| Untracked 
|  11|0x0000000703400000, 0x0000000703600000, 0x0000000703600000|100%| O|  |TAMS 0x0000000703400000, 0x0000000703400000| Untracked 
|  12|0x0000000703600000, 0x0000000703800000, 0x0000000703800000|100%| O|  |TAMS 0x0000000703600000, 0x0000000703600000| Untracked 
|  13|0x0000000703800000, 0x0000000703a00000, 0x0000000703a00000|100%| O|  |TAMS 0x0000000703800000, 0x0000000703800000| Untracked 
|  14|0x0000000703a00000, 0x0000000703c00000, 0x0000000703c00000|100%| O|  |TAMS 0x0000000703a00000, 0x0000000703a00000| Untracked 
|  15|0x0000000703c00000, 0x0000000703e00000, 0x0000000703e00000|100%| O|  |TAMS 0x0000000703c00000, 0x0000000703c00000| Untracked 
|  16|0x0000000703e00000, 0x0000000704000000, 0x0000000704000000|100%| O|  |TAMS 0x0000000703e00000, 0x0000000703e00000| Untracked 
|  17|0x0000000704000000, 0x0000000704200000, 0x0000000704200000|100%| O|  |TAMS 0x0000000704000000, 0x0000000704000000| Untracked 
|  18|0x0000000704200000, 0x0000000704400000, 0x0000000704400000|100%| O|  |TAMS 0x0000000704200000, 0x0000000704200000| Untracked 
|  19|0x0000000704400000, 0x0000000704600000, 0x0000000704600000|100%| O|  |TAMS 0x0000000704400000, 0x0000000704400000| Untracked 
|  20|0x0000000704600000, 0x0000000704800000, 0x0000000704800000|100%| O|  |TAMS 0x0000000704600000, 0x0000000704600000| Untracked 
|  21|0x0000000704800000, 0x0000000704a00000, 0x0000000704a00000|100%| O|  |TAMS 0x0000000704800000, 0x0000000704800000| Untracked 
|  22|0x0000000704a00000, 0x0000000704c00000, 0x0000000704c00000|100%| O|  |TAMS 0x0000000704a00000, 0x0000000704a00000| Untracked 
|  23|0x0000000704c00000, 0x0000000704e00000, 0x0000000704e00000|100%| O|  |TAMS 0x0000000704c00000, 0x0000000704c00000| Untracked 
|  24|0x0000000704e00000, 0x0000000705000000, 0x0000000705000000|100%| O|  |TAMS 0x0000000704e00000, 0x0000000704e00000| Untracked 
|  25|0x0000000705000000, 0x0000000705200000, 0x0000000705200000|100%| O|  |TAMS 0x0000000705000000, 0x0000000705000000| Untracked 
|  26|0x0000000705200000, 0x0000000705400000, 0x0000000705400000|100%| O|  |TAMS 0x0000000705200000, 0x0000000705200000| Untracked 
|  27|0x0000000705400000, 0x0000000705600000, 0x0000000705600000|100%| O|  |TAMS 0x0000000705400000, 0x0000000705400000| Untracked 
|  28|0x0000000705600000, 0x0000000705800000, 0x0000000705800000|100%| O|  |TAMS 0x0000000705600000, 0x0000000705600000| Untracked 
|  29|0x0000000705800000, 0x0000000705a00000, 0x0000000705a00000|100%| O|  |TAMS 0x0000000705800000, 0x0000000705800000| Untracked 
|  30|0x0000000705a00000, 0x0000000705c00000, 0x0000000705c00000|100%| O|  |TAMS 0x0000000705a00000, 0x0000000705a00000| Untracked 
|  31|0x0000000705c00000, 0x0000000705e00000, 0x0000000705e00000|100%| O|  |TAMS 0x0000000705c00000, 0x0000000705c00000| Untracked 
|  32|0x0000000705e00000, 0x0000000706000000, 0x0000000706000000|100%| O|  |TAMS 0x0000000705e00000, 0x0000000705e00000| Untracked 
|  33|0x0000000706000000, 0x0000000706200000, 0x0000000706200000|100%| O|  |TAMS 0x0000000706000000, 0x0000000706000000| Untracked 
|  34|0x0000000706200000, 0x0000000706400000, 0x0000000706400000|100%| O|  |TAMS 0x0000000706200000, 0x0000000706200000| Untracked 
|  35|0x0000000706400000, 0x0000000706600000, 0x0000000706600000|100%| O|  |TAMS 0x0000000706400000, 0x0000000706400000| Untracked 
|  36|0x0000000706600000, 0x0000000706800000, 0x0000000706800000|100%| O|  |TAMS 0x0000000706600000, 0x0000000706600000| Untracked 
|  37|0x0000000706800000, 0x0000000706a00000, 0x0000000706a00000|100%| O|  |TAMS 0x0000000706800000, 0x0000000706800000| Untracked 
|  38|0x0000000706a00000, 0x0000000706c00000, 0x0000000706c00000|100%| O|  |TAMS 0x0000000706a00000, 0x0000000706a00000| Untracked 
|  39|0x0000000706c00000, 0x0000000706e00000, 0x0000000706e00000|100%| O|  |TAMS 0x0000000706c00000, 0x0000000706c00000| Untracked 
|  40|0x0000000706e00000, 0x0000000707000000, 0x0000000707000000|100%| O|  |TAMS 0x0000000706e00000, 0x0000000706e00000| Untracked 
|  41|0x0000000707000000, 0x0000000707200000, 0x0000000707200000|100%| O|  |TAMS 0x0000000707000000, 0x0000000707000000| Untracked 
|  42|0x0000000707200000, 0x0000000707200000, 0x0000000707400000|  0%| F|  |TAMS 0x0000000707200000, 0x0000000707200000| Untracked 
|  43|0x0000000707400000, 0x0000000707400000, 0x0000000707600000|  0%| F|  |TAMS 0x0000000707400000, 0x0000000707400000| Untracked 
|  44|0x0000000707600000, 0x0000000707600000, 0x0000000707800000|  0%| F|  |TAMS 0x0000000707600000, 0x0000000707600000| Untracked 
|  45|0x0000000707800000, 0x0000000707800000, 0x0000000707a00000|  0%| F|  |TAMS 0x0000000707800000, 0x0000000707800000| Untracked 
|  46|0x0000000707a00000, 0x0000000707a00000, 0x0000000707c00000|  0%| F|  |TAMS 0x0000000707a00000, 0x0000000707a00000| Untracked 
|  47|0x0000000707c00000, 0x0000000707c00000, 0x0000000707e00000|  0%| F|  |TAMS 0x0000000707c00000, 0x0000000707c00000| Untracked 
|  48|0x0000000707e00000, 0x0000000707e00000, 0x0000000708000000|  0%| F|  |TAMS 0x0000000707e00000, 0x0000000707e00000| Untracked 
|  49|0x0000000708000000, 0x0000000708000000, 0x0000000708200000|  0%| F|  |TAMS 0x0000000708000000, 0x0000000708000000| Untracked 
|  50|0x0000000708200000, 0x0000000708200000, 0x0000000708400000|  0%| F|  |TAMS 0x0000000708200000, 0x0000000708200000| Untracked 
|  51|0x0000000708400000, 0x0000000708400000, 0x0000000708600000|  0%| F|  |TAMS 0x0000000708400000, 0x0000000708400000| Untracked 
|  52|0x0000000708600000, 0x0000000708600000, 0x0000000708800000|  0%| F|  |TAMS 0x0000000708600000, 0x0000000708600000| Untracked 
|  53|0x0000000708800000, 0x0000000708800000, 0x0000000708a00000|  0%| F|  |TAMS 0x0000000708800000, 0x0000000708800000| Untracked 
|  54|0x0000000708a00000, 0x0000000708a00000, 0x0000000708c00000|  0%| F|  |TAMS 0x0000000708a00000, 0x0000000708a00000| Untracked 
|  55|0x0000000708c00000, 0x0000000708c00000, 0x0000000708e00000|  0%| F|  |TAMS 0x0000000708c00000, 0x0000000708c00000| Untracked 
|  56|0x0000000708e00000, 0x0000000708e00000, 0x0000000709000000|  0%| F|  |TAMS 0x0000000708e00000, 0x0000000708e00000| Untracked 
|  57|0x0000000709000000, 0x0000000709000000, 0x0000000709200000|  0%| F|  |TAMS 0x0000000709000000, 0x0000000709000000| Untracked 
|  58|0x0000000709200000, 0x0000000709200000, 0x0000000709400000|  0%| F|  |TAMS 0x0000000709200000, 0x0000000709200000| Untracked 
|  59|0x0000000709400000, 0x0000000709400000, 0x0000000709600000|  0%| F|  |TAMS 0x0000000709400000, 0x0000000709400000| Untracked 
|  60|0x0000000709600000, 0x0000000709600000, 0x0000000709800000|  0%| F|  |TAMS 0x0000000709600000, 0x0000000709600000| Untracked 
|  61|0x0000000709800000, 0x0000000709800000, 0x0000000709a00000|  0%| F|  |TAMS 0x0000000709800000, 0x0000000709800000| Untracked 
|  62|0x0000000709a00000, 0x0000000709a00000, 0x0000000709c00000|  0%| F|  |TAMS 0x0000000709a00000, 0x0000000709a00000| Untracked 
|  63|0x0000000709c00000, 0x0000000709c00000, 0x0000000709e00000|  0%| F|  |TAMS 0x0000000709c00000, 0x0000000709c00000| Untracked 
|  64|0x0000000709e00000, 0x0000000709e00000, 0x000000070a000000|  0%| F|  |TAMS 0x0000000709e00000, 0x0000000709e00000| Untracked 
|  65|0x000000070a000000, 0x000000070a000000, 0x000000070a200000|  0%| F|  |TAMS 0x000000070a000000, 0x000000070a000000| Untracked 
|  66|0x000000070a200000, 0x000000070a200000, 0x000000070a400000|  0%| F|  |TAMS 0x000000070a200000, 0x000000070a200000| Untracked 
|  67|0x000000070a400000, 0x000000070a461c20, 0x000000070a600000| 19%| S|CS|TAMS 0x000000070a400000, 0x000000070a400000| Complete 
|  68|0x000000070a600000, 0x000000070a800000, 0x000000070a800000|100%| S|CS|TAMS 0x000000070a600000, 0x000000070a600000| Complete 
|  69|0x000000070a800000, 0x000000070aa00000, 0x000000070aa00000|100%| S|CS|TAMS 0x000000070a800000, 0x000000070a800000| Complete 
|  70|0x000000070aa00000, 0x000000070ac00000, 0x000000070ac00000|100%| S|CS|TAMS 0x000000070aa00000, 0x000000070aa00000| Complete 
|  71|0x000000070ac00000, 0x000000070ae00000, 0x000000070ae00000|100%| S|CS|TAMS 0x000000070ac00000, 0x000000070ac00000| Complete 
|  72|0x000000070ae00000, 0x000000070b000000, 0x000000070b000000|100%| S|CS|TAMS 0x000000070ae00000, 0x000000070ae00000| Complete 
|  73|0x000000070b000000, 0x000000070b200000, 0x000000070b200000|100%| S|CS|TAMS 0x000000070b000000, 0x000000070b000000| Complete 
|  74|0x000000070b200000, 0x000000070b200000, 0x000000070b400000|  0%| F|  |TAMS 0x000000070b200000, 0x000000070b200000| Untracked 
|  75|0x000000070b400000, 0x000000070b400000, 0x000000070b600000|  0%| F|  |TAMS 0x000000070b400000, 0x000000070b400000| Untracked 
|  76|0x000000070b600000, 0x000000070b600000, 0x000000070b800000|  0%| F|  |TAMS 0x000000070b600000, 0x000000070b600000| Untracked 
|  77|0x000000070b800000, 0x000000070b800000, 0x000000070ba00000|  0%| F|  |TAMS 0x000000070b800000, 0x000000070b800000| Untracked 
|  78|0x000000070ba00000, 0x000000070ba00000, 0x000000070bc00000|  0%| F|  |TAMS 0x000000070ba00000, 0x000000070ba00000| Untracked 
|  79|0x000000070bc00000, 0x000000070bc00000, 0x000000070be00000|  0%| F|  |TAMS 0x000000070bc00000, 0x000000070bc00000| Untracked 
|  80|0x000000070be00000, 0x000000070be00000, 0x000000070c000000|  0%| F|  |TAMS 0x000000070be00000, 0x000000070be00000| Untracked 
|  81|0x000000070c000000, 0x000000070c000000, 0x000000070c200000|  0%| F|  |TAMS 0x000000070c000000, 0x000000070c000000| Untracked 
|  82|0x000000070c200000, 0x000000070c400000, 0x000000070c400000|100%| S|CS|TAMS 0x000000070c200000, 0x000000070c200000| Complete 
|  83|0x000000070c400000, 0x000000070c600000, 0x000000070c600000|100%| S|CS|TAMS 0x000000070c400000, 0x000000070c400000| Complete 
|  84|0x000000070c600000, 0x000000070c600000, 0x000000070c800000|  0%| F|  |TAMS 0x000000070c600000, 0x000000070c600000| Untracked 
|  85|0x000000070c800000, 0x000000070c800000, 0x000000070ca00000|  0%| F|  |TAMS 0x000000070c800000, 0x000000070c800000| Untracked 
|  86|0x000000070ca00000, 0x000000070ca00000, 0x000000070cc00000|  0%| F|  |TAMS 0x000000070ca00000, 0x000000070ca00000| Untracked 
|  87|0x000000070cc00000, 0x000000070cc00000, 0x000000070ce00000|  0%| F|  |TAMS 0x000000070cc00000, 0x000000070cc00000| Untracked 
|  88|0x000000070ce00000, 0x000000070ce00000, 0x000000070d000000|  0%| F|  |TAMS 0x000000070ce00000, 0x000000070ce00000| Untracked 
|  89|0x000000070d000000, 0x000000070d000000, 0x000000070d200000|  0%| F|  |TAMS 0x000000070d000000, 0x000000070d000000| Untracked 
|  90|0x000000070d200000, 0x000000070d200000, 0x000000070d400000|  0%| F|  |TAMS 0x000000070d200000, 0x000000070d200000| Untracked 
|  91|0x000000070d400000, 0x000000070d400000, 0x000000070d600000|  0%| F|  |TAMS 0x000000070d400000, 0x000000070d400000| Untracked 
|  92|0x000000070d600000, 0x000000070d600000, 0x000000070d800000|  0%| F|  |TAMS 0x000000070d600000, 0x000000070d600000| Untracked 
|  93|0x000000070d800000, 0x000000070d800000, 0x000000070da00000|  0%| F|  |TAMS 0x000000070d800000, 0x000000070d800000| Untracked 
|  94|0x000000070da00000, 0x000000070da00000, 0x000000070dc00000|  0%| F|  |TAMS 0x000000070da00000, 0x000000070da00000| Untracked 
|  95|0x000000070dc00000, 0x000000070dc00000, 0x000000070de00000|  0%| F|  |TAMS 0x000000070dc00000, 0x000000070dc00000| Untracked 
|  96|0x000000070de00000, 0x000000070de00000, 0x000000070e000000|  0%| F|  |TAMS 0x000000070de00000, 0x000000070de00000| Untracked 
|  97|0x000000070e000000, 0x000000070e000000, 0x000000070e200000|  0%| F|  |TAMS 0x000000070e000000, 0x000000070e000000| Untracked 
|  98|0x000000070e200000, 0x000000070e200000, 0x000000070e400000|  0%| F|  |TAMS 0x000000070e200000, 0x000000070e200000| Untracked 
|  99|0x000000070e400000, 0x000000070e400000, 0x000000070e600000|  0%| F|  |TAMS 0x000000070e400000, 0x000000070e400000| Untracked 
| 100|0x000000070e600000, 0x000000070e600000, 0x000000070e800000|  0%| F|  |TAMS 0x000000070e600000, 0x000000070e600000| Untracked 
| 101|0x000000070e800000, 0x000000070e800000, 0x000000070ea00000|  0%| F|  |TAMS 0x000000070e800000, 0x000000070e800000| Untracked 
| 102|0x000000070ea00000, 0x000000070ea00000, 0x000000070ec00000|  0%| F|  |TAMS 0x000000070ea00000, 0x000000070ea00000| Untracked 
| 103|0x000000070ec00000, 0x000000070ec00000, 0x000000070ee00000|  0%| F|  |TAMS 0x000000070ec00000, 0x000000070ec00000| Untracked 
| 104|0x000000070ee00000, 0x000000070ee00000, 0x000000070f000000|  0%| F|  |TAMS 0x000000070ee00000, 0x000000070ee00000| Untracked 
| 105|0x000000070f000000, 0x000000070f000000, 0x000000070f200000|  0%| F|  |TAMS 0x000000070f000000, 0x000000070f000000| Untracked 
| 106|0x000000070f200000, 0x000000070f200000, 0x000000070f400000|  0%| F|  |TAMS 0x000000070f200000, 0x000000070f200000| Untracked 
| 107|0x000000070f400000, 0x000000070f400000, 0x000000070f600000|  0%| F|  |TAMS 0x000000070f400000, 0x000000070f400000| Untracked 
| 108|0x000000070f600000, 0x000000070f600000, 0x000000070f800000|  0%| F|  |TAMS 0x000000070f600000, 0x000000070f600000| Untracked 
| 109|0x000000070f800000, 0x000000070f800000, 0x000000070fa00000|  0%| F|  |TAMS 0x000000070f800000, 0x000000070f800000| Untracked 
| 110|0x000000070fa00000, 0x000000070fa00000, 0x000000070fc00000|  0%| F|  |TAMS 0x000000070fa00000, 0x000000070fa00000| Untracked 
| 111|0x000000070fc00000, 0x000000070fc00000, 0x000000070fe00000|  0%| F|  |TAMS 0x000000070fc00000, 0x000000070fc00000| Untracked 
| 112|0x000000070fe00000, 0x000000070fe00000, 0x0000000710000000|  0%| F|  |TAMS 0x000000070fe00000, 0x000000070fe00000| Untracked 
| 113|0x0000000710000000, 0x0000000710000000, 0x0000000710200000|  0%| F|  |TAMS 0x0000000710000000, 0x0000000710000000| Untracked 
| 114|0x0000000710200000, 0x0000000710200000, 0x0000000710400000|  0%| F|  |TAMS 0x0000000710200000, 0x0000000710200000| Untracked 
| 115|0x0000000710400000, 0x0000000710400000, 0x0000000710600000|  0%| F|  |TAMS 0x0000000710400000, 0x0000000710400000| Untracked 
| 116|0x0000000710600000, 0x0000000710600000, 0x0000000710800000|  0%| F|  |TAMS 0x0000000710600000, 0x0000000710600000| Untracked 
| 117|0x0000000710800000, 0x0000000710800000, 0x0000000710a00000|  0%| F|  |TAMS 0x0000000710800000, 0x0000000710800000| Untracked 
| 118|0x0000000710a00000, 0x0000000710a00000, 0x0000000710c00000|  0%| F|  |TAMS 0x0000000710a00000, 0x0000000710a00000| Untracked 
| 119|0x0000000710c00000, 0x0000000710c00000, 0x0000000710e00000|  0%| F|  |TAMS 0x0000000710c00000, 0x0000000710c00000| Untracked 
| 120|0x0000000710e00000, 0x0000000710e00000, 0x0000000711000000|  0%| F|  |TAMS 0x0000000710e00000, 0x0000000710e00000| Untracked 
| 121|0x0000000711000000, 0x0000000711000000, 0x0000000711200000|  0%| F|  |TAMS 0x0000000711000000, 0x0000000711000000| Untracked 
| 122|0x0000000711200000, 0x0000000711200000, 0x0000000711400000|  0%| F|  |TAMS 0x0000000711200000, 0x0000000711200000| Untracked 
| 123|0x0000000711400000, 0x0000000711400000, 0x0000000711600000|  0%| F|  |TAMS 0x0000000711400000, 0x0000000711400000| Untracked 
| 124|0x0000000711600000, 0x0000000711600000, 0x0000000711800000|  0%| F|  |TAMS 0x0000000711600000, 0x0000000711600000| Untracked 
| 125|0x0000000711800000, 0x0000000711800000, 0x0000000711a00000|  0%| F|  |TAMS 0x0000000711800000, 0x0000000711800000| Untracked 
| 126|0x0000000711a00000, 0x0000000711a00000, 0x0000000711c00000|  0%| F|  |TAMS 0x0000000711a00000, 0x0000000711a00000| Untracked 
| 127|0x0000000711c00000, 0x0000000711c00000, 0x0000000711e00000|  0%| F|  |TAMS 0x0000000711c00000, 0x0000000711c00000| Untracked 
| 128|0x0000000711e00000, 0x0000000711e00000, 0x0000000712000000|  0%| F|  |TAMS 0x0000000711e00000, 0x0000000711e00000| Untracked 
| 129|0x0000000712000000, 0x0000000712000000, 0x0000000712200000|  0%| F|  |TAMS 0x0000000712000000, 0x0000000712000000| Untracked 
| 130|0x0000000712200000, 0x0000000712200000, 0x0000000712400000|  0%| F|  |TAMS 0x0000000712200000, 0x0000000712200000| Untracked 
| 131|0x0000000712400000, 0x0000000712400000, 0x0000000712600000|  0%| F|  |TAMS 0x0000000712400000, 0x0000000712400000| Untracked 
| 132|0x0000000712600000, 0x0000000712600000, 0x0000000712800000|  0%| F|  |TAMS 0x0000000712600000, 0x0000000712600000| Untracked 
| 133|0x0000000712800000, 0x0000000712800000, 0x0000000712a00000|  0%| F|  |TAMS 0x0000000712800000, 0x0000000712800000| Untracked 
| 134|0x0000000712a00000, 0x0000000712a00000, 0x0000000712c00000|  0%| F|  |TAMS 0x0000000712a00000, 0x0000000712a00000| Untracked 
| 135|0x0000000712c00000, 0x0000000712c00000, 0x0000000712e00000|  0%| F|  |TAMS 0x0000000712c00000, 0x0000000712c00000| Untracked 
| 136|0x0000000712e00000, 0x0000000712e00000, 0x0000000713000000|  0%| F|  |TAMS 0x0000000712e00000, 0x0000000712e00000| Untracked 
| 137|0x0000000713000000, 0x0000000713000000, 0x0000000713200000|  0%| F|  |TAMS 0x0000000713000000, 0x0000000713000000| Untracked 
| 138|0x0000000713200000, 0x0000000713200000, 0x0000000713400000|  0%| F|  |TAMS 0x0000000713200000, 0x0000000713200000| Untracked 
| 139|0x0000000713400000, 0x0000000713400000, 0x0000000713600000|  0%| F|  |TAMS 0x0000000713400000, 0x0000000713400000| Untracked 
| 140|0x0000000713600000, 0x0000000713600000, 0x0000000713800000|  0%| F|  |TAMS 0x0000000713600000, 0x0000000713600000| Untracked 
| 141|0x0000000713800000, 0x0000000713800000, 0x0000000713a00000|  0%| F|  |TAMS 0x0000000713800000, 0x0000000713800000| Untracked 
| 142|0x0000000713a00000, 0x0000000713a00000, 0x0000000713c00000|  0%| F|  |TAMS 0x0000000713a00000, 0x0000000713a00000| Untracked 
| 143|0x0000000713c00000, 0x0000000713c00000, 0x0000000713e00000|  0%| F|  |TAMS 0x0000000713c00000, 0x0000000713c00000| Untracked 
| 144|0x0000000713e00000, 0x0000000713e00000, 0x0000000714000000|  0%| F|  |TAMS 0x0000000713e00000, 0x0000000713e00000| Untracked 
| 145|0x0000000714000000, 0x0000000714000000, 0x0000000714200000|  0%| F|  |TAMS 0x0000000714000000, 0x0000000714000000| Untracked 
| 146|0x0000000714200000, 0x0000000714200000, 0x0000000714400000|  0%| F|  |TAMS 0x0000000714200000, 0x0000000714200000| Untracked 
| 147|0x0000000714400000, 0x0000000714400000, 0x0000000714600000|  0%| F|  |TAMS 0x0000000714400000, 0x0000000714400000| Untracked 
| 148|0x0000000714600000, 0x0000000714600000, 0x0000000714800000|  0%| F|  |TAMS 0x0000000714600000, 0x0000000714600000| Untracked 
| 149|0x0000000714800000, 0x0000000714800000, 0x0000000714a00000|  0%| F|  |TAMS 0x0000000714800000, 0x0000000714800000| Untracked 
| 150|0x0000000714a00000, 0x0000000714a00000, 0x0000000714c00000|  0%| F|  |TAMS 0x0000000714a00000, 0x0000000714a00000| Untracked 
| 151|0x0000000714c00000, 0x0000000714c00000, 0x0000000714e00000|  0%| F|  |TAMS 0x0000000714c00000, 0x0000000714c00000| Untracked 
| 152|0x0000000714e00000, 0x0000000714e00000, 0x0000000715000000|  0%| F|  |TAMS 0x0000000714e00000, 0x0000000714e00000| Untracked 
| 153|0x0000000715000000, 0x0000000715000000, 0x0000000715200000|  0%| F|  |TAMS 0x0000000715000000, 0x0000000715000000| Untracked 
| 154|0x0000000715200000, 0x0000000715200000, 0x0000000715400000|  0%| F|  |TAMS 0x0000000715200000, 0x0000000715200000| Untracked 
| 155|0x0000000715400000, 0x0000000715400000, 0x0000000715600000|  0%| F|  |TAMS 0x0000000715400000, 0x0000000715400000| Untracked 
| 156|0x0000000715600000, 0x0000000715600000, 0x0000000715800000|  0%| F|  |TAMS 0x0000000715600000, 0x0000000715600000| Untracked 
| 157|0x0000000715800000, 0x0000000715800000, 0x0000000715a00000|  0%| F|  |TAMS 0x0000000715800000, 0x0000000715800000| Untracked 
| 158|0x0000000715a00000, 0x0000000715a00000, 0x0000000715c00000|  0%| F|  |TAMS 0x0000000715a00000, 0x0000000715a00000| Untracked 
| 159|0x0000000715c00000, 0x0000000715c00000, 0x0000000715e00000|  0%| F|  |TAMS 0x0000000715c00000, 0x0000000715c00000| Untracked 
| 160|0x0000000715e00000, 0x0000000715e00000, 0x0000000716000000|  0%| F|  |TAMS 0x0000000715e00000, 0x0000000715e00000| Untracked 
| 161|0x0000000716000000, 0x0000000716000000, 0x0000000716200000|  0%| F|  |TAMS 0x0000000716000000, 0x0000000716000000| Untracked 
| 162|0x0000000716200000, 0x0000000716200000, 0x0000000716400000|  0%| F|  |TAMS 0x0000000716200000, 0x0000000716200000| Untracked 
| 163|0x0000000716400000, 0x0000000716400000, 0x0000000716600000|  0%| F|  |TAMS 0x0000000716400000, 0x0000000716400000| Untracked 
| 164|0x0000000716600000, 0x0000000716600000, 0x0000000716800000|  0%| F|  |TAMS 0x0000000716600000, 0x0000000716600000| Untracked 
| 165|0x0000000716800000, 0x0000000716800000, 0x0000000716a00000|  0%| F|  |TAMS 0x0000000716800000, 0x0000000716800000| Untracked 
| 166|0x0000000716a00000, 0x0000000716a00000, 0x0000000716c00000|  0%| F|  |TAMS 0x0000000716a00000, 0x0000000716a00000| Untracked 
| 167|0x0000000716c00000, 0x0000000716c00000, 0x0000000716e00000|  0%| F|  |TAMS 0x0000000716c00000, 0x0000000716c00000| Untracked 
| 168|0x0000000716e00000, 0x0000000716e00000, 0x0000000717000000|  0%| F|  |TAMS 0x0000000716e00000, 0x0000000716e00000| Untracked 
| 169|0x0000000717000000, 0x0000000717000000, 0x0000000717200000|  0%| F|  |TAMS 0x0000000717000000, 0x0000000717000000| Untracked 
| 170|0x0000000717200000, 0x0000000717200000, 0x0000000717400000|  0%| F|  |TAMS 0x0000000717200000, 0x0000000717200000| Untracked 
| 171|0x0000000717400000, 0x0000000717400000, 0x0000000717600000|  0%| F|  |TAMS 0x0000000717400000, 0x0000000717400000| Untracked 
| 172|0x0000000717600000, 0x0000000717600000, 0x0000000717800000|  0%| F|  |TAMS 0x0000000717600000, 0x0000000717600000| Untracked 
| 173|0x0000000717800000, 0x0000000717800000, 0x0000000717a00000|  0%| F|  |TAMS 0x0000000717800000, 0x0000000717800000| Untracked 
| 174|0x0000000717a00000, 0x0000000717a00000, 0x0000000717c00000|  0%| F|  |TAMS 0x0000000717a00000, 0x0000000717a00000| Untracked 
| 175|0x0000000717c00000, 0x0000000717c00000, 0x0000000717e00000|  0%| F|  |TAMS 0x0000000717c00000, 0x0000000717c00000| Untracked 

Card table byte_map: [0x000001e440560000,0x000001e440d60000] _byte_map_base: 0x000001e43cd51000

Marking Bits (Prev, Next): (CMBitMap*) 0x000001e43a032fc0, (CMBitMap*) 0x000001e43a033000
 Prev Bits: [0x000001e441560000, 0x000001e4454e8000)
 Next Bits: [0x000001e4454f0000, 0x000001e449478000)

Polling page: 0x000001e437f80000

Metaspace:

Usage:
  Non-class:     34.32 MB used.
      Class:      5.03 MB used.
       Both:     39.35 MB used.

Virtual space:
  Non-class space:       40.00 MB reserved,      34.56 MB ( 86%) committed,  5 nodes.
      Class space:        1.00 GB reserved,       5.25 MB ( <1%) committed,  1 nodes.
             Both:        1.04 GB reserved,      39.81 MB (  4%) committed. 

Chunk freelists:
   Non-Class:  864.00 KB
       Class:  2.67 MB
        Both:  3.51 MB

MaxMetaspaceSize: unlimited
CompressedClassSpaceSize: 1.00 GB
Initial GC threshold: 21.00 MB
Current GC threshold: 59.31 MB
CDS: off
MetaspaceReclaimPolicy: balanced
 - commit_granule_bytes: 65536.
 - commit_granule_words: 8192.
 - virtual_space_node_default_size: 1048576.
 - enlarge_chunks_in_place: 1.
 - new_chunks_are_fully_committed: 0.
 - uncommit_free_chunks: 1.
 - use_allocation_guard: 0.
 - handle_deallocations: 1.


Internal statistics:

num_allocs_failed_limit: 8.
num_arena_births: 500.
num_arena_deaths: 0.
num_vsnodes_births: 6.
num_vsnodes_deaths: 0.
num_space_committed: 637.
num_space_uncommitted: 0.
num_chunks_returned_to_freelist: 8.
num_chunks_taken_from_freelist: 1727.
num_chunk_merges: 8.
num_chunk_splits: 1202.
num_chunks_enlarged: 897.
num_purges: 0.
num_inconsistent_stats: 0.

CodeCache: size=49152Kb used=10225Kb max_used=10225Kb free=38927Kb
 bounds [0x000001e43cc50000, 0x000001e43d650000, 0x000001e43fc50000]
 total_blobs=4902 nmethods=4345 adapters=481
 compilation: enabled
              stopped_count=0, restarted_count=0
 full_count=0

Compilation events (20 events):
Event: 4.341 Thread 0x000001e44ca86f40 4336       1       java.util.concurrent.ConcurrentHashMap::resizeStamp (9 bytes)
Event: 4.341 Thread 0x000001e44ca86f40 nmethod 4336 0x000001e43d649910 code [0x000001e43d649aa0, 0x000001e43d649b68]
Event: 4.351 Thread 0x000001e44ca86f40 4337       1       java.util.concurrent.locks.ReentrantLock$NonfairSync::tryAcquire (27 bytes)
Event: 4.352 Thread 0x000001e44ca86f40 nmethod 4337 0x000001e43d649c10 code [0x000001e43d649da0, 0x000001e43d649f38]
Event: 4.391 Thread 0x000001e44c886f70 4338       1       java.util.concurrent.locks.AbstractQueuedSynchronizer::acquireInterruptibly (36 bytes)
Event: 4.391 Thread 0x000001e44c886f70 nmethod 4338 0x000001e43d649f90 code [0x000001e43d64a160, 0x000001e43d64a3d8]
Event: 4.425 Thread 0x000001e44ca86220 4339       1       io.github.classgraph.ModuleRef::getReference (5 bytes)
Event: 4.425 Thread 0x000001e44ca86220 nmethod 4339 0x000001e43d64a510 code [0x000001e43d64a6a0, 0x000001e43d64a778]
Event: 4.456 Thread 0x000001e44ca86f40 4340       1       java.util.concurrent.ConcurrentHashMap::helpTransfer (123 bytes)
Event: 4.457 Thread 0x000001e44ca86f40 nmethod 4340 0x000001e43d64a810 code [0x000001e43d64a9c0, 0x000001e43d64ac78]
Event: 4.496 Thread 0x000001e44ca86220 4341   !   1       jdk.internal.module.ModuleReferenceImpl::open (19 bytes)
Event: 4.496 Thread 0x000001e44ca86f40 4342       1       jdk.internal.module.SystemModuleFinders$2::get (16 bytes)
Event: 4.496 Thread 0x000001e44d8d2760 4345       1       jdk.internal.module.SystemModuleFinders$SystemModuleReader::<init> (14 bytes)
Event: 4.496 Thread 0x000001e44c886f70 4344   !   1       jdk.internal.module.SystemModuleFinders$SystemModuleReader::checkPermissionToConnect (38 bytes)
Event: 4.496 Thread 0x000001e44ca86220 nmethod 4341 0x000001e43d64ae10 code [0x000001e43d64afc0, 0x000001e43d64b158]
Event: 4.496 Thread 0x000001e44ca86f40 nmethod 4342 0x000001e43d64b290 code [0x000001e43d64b420, 0x000001e43d64b5c8]
Event: 4.496 Thread 0x000001e44d8d2760 nmethod 4345 0x000001e43d64b690 code [0x000001e43d64b820, 0x000001e43d64b968]
Event: 4.496 Thread 0x000001e44ca86f40 4343       1       jdk.internal.module.SystemModuleFinders$2::get (5 bytes)
Event: 4.496 Thread 0x000001e44c886f70 nmethod 4344 0x000001e43d64ba10 code [0x000001e43d64bbe0, 0x000001e43d64be08]
Event: 4.496 Thread 0x000001e44ca86f40 nmethod 4343 0x000001e43d64c010 code [0x000001e43d64c1a0, 0x000001e43d64c348]

GC Heap History (20 events):
Event: 3.686 GC heap after
{Heap after GC invocations=12 (full 0):
 garbage-first heap   total 75776K, used 27949K [0x0000000701e00000, 0x0000000800000000)
  region size 2048K, 1 young (2048K), 1 survivors (2048K)
 Metaspace       used 36938K, committed 37376K, reserved 1089536K
  class space    used 4817K, committed 4992K, reserved 1048576K
}
Event: 3.760 GC heap before
{Heap before GC invocations=12 (full 0):
 garbage-first heap   total 75776K, used 50477K [0x0000000701e00000, 0x0000000800000000)
  region size 2048K, 13 young (26624K), 1 survivors (2048K)
 Metaspace       used 37620K, committed 38016K, reserved 1089536K
  class space    used 4897K, committed 5056K, reserved 1048576K
}
Event: 3.763 GC heap after
{Heap after GC invocations=13 (full 0):
 garbage-first heap   total 75776K, used 31541K [0x0000000701e00000, 0x0000000800000000)
  region size 2048K, 2 young (4096K), 2 survivors (4096K)
 Metaspace       used 37620K, committed 38016K, reserved 1089536K
  class space    used 4897K, committed 5056K, reserved 1048576K
}
Event: 3.827 GC heap before
{Heap before GC invocations=13 (full 0):
 garbage-first heap   total 75776K, used 52021K [0x0000000701e00000, 0x0000000800000000)
  region size 2048K, 13 young (26624K), 2 survivors (4096K)
 Metaspace       used 38272K, committed 38656K, reserved 1089536K
  class space    used 4934K, committed 5120K, reserved 1048576K
}
Event: 3.830 GC heap after
{Heap after GC invocations=14 (full 0):
 garbage-first heap   total 174080K, used 35733K [0x0000000701e00000, 0x0000000800000000)
  region size 2048K, 2 young (4096K), 2 survivors (4096K)
 Metaspace       used 38272K, committed 38656K, reserved 1089536K
  class space    used 4934K, committed 5120K, reserved 1048576K
}
Event: 4.103 GC heap before
{Heap before GC invocations=14 (full 0):
 garbage-first heap   total 174080K, used 113557K [0x0000000701e00000, 0x0000000800000000)
  region size 2048K, 41 young (83968K), 2 survivors (4096K)
 Metaspace       used 39825K, committed 40256K, reserved 1089536K
  class space    used 5104K, committed 5312K, reserved 1048576K
}
Event: 4.112 GC heap after
{Heap after GC invocations=15 (full 0):
 garbage-first heap   total 174080K, used 51140K [0x0000000701e00000, 0x0000000800000000)
  region size 2048K, 6 young (12288K), 6 survivors (12288K)
 Metaspace       used 39825K, committed 40256K, reserved 1089536K
  class space    used 5104K, committed 5312K, reserved 1048576K
}
Event: 4.220 GC heap before
{Heap before GC invocations=15 (full 0):
 garbage-first heap   total 174080K, used 110532K [0x0000000701e00000, 0x0000000800000000)
  region size 2048K, 36 young (73728K), 6 survivors (12288K)
 Metaspace       used 40185K, committed 40704K, reserved 1089536K
  class space    used 5140K, committed 5376K, reserved 1048576K
}
Event: 4.241 GC heap after
{Heap after GC invocations=16 (full 0):
 garbage-first heap   total 174080K, used 66271K [0x0000000701e00000, 0x0000000800000000)
  region size 2048K, 5 young (10240K), 5 survivors (10240K)
 Metaspace       used 40185K, committed 40704K, reserved 1089536K
  class space    used 5140K, committed 5376K, reserved 1048576K
}
Event: 4.253 GC heap before
{Heap before GC invocations=16 (full 0):
 garbage-first heap   total 174080K, used 117471K [0x0000000701e00000, 0x0000000800000000)
  region size 2048K, 31 young (63488K), 5 survivors (10240K)
 Metaspace       used 40196K, committed 40704K, reserved 1089536K
  class space    used 5140K, committed 5376K, reserved 1048576K
}
Event: 4.258 GC heap after
{Heap after GC invocations=17 (full 0):
 garbage-first heap   total 174080K, used 71287K [0x0000000701e00000, 0x0000000800000000)
  region size 2048K, 2 young (4096K), 2 survivors (4096K)
 Metaspace       used 40196K, committed 40704K, reserved 1089536K
  class space    used 5140K, committed 5376K, reserved 1048576K
}
Event: 4.269 GC heap before
{Heap before GC invocations=17 (full 0):
 garbage-first heap   total 174080K, used 124535K [0x0000000701e00000, 0x0000000800000000)
  region size 2048K, 29 young (59392K), 2 survivors (4096K)
 Metaspace       used 40211K, committed 40704K, reserved 1089536K
  class space    used 5146K, committed 5376K, reserved 1048576K
}
Event: 4.272 GC heap after
{Heap after GC invocations=18 (full 0):
 garbage-first heap   total 360448K, used 72585K [0x0000000701e00000, 0x0000000800000000)
  region size 2048K, 3 young (6144K), 3 survivors (6144K)
 Metaspace       used 40211K, committed 40704K, reserved 1089536K
  class space    used 5146K, committed 5376K, reserved 1048576K
}
Event: 4.324 GC heap before
{Heap before GC invocations=18 (full 0):
 garbage-first heap   total 360448K, used 238473K [0x0000000701e00000, 0x0000000800000000)
  region size 2048K, 85 young (174080K), 3 survivors (6144K)
 Metaspace       used 40293K, committed 40768K, reserved 1089536K
  class space    used 5153K, committed 5376K, reserved 1048576K
}
Event: 4.329 GC heap after
{Heap after GC invocations=19 (full 0):
 garbage-first heap   total 360448K, used 78590K [0x0000000701e00000, 0x0000000800000000)
  region size 2048K, 6 young (12288K), 6 survivors (12288K)
 Metaspace       used 40293K, committed 40768K, reserved 1089536K
  class space    used 5153K, committed 5376K, reserved 1048576K
}
Event: 4.368 GC heap before
{Heap before GC invocations=19 (full 0):
 garbage-first heap   total 360448K, used 271102K [0x0000000701e00000, 0x0000000800000000)
  region size 2048K, 102 young (208896K), 6 survivors (12288K)
 Metaspace       used 40293K, committed 40768K, reserved 1089536K
  class space    used 5153K, committed 5376K, reserved 1048576K
}
Event: 4.374 GC heap after
{Heap after GC invocations=20 (full 0):
 garbage-first heap   total 360448K, used 86463K [0x0000000701e00000, 0x0000000800000000)
  region size 2048K, 10 young (20480K), 10 survivors (20480K)
 Metaspace       used 40293K, committed 40768K, reserved 1089536K
  class space    used 5153K, committed 5376K, reserved 1048576K
}
Event: 4.430 GC heap before
{Heap before GC invocations=20 (full 0):
 garbage-first heap   total 360448K, used 276927K [0x0000000701e00000, 0x0000000800000000)
  region size 2048K, 104 young (212992K), 10 survivors (20480K)
 Metaspace       used 40293K, committed 40768K, reserved 1089536K
  class space    used 5153K, committed 5376K, reserved 1048576K
}
Event: 4.440 GC heap after
{Heap after GC invocations=21 (full 0):
 garbage-first heap   total 360448K, used 95560K [0x0000000701e00000, 0x0000000800000000)
  region size 2048K, 9 young (18432K), 9 survivors (18432K)
 Metaspace       used 40293K, committed 40768K, reserved 1089536K
  class space    used 5153K, committed 5376K, reserved 1048576K
}
Event: 4.500 GC heap before
{Heap before GC invocations=21 (full 0):
 garbage-first heap   total 360448K, used 281928K [0x0000000701e00000, 0x0000000800000000)
  region size 2048K, 101 young (206848K), 9 survivors (18432K)
 Metaspace       used 40293K, committed 40768K, reserved 1089536K
  class space    used 5153K, committed 5376K, reserved 1048576K
}

Dll operation events (8 events):
Event: 0.008 Loaded shared library c:\Users\OMEN\.vscode\extensions\redhat.java-1.14.0-win32-x64\jre\17.0.5-win32-x86_64\bin\java.dll
Event: 0.240 Loaded shared library C:\Users\OMEN\.vscode\extensions\redhat.java-1.14.0-win32-x64\jre\17.0.5-win32-x86_64\bin\net.dll
Event: 0.243 Loaded shared library C:\Users\OMEN\.vscode\extensions\redhat.java-1.14.0-win32-x64\jre\17.0.5-win32-x86_64\bin\nio.dll
Event: 0.252 Loaded shared library C:\Users\OMEN\.vscode\extensions\redhat.java-1.14.0-win32-x64\jre\17.0.5-win32-x86_64\bin\zip.dll
Event: 0.411 Loaded shared library C:\Users\OMEN\.vscode\extensions\redhat.java-1.14.0-win32-x64\jre\17.0.5-win32-x86_64\bin\jimage.dll
Event: 0.550 Loaded shared library c:\Users\OMEN\.vscode\extensions\redhat.java-1.14.0-win32-x64\jre\17.0.5-win32-x86_64\bin\verify.dll
Event: 3.136 Loaded shared library C:\Users\OMEN\.vscode\extensions\redhat.java-1.14.0-win32-x64\jre\17.0.5-win32-x86_64\bin\management.dll
Event: 3.139 Loaded shared library C:\Users\OMEN\.vscode\extensions\redhat.java-1.14.0-win32-x64\jre\17.0.5-win32-x86_64\bin\management_ext.dll

Deoptimization events (12 events):
Event: 1.812 Thread 0x000001e439fc31e0 DEOPT PACKING pc=0x000001e43d1f1979 sp=0x000000b2374fd400
Event: 1.812 Thread 0x000001e439fc31e0 DEOPT UNPACKING pc=0x000001e43cca2b43 sp=0x000000b2374fc8e0 mode 3
Event: 3.394 Thread 0x000001e44dd9dc10 DEOPT PACKING pc=0x000001e43d409eed sp=0x000000b2395fd3b0
Event: 3.394 Thread 0x000001e44dd9dc10 DEOPT UNPACKING pc=0x000001e43cca2b43 sp=0x000000b2395fc8c8 mode 3
Event: 3.514 Thread 0x000001e44e224a40 DEOPT PACKING pc=0x000001e43d424a93 sp=0x000000b2398fe350
Event: 3.514 Thread 0x000001e44e224a40 DEOPT UNPACKING pc=0x000001e43cca2b43 sp=0x000000b2398fd898 mode 3
Event: 3.532 Thread 0x000001e44e1b5020 DEOPT PACKING pc=0x000001e43d1faf09 sp=0x000000b2394fdc60
Event: 3.532 Thread 0x000001e44e1b5020 DEOPT UNPACKING pc=0x000001e43cca2b43 sp=0x000000b2394fd0f0 mode 3
Event: 3.865 Thread 0x000001e44e2258b0 DEOPT PACKING pc=0x000001e43d1eeb1f sp=0x000000b23a0feb50
Event: 3.865 Thread 0x000001e44e2258b0 DEOPT UNPACKING pc=0x000001e43cca2b43 sp=0x000000b23a0fdfa8 mode 3
Event: 4.288 Thread 0x000001e44dd9dc10 DEOPT PACKING pc=0x000001e43cedaf2c sp=0x000000b2395fcbc0
Event: 4.288 Thread 0x000001e44dd9dc10 DEOPT UNPACKING pc=0x000001e43cca2b43 sp=0x000000b2395fc150 mode 0

Classes unloaded (0 events):
No events

Classes redefined (0 events):
No events

Internal exceptions (20 events):
Event: 3.552 Thread 0x000001e44e2253e0 Exception <a 'sun/nio/fs/WindowsException'{0x0000000705ea6f98}> (0x0000000705ea6f98) 
thrown [s\src\hotspot\share\prims\jni.cpp, line 516]
Event: 3.553 Thread 0x000001e44e2253e0 Exception <a 'sun/nio/fs/WindowsException'{0x0000000705ea79a8}> (0x0000000705ea79a8) 
thrown [s\src\hotspot\share\prims\jni.cpp, line 516]
Event: 3.553 Thread 0x000001e44e2253e0 Exception <a 'sun/nio/fs/WindowsException'{0x0000000705ea7d80}> (0x0000000705ea7d80) 
thrown [s\src\hotspot\share\prims\jni.cpp, line 516]
Event: 3.553 Thread 0x000001e44e2253e0 Exception <a 'sun/nio/fs/WindowsException'{0x0000000705ea8768}> (0x0000000705ea8768) 
thrown [s\src\hotspot\share\prims\jni.cpp, line 516]
Event: 3.553 Thread 0x000001e44e2253e0 Exception <a 'sun/nio/fs/WindowsException'{0x0000000705ea8b08}> (0x0000000705ea8b08) 
thrown [s\src\hotspot\share\prims\jni.cpp, line 516]
Event: 3.553 Thread 0x000001e44e2253e0 Exception <a 'sun/nio/fs/WindowsException'{0x0000000705ea9500}> (0x0000000705ea9500) 
thrown [s\src\hotspot\share\prims\jni.cpp, line 516]
Event: 3.553 Thread 0x000001e44e2253e0 Exception <a 'sun/nio/fs/WindowsException'{0x0000000705ea98b8}> (0x0000000705ea98b8) 
thrown [s\src\hotspot\share\prims\jni.cpp, line 516]
Event: 3.553 Thread 0x000001e44e2253e0 Exception <a 'sun/nio/fs/WindowsException'{0x0000000705eaa2a0}> (0x0000000705eaa2a0) 
thrown [s\src\hotspot\share\prims\jni.cpp, line 516]
Event: 3.553 Thread 0x000001e44e2253e0 Exception <a 'sun/nio/fs/WindowsException'{0x0000000705eaa648}> (0x0000000705eaa648) 
thrown [s\src\hotspot\share\prims\jni.cpp, line 516]
Event: 3.553 Thread 0x000001e44e2253e0 Exception <a 'sun/nio/fs/WindowsException'{0x0000000705eab040}> (0x0000000705eab040) 
thrown [s\src\hotspot\share\prims\jni.cpp, line 516]
Event: 3.553 Thread 0x000001e44e2253e0 Exception <a 'sun/nio/fs/WindowsException'{0x0000000705eab3f8}> (0x0000000705eab3f8) 
thrown [s\src\hotspot\share\prims\jni.cpp, line 516]
Event: 3.553 Thread 0x000001e44e2253e0 Exception <a 'sun/nio/fs/WindowsException'{0x0000000705eabe08}> (0x0000000705eabe08) 
thrown [s\src\hotspot\share\prims\jni.cpp, line 516]
Event: 3.554 Thread 0x000001e44e2253e0 Exception <a 'sun/nio/fs/WindowsException'{0x0000000705eac1e0}> (0x0000000705eac1e0) 
thrown [s\src\hotspot\share\prims\jni.cpp, line 516]
Event: 3.554 Thread 0x000001e44e2253e0 Exception <a 'sun/nio/fs/WindowsException'{0x0000000705eacc08}> (0x0000000705eacc08) 
thrown [s\src\hotspot\share\prims\jni.cpp, line 516]
Event: 3.554 Thread 0x000001e44e2253e0 Exception <a 'sun/nio/fs/WindowsException'{0x0000000705eacff8}> (0x0000000705eacff8) 
thrown [s\src\hotspot\share\prims\jni.cpp, line 516]
Event: 3.554 Thread 0x000001e44e2253e0 Exception <a 'sun/nio/fs/WindowsException'{0x0000000705eada18}> (0x0000000705eada18) 
thrown [s\src\hotspot\share\prims\jni.cpp, line 516]
Event: 3.554 Thread 0x000001e44e2253e0 Exception <a 'sun/nio/fs/WindowsException'{0x0000000705eade00}> (0x0000000705eade00) 
thrown [s\src\hotspot\share\prims\jni.cpp, line 516]
Event: 3.981 Thread 0x000001e44dd9dc10 Exception <a 'java/lang/NoSuchMethodError'{0x0000000708b7f2e8}: 'java.lang.Object java.lang.invoke.Invokers$Holder.invoke_MT(java.lang.Object, java.lang.Object, java.lang.Object)'> (0x0000000708b7f2e8) 
thrown [s\src\hotspot\share\interpreter\linkResolver.cpp, line 759]
Event: 4.061 Thread 0x000001e44dd9dc10 Exception <a 'java/lang/NoSuchMethodError'{0x00000007080e2f80}: 'java.lang.Object java.lang.invoke.DirectMethodHandle$Holder.newInvokeSpecial(java.lang.Object, java.lang.Object, int)'> (0x00000007080e2f80) 
thrown [s\src\hotspot\share\interpreter\linkResolver.cpp, line 759]
Event: 4.073 Thread 0x000001e44e1b1ed0 Exception <a 'sun/nio/fs/WindowsException'{0x0000000707e30ed8}> (0x0000000707e30ed8) 
thrown [s\src\hotspot\share\prims\jni.cpp, line 516]

VM Operations (20 events):
Event: 4.259 Executing VM operation: HandshakeAllThreads done
Event: 4.268 Executing VM operation: G1CollectForAllocation
Event: 4.268 Executing VM operation: G1CollectForAllocation done
Event: 4.269 Executing VM operation: G1CollectForAllocation
Event: 4.272 Executing VM operation: G1CollectForAllocation done
Event: 4.324 Executing VM operation: G1CollectForAllocation
Event: 4.324 Executing VM operation: G1CollectForAllocation done
Event: 4.324 Executing VM operation: G1CollectForAllocation
Event: 4.329 Executing VM operation: G1CollectForAllocation done
Event: 4.367 Executing VM operation: G1CollectForAllocation
Event: 4.367 Executing VM operation: G1CollectForAllocation done
Event: 4.368 Executing VM operation: G1CollectForAllocation
Event: 4.374 Executing VM operation: G1CollectForAllocation done
Event: 4.426 Executing VM operation: G1CollectForAllocation
Event: 4.430 Executing VM operation: G1CollectForAllocation done
Event: 4.430 Executing VM operation: G1CollectForAllocation
Event: 4.440 Executing VM operation: G1CollectForAllocation done
Event: 4.500 Executing VM operation: G1CollectForAllocation
Event: 4.500 Executing VM operation: G1CollectForAllocation done
Event: 4.500 Executing VM operation: G1CollectForAllocation

Events (20 events):
Event: 4.010 loading class java/nio/file/Files$3
Event: 4.010 loading class java/nio/file/Files$3 done
Event: 4.010 loading class java/nio/file/FileVisitResult
Event: 4.010 loading class java/nio/file/FileVisitResult done
Event: 4.034 loading class java/nio/channels/Channels$ReadableByteChannelImpl
Event: 4.034 loading class java/nio/channels/Channels$ReadableByteChannelImpl done
Event: 4.034 loading class java/nio/channels/NonWritableChannelException
Event: 4.034 loading class java/nio/channels/NonWritableChannelException done
Event: 4.059 loading class java/util/WeakHashMap$EntrySet
Event: 4.059 loading class java/util/WeakHashMap$EntrySet done
Event: 4.059 loading class java/util/WeakHashMap$EntryIterator
Event: 4.059 loading class java/util/WeakHashMap$HashIterator
Event: 4.059 loading class java/util/WeakHashMap$HashIterator done
Event: 4.059 loading class java/util/WeakHashMap$EntryIterator done
Event: 4.062 Thread 0x000001e44e1b1ed0 Thread added: 0x000001e44e1b1ed0
Event: 4.063 Thread 0x000001e44e1b23a0 Thread added: 0x000001e44e1b23a0
Event: 4.069 loading class sun/security/provider/MD5
Event: 4.069 loading class sun/security/provider/MD5 done
Event: 4.069 loading class sun/security/provider/ByteArrayAccess$LE
Event: 4.069 loading class sun/security/provider/ByteArrayAccess$LE done


Dynamic libraries:
0x00007ff633710000 - 0x00007ff63371e000 	c:\Users\OMEN\.vscode\extensions\redhat.java-1.14.0-win32-x64\jre\17.0.5-win32-x86_64\bin\java.exe
0x00007ff948350000 - 0x00007ff948548000 	C:\Windows\SYSTEM32\ntdll.dll
0x00007ff946960000 - 0x00007ff946a1f000 	C:\Windows\System32\KERNEL32.DLL
0x00007ff945fe0000 - 0x00007ff9462b2000 	C:\Windows\System32\KERNELBASE.dll
0x00007ff945e90000 - 0x00007ff945f90000 	C:\Windows\System32\ucrtbase.dll
0x00007ff930390000 - 0x00007ff9303a9000 	c:\Users\OMEN\.vscode\extensions\redhat.java-1.14.0-win32-x64\jre\17.0.5-win32-x86_64\bin\VCRUNTIME140.dll
0x00007ff930620000 - 0x00007ff930637000 	c:\Users\OMEN\.vscode\extensions\redhat.java-1.14.0-win32-x64\jre\17.0.5-win32-x86_64\bin\jli.dll
0x00007ff9464d0000 - 0x00007ff946671000 	C:\Windows\System32\USER32.dll
0x00007ff9462c0000 - 0x00007ff9462e2000 	C:\Windows\System32\win32u.dll
0x00007ff9470a0000 - 0x00007ff9470cb000 	C:\Windows\System32\GDI32.dll
0x00007ff9272b0000 - 0x00007ff92754a000 	C:\Windows\WinSxS\amd64_microsoft.windows.common-controls_6595b64144ccf1df_6.0.19041.1110_none_60b5254171f9507e\COMCTL32.dll
0x00007ff945ad0000 - 0x00007ff945bdf000 	C:\Windows\System32\gdi32full.dll
0x00007ff947540000 - 0x00007ff9475de000 	C:\Windows\System32\msvcrt.dll
0x00007ff9462f0000 - 0x00007ff94638d000 	C:\Windows\System32\msvcp_win.dll
0x00007ff946490000 - 0x00007ff9464c2000 	C:\Windows\System32\IMM32.DLL
0x00007ff9403c0000 - 0x00007ff9403cc000 	c:\Users\OMEN\.vscode\extensions\redhat.java-1.14.0-win32-x64\jre\17.0.5-win32-x86_64\bin\vcruntime140_1.dll
0x00007ff8d6140000 - 0x00007ff8d61d1000 	c:\Users\OMEN\.vscode\extensions\redhat.java-1.14.0-win32-x64\jre\17.0.5-win32-x86_64\bin\msvcp140.dll
0x00007ff8c6430000 - 0x00007ff8c7074000 	c:\Users\OMEN\.vscode\extensions\redhat.java-1.14.0-win32-x64\jre\17.0.5-win32-x86_64\bin\server\jvm.dll
0x00007ff946a20000 - 0x00007ff946ace000 	C:\Windows\System32\ADVAPI32.dll
0x00007ff9480e0000 - 0x00007ff94817c000 	C:\Windows\System32\sechost.dll
0x00007ff946830000 - 0x00007ff946955000 	C:\Windows\System32\RPCRT4.dll
0x00007ff928380000 - 0x00007ff9283a7000 	C:\Windows\SYSTEM32\WINMM.dll
0x00007ff92c3b0000 - 0x00007ff92c3b9000 	C:\Windows\SYSTEM32\WSOCK32.dll
0x00007ff93edb0000 - 0x00007ff93edba000 	C:\Windows\SYSTEM32\VERSION.dll
0x00007ff9467c0000 - 0x00007ff94682b000 	C:\Windows\System32\WS2_32.dll
0x00007ff944250000 - 0x00007ff944262000 	C:\Windows\SYSTEM32\kernel.appcore.dll
0x00007ff93ff30000 - 0x00007ff93ff3a000 	c:\Users\OMEN\.vscode\extensions\redhat.java-1.14.0-win32-x64\jre\17.0.5-win32-x86_64\bin\jimage.dll
0x00007ff9437a0000 - 0x00007ff943984000 	C:\Windows\SYSTEM32\DBGHELP.DLL
0x00007ff930f70000 - 0x00007ff930fa5000 	C:\Windows\SYSTEM32\dbgcore.DLL
0x00007ff945a40000 - 0x00007ff945ac2000 	C:\Windows\System32\bcryptPrimitives.dll
0x00007ff927b40000 - 0x00007ff927b65000 	c:\Users\OMEN\.vscode\extensions\redhat.java-1.14.0-win32-x64\jre\17.0.5-win32-x86_64\bin\java.dll
0x00007ff9264c0000 - 0x00007ff9264d8000 	c:\Users\OMEN\.vscode\extensions\redhat.java-1.14.0-win32-x64\jre\17.0.5-win32-x86_64\bin\zip.dll
0x00007ff947870000 - 0x00007ff947fb4000 	C:\Windows\System32\SHELL32.dll
0x00007ff943aa0000 - 0x00007ff944232000 	C:\Windows\SYSTEM32\windows.storage.dll
0x00007ff946c70000 - 0x00007ff946fc5000 	C:\Windows\System32\combase.dll
0x00007ff945350000 - 0x00007ff945380000 	C:\Windows\SYSTEM32\Wldp.dll
0x00007ff946bc0000 - 0x00007ff946c6d000 	C:\Windows\System32\SHCORE.dll
0x00007ff946760000 - 0x00007ff9467b5000 	C:\Windows\System32\shlwapi.dll
0x00007ff945980000 - 0x00007ff94599f000 	C:\Windows\SYSTEM32\profapi.dll
0x00007ff924750000 - 0x00007ff924769000 	C:\Users\OMEN\.vscode\extensions\redhat.java-1.14.0-win32-x64\jre\17.0.5-win32-x86_64\bin\net.dll
0x00007ff939320000 - 0x00007ff93942c000 	C:\Windows\SYSTEM32\WINHTTP.dll
0x00007ff945130000 - 0x00007ff94519a000 	C:\Windows\system32\mswsock.dll
0x00007ff9246c0000 - 0x00007ff9246d5000 	C:\Users\OMEN\.vscode\extensions\redhat.java-1.14.0-win32-x64\jre\17.0.5-win32-x86_64\bin\nio.dll
0x00007ff930fb0000 - 0x00007ff930fc0000 	c:\Users\OMEN\.vscode\extensions\redhat.java-1.14.0-win32-x64\jre\17.0.5-win32-x86_64\bin\verify.dll
0x00007ff945400000 - 0x00007ff945418000 	C:\Windows\SYSTEM32\CRYPTSP.dll
0x00007ff944a00000 - 0x00007ff944a34000 	C:\Windows\system32\rsaenh.dll
0x00007ff945be0000 - 0x00007ff945c07000 	C:\Windows\System32\bcrypt.dll
0x00007ff945940000 - 0x00007ff94596e000 	C:\Windows\SYSTEM32\USERENV.dll
0x00007ff9452c0000 - 0x00007ff9452cc000 	C:\Windows\SYSTEM32\CRYPTBASE.dll
0x00007ff944dd0000 - 0x00007ff944e0b000 	C:\Windows\SYSTEM32\IPHLPAPI.DLL
0x00007ff946480000 - 0x00007ff946488000 	C:\Windows\System32\NSI.dll
0x00007ff93aa30000 - 0x00007ff93aa47000 	C:\Windows\SYSTEM32\dhcpcsvc6.DLL
0x00007ff93b7e0000 - 0x00007ff93b7fd000 	C:\Windows\SYSTEM32\dhcpcsvc.DLL
0x00007ff944e10000 - 0x00007ff944eda000 	C:\Windows\SYSTEM32\DNSAPI.dll
0x00007ff942d70000 - 0x00007ff942d79000 	C:\Users\OMEN\.vscode\extensions\redhat.java-1.14.0-win32-x64\jre\17.0.5-win32-x86_64\bin\management.dll
0x00007ff9305a0000 - 0x00007ff9305ab000 	C:\Users\OMEN\.vscode\extensions\redhat.java-1.14.0-win32-x64\jre\17.0.5-win32-x86_64\bin\management_ext.dll
0x00007ff947090000 - 0x00007ff947098000 	C:\Windows\System32\PSAPI.DLL

dbghelp: loaded successfully - version: 4.0.5 - missing functions: none
symbol engine: initialized successfully - sym options: 0x614 - pdb path: .;c:\Users\OMEN\.vscode\extensions\redhat.java-1.14.0-win32-x64\jre\17.0.5-win32-x86_64\bin;C:\Windows\SYSTEM32;C:\Windows\WinSxS\amd64_microsoft.windows.common-controls_6595b64144ccf1df_6.0.19041.1110_none_60b5254171f9507e;c:\Users\OMEN\.vscode\extensions\redhat.java-1.14.0-win32-x64\jre\17.0.5-win32-x86_64\bin\server

VM Arguments:
jvm_args: -Dsts.lsp.client=vscode -Dsts.log.file=/dev/null -XX:TieredStopAtLevel=1 -Xlog:jni+resolve=off -Dspring.config.location=file:c:\Users\OMEN\.vscode\extensions\pivotal.vscode-spring-boot-1.43.0\language-server\BOOT-INF\classes\application.properties 
java_command: org.springframework.ide.vscode.boot.app.BootLanguageServerBootApp
java_class_path (initial): c:\Users\OMEN\.vscode\extensions\pivotal.vscode-spring-boot-1.43.0\language-server\BOOT-INF\classes;c:\Users\OMEN\.vscode\extensions\pivotal.vscode-spring-boot-1.43.0\language-server\BOOT-INF\lib\annotations-23.1.0.jar;c:\Users\OMEN\.vscode\extensions\pivotal.vscode-spring-boot-1.43.0\language-server\BOOT-INF\lib\ant-1.10.12.jar;c:\Users\OMEN\.vscode\extensions\pivotal.vscode-spring-boot-1.43.0\language-server\BOOT-INF\lib\ant-launcher-1.10.12.jar;c:\Users\OMEN\.vscode\extensions\pivotal.vscode-spring-boot-1.43.0\language-server\BOOT-INF\lib\antlr-runtime-3.5.2.jar;c:\Users\OMEN\.vscode\extensions\pivotal.vscode-spring-boot-1.43.0\language-server\BOOT-INF\lib\antlr4-4.9.3.jar;c:\Users\OMEN\.vscode\extensions\pivotal.vscode-spring-boot-1.43.0\language-server\BOOT-INF\lib\antlr4-runtime-4.9.3.jar;c:\Users\OMEN\.vscode\extensions\pivotal.vscode-spring-boot-1.43.0\language-server\BOOT-INF\lib\apiguardian-api-1.1.2.jar;c:\Users\OMEN\.vscode\extensions\pivotal.vscode-spring-boot-1.43.0\language-server\BOOT-INF\lib\asm-9.4.jar;c:\Users\OMEN\.vscode\extensions\pivotal.vscode-spring-boot-1.43.0\language-server\BOOT-INF\lib\asm-analysis-9.4.jar;c:\Users\OMEN\.vscode\extensions\pivotal.vscode-spring-boot-1.43.0\language-server\BOOT-INF\lib\asm-tree-9.4.jar;c:\Users\OMEN\.vscode\extensions\pivotal.vscode-spring-boot-1.43.0\language-server\BOOT-INF\lib\asm-util-9.4.jar;c:\Users\OMEN\.vscode\extensions\pivotal.vscode-spring-boot-1.43.0\language-server\BOOT-INF\lib\caffeine-3.1.2.jar;c:\Users\OMEN\.vscode\extensions\pivotal.vscode-spring-boot-1.43.0\language-server\BOOT-INF\lib\checker-qual-3.12.0.jar;c:\Users\OMEN\.vscode\extensions\pivotal.vscode-spring-boot-1.43.0\language-server\BOOT-INF\lib\ci-environment-9.1.0.jar;c:\Users\OMEN\.vscode\extensions\pivotal.vscode-spring-boot-1.43.0\language-server\BOOT-INF\lib\classgraph-4.8.149.jar;c:\Users\OMEN\.vscode\extensions\pivotal.vscode-spring-boot-1.43.0\language-server\BOOT-INF\lib\commons-codec-1.15.ja
Launcher Type: SUN_STANDARD

[Global flags]
     intx CICompilerCount                          = 4                                         {product} {ergonomic}
     uint ConcGCThreads                            = 2                                         {product} {ergonomic}
     uint G1ConcRefinementThreads                  = 8                                         {product} {ergonomic}
   size_t G1HeapRegionSize                         = 2097152                                   {product} {ergonomic}
    uintx GCDrainStackTargetSize                   = 64                                        {product} {ergonomic}
   size_t InitialHeapSize                          = 268435456                                 {product} {ergonomic}
   size_t MarkStackSize                            = 4194304                                   {product} {ergonomic}
   size_t MaxHeapSize                              = 4263510016                                {product} {ergonomic}
   size_t MaxNewSize                               = 2556428288                                {product} {ergonomic}
   size_t MinHeapDeltaBytes                        = 2097152                                   {product} {ergonomic}
   size_t MinHeapSize                              = 8388608                                   {product} {ergonomic}
    uintx NonProfiledCodeHeapSize                  = 0                                      {pd product} {ergonomic}
     bool ProfileInterpreter                       = false                                  {pd product} {command line}
    uintx ProfiledCodeHeapSize                     = 0                                      {pd product} {ergonomic}
   size_t SoftMaxHeapSize                          = 4263510016                             {manageable} {ergonomic}
     intx TieredStopAtLevel                        = 1                                         {product} {command line}
     bool UseCompressedClassPointers               = true                           {product lp64_product} {ergonomic}
     bool UseCompressedOops                        = true                           {product lp64_product} {ergonomic}
     bool UseG1GC                                  = true                                      {product} {ergonomic}
     bool UseLargePagesIndividualAllocation        = false                                  {pd product} {ergonomic}

Logging:
Log output configuration:
 #0: stdout all=warning,jni+resolve=off uptime,level,tags
 #1: stderr all=off uptime,level,tags

Environment Variables:
PATH=C:\Program Files\Eclipse Adoptium\jdk-17.0.6.10-hotspot\bin;C:\Windows\system32;C:\Windows;C:\Windows\System32\Wbem;C:\Windows\System32\WindowsPowerShell\v1.0\;C:\Windows\System32\OpenSSH\;C:\Program Files (x86)\NVIDIA Corporation\PhysX\Common;C:\Program Files\NVIDIA Corporation\NVIDIA NvDLISR;C:\Program Files\Git\cmd;C:\ProgramData\ComposerSetup\bin;C:\Program Files\Docker\Docker\resources\bin;C:\Users\OMEN\AppData\Local\Microsoft\WindowsApps;C:\Users\OMEN\AppData\Local\Programs\Microsoft VS Code\bin;C:\Users\OMEN\AppData\Local\GitHubDesktop\bin;C:\Program Files\php-8.2.1;C:\Users\OMEN\AppData\Roaming\Composer\vendor\bin
USERNAME=OMEN
OS=Windows_NT
PROCESSOR_IDENTIFIER=Intel64 Family 6 Model 158 Stepping 9, GenuineIntel
TMP=C:\Users\OMEN\AppData\Local\Temp
TEMP=C:\Users\OMEN\AppData\Local\Temp



---------------  S Y S T E M  ---------------

OS:
 Windows 10 , 64 bit Build 19041 (10.0.19041.2364)
OS uptime: 5 days 20:16 hours
Hyper-V role detected

CPU: total 8 (initial active 8) (4 cores per cpu, 2 threads per core) family 6 model 158 stepping 9 microcode 0xea, cx8, cmov, fxsr, ht, mmx, 3dnowpref, sse, sse2, sse3, ssse3, sse4.1, sse4.2, popcnt, lzcnt, tsc, tscinvbit, avx, avx2, aes, erms, clmul, bmi1, bmi2, adx, fma, vzeroupper, clflush, clflushopt, hv

Memory: 4k page, system-wide physical 16263M (638M free)
TotalPageFile size 46617M (AvailPageFile size 290M)
current process WorkingSet (physical memory assigned to process): 481M, peak: 481M
current process commit charge ("private bytes"): 510M, peak: 902M

vm_info: OpenJDK 64-Bit Server VM (17.0.5+8) for windows-amd64 JRE (17.0.5+8), built on Oct 19 2022 04:48:13 by "temurin" with MS VC++ 16.7 (VS2019)

END.
