#
# There is insufficient memory for the Java Runtime Environment to continue.
# Native memory allocation (mmap) failed to map 734003200 bytes for G1 virtual space
# Possible reasons:
#   The system is out of physical RAM or swap space
#   The process is running with CompressedOops enabled, and the Java Heap may be blocking the growth of the native heap
# Possible solutions:
#   Reduce memory load on the system
#   Increase physical memory or swap space
#   Check if swap backing store is full
#   Decrease Java heap size (-Xmx/-Xms)
#   Decrease number of Java threads
#   Decrease Java thread stack sizes (-Xss)
#   Set larger code cache with -XX:ReservedCodeCacheSize=
#   JVM is running with Zero Based Compressed Oops mode in which the Java heap is
#     placed in the first 32GB address space. The Java Heap base address is the
#     maximum limit for the native heap growth. Please use -XX:HeapBaseMinAddress
#     to set the Java Heap base and to place the Java Heap above 32GB virtual address.
# This output file may be truncated or incomplete.
#
#  Out of Memory Error (os_windows.cpp:3548), pid=32676, tid=5808
#
# JRE version: OpenJDK Runtime Environment Temurin-17.0.5+8 (17.0.5+8) (build 17.0.5+8)
# Java VM: OpenJDK 64-Bit Server VM Temurin-17.0.5+8 (17.0.5+8, mixed mode, emulated-client, tiered, compressed oops, compressed class ptrs, g1 gc, windows-amd64)
# No core dump will be written. Minidumps are not enabled by default on client versions of Windows
#

---------------  S U M M A R Y ------------

Command Line: -Dsts.lsp.client=vscode -Dsts.log.file=/dev/null -XX:TieredStopAtLevel=1 -Xlog:jni+resolve=off -Dspring.config.location=file:c:\Users\OMEN\.vscode\extensions\pivotal.vscode-spring-boot-1.43.0\language-server\BOOT-INF\classes\application.properties org.springframework.ide.vscode.boot.app.BootLanguageServerBootApp

Host: Intel(R) Core(TM) i7-7700HQ CPU @ 2.80GHz, 8 cores, 15G,  Windows 10 , 64 bit Build 19041 (10.0.19041.2364)
Time: Tue Jan 31 18:05:11 2023 Middle East Standard Time elapsed time: 4.624729 seconds (0d 0h 0m 4s)

---------------  T H R E A D  ---------------

Current thread (0x0000027227e0ca30):  VMThread "VM Thread" [stack: 0x000000be74000000,0x000000be74100000] [id=5808]

Stack: [0x000000be74000000,0x000000be74100000]
Native frames: (J=compiled Java code, j=interpreted, Vv=VM code, C=native code)
V  [jvm.dll+0x676b3a]
V  [jvm.dll+0x831444]
V  [jvm.dll+0x832bee]
V  [jvm.dll+0x833253]
V  [jvm.dll+0x244ce5]
V  [jvm.dll+0x673a49]
V  [jvm.dll+0x66811a]
V  [jvm.dll+0x303ceb]
V  [jvm.dll+0x30b1e6]
V  [jvm.dll+0x35adbe]
V  [jvm.dll+0x35afef]
V  [jvm.dll+0x2dab88]
V  [jvm.dll+0x2d8e3c]
V  [jvm.dll+0x2d840c]
V  [jvm.dll+0x31c31b]
V  [jvm.dll+0x8376fb]
V  [jvm.dll+0x838434]
V  [jvm.dll+0x83894c]
V  [jvm.dll+0x838d24]
V  [jvm.dll+0x838df0]
V  [jvm.dll+0x7e17ea]
V  [jvm.dll+0x6759e5]
C  [ucrtbase.dll+0x21bb2]
C  [KERNEL32.DLL+0x17614]
C  [ntdll.dll+0x526a1]

VM_Operation (0x000000be767fe010): G1CollectForAllocation, mode: safepoint, requested by thread 0x000002722a26f410


---------------  P R O C E S S  ---------------

Threads class SMR info:
_java_thread_list=0x000002722a3e3650, length=40, elements={
0x0000027228841030, 0x0000027228843040, 0x000002722886b810, 0x000002722886c390,
0x000002722886dd50, 0x000002722886e700, 0x0000027228872660, 0x000002722887b060,
0x0000027228a98630, 0x0000027228aa6e10, 0x0000027228ab24a0, 0x00000272293f45a0,
0x000002722987d020, 0x0000027229e79010, 0x0000027229fb78d0, 0x0000027229f90840,
0x0000027213e98060, 0x0000027229cc68c0, 0x000002722a0dc940, 0x000002722a112310,
0x000002722a111a50, 0x000002722a1110d0, 0x000002722a195f20, 0x000002722a1b9750,
0x000002722a265080, 0x000002722a270280, 0x000002722a26c8c0, 0x000002722a26ef40,
0x000002722a26ea70, 0x000002722a26d730, 0x000002722a26f410, 0x000002722a26dc00,
0x000002722a26e0d0, 0x000002722a26f8e0, 0x000002722a26fdb0, 0x000002722a26e5a0,
0x000002722a26cd90, 0x000002722a26d260, 0x000002722d1dc400, 0x000002722d1dc8d0
}

Java Threads: ( => current thread )
  0x0000027228841030 JavaThread "Reference Handler" daemon [_thread_blocked, id=7536, stack(0x000000be74100000,0x000000be74200000)]
  0x0000027228843040 JavaThread "Finalizer" daemon [_thread_blocked, id=30868, stack(0x000000be74200000,0x000000be74300000)]
  0x000002722886b810 JavaThread "Signal Dispatcher" daemon [_thread_blocked, id=25480, stack(0x000000be74300000,0x000000be74400000)]
  0x000002722886c390 JavaThread "Attach Listener" daemon [_thread_blocked, id=21416, stack(0x000000be74400000,0x000000be74500000)]
  0x000002722886dd50 JavaThread "Service Thread" daemon [_thread_blocked, id=12296, stack(0x000000be74500000,0x000000be74600000)]
  0x000002722886e700 JavaThread "Monitor Deflation Thread" daemon [_thread_blocked, id=32640, stack(0x000000be74600000,0x000000be74700000)]
  0x0000027228872660 JavaThread "C1 CompilerThread0" daemon [_thread_blocked, id=25536, stack(0x000000be74700000,0x000000be74800000)]
  0x000002722887b060 JavaThread "Sweeper thread" daemon [_thread_blocked, id=12904, stack(0x000000be74800000,0x000000be74900000)]
  0x0000027228a98630 JavaThread "C1 CompilerThread1" daemon [_thread_blocked, id=18232, stack(0x000000be74900000,0x000000be74a00000)]
  0x0000027228aa6e10 JavaThread "Notification Thread" daemon [_thread_blocked, id=20944, stack(0x000000be74a00000,0x000000be74b00000)]
  0x0000027228ab24a0 JavaThread "Common-Cleaner" daemon [_thread_blocked, id=24896, stack(0x000000be74c00000,0x000000be74d00000)]
  0x00000272293f45a0 JavaThread "C1 CompilerThread2" daemon [_thread_blocked, id=31740, stack(0x000000be74d00000,0x000000be74e00000)]
  0x000002722987d020 JavaThread "C1 CompilerThread3" daemon [_thread_blocked, id=5084, stack(0x000000be75300000,0x000000be75400000)]
  0x0000027229e79010 JavaThread "boundedElastic-evictor-1" daemon [_thread_blocked, id=31096, stack(0x000000be75600000,0x000000be75700000)]
  0x0000027229fb78d0 JavaThread "pool-11-thread-1" [_thread_blocked, id=30092, stack(0x000000be75800000,0x000000be75900000)]
  0x0000027229f90840 JavaThread "LanguageServerApp-lifecycle" [_thread_blocked, id=32416, stack(0x000000be75900000,0x000000be75a00000)]
  0x0000027213e98060 JavaThread "DestroyJavaVM" [_thread_blocked, id=28676, stack(0x000000be73a00000,0x000000be73b00000)]
  0x0000027229cc68c0 JavaThread "pool-12-thread-1" [_thread_in_native, id=31264, stack(0x000000be75a00000,0x000000be75b00000)]
  0x000002722a0dc940 JavaThread "Simple-Language-Server main thread" daemon [_thread_blocked, id=29872, stack(0x000000be75b00000,0x000000be75c00000)]
  0x000002722a112310 JavaThread "pool-8-thread-1" [_thread_blocked, id=26328, stack(0x000000be75c00000,0x000000be75d00000)]
  0x000002722a111a50 JavaThread "parallel-1" daemon [_thread_blocked, id=20444, stack(0x000000be75d00000,0x000000be75e00000)]
  0x000002722a1110d0 JavaThread "ForkJoinPool.commonPool-worker-1" daemon [_thread_blocked, id=27620, stack(0x000000be75e00000,0x000000be75f00000)]
  0x000002722a195f20 JavaThread "parallel-2" daemon [_thread_blocked, id=30188, stack(0x000000be75f00000,0x000000be76000000)]
  0x000002722a1b9750 JavaThread "ClassGraph-worker-0" daemon [_thread_blocked, id=7368, stack(0x000000be76000000,0x000000be76100000)]
  0x000002722a265080 JavaThread "ClassGraph-worker-1" daemon [_thread_blocked, id=19864, stack(0x000000be76100000,0x000000be76200000)]
  0x000002722a270280 JavaThread "ClassGraph-worker-2" daemon [_thread_blocked, id=30824, stack(0x000000be76200000,0x000000be76300000)]
  0x000002722a26c8c0 JavaThread "ClassGraph-worker-3" daemon [_thread_blocked, id=14912, stack(0x000000be76300000,0x000000be76400000)]
  0x000002722a26ef40 JavaThread "ClassGraph-worker-4" daemon [_thread_blocked, id=24820, stack(0x000000be76400000,0x000000be76500000)]
  0x000002722a26ea70 JavaThread "ClassGraph-worker-5" daemon [_thread_blocked, id=12428, stack(0x000000be76500000,0x000000be76600000)]
  0x000002722a26d730 JavaThread "ClassGraph-worker-6" daemon [_thread_blocked, id=7692, stack(0x000000be76600000,0x000000be76700000)]
  0x000002722a26f410 JavaThread "ClassGraph-worker-7" daemon [_thread_blocked, id=31644, stack(0x000000be76700000,0x000000be76800000)]
  0x000002722a26dc00 JavaThread "ClassGraph-worker-8" daemon [_thread_blocked, id=8216, stack(0x000000be76800000,0x000000be76900000)]
  0x000002722a26e0d0 JavaThread "ClassGraph-worker-9" daemon [_thread_blocked, id=11548, stack(0x000000be76900000,0x000000be76a00000)]
  0x000002722a26f8e0 JavaThread "ClassGraph-worker-10" daemon [_thread_blocked, id=27944, stack(0x000000be76a00000,0x000000be76b00000)]
  0x000002722a26fdb0 JavaThread "ClassGraph-worker-11" daemon [_thread_blocked, id=15056, stack(0x000000be76b00000,0x000000be76c00000)]
  0x000002722a26e5a0 JavaThread "ClassGraph-worker-12" daemon [_thread_blocked, id=460, stack(0x000000be76c00000,0x000000be76d00000)]
  0x000002722a26cd90 JavaThread "ClassGraph-worker-13" daemon [_thread_blocked, id=24028, stack(0x000000be76d00000,0x000000be76e00000)]
  0x000002722a26d260 JavaThread "Reconciler-1" daemon [_thread_blocked, id=29980, stack(0x000000be76e00000,0x000000be76f00000)]
  0x000002722d1dc400 JavaThread "pool-6-thread-1" [_thread_blocked, id=22684, stack(0x000000be76f00000,0x000000be77000000)]
  0x000002722d1dc8d0 JavaThread "pool-10-thread-1" [_thread_blocked, id=10500, stack(0x000000be77000000,0x000000be77100000)]

Other Threads:
=>0x0000027227e0ca30 VMThread "VM Thread" [stack: 0x000000be74000000,0x000000be74100000] [id=5808]
  0x0000027213f27920 WatcherThread [stack: 0x000000be74b00000,0x000000be74c00000] [id=27900]
  0x0000027213f05360 GCTaskThread "GC Thread#0" [stack: 0x000000be73b00000,0x000000be73c00000] [id=1928]
  0x00000272293fec40 GCTaskThread "GC Thread#1" [stack: 0x000000be74e00000,0x000000be74f00000] [id=13904]
  0x00000272295bf700 GCTaskThread "GC Thread#2" [stack: 0x000000be74f00000,0x000000be75000000] [id=14776]
  0x00000272295bf9b0 GCTaskThread "GC Thread#3" [stack: 0x000000be75000000,0x000000be75100000] [id=29748]
  0x00000272295bfc60 GCTaskThread "GC Thread#4" [stack: 0x000000be75100000,0x000000be75200000] [id=27748]
  0x0000027229286740 GCTaskThread "GC Thread#5" [stack: 0x000000be75200000,0x000000be75300000] [id=24640]
  0x00000272298ccd40 GCTaskThread "GC Thread#6" [stack: 0x000000be75400000,0x000000be75500000] [id=12232]
  0x00000272298ce410 GCTaskThread "GC Thread#7" [stack: 0x000000be75500000,0x000000be75600000] [id=31856]
  0x0000027213f160b0 ConcurrentGCThread "G1 Main Marker" [stack: 0x000000be73c00000,0x000000be73d00000] [id=25588]
  0x0000027213f17260 ConcurrentGCThread "G1 Conc#0" [stack: 0x000000be73d00000,0x000000be73e00000] [id=27912]
  0x0000027229abb240 ConcurrentGCThread "G1 Conc#1" [stack: 0x000000be75700000,0x000000be75800000] [id=10360]
  0x0000027227ca5500 ConcurrentGCThread "G1 Refine#0" [stack: 0x000000be73e00000,0x000000be73f00000] [id=30184]
  0x000002722d18c030 ConcurrentGCThread "G1 Refine#1" [stack: 0x000000be77100000,0x000000be77200000] [id=27352]
  0x0000027213f5b310 ConcurrentGCThread "G1 Service" [stack: 0x000000be73f00000,0x000000be74000000] [id=7548]

Threads with active compile tasks:

VM state: at safepoint (normal execution)

VM Mutex/Monitor currently owned by a thread:  ([mutex/lock_event])
[0x0000027213d7d060] Threads_lock - owner thread: 0x0000027227e0ca30
[0x0000027213e97030] Heap_lock - owner thread: 0x000002722a26f410

Heap address: 0x0000000701e00000, size: 4066 MB, Compressed Oops mode: Zero based, Oop shift amount: 3

CDS archive(s) not mapped
Compressed class space mapped at: 0x0000000800000000-0x0000000840000000, reserved size: 1073741824
Narrow klass base: 0x0000000800000000, Narrow klass shift: 0, Narrow klass range: 0x40000000

GC Precious Log:
 CPUs: 8 total, 8 available
 Memory: 16263M
 Large Page Support: Disabled
 NUMA Support: Disabled
 Compressed Oops: Enabled (Zero based)
 Heap Region Size: 2M
 Heap Min Capacity: 8M
 Heap Initial Capacity: 256M
 Heap Max Capacity: 4066M
 Pre-touch: Disabled
 Parallel Workers: 8
 Concurrent Workers: 2
 Concurrent Refinement Workers: 8
 Periodic GC: Disabled

Heap:
 garbage-first heap   total 358400K, used 100988K [0x0000000701e00000, 0x0000000800000000)
  region size 2048K, 8 young (16384K), 8 survivors (16384K)
 Metaspace       used 40278K, committed 40768K, reserved 1089536K
  class space    used 5153K, committed 5376K, reserved 1048576K

Heap Regions: E=young(eden), S=young(survivor), O=old, HS=humongous(starts), HC=humongous(continues), CS=collection set, F=free, OA=open archive, CA=closed archive, TAMS=top-at-mark-start (previous, next)
|   0|0x0000000701e00000, 0x0000000702000000, 0x0000000702000000|100%| O|  |TAMS 0x0000000702000000, 0x0000000701e00000| Untracked 
|   1|0x0000000702000000, 0x0000000702200000, 0x0000000702200000|100%| O|  |TAMS 0x0000000702200000, 0x0000000702000000| Untracked 
|   2|0x0000000702200000, 0x0000000702400000, 0x0000000702400000|100%| O|  |TAMS 0x0000000702400000, 0x0000000702200000| Untracked 
|   3|0x0000000702400000, 0x00000007025f9200, 0x0000000702600000| 98%| O|  |TAMS 0x00000007025f9200, 0x0000000702400000| Untracked 
|   4|0x0000000702600000, 0x0000000702800000, 0x0000000702800000|100%| O|  |TAMS 0x0000000702800000, 0x0000000702600000| Untracked 
|   5|0x0000000702800000, 0x0000000702a00000, 0x0000000702a00000|100%| O|  |TAMS 0x0000000702a00000, 0x0000000702800000| Untracked 
|   6|0x0000000702a00000, 0x0000000702c00000, 0x0000000702c00000|100%| O|  |TAMS 0x0000000702c00000, 0x0000000702a00000| Untracked 
|   7|0x0000000702c00000, 0x0000000702e00000, 0x0000000702e00000|100%| O|  |TAMS 0x0000000702e00000, 0x0000000702c00000| Untracked 
|   8|0x0000000702e00000, 0x0000000703000000, 0x0000000703000000|100%| O|  |TAMS 0x0000000703000000, 0x0000000702e00000| Untracked 
|   9|0x0000000703000000, 0x0000000703200000, 0x0000000703200000|100%| O|  |TAMS 0x0000000703200000, 0x0000000703000000| Untracked 
|  10|0x0000000703200000, 0x0000000703400000, 0x0000000703400000|100%| O|  |TAMS 0x0000000703400000, 0x0000000703200000| Untracked 
|  11|0x0000000703400000, 0x0000000703600000, 0x0000000703600000|100%| O|  |TAMS 0x0000000703600000, 0x0000000703400000| Untracked 
|  12|0x0000000703600000, 0x0000000703800000, 0x0000000703800000|100%| O|  |TAMS 0x0000000703800000, 0x0000000703600000| Untracked 
|  13|0x0000000703800000, 0x0000000703a00000, 0x0000000703a00000|100%| O|  |TAMS 0x0000000703a00000, 0x0000000703800000| Untracked 
|  14|0x0000000703a00000, 0x0000000703c00000, 0x0000000703c00000|100%| O|  |TAMS 0x0000000703c00000, 0x0000000703a00000| Untracked 
|  15|0x0000000703c00000, 0x0000000703e00000, 0x0000000703e00000|100%| O|  |TAMS 0x0000000703e00000, 0x0000000703c00000| Untracked 
|  16|0x0000000703e00000, 0x0000000704000000, 0x0000000704000000|100%| O|  |TAMS 0x0000000704000000, 0x0000000703e00000| Untracked 
|  17|0x0000000704000000, 0x0000000704200000, 0x0000000704200000|100%| O|  |TAMS 0x0000000704200000, 0x0000000704000000| Untracked 
|  18|0x0000000704200000, 0x0000000704200000, 0x0000000704400000|  0%| F|  |TAMS 0x0000000704200000, 0x0000000704200000| Untracked 
|  19|0x0000000704400000, 0x0000000704600000, 0x0000000704600000|100%| O|  |TAMS 0x0000000704600000, 0x0000000704400000| Untracked 
|  20|0x0000000704600000, 0x0000000704800000, 0x0000000704800000|100%| O|  |TAMS 0x0000000704800000, 0x0000000704600000| Untracked 
|  21|0x0000000704800000, 0x0000000704a00000, 0x0000000704a00000|100%| O|  |TAMS 0x0000000704a00000, 0x0000000704800000| Untracked 
|  22|0x0000000704a00000, 0x0000000704c00000, 0x0000000704c00000|100%| O|  |TAMS 0x0000000704c00000, 0x0000000704a00000| Untracked 
|  23|0x0000000704c00000, 0x0000000704e00000, 0x0000000704e00000|100%| O|  |TAMS 0x0000000704e00000, 0x0000000704c00000| Untracked 
|  24|0x0000000704e00000, 0x0000000705000000, 0x0000000705000000|100%| O|  |TAMS 0x0000000705000000, 0x0000000704e00000| Untracked 
|  25|0x0000000705000000, 0x0000000705200000, 0x0000000705200000|100%| O|  |TAMS 0x0000000705200000, 0x0000000705000000| Untracked 
|  26|0x0000000705200000, 0x0000000705400000, 0x0000000705400000|100%| O|  |TAMS 0x0000000705400000, 0x0000000705200000| Untracked 
|  27|0x0000000705400000, 0x0000000705600000, 0x0000000705600000|100%| O|  |TAMS 0x0000000705600000, 0x0000000705400000| Untracked 
|  28|0x0000000705600000, 0x0000000705800000, 0x0000000705800000|100%| O|  |TAMS 0x0000000705800000, 0x0000000705600000| Untracked 
|  29|0x0000000705800000, 0x0000000705a00000, 0x0000000705a00000|100%| O|  |TAMS 0x0000000705a00000, 0x0000000705800000| Untracked 
|  30|0x0000000705a00000, 0x0000000705c00000, 0x0000000705c00000|100%| O|  |TAMS 0x0000000705c00000, 0x0000000705a00000| Untracked 
|  31|0x0000000705c00000, 0x0000000705e00000, 0x0000000705e00000|100%| O|  |TAMS 0x0000000705e00000, 0x0000000705c00000| Untracked 
|  32|0x0000000705e00000, 0x0000000706000000, 0x0000000706000000|100%| O|  |TAMS 0x0000000706000000, 0x0000000705e00000| Untracked 
|  33|0x0000000706000000, 0x0000000706200000, 0x0000000706200000|100%| O|  |TAMS 0x00000007060b5c00, 0x0000000706000000| Untracked 
|  34|0x0000000706200000, 0x0000000706400000, 0x0000000706400000|100%| O|  |TAMS 0x0000000706200000, 0x0000000706200000| Untracked 
|  35|0x0000000706400000, 0x0000000706600000, 0x0000000706600000|100%| O|  |TAMS 0x0000000706400000, 0x0000000706400000| Untracked 
|  36|0x0000000706600000, 0x0000000706800000, 0x0000000706800000|100%| O|  |TAMS 0x0000000706600000, 0x0000000706600000| Untracked 
|  37|0x0000000706800000, 0x0000000706a00000, 0x0000000706a00000|100%| O|  |TAMS 0x0000000706800000, 0x0000000706800000| Untracked 
|  38|0x0000000706a00000, 0x0000000706c00000, 0x0000000706c00000|100%| O|  |TAMS 0x0000000706a00000, 0x0000000706a00000| Untracked 
|  39|0x0000000706c00000, 0x0000000706e00000, 0x0000000706e00000|100%| O|  |TAMS 0x0000000706c00000, 0x0000000706c00000| Untracked 
|  40|0x0000000706e00000, 0x0000000707000000, 0x0000000707000000|100%| O|  |TAMS 0x0000000706e00000, 0x0000000706e00000| Untracked 
|  41|0x0000000707000000, 0x0000000707200000, 0x0000000707200000|100%| O|  |TAMS 0x0000000707000000, 0x0000000707000000| Untracked 
|  42|0x0000000707200000, 0x00000007072a5e00, 0x0000000707400000| 32%| O|  |TAMS 0x0000000707200000, 0x0000000707200000| Untracked 
|  43|0x0000000707400000, 0x0000000707400000, 0x0000000707600000|  0%| F|  |TAMS 0x0000000707400000, 0x0000000707400000| Untracked 
|  44|0x0000000707600000, 0x0000000707600000, 0x0000000707800000|  0%| F|  |TAMS 0x0000000707600000, 0x0000000707600000| Untracked 
|  45|0x0000000707800000, 0x0000000707800000, 0x0000000707a00000|  0%| F|  |TAMS 0x0000000707800000, 0x0000000707800000| Untracked 
|  46|0x0000000707a00000, 0x0000000707a00000, 0x0000000707c00000|  0%| F|  |TAMS 0x0000000707a00000, 0x0000000707a00000| Untracked 
|  47|0x0000000707c00000, 0x0000000707c00000, 0x0000000707e00000|  0%| F|  |TAMS 0x0000000707c00000, 0x0000000707c00000| Untracked 
|  48|0x0000000707e00000, 0x0000000707e00000, 0x0000000708000000|  0%| F|  |TAMS 0x0000000707e00000, 0x0000000707e00000| Untracked 
|  49|0x0000000708000000, 0x0000000708000000, 0x0000000708200000|  0%| F|  |TAMS 0x0000000708000000, 0x0000000708000000| Untracked 
|  50|0x0000000708200000, 0x0000000708200000, 0x0000000708400000|  0%| F|  |TAMS 0x0000000708200000, 0x0000000708200000| Untracked 
|  51|0x0000000708400000, 0x0000000708400000, 0x0000000708600000|  0%| F|  |TAMS 0x0000000708400000, 0x0000000708400000| Untracked 
|  52|0x0000000708600000, 0x0000000708600000, 0x0000000708800000|  0%| F|  |TAMS 0x0000000708600000, 0x0000000708600000| Untracked 
|  53|0x0000000708800000, 0x0000000708800000, 0x0000000708a00000|  0%| F|  |TAMS 0x0000000708800000, 0x0000000708800000| Untracked 
|  54|0x0000000708a00000, 0x0000000708a00000, 0x0000000708c00000|  0%| F|  |TAMS 0x0000000708a00000, 0x0000000708a00000| Untracked 
|  55|0x0000000708c00000, 0x0000000708c00000, 0x0000000708e00000|  0%| F|  |TAMS 0x0000000708c00000, 0x0000000708c00000| Untracked 
|  56|0x0000000708e00000, 0x0000000708e00000, 0x0000000709000000|  0%| F|  |TAMS 0x0000000708e00000, 0x0000000708e00000| Untracked 
|  57|0x0000000709000000, 0x0000000709000000, 0x0000000709200000|  0%| F|  |TAMS 0x0000000709000000, 0x0000000709000000| Untracked 
|  58|0x0000000709200000, 0x0000000709200000, 0x0000000709400000|  0%| F|  |TAMS 0x0000000709200000, 0x0000000709200000| Untracked 
|  59|0x0000000709400000, 0x0000000709400000, 0x0000000709600000|  0%| F|  |TAMS 0x0000000709400000, 0x0000000709400000| Untracked 
|  60|0x0000000709600000, 0x0000000709600000, 0x0000000709800000|  0%| F|  |TAMS 0x0000000709600000, 0x0000000709600000| Untracked 
|  61|0x0000000709800000, 0x0000000709800000, 0x0000000709a00000|  0%| F|  |TAMS 0x0000000709800000, 0x0000000709800000| Untracked 
|  62|0x0000000709a00000, 0x0000000709a00000, 0x0000000709c00000|  0%| F|  |TAMS 0x0000000709a00000, 0x0000000709a00000| Untracked 
|  63|0x0000000709c00000, 0x0000000709c00000, 0x0000000709e00000|  0%| F|  |TAMS 0x0000000709c00000, 0x0000000709c00000| Untracked 
|  64|0x0000000709e00000, 0x0000000709e00000, 0x000000070a000000|  0%| F|  |TAMS 0x0000000709e00000, 0x0000000709e00000| Untracked 
|  65|0x000000070a000000, 0x000000070a000000, 0x000000070a200000|  0%| F|  |TAMS 0x000000070a000000, 0x000000070a000000| Untracked 
|  66|0x000000070a200000, 0x000000070a200000, 0x000000070a400000|  0%| F|  |TAMS 0x000000070a200000, 0x000000070a200000| Untracked 
|  67|0x000000070a400000, 0x000000070a400000, 0x000000070a600000|  0%| F|  |TAMS 0x000000070a400000, 0x000000070a400000| Untracked 
|  68|0x000000070a600000, 0x000000070a800000, 0x000000070a800000|100%| S|CS|TAMS 0x000000070a600000, 0x000000070a600000| Complete 
|  69|0x000000070a800000, 0x000000070aa00000, 0x000000070aa00000|100%| S|CS|TAMS 0x000000070a800000, 0x000000070a800000| Complete 
|  70|0x000000070aa00000, 0x000000070ac00000, 0x000000070ac00000|100%| S|CS|TAMS 0x000000070aa00000, 0x000000070aa00000| Complete 
|  71|0x000000070ac00000, 0x000000070ae00000, 0x000000070ae00000|100%| S|CS|TAMS 0x000000070ac00000, 0x000000070ac00000| Complete 
|  72|0x000000070ae00000, 0x000000070b000000, 0x000000070b000000|100%| S|CS|TAMS 0x000000070ae00000, 0x000000070ae00000| Complete 
|  73|0x000000070b000000, 0x000000070b200000, 0x000000070b200000|100%| S|CS|TAMS 0x000000070b000000, 0x000000070b000000| Complete 
|  74|0x000000070b200000, 0x000000070b200000, 0x000000070b400000|  0%| F|  |TAMS 0x000000070b200000, 0x000000070b200000| Untracked 
|  75|0x000000070b400000, 0x000000070b400000, 0x000000070b600000|  0%| F|  |TAMS 0x000000070b400000, 0x000000070b400000| Untracked 
|  76|0x000000070b600000, 0x000000070b600000, 0x000000070b800000|  0%| F|  |TAMS 0x000000070b600000, 0x000000070b600000| Untracked 
|  77|0x000000070b800000, 0x000000070b800000, 0x000000070ba00000|  0%| F|  |TAMS 0x000000070b800000, 0x000000070b800000| Untracked 
|  78|0x000000070ba00000, 0x000000070ba00000, 0x000000070bc00000|  0%| F|  |TAMS 0x000000070ba00000, 0x000000070ba00000| Untracked 
|  79|0x000000070bc00000, 0x000000070be00000, 0x000000070be00000|100%| S|CS|TAMS 0x000000070bc00000, 0x000000070bc00000| Complete 
|  80|0x000000070be00000, 0x000000070c000000, 0x000000070c000000|100%| S|CS|TAMS 0x000000070be00000, 0x000000070be00000| Complete 
|  81|0x000000070c000000, 0x000000070c000000, 0x000000070c200000|  0%| F|  |TAMS 0x000000070c000000, 0x000000070c000000| Untracked 
|  82|0x000000070c200000, 0x000000070c200000, 0x000000070c400000|  0%| F|  |TAMS 0x000000070c200000, 0x000000070c200000| Untracked 
|  83|0x000000070c400000, 0x000000070c400000, 0x000000070c600000|  0%| F|  |TAMS 0x000000070c400000, 0x000000070c400000| Untracked 
|  84|0x000000070c600000, 0x000000070c600000, 0x000000070c800000|  0%| F|  |TAMS 0x000000070c600000, 0x000000070c600000| Untracked 
|  85|0x000000070c800000, 0x000000070c800000, 0x000000070ca00000|  0%| F|  |TAMS 0x000000070c800000, 0x000000070c800000| Untracked 
|  86|0x000000070ca00000, 0x000000070ca00000, 0x000000070cc00000|  0%| F|  |TAMS 0x000000070ca00000, 0x000000070ca00000| Untracked 
|  87|0x000000070cc00000, 0x000000070cc00000, 0x000000070ce00000|  0%| F|  |TAMS 0x000000070cc00000, 0x000000070cc00000| Untracked 
|  88|0x000000070ce00000, 0x000000070ce00000, 0x000000070d000000|  0%| F|  |TAMS 0x000000070ce00000, 0x000000070ce00000| Untracked 
|  89|0x000000070d000000, 0x000000070d000000, 0x000000070d200000|  0%| F|  |TAMS 0x000000070d000000, 0x000000070d000000| Untracked 
|  90|0x000000070d200000, 0x000000070d200000, 0x000000070d400000|  0%| F|  |TAMS 0x000000070d200000, 0x000000070d200000| Untracked 
|  91|0x000000070d400000, 0x000000070d400000, 0x000000070d600000|  0%| F|  |TAMS 0x000000070d400000, 0x000000070d400000| Untracked 
|  92|0x000000070d600000, 0x000000070d600000, 0x000000070d800000|  0%| F|  |TAMS 0x000000070d600000, 0x000000070d600000| Untracked 
|  93|0x000000070d800000, 0x000000070d800000, 0x000000070da00000|  0%| F|  |TAMS 0x000000070d800000, 0x000000070d800000| Untracked 
|  94|0x000000070da00000, 0x000000070da00000, 0x000000070dc00000|  0%| F|  |TAMS 0x000000070da00000, 0x000000070da00000| Untracked 
|  95|0x000000070dc00000, 0x000000070dc00000, 0x000000070de00000|  0%| F|  |TAMS 0x000000070dc00000, 0x000000070dc00000| Untracked 
|  96|0x000000070de00000, 0x000000070de00000, 0x000000070e000000|  0%| F|  |TAMS 0x000000070de00000, 0x000000070de00000| Untracked 
|  97|0x000000070e000000, 0x000000070e000000, 0x000000070e200000|  0%| F|  |TAMS 0x000000070e000000, 0x000000070e000000| Untracked 
|  98|0x000000070e200000, 0x000000070e200000, 0x000000070e400000|  0%| F|  |TAMS 0x000000070e200000, 0x000000070e200000| Untracked 
|  99|0x000000070e400000, 0x000000070e400000, 0x000000070e600000|  0%| F|  |TAMS 0x000000070e400000, 0x000000070e400000| Untracked 
| 100|0x000000070e600000, 0x000000070e600000, 0x000000070e800000|  0%| F|  |TAMS 0x000000070e600000, 0x000000070e600000| Untracked 
| 101|0x000000070e800000, 0x000000070e800000, 0x000000070ea00000|  0%| F|  |TAMS 0x000000070e800000, 0x000000070e800000| Untracked 
| 102|0x000000070ea00000, 0x000000070ea00000, 0x000000070ec00000|  0%| F|  |TAMS 0x000000070ea00000, 0x000000070ea00000| Untracked 
| 103|0x000000070ec00000, 0x000000070ec00000, 0x000000070ee00000|  0%| F|  |TAMS 0x000000070ec00000, 0x000000070ec00000| Untracked 
| 104|0x000000070ee00000, 0x000000070ee00000, 0x000000070f000000|  0%| F|  |TAMS 0x000000070ee00000, 0x000000070ee00000| Untracked 
| 105|0x000000070f000000, 0x000000070f000000, 0x000000070f200000|  0%| F|  |TAMS 0x000000070f000000, 0x000000070f000000| Untracked 
| 106|0x000000070f200000, 0x000000070f200000, 0x000000070f400000|  0%| F|  |TAMS 0x000000070f200000, 0x000000070f200000| Untracked 
| 107|0x000000070f400000, 0x000000070f400000, 0x000000070f600000|  0%| F|  |TAMS 0x000000070f400000, 0x000000070f400000| Untracked 
| 108|0x000000070f600000, 0x000000070f600000, 0x000000070f800000|  0%| F|  |TAMS 0x000000070f600000, 0x000000070f600000| Untracked 
| 109|0x000000070f800000, 0x000000070f800000, 0x000000070fa00000|  0%| F|  |TAMS 0x000000070f800000, 0x000000070f800000| Untracked 
| 110|0x000000070fa00000, 0x000000070fa00000, 0x000000070fc00000|  0%| F|  |TAMS 0x000000070fa00000, 0x000000070fa00000| Untracked 
| 111|0x000000070fc00000, 0x000000070fc00000, 0x000000070fe00000|  0%| F|  |TAMS 0x000000070fc00000, 0x000000070fc00000| Untracked 
| 112|0x000000070fe00000, 0x000000070fe00000, 0x0000000710000000|  0%| F|  |TAMS 0x000000070fe00000, 0x000000070fe00000| Untracked 
| 113|0x0000000710000000, 0x0000000710000000, 0x0000000710200000|  0%| F|  |TAMS 0x0000000710000000, 0x0000000710000000| Untracked 
| 114|0x0000000710200000, 0x0000000710200000, 0x0000000710400000|  0%| F|  |TAMS 0x0000000710200000, 0x0000000710200000| Untracked 
| 115|0x0000000710400000, 0x0000000710400000, 0x0000000710600000|  0%| F|  |TAMS 0x0000000710400000, 0x0000000710400000| Untracked 
| 116|0x0000000710600000, 0x0000000710600000, 0x0000000710800000|  0%| F|  |TAMS 0x0000000710600000, 0x0000000710600000| Untracked 
| 117|0x0000000710800000, 0x0000000710800000, 0x0000000710a00000|  0%| F|  |TAMS 0x0000000710800000, 0x0000000710800000| Untracked 
| 118|0x0000000710a00000, 0x0000000710a00000, 0x0000000710c00000|  0%| F|  |TAMS 0x0000000710a00000, 0x0000000710a00000| Untracked 
| 119|0x0000000710c00000, 0x0000000710c00000, 0x0000000710e00000|  0%| F|  |TAMS 0x0000000710c00000, 0x0000000710c00000| Untracked 
| 120|0x0000000710e00000, 0x0000000710e00000, 0x0000000711000000|  0%| F|  |TAMS 0x0000000710e00000, 0x0000000710e00000| Untracked 
| 121|0x0000000711000000, 0x0000000711000000, 0x0000000711200000|  0%| F|  |TAMS 0x0000000711000000, 0x0000000711000000| Untracked 
| 122|0x0000000711200000, 0x0000000711200000, 0x0000000711400000|  0%| F|  |TAMS 0x0000000711200000, 0x0000000711200000| Untracked 
| 123|0x0000000711400000, 0x0000000711400000, 0x0000000711600000|  0%| F|  |TAMS 0x0000000711400000, 0x0000000711400000| Untracked 
| 124|0x0000000711600000, 0x0000000711600000, 0x0000000711800000|  0%| F|  |TAMS 0x0000000711600000, 0x0000000711600000| Untracked 
| 125|0x0000000711800000, 0x0000000711800000, 0x0000000711a00000|  0%| F|  |TAMS 0x0000000711800000, 0x0000000711800000| Untracked 
| 126|0x0000000711a00000, 0x0000000711a00000, 0x0000000711c00000|  0%| F|  |TAMS 0x0000000711a00000, 0x0000000711a00000| Untracked 
| 127|0x0000000711c00000, 0x0000000711c00000, 0x0000000711e00000|  0%| F|  |TAMS 0x0000000711c00000, 0x0000000711c00000| Untracked 
| 128|0x0000000711e00000, 0x0000000711e00000, 0x0000000712000000|  0%| F|  |TAMS 0x0000000711e00000, 0x0000000711e00000| Untracked 
| 129|0x0000000712000000, 0x0000000712000000, 0x0000000712200000|  0%| F|  |TAMS 0x0000000712000000, 0x0000000712000000| Untracked 
| 130|0x0000000712200000, 0x0000000712200000, 0x0000000712400000|  0%| F|  |TAMS 0x0000000712200000, 0x0000000712200000| Untracked 
| 131|0x0000000712400000, 0x0000000712400000, 0x0000000712600000|  0%| F|  |TAMS 0x0000000712400000, 0x0000000712400000| Untracked 
| 132|0x0000000712600000, 0x0000000712600000, 0x0000000712800000|  0%| F|  |TAMS 0x0000000712600000, 0x0000000712600000| Untracked 
| 133|0x0000000712800000, 0x0000000712800000, 0x0000000712a00000|  0%| F|  |TAMS 0x0000000712800000, 0x0000000712800000| Untracked 
| 134|0x0000000712a00000, 0x0000000712a00000, 0x0000000712c00000|  0%| F|  |TAMS 0x0000000712a00000, 0x0000000712a00000| Untracked 
| 135|0x0000000712c00000, 0x0000000712c00000, 0x0000000712e00000|  0%| F|  |TAMS 0x0000000712c00000, 0x0000000712c00000| Untracked 
| 136|0x0000000712e00000, 0x0000000712e00000, 0x0000000713000000|  0%| F|  |TAMS 0x0000000712e00000, 0x0000000712e00000| Untracked 
| 137|0x0000000713000000, 0x0000000713000000, 0x0000000713200000|  0%| F|  |TAMS 0x0000000713000000, 0x0000000713000000| Untracked 
| 138|0x0000000713200000, 0x0000000713200000, 0x0000000713400000|  0%| F|  |TAMS 0x0000000713200000, 0x0000000713200000| Untracked 
| 139|0x0000000713400000, 0x0000000713400000, 0x0000000713600000|  0%| F|  |TAMS 0x0000000713400000, 0x0000000713400000| Untracked 
| 140|0x0000000713600000, 0x0000000713600000, 0x0000000713800000|  0%| F|  |TAMS 0x0000000713600000, 0x0000000713600000| Untracked 
| 141|0x0000000713800000, 0x0000000713800000, 0x0000000713a00000|  0%| F|  |TAMS 0x0000000713800000, 0x0000000713800000| Untracked 
| 142|0x0000000713a00000, 0x0000000713a00000, 0x0000000713c00000|  0%| F|  |TAMS 0x0000000713a00000, 0x0000000713a00000| Untracked 
| 143|0x0000000713c00000, 0x0000000713c00000, 0x0000000713e00000|  0%| F|  |TAMS 0x0000000713c00000, 0x0000000713c00000| Untracked 
| 144|0x0000000713e00000, 0x0000000713e00000, 0x0000000714000000|  0%| F|  |TAMS 0x0000000713e00000, 0x0000000713e00000| Untracked 
| 145|0x0000000714000000, 0x0000000714000000, 0x0000000714200000|  0%| F|  |TAMS 0x0000000714000000, 0x0000000714000000| Untracked 
| 146|0x0000000714200000, 0x0000000714200000, 0x0000000714400000|  0%| F|  |TAMS 0x0000000714200000, 0x0000000714200000| Untracked 
| 147|0x0000000714400000, 0x0000000714400000, 0x0000000714600000|  0%| F|  |TAMS 0x0000000714400000, 0x0000000714400000| Untracked 
| 148|0x0000000714600000, 0x0000000714600000, 0x0000000714800000|  0%| F|  |TAMS 0x0000000714600000, 0x0000000714600000| Untracked 
| 149|0x0000000714800000, 0x0000000714800000, 0x0000000714a00000|  0%| F|  |TAMS 0x0000000714800000, 0x0000000714800000| Untracked 
| 150|0x0000000714a00000, 0x0000000714a00000, 0x0000000714c00000|  0%| F|  |TAMS 0x0000000714a00000, 0x0000000714a00000| Untracked 
| 151|0x0000000714c00000, 0x0000000714c00000, 0x0000000714e00000|  0%| F|  |TAMS 0x0000000714c00000, 0x0000000714c00000| Untracked 
| 152|0x0000000714e00000, 0x0000000714e00000, 0x0000000715000000|  0%| F|  |TAMS 0x0000000714e00000, 0x0000000714e00000| Untracked 
| 153|0x0000000715000000, 0x0000000715000000, 0x0000000715200000|  0%| F|  |TAMS 0x0000000715000000, 0x0000000715000000| Untracked 
| 154|0x0000000715200000, 0x0000000715200000, 0x0000000715400000|  0%| F|  |TAMS 0x0000000715200000, 0x0000000715200000| Untracked 
| 155|0x0000000715400000, 0x0000000715400000, 0x0000000715600000|  0%| F|  |TAMS 0x0000000715400000, 0x0000000715400000| Untracked 
| 156|0x0000000715600000, 0x0000000715600000, 0x0000000715800000|  0%| F|  |TAMS 0x0000000715600000, 0x0000000715600000| Untracked 
| 157|0x0000000715800000, 0x0000000715800000, 0x0000000715a00000|  0%| F|  |TAMS 0x0000000715800000, 0x0000000715800000| Untracked 
| 158|0x0000000715a00000, 0x0000000715a00000, 0x0000000715c00000|  0%| F|  |TAMS 0x0000000715a00000, 0x0000000715a00000| Untracked 
| 159|0x0000000715c00000, 0x0000000715c00000, 0x0000000715e00000|  0%| F|  |TAMS 0x0000000715c00000, 0x0000000715c00000| Untracked 
| 160|0x0000000715e00000, 0x0000000715e00000, 0x0000000716000000|  0%| F|  |TAMS 0x0000000715e00000, 0x0000000715e00000| Untracked 
| 161|0x0000000716000000, 0x0000000716000000, 0x0000000716200000|  0%| F|  |TAMS 0x0000000716000000, 0x0000000716000000| Untracked 
| 162|0x0000000716200000, 0x0000000716200000, 0x0000000716400000|  0%| F|  |TAMS 0x0000000716200000, 0x0000000716200000| Untracked 
| 163|0x0000000716400000, 0x0000000716400000, 0x0000000716600000|  0%| F|  |TAMS 0x0000000716400000, 0x0000000716400000| Untracked 
| 164|0x0000000716600000, 0x0000000716600000, 0x0000000716800000|  0%| F|  |TAMS 0x0000000716600000, 0x0000000716600000| Untracked 
| 165|0x0000000716800000, 0x0000000716800000, 0x0000000716a00000|  0%| F|  |TAMS 0x0000000716800000, 0x0000000716800000| Untracked 
| 166|0x0000000716a00000, 0x0000000716a00000, 0x0000000716c00000|  0%| F|  |TAMS 0x0000000716a00000, 0x0000000716a00000| Untracked 
| 167|0x0000000716c00000, 0x0000000716c00000, 0x0000000716e00000|  0%| F|  |TAMS 0x0000000716c00000, 0x0000000716c00000| Untracked 
| 168|0x0000000716e00000, 0x0000000716e00000, 0x0000000717000000|  0%| F|  |TAMS 0x0000000716e00000, 0x0000000716e00000| Untracked 
| 169|0x0000000717000000, 0x0000000717000000, 0x0000000717200000|  0%| F|  |TAMS 0x0000000717000000, 0x0000000717000000| Untracked 
| 170|0x0000000717200000, 0x0000000717200000, 0x0000000717400000|  0%| F|  |TAMS 0x0000000717200000, 0x0000000717200000| Untracked 
| 171|0x0000000717400000, 0x0000000717400000, 0x0000000717600000|  0%| F|  |TAMS 0x0000000717400000, 0x0000000717400000| Untracked 
| 172|0x0000000717600000, 0x0000000717600000, 0x0000000717800000|  0%| F|  |TAMS 0x0000000717600000, 0x0000000717600000| Untracked 
| 173|0x0000000717800000, 0x0000000717800000, 0x0000000717a00000|  0%| F|  |TAMS 0x0000000717800000, 0x0000000717800000| Untracked 
| 174|0x0000000717a00000, 0x0000000717a00000, 0x0000000717c00000|  0%| F|  |TAMS 0x0000000717a00000, 0x0000000717a00000| Untracked 

Card table byte_map: [0x000002721c3e0000,0x000002721cbe0000] _byte_map_base: 0x0000027218bd1000

Marking Bits (Prev, Next): (CMBitMap*) 0x0000027213f05970, (CMBitMap*) 0x0000027213f059b0
 Prev Bits: [0x000002721d3e0000, 0x0000027221368000)
 Next Bits: [0x0000027221370000, 0x00000272252f8000)

Polling page: 0x0000027213f60000

Metaspace:

Usage:
  Non-class:     34.30 MB used.
      Class:      5.03 MB used.
       Both:     39.33 MB used.

Virtual space:
  Non-class space:       40.00 MB reserved,      34.56 MB ( 86%) committed,  5 nodes.
      Class space:        1.00 GB reserved,       5.25 MB ( <1%) committed,  1 nodes.
             Both:        1.04 GB reserved,      39.81 MB (  4%) committed. 

Chunk freelists:
   Non-Class:  864.00 KB
       Class:  2.67 MB
        Both:  3.51 MB

MaxMetaspaceSize: unlimited
CompressedClassSpaceSize: 1.00 GB
Initial GC threshold: 21.00 MB
Current GC threshold: 66.38 MB
CDS: off
MetaspaceReclaimPolicy: balanced
 - commit_granule_bytes: 65536.
 - commit_granule_words: 8192.
 - virtual_space_node_default_size: 1048576.
 - enlarge_chunks_in_place: 1.
 - new_chunks_are_fully_committed: 0.
 - uncommit_free_chunks: 1.
 - use_allocation_guard: 0.
 - handle_deallocations: 1.


Internal statistics:

num_allocs_failed_limit: 8.
num_arena_births: 500.
num_arena_deaths: 0.
num_vsnodes_births: 6.
num_vsnodes_deaths: 0.
num_space_committed: 637.
num_space_uncommitted: 0.
num_chunks_returned_to_freelist: 8.
num_chunks_taken_from_freelist: 1722.
num_chunk_merges: 8.
num_chunk_splits: 1200.
num_chunks_enlarged: 898.
num_purges: 0.
num_inconsistent_stats: 0.

CodeCache: size=49152Kb used=10201Kb max_used=10201Kb free=38951Kb
 bounds [0x00000272182f0000, 0x0000027218cf0000, 0x000002721b2f0000]
 total_blobs=4890 nmethods=4333 adapters=481
 compilation: enabled
              stopped_count=0, restarted_count=0
 full_count=0

Compilation events (20 events):
Event: 4.467 Thread 0x000002722987d020 4324       1       java.util.concurrent.ConcurrentHashMap::resizeStamp (9 bytes)
Event: 4.468 Thread 0x000002722987d020 nmethod 4324 0x0000027218ce3910 code [0x0000027218ce3aa0, 0x0000027218ce3b68]
Event: 4.475 Thread 0x0000027228872660 4325       1       java.util.concurrent.locks.ReentrantLock$NonfairSync::tryAcquire (27 bytes)
Event: 4.476 Thread 0x0000027228872660 nmethod 4325 0x0000027218ce3c10 code [0x0000027218ce3da0, 0x0000027218ce3f38]
Event: 4.541 Thread 0x00000272293f45a0 4326       1       java.util.concurrent.locks.AbstractQueuedSynchronizer::acquireInterruptibly (36 bytes)
Event: 4.542 Thread 0x00000272293f45a0 nmethod 4326 0x0000027218ce3f90 code [0x0000027218ce4160, 0x0000027218ce43d8]
Event: 4.564 Thread 0x0000027228872660 4327       1       io.github.classgraph.ModuleRef::getReference (5 bytes)
Event: 4.565 Thread 0x0000027228872660 nmethod 4327 0x0000027218ce4510 code [0x0000027218ce46a0, 0x0000027218ce4778]
Event: 4.579 Thread 0x000002722987d020 4328       1       jdk.internal.module.SystemModuleFinders$2::get (5 bytes)
Event: 4.579 Thread 0x0000027228872660 4329       1       jdk.internal.module.SystemModuleFinders$SystemModuleReader::<init> (14 bytes)
Event: 4.579 Thread 0x0000027228a98630 4330       1       jdk.internal.module.SystemModuleFinders$2::get (16 bytes)
Event: 4.579 Thread 0x00000272293f45a0 4331   !   1       jdk.internal.module.SystemModuleFinders$SystemModuleReader::checkPermissionToConnect (38 bytes)
Event: 4.579 Thread 0x0000027228872660 nmethod 4329 0x0000027218ce4810 code [0x0000027218ce49a0, 0x0000027218ce4ae8]
Event: 4.579 Thread 0x000002722987d020 nmethod 4328 0x0000027218ce4b90 code [0x0000027218ce4d20, 0x0000027218ce4ec8]
Event: 4.579 Thread 0x0000027228a98630 nmethod 4330 0x0000027218ce4f90 code [0x0000027218ce5120, 0x0000027218ce52c8]
Event: 4.579 Thread 0x0000027228872660 4332   !   1       jdk.internal.module.ModuleReferenceImpl::open (19 bytes)
Event: 4.580 Thread 0x00000272293f45a0 nmethod 4331 0x0000027218ce5390 code [0x0000027218ce5560, 0x0000027218ce5788]
Event: 4.580 Thread 0x0000027228872660 nmethod 4332 0x0000027218ce5990 code [0x0000027218ce5b40, 0x0000027218ce5cd8]
Event: 4.581 Thread 0x0000027228872660 4333       1       java.util.concurrent.ConcurrentHashMap::helpTransfer (123 bytes)
Event: 4.581 Thread 0x0000027228872660 nmethod 4333 0x0000027218ce5e10 code [0x0000027218ce5fc0, 0x0000027218ce6278]

GC Heap History (20 events):
Event: 3.935 GC heap after
{Heap after GC invocations=15 (full 0):
 garbage-first heap   total 141312K, used 47375K [0x0000000701e00000, 0x0000000800000000)
  region size 2048K, 2 young (4096K), 2 survivors (4096K)
 Metaspace       used 38858K, committed 39296K, reserved 1089536K
  class space    used 4979K, committed 5184K, reserved 1048576K
}
Event: 4.177 GC heap before
{Heap before GC invocations=16 (full 0):
 garbage-first heap   total 141312K, used 92431K [0x0000000701e00000, 0x0000000800000000)
  region size 2048K, 24 young (49152K), 2 survivors (4096K)
 Metaspace       used 40043K, committed 40512K, reserved 1089536K
  class space    used 5124K, committed 5312K, reserved 1048576K
}
Event: 4.187 GC heap after
{Heap after GC invocations=17 (full 0):
 garbage-first heap   total 141312K, used 54986K [0x0000000701e00000, 0x0000000800000000)
  region size 2048K, 3 young (6144K), 3 survivors (6144K)
 Metaspace       used 40043K, committed 40512K, reserved 1089536K
  class space    used 5124K, committed 5312K, reserved 1048576K
}
Event: 4.288 GC heap before
{Heap before GC invocations=17 (full 0):
 garbage-first heap   total 141312K, used 93898K [0x0000000701e00000, 0x0000000800000000)
  region size 2048K, 23 young (47104K), 3 survivors (6144K)
 Metaspace       used 40167K, committed 40704K, reserved 1089536K
  class space    used 5140K, committed 5376K, reserved 1048576K
}
Event: 4.308 GC heap after
{Heap after GC invocations=18 (full 0):
 garbage-first heap   total 141312K, used 67255K [0x0000000701e00000, 0x0000000800000000)
  region size 2048K, 3 young (6144K), 3 survivors (6144K)
 Metaspace       used 40167K, committed 40704K, reserved 1089536K
  class space    used 5140K, committed 5376K, reserved 1048576K
}
Event: 4.318 GC heap before
{Heap before GC invocations=18 (full 0):
 garbage-first heap   total 141312K, used 97975K [0x0000000701e00000, 0x0000000800000000)
  region size 2048K, 19 young (38912K), 3 survivors (6144K)
 Metaspace       used 40203K, committed 40704K, reserved 1089536K
  class space    used 5147K, committed 5376K, reserved 1048576K
}
Event: 4.324 GC heap after
{Heap after GC invocations=19 (full 0):
 garbage-first heap   total 141312K, used 70266K [0x0000000701e00000, 0x0000000800000000)
  region size 2048K, 1 young (2048K), 1 survivors (2048K)
 Metaspace       used 40203K, committed 40704K, reserved 1089536K
  class space    used 5147K, committed 5376K, reserved 1048576K
}
Event: 4.333 GC heap before
{Heap before GC invocations=19 (full 0):
 garbage-first heap   total 141312K, used 100986K [0x0000000701e00000, 0x0000000800000000)
  region size 2048K, 17 young (34816K), 1 survivors (2048K)
 Metaspace       used 40277K, committed 40768K, reserved 1089536K
  class space    used 5153K, committed 5376K, reserved 1048576K
}
Event: 4.334 GC heap after
{Heap after GC invocations=20 (full 0):
 garbage-first heap   total 141312K, used 71102K [0x0000000701e00000, 0x0000000800000000)
  region size 2048K, 2 young (4096K), 2 survivors (4096K)
 Metaspace       used 40277K, committed 40768K, reserved 1089536K
  class space    used 5153K, committed 5376K, reserved 1048576K
}
Event: 4.344 GC heap before
{Heap before GC invocations=20 (full 0):
 garbage-first heap   total 141312K, used 103870K [0x0000000701e00000, 0x0000000800000000)
  region size 2048K, 19 young (38912K), 2 survivors (4096K)
 Metaspace       used 40277K, committed 40768K, reserved 1089536K
  class space    used 5153K, committed 5376K, reserved 1048576K
}
Event: 4.347 GC heap after
{Heap after GC invocations=21 (full 0):
 garbage-first heap   total 321536K, used 72695K [0x0000000701e00000, 0x0000000800000000)
  region size 2048K, 3 young (6144K), 3 survivors (6144K)
 Metaspace       used 40277K, committed 40768K, reserved 1089536K
  class space    used 5153K, committed 5376K, reserved 1048576K
}
Event: 4.421 GC heap before
{Heap before GC invocations=21 (full 0):
 garbage-first heap   total 358400K, used 214007K [0x0000000701e00000, 0x0000000800000000)
  region size 2048K, 73 young (149504K), 3 survivors (6144K)
 Metaspace       used 40277K, committed 40768K, reserved 1089536K
  class space    used 5153K, committed 5376K, reserved 1048576K
}
Event: 4.428 GC heap after
{Heap after GC invocations=22 (full 0):
 garbage-first heap   total 358400K, used 78799K [0x0000000701e00000, 0x0000000800000000)
  region size 2048K, 6 young (12288K), 6 survivors (12288K)
 Metaspace       used 40277K, committed 40768K, reserved 1089536K
  class space    used 5153K, committed 5376K, reserved 1048576K
}
Event: 4.494 GC heap before
{Heap before GC invocations=23 (full 0):
 garbage-first heap   total 358400K, used 273359K [0x0000000701e00000, 0x0000000800000000)
  region size 2048K, 102 young (208896K), 6 survivors (12288K)
 Metaspace       used 40278K, committed 40768K, reserved 1089536K
  class space    used 5153K, committed 5376K, reserved 1048576K
}
Event: 4.502 GC heap after
{Heap after GC invocations=24 (full 0):
 garbage-first heap   total 358400K, used 85841K [0x0000000701e00000, 0x0000000800000000)
  region size 2048K, 9 young (18432K), 9 survivors (18432K)
 Metaspace       used 40278K, committed 40768K, reserved 1089536K
  class space    used 5153K, committed 5376K, reserved 1048576K
}
Event: 4.504 GC heap before
{Heap before GC invocations=24 (full 0):
 garbage-first heap   total 358400K, used 87889K [0x0000000701e00000, 0x0000000800000000)
  region size 2048K, 11 young (22528K), 9 survivors (18432K)
 Metaspace       used 40278K, committed 40768K, reserved 1089536K
  class space    used 5153K, committed 5376K, reserved 1048576K
}
Event: 4.516 GC heap after
{Heap after GC invocations=25 (full 0):
 garbage-first heap   total 358400K, used 87382K [0x0000000701e00000, 0x0000000800000000)
  region size 2048K, 2 young (4096K), 2 survivors (4096K)
 Metaspace       used 40278K, committed 40768K, reserved 1089536K
  class space    used 5153K, committed 5376K, reserved 1048576K
}
Event: 4.556 GC heap before
{Heap before GC invocations=25 (full 0):
 garbage-first heap   total 358400K, used 277846K [0x0000000701e00000, 0x0000000800000000)
  region size 2048K, 96 young (196608K), 2 survivors (4096K)
 Metaspace       used 40278K, committed 40768K, reserved 1089536K
  class space    used 5153K, committed 5376K, reserved 1048576K
}
Event: 4.560 GC heap after
{Heap after GC invocations=26 (full 0):
 garbage-first heap   total 358400K, used 92984K [0x0000000701e00000, 0x0000000800000000)
  region size 2048K, 5 young (10240K), 5 survivors (10240K)
 Metaspace       used 40278K, committed 40768K, reserved 1089536K
  class space    used 5153K, committed 5376K, reserved 1048576K
}
Event: 4.616 GC heap before
{Heap before GC invocations=26 (full 0):
 garbage-first heap   total 358400K, used 283448K [0x0000000701e00000, 0x0000000800000000)
  region size 2048K, 99 young (202752K), 5 survivors (10240K)
 Metaspace       used 40278K, committed 40768K, reserved 1089536K
  class space    used 5153K, committed 5376K, reserved 1048576K
}

Dll operation events (8 events):
Event: 0.009 Loaded shared library c:\Users\OMEN\.vscode\extensions\redhat.java-1.14.0-win32-x64\jre\17.0.5-win32-x86_64\bin\java.dll
Event: 0.240 Loaded shared library C:\Users\OMEN\.vscode\extensions\redhat.java-1.14.0-win32-x64\jre\17.0.5-win32-x86_64\bin\net.dll
Event: 0.242 Loaded shared library C:\Users\OMEN\.vscode\extensions\redhat.java-1.14.0-win32-x64\jre\17.0.5-win32-x86_64\bin\nio.dll
Event: 0.250 Loaded shared library C:\Users\OMEN\.vscode\extensions\redhat.java-1.14.0-win32-x64\jre\17.0.5-win32-x86_64\bin\zip.dll
Event: 0.403 Loaded shared library C:\Users\OMEN\.vscode\extensions\redhat.java-1.14.0-win32-x64\jre\17.0.5-win32-x86_64\bin\jimage.dll
Event: 0.539 Loaded shared library c:\Users\OMEN\.vscode\extensions\redhat.java-1.14.0-win32-x64\jre\17.0.5-win32-x86_64\bin\verify.dll
Event: 3.149 Loaded shared library C:\Users\OMEN\.vscode\extensions\redhat.java-1.14.0-win32-x64\jre\17.0.5-win32-x86_64\bin\management.dll
Event: 3.152 Loaded shared library C:\Users\OMEN\.vscode\extensions\redhat.java-1.14.0-win32-x64\jre\17.0.5-win32-x86_64\bin\management_ext.dll

Deoptimization events (10 events):
Event: 1.807 Thread 0x0000027213e98060 DEOPT PACKING pc=0x000002721888d779 sp=0x000000be73afd510
Event: 1.807 Thread 0x0000027213e98060 DEOPT UNPACKING pc=0x0000027218342b43 sp=0x000000be73afc9f0 mode 3
Event: 3.389 Thread 0x000002722a0dc940 DEOPT PACKING pc=0x0000027218aa606d sp=0x000000be75bfd2e0
Event: 3.390 Thread 0x000002722a0dc940 DEOPT UNPACKING pc=0x0000027218342b43 sp=0x000000be75bfc808 mode 3
Event: 3.505 Thread 0x000002722a1110d0 DEOPT PACKING pc=0x0000027218ac2213 sp=0x000000be75efe5b0
Event: 3.505 Thread 0x000002722a1110d0 DEOPT UNPACKING pc=0x0000027218342b43 sp=0x000000be75efdaf8 mode 3
Event: 3.520 Thread 0x0000027229cc68c0 DEOPT PACKING pc=0x0000027218893289 sp=0x000000be75afd690
Event: 3.520 Thread 0x0000027229cc68c0 DEOPT UNPACKING pc=0x0000027218342b43 sp=0x000000be75afcb20 mode 3
Event: 3.696 Thread 0x000002722a265080 DEOPT PACKING pc=0x000002721888c59f sp=0x000000be761fec60
Event: 3.696 Thread 0x000002722a265080 DEOPT UNPACKING pc=0x0000027218342b43 sp=0x000000be761fe0b8 mode 3

Classes unloaded (0 events):
No events

Classes redefined (0 events):
No events

Internal exceptions (20 events):
Event: 3.541 Thread 0x000002722a265080 Exception <a 'sun/nio/fs/WindowsException'{0x0000000705f1b638}> (0x0000000705f1b638) 
thrown [s\src\hotspot\share\prims\jni.cpp, line 516]
Event: 3.541 Thread 0x000002722a265080 Exception <a 'sun/nio/fs/WindowsException'{0x0000000705f1c048}> (0x0000000705f1c048) 
thrown [s\src\hotspot\share\prims\jni.cpp, line 516]
Event: 3.541 Thread 0x000002722a265080 Exception <a 'sun/nio/fs/WindowsException'{0x0000000705f1c420}> (0x0000000705f1c420) 
thrown [s\src\hotspot\share\prims\jni.cpp, line 516]
Event: 3.541 Thread 0x000002722a265080 Exception <a 'sun/nio/fs/WindowsException'{0x0000000705f1ce08}> (0x0000000705f1ce08) 
thrown [s\src\hotspot\share\prims\jni.cpp, line 516]
Event: 3.541 Thread 0x000002722a265080 Exception <a 'sun/nio/fs/WindowsException'{0x0000000705f1d1a8}> (0x0000000705f1d1a8) 
thrown [s\src\hotspot\share\prims\jni.cpp, line 516]
Event: 3.542 Thread 0x000002722a265080 Exception <a 'sun/nio/fs/WindowsException'{0x0000000705f1dba0}> (0x0000000705f1dba0) 
thrown [s\src\hotspot\share\prims\jni.cpp, line 516]
Event: 3.542 Thread 0x000002722a265080 Exception <a 'sun/nio/fs/WindowsException'{0x0000000705f1df58}> (0x0000000705f1df58) 
thrown [s\src\hotspot\share\prims\jni.cpp, line 516]
Event: 3.542 Thread 0x000002722a265080 Exception <a 'sun/nio/fs/WindowsException'{0x0000000705f1e940}> (0x0000000705f1e940) 
thrown [s\src\hotspot\share\prims\jni.cpp, line 516]
Event: 3.542 Thread 0x000002722a265080 Exception <a 'sun/nio/fs/WindowsException'{0x0000000705f1ece8}> (0x0000000705f1ece8) 
thrown [s\src\hotspot\share\prims\jni.cpp, line 516]
Event: 3.542 Thread 0x000002722a265080 Exception <a 'sun/nio/fs/WindowsException'{0x0000000705f1f6e0}> (0x0000000705f1f6e0) 
thrown [s\src\hotspot\share\prims\jni.cpp, line 516]
Event: 3.542 Thread 0x000002722a265080 Exception <a 'sun/nio/fs/WindowsException'{0x0000000705f1fa98}> (0x0000000705f1fa98) 
thrown [s\src\hotspot\share\prims\jni.cpp, line 516]
Event: 3.542 Thread 0x000002722a265080 Exception <a 'sun/nio/fs/WindowsException'{0x0000000705f204a8}> (0x0000000705f204a8) 
thrown [s\src\hotspot\share\prims\jni.cpp, line 516]
Event: 3.543 Thread 0x000002722a265080 Exception <a 'sun/nio/fs/WindowsException'{0x0000000705f20880}> (0x0000000705f20880) 
thrown [s\src\hotspot\share\prims\jni.cpp, line 516]
Event: 3.543 Thread 0x000002722a265080 Exception <a 'sun/nio/fs/WindowsException'{0x0000000705f212a8}> (0x0000000705f212a8) 
thrown [s\src\hotspot\share\prims\jni.cpp, line 516]
Event: 3.543 Thread 0x000002722a265080 Exception <a 'sun/nio/fs/WindowsException'{0x0000000705f21698}> (0x0000000705f21698) 
thrown [s\src\hotspot\share\prims\jni.cpp, line 516]
Event: 3.543 Thread 0x000002722a265080 Exception <a 'sun/nio/fs/WindowsException'{0x0000000705f220b8}> (0x0000000705f220b8) 
thrown [s\src\hotspot\share\prims\jni.cpp, line 516]
Event: 3.543 Thread 0x000002722a265080 Exception <a 'sun/nio/fs/WindowsException'{0x0000000705f224a0}> (0x0000000705f224a0) 
thrown [s\src\hotspot\share\prims\jni.cpp, line 516]
Event: 3.990 Thread 0x000002722a0dc940 Exception <a 'java/lang/NoSuchMethodError'{0x00000007099bdb50}: 'java.lang.Object java.lang.invoke.Invokers$Holder.invoke_MT(java.lang.Object, java.lang.Object, java.lang.Object)'> (0x00000007099bdb50) 
thrown [s\src\hotspot\share\interpreter\linkResolver.cpp, line 759]
Event: 4.081 Thread 0x000002722a0dc940 Exception <a 'java/lang/NoSuchMethodError'{0x00000007088c3478}: 'java.lang.Object java.lang.invoke.DirectMethodHandle$Holder.newInvokeSpecial(java.lang.Object, java.lang.Object, int)'> (0x00000007088c3478) 
thrown [s\src\hotspot\share\interpreter\linkResolver.cpp, line 759]
Event: 4.094 Thread 0x000002722d1dc400 Exception <a 'sun/nio/fs/WindowsException'{0x00000007089ea4b8}> (0x00000007089ea4b8) 
thrown [s\src\hotspot\share\prims\jni.cpp, line 516]

VM Operations (20 events):
Event: 4.418 Executing VM operation: G1Concurrent done
Event: 4.421 Executing VM operation: G1CollectForAllocation
Event: 4.429 Executing VM operation: G1CollectForAllocation done
Event: 4.459 Executing VM operation: G1Concurrent
Event: 4.460 Executing VM operation: G1Concurrent done
Event: 4.493 Executing VM operation: G1CollectForAllocation
Event: 4.493 Executing VM operation: G1CollectForAllocation done
Event: 4.493 Executing VM operation: G1CollectForAllocation
Event: 4.502 Executing VM operation: G1CollectForAllocation done
Event: 4.504 Executing VM operation: G1CollectForAllocation
Event: 4.504 Executing VM operation: G1CollectForAllocation done
Event: 4.504 Executing VM operation: G1CollectForAllocation
Event: 4.516 Executing VM operation: G1CollectForAllocation done
Event: 4.556 Executing VM operation: G1CollectForAllocation
Event: 4.556 Executing VM operation: G1CollectForAllocation done
Event: 4.556 Executing VM operation: G1CollectForAllocation
Event: 4.560 Executing VM operation: G1CollectForAllocation done
Event: 4.616 Executing VM operation: G1CollectForAllocation
Event: 4.616 Executing VM operation: G1CollectForAllocation done
Event: 4.616 Executing VM operation: G1CollectForAllocation

Events (20 events):
Event: 4.029 loading class java/nio/file/Files$3
Event: 4.029 loading class java/nio/file/Files$3 done
Event: 4.029 loading class java/nio/file/FileVisitResult
Event: 4.029 loading class java/nio/file/FileVisitResult done
Event: 4.057 loading class java/nio/channels/Channels$ReadableByteChannelImpl
Event: 4.057 loading class java/nio/channels/Channels$ReadableByteChannelImpl done
Event: 4.057 loading class java/nio/channels/NonWritableChannelException
Event: 4.057 loading class java/nio/channels/NonWritableChannelException done
Event: 4.079 loading class java/util/WeakHashMap$EntrySet
Event: 4.079 loading class java/util/WeakHashMap$EntrySet done
Event: 4.079 loading class java/util/WeakHashMap$EntryIterator
Event: 4.079 loading class java/util/WeakHashMap$HashIterator
Event: 4.079 loading class java/util/WeakHashMap$HashIterator done
Event: 4.079 loading class java/util/WeakHashMap$EntryIterator done
Event: 4.081 Thread 0x000002722d1dc400 Thread added: 0x000002722d1dc400
Event: 4.083 Thread 0x000002722d1dc8d0 Thread added: 0x000002722d1dc8d0
Event: 4.090 loading class sun/security/provider/MD5
Event: 4.090 loading class sun/security/provider/MD5 done
Event: 4.090 loading class sun/security/provider/ByteArrayAccess$LE
Event: 4.090 loading class sun/security/provider/ByteArrayAccess$LE done


Dynamic libraries:
0x00007ff633710000 - 0x00007ff63371e000 	c:\Users\OMEN\.vscode\extensions\redhat.java-1.14.0-win32-x64\jre\17.0.5-win32-x86_64\bin\java.exe
0x00007ff948350000 - 0x00007ff948548000 	C:\Windows\SYSTEM32\ntdll.dll
0x00007ff946960000 - 0x00007ff946a1f000 	C:\Windows\System32\KERNEL32.DLL
0x00007ff945fe0000 - 0x00007ff9462b2000 	C:\Windows\System32\KERNELBASE.dll
0x00007ff945e90000 - 0x00007ff945f90000 	C:\Windows\System32\ucrtbase.dll
0x00007ff930390000 - 0x00007ff9303a9000 	c:\Users\OMEN\.vscode\extensions\redhat.java-1.14.0-win32-x64\jre\17.0.5-win32-x86_64\bin\VCRUNTIME140.dll
0x00007ff930620000 - 0x00007ff930637000 	c:\Users\OMEN\.vscode\extensions\redhat.java-1.14.0-win32-x64\jre\17.0.5-win32-x86_64\bin\jli.dll
0x00007ff9464d0000 - 0x00007ff946671000 	C:\Windows\System32\USER32.dll
0x00007ff9272b0000 - 0x00007ff92754a000 	C:\Windows\WinSxS\amd64_microsoft.windows.common-controls_6595b64144ccf1df_6.0.19041.1110_none_60b5254171f9507e\COMCTL32.dll
0x00007ff9462c0000 - 0x00007ff9462e2000 	C:\Windows\System32\win32u.dll
0x00007ff947540000 - 0x00007ff9475de000 	C:\Windows\System32\msvcrt.dll
0x00007ff9470a0000 - 0x00007ff9470cb000 	C:\Windows\System32\GDI32.dll
0x00007ff945ad0000 - 0x00007ff945bdf000 	C:\Windows\System32\gdi32full.dll
0x00007ff9462f0000 - 0x00007ff94638d000 	C:\Windows\System32\msvcp_win.dll
0x00007ff946490000 - 0x00007ff9464c2000 	C:\Windows\System32\IMM32.DLL
0x00007ff9403c0000 - 0x00007ff9403cc000 	c:\Users\OMEN\.vscode\extensions\redhat.java-1.14.0-win32-x64\jre\17.0.5-win32-x86_64\bin\vcruntime140_1.dll
0x00007ff8d6140000 - 0x00007ff8d61d1000 	c:\Users\OMEN\.vscode\extensions\redhat.java-1.14.0-win32-x64\jre\17.0.5-win32-x86_64\bin\msvcp140.dll
0x00007ff8c6430000 - 0x00007ff8c7074000 	c:\Users\OMEN\.vscode\extensions\redhat.java-1.14.0-win32-x64\jre\17.0.5-win32-x86_64\bin\server\jvm.dll
0x00007ff946a20000 - 0x00007ff946ace000 	C:\Windows\System32\ADVAPI32.dll
0x00007ff9480e0000 - 0x00007ff94817c000 	C:\Windows\System32\sechost.dll
0x00007ff946830000 - 0x00007ff946955000 	C:\Windows\System32\RPCRT4.dll
0x00007ff93edb0000 - 0x00007ff93edba000 	C:\Windows\SYSTEM32\VERSION.dll
0x00007ff92c3b0000 - 0x00007ff92c3b9000 	C:\Windows\SYSTEM32\WSOCK32.dll
0x00007ff928380000 - 0x00007ff9283a7000 	C:\Windows\SYSTEM32\WINMM.dll
0x00007ff9467c0000 - 0x00007ff94682b000 	C:\Windows\System32\WS2_32.dll
0x00007ff944250000 - 0x00007ff944262000 	C:\Windows\SYSTEM32\kernel.appcore.dll
0x00007ff93ff30000 - 0x00007ff93ff3a000 	c:\Users\OMEN\.vscode\extensions\redhat.java-1.14.0-win32-x64\jre\17.0.5-win32-x86_64\bin\jimage.dll
0x00007ff9437a0000 - 0x00007ff943984000 	C:\Windows\SYSTEM32\DBGHELP.DLL
0x00007ff930f70000 - 0x00007ff930fa5000 	C:\Windows\SYSTEM32\dbgcore.DLL
0x00007ff945a40000 - 0x00007ff945ac2000 	C:\Windows\System32\bcryptPrimitives.dll
0x00007ff927b40000 - 0x00007ff927b65000 	c:\Users\OMEN\.vscode\extensions\redhat.java-1.14.0-win32-x64\jre\17.0.5-win32-x86_64\bin\java.dll
0x00007ff9264c0000 - 0x00007ff9264d8000 	c:\Users\OMEN\.vscode\extensions\redhat.java-1.14.0-win32-x64\jre\17.0.5-win32-x86_64\bin\zip.dll
0x00007ff947870000 - 0x00007ff947fb4000 	C:\Windows\System32\SHELL32.dll
0x00007ff943aa0000 - 0x00007ff944232000 	C:\Windows\SYSTEM32\windows.storage.dll
0x00007ff946c70000 - 0x00007ff946fc5000 	C:\Windows\System32\combase.dll
0x00007ff945350000 - 0x00007ff945380000 	C:\Windows\SYSTEM32\Wldp.dll
0x00007ff946bc0000 - 0x00007ff946c6d000 	C:\Windows\System32\SHCORE.dll
0x00007ff946760000 - 0x00007ff9467b5000 	C:\Windows\System32\shlwapi.dll
0x00007ff945980000 - 0x00007ff94599f000 	C:\Windows\SYSTEM32\profapi.dll
0x00007ff924750000 - 0x00007ff924769000 	C:\Users\OMEN\.vscode\extensions\redhat.java-1.14.0-win32-x64\jre\17.0.5-win32-x86_64\bin\net.dll
0x00007ff939320000 - 0x00007ff93942c000 	C:\Windows\SYSTEM32\WINHTTP.dll
0x00007ff945130000 - 0x00007ff94519a000 	C:\Windows\system32\mswsock.dll
0x00007ff9246c0000 - 0x00007ff9246d5000 	C:\Users\OMEN\.vscode\extensions\redhat.java-1.14.0-win32-x64\jre\17.0.5-win32-x86_64\bin\nio.dll
0x00007ff930fb0000 - 0x00007ff930fc0000 	c:\Users\OMEN\.vscode\extensions\redhat.java-1.14.0-win32-x64\jre\17.0.5-win32-x86_64\bin\verify.dll
0x00007ff945400000 - 0x00007ff945418000 	C:\Windows\SYSTEM32\CRYPTSP.dll
0x00007ff944a00000 - 0x00007ff944a34000 	C:\Windows\system32\rsaenh.dll
0x00007ff945be0000 - 0x00007ff945c07000 	C:\Windows\System32\bcrypt.dll
0x00007ff945940000 - 0x00007ff94596e000 	C:\Windows\SYSTEM32\USERENV.dll
0x00007ff9452c0000 - 0x00007ff9452cc000 	C:\Windows\SYSTEM32\CRYPTBASE.dll
0x00007ff944dd0000 - 0x00007ff944e0b000 	C:\Windows\SYSTEM32\IPHLPAPI.DLL
0x00007ff946480000 - 0x00007ff946488000 	C:\Windows\System32\NSI.dll
0x00007ff93aa30000 - 0x00007ff93aa47000 	C:\Windows\SYSTEM32\dhcpcsvc6.DLL
0x00007ff93b7e0000 - 0x00007ff93b7fd000 	C:\Windows\SYSTEM32\dhcpcsvc.DLL
0x00007ff944e10000 - 0x00007ff944eda000 	C:\Windows\SYSTEM32\DNSAPI.dll
0x00007ff942d70000 - 0x00007ff942d79000 	C:\Users\OMEN\.vscode\extensions\redhat.java-1.14.0-win32-x64\jre\17.0.5-win32-x86_64\bin\management.dll
0x00007ff9305a0000 - 0x00007ff9305ab000 	C:\Users\OMEN\.vscode\extensions\redhat.java-1.14.0-win32-x64\jre\17.0.5-win32-x86_64\bin\management_ext.dll
0x00007ff947090000 - 0x00007ff947098000 	C:\Windows\System32\PSAPI.DLL

dbghelp: loaded successfully - version: 4.0.5 - missing functions: none
symbol engine: initialized successfully - sym options: 0x614 - pdb path: .;c:\Users\OMEN\.vscode\extensions\redhat.java-1.14.0-win32-x64\jre\17.0.5-win32-x86_64\bin;C:\Windows\SYSTEM32;C:\Windows\WinSxS\amd64_microsoft.windows.common-controls_6595b64144ccf1df_6.0.19041.1110_none_60b5254171f9507e;c:\Users\OMEN\.vscode\extensions\redhat.java-1.14.0-win32-x64\jre\17.0.5-win32-x86_64\bin\server

VM Arguments:
jvm_args: -Dsts.lsp.client=vscode -Dsts.log.file=/dev/null -XX:TieredStopAtLevel=1 -Xlog:jni+resolve=off -Dspring.config.location=file:c:\Users\OMEN\.vscode\extensions\pivotal.vscode-spring-boot-1.43.0\language-server\BOOT-INF\classes\application.properties 
java_command: org.springframework.ide.vscode.boot.app.BootLanguageServerBootApp
java_class_path (initial): c:\Users\OMEN\.vscode\extensions\pivotal.vscode-spring-boot-1.43.0\language-server\BOOT-INF\classes;c:\Users\OMEN\.vscode\extensions\pivotal.vscode-spring-boot-1.43.0\language-server\BOOT-INF\lib\annotations-23.1.0.jar;c:\Users\OMEN\.vscode\extensions\pivotal.vscode-spring-boot-1.43.0\language-server\BOOT-INF\lib\ant-1.10.12.jar;c:\Users\OMEN\.vscode\extensions\pivotal.vscode-spring-boot-1.43.0\language-server\BOOT-INF\lib\ant-launcher-1.10.12.jar;c:\Users\OMEN\.vscode\extensions\pivotal.vscode-spring-boot-1.43.0\language-server\BOOT-INF\lib\antlr-runtime-3.5.2.jar;c:\Users\OMEN\.vscode\extensions\pivotal.vscode-spring-boot-1.43.0\language-server\BOOT-INF\lib\antlr4-4.9.3.jar;c:\Users\OMEN\.vscode\extensions\pivotal.vscode-spring-boot-1.43.0\language-server\BOOT-INF\lib\antlr4-runtime-4.9.3.jar;c:\Users\OMEN\.vscode\extensions\pivotal.vscode-spring-boot-1.43.0\language-server\BOOT-INF\lib\apiguardian-api-1.1.2.jar;c:\Users\OMEN\.vscode\extensions\pivotal.vscode-spring-boot-1.43.0\language-server\BOOT-INF\lib\asm-9.4.jar;c:\Users\OMEN\.vscode\extensions\pivotal.vscode-spring-boot-1.43.0\language-server\BOOT-INF\lib\asm-analysis-9.4.jar;c:\Users\OMEN\.vscode\extensions\pivotal.vscode-spring-boot-1.43.0\language-server\BOOT-INF\lib\asm-tree-9.4.jar;c:\Users\OMEN\.vscode\extensions\pivotal.vscode-spring-boot-1.43.0\language-server\BOOT-INF\lib\asm-util-9.4.jar;c:\Users\OMEN\.vscode\extensions\pivotal.vscode-spring-boot-1.43.0\language-server\BOOT-INF\lib\caffeine-3.1.2.jar;c:\Users\OMEN\.vscode\extensions\pivotal.vscode-spring-boot-1.43.0\language-server\BOOT-INF\lib\checker-qual-3.12.0.jar;c:\Users\OMEN\.vscode\extensions\pivotal.vscode-spring-boot-1.43.0\language-server\BOOT-INF\lib\ci-environment-9.1.0.jar;c:\Users\OMEN\.vscode\extensions\pivotal.vscode-spring-boot-1.43.0\language-server\BOOT-INF\lib\classgraph-4.8.149.jar;c:\Users\OMEN\.vscode\extensions\pivotal.vscode-spring-boot-1.43.0\language-server\BOOT-INF\lib\commons-codec-1.15.ja
Launcher Type: SUN_STANDARD

[Global flags]
     intx CICompilerCount                          = 4                                         {product} {ergonomic}
     uint ConcGCThreads                            = 2                                         {product} {ergonomic}
     uint G1ConcRefinementThreads                  = 8                                         {product} {ergonomic}
   size_t G1HeapRegionSize                         = 2097152                                   {product} {ergonomic}
    uintx GCDrainStackTargetSize                   = 64                                        {product} {ergonomic}
   size_t InitialHeapSize                          = 268435456                                 {product} {ergonomic}
   size_t MarkStackSize                            = 4194304                                   {product} {ergonomic}
   size_t MaxHeapSize                              = 4263510016                                {product} {ergonomic}
   size_t MaxNewSize                               = 2556428288                                {product} {ergonomic}
   size_t MinHeapDeltaBytes                        = 2097152                                   {product} {ergonomic}
   size_t MinHeapSize                              = 8388608                                   {product} {ergonomic}
    uintx NonProfiledCodeHeapSize                  = 0                                      {pd product} {ergonomic}
     bool ProfileInterpreter                       = false                                  {pd product} {command line}
    uintx ProfiledCodeHeapSize                     = 0                                      {pd product} {ergonomic}
   size_t SoftMaxHeapSize                          = 4263510016                             {manageable} {ergonomic}
     intx TieredStopAtLevel                        = 1                                         {product} {command line}
     bool UseCompressedClassPointers               = true                           {product lp64_product} {ergonomic}
     bool UseCompressedOops                        = true                           {product lp64_product} {ergonomic}
     bool UseG1GC                                  = true                                      {product} {ergonomic}
     bool UseLargePagesIndividualAllocation        = false                                  {pd product} {ergonomic}

Logging:
Log output configuration:
 #0: stdout all=warning,jni+resolve=off uptime,level,tags
 #1: stderr all=off uptime,level,tags

Environment Variables:
PATH=C:\Program Files\Eclipse Adoptium\jdk-17.0.6.10-hotspot\bin;C:\Windows\system32;C:\Windows;C:\Windows\System32\Wbem;C:\Windows\System32\WindowsPowerShell\v1.0\;C:\Windows\System32\OpenSSH\;C:\Program Files (x86)\NVIDIA Corporation\PhysX\Common;C:\Program Files\NVIDIA Corporation\NVIDIA NvDLISR;C:\Program Files\Git\cmd;C:\ProgramData\ComposerSetup\bin;C:\Program Files\Docker\Docker\resources\bin;C:\Users\OMEN\AppData\Local\Microsoft\WindowsApps;C:\Users\OMEN\AppData\Local\Programs\Microsoft VS Code\bin;C:\Users\OMEN\AppData\Local\GitHubDesktop\bin;C:\Program Files\php-8.2.1;C:\Users\OMEN\AppData\Roaming\Composer\vendor\bin
USERNAME=OMEN
OS=Windows_NT
PROCESSOR_IDENTIFIER=Intel64 Family 6 Model 158 Stepping 9, GenuineIntel
TMP=C:\Users\OMEN\AppData\Local\Temp
TEMP=C:\Users\OMEN\AppData\Local\Temp



---------------  S Y S T E M  ---------------

OS:
 Windows 10 , 64 bit Build 19041 (10.0.19041.2364)
OS uptime: 5 days 20:16 hours
Hyper-V role detected

CPU: total 8 (initial active 8) (4 cores per cpu, 2 threads per core) family 6 model 158 stepping 9 microcode 0xea, cx8, cmov, fxsr, ht, mmx, 3dnowpref, sse, sse2, sse3, ssse3, sse4.1, sse4.2, popcnt, lzcnt, tsc, tscinvbit, avx, avx2, aes, erms, clmul, bmi1, bmi2, adx, fma, vzeroupper, clflush, clflushopt, hv

Memory: 4k page, system-wide physical 16263M (612M free)
TotalPageFile size 46617M (AvailPageFile size 230M)
current process WorkingSet (physical memory assigned to process): 484M, peak: 484M
current process commit charge ("private bytes"): 508M, peak: 1208M

vm_info: OpenJDK 64-Bit Server VM (17.0.5+8) for windows-amd64 JRE (17.0.5+8), built on Oct 19 2022 04:48:13 by "temurin" with MS VC++ 16.7 (VS2019)

END.
