#
# There is insufficient memory for the Java Runtime Environment to continue.
# Native memory allocation (malloc) failed to allocate 2097152 bytes for AllocateHeap
# Possible reasons:
#   The system is out of physical RAM or swap space
#   The process is running with CompressedOops enabled, and the Java Heap may be blocking the growth of the native heap
# Possible solutions:
#   Reduce memory load on the system
#   Increase physical memory or swap space
#   Check if swap backing store is full
#   Decrease Java heap size (-Xmx/-Xms)
#   Decrease number of Java threads
#   Decrease Java thread stack sizes (-Xss)
#   Set larger code cache with -XX:ReservedCodeCacheSize=
#   JVM is running with Zero Based Compressed Oops mode in which the Java heap is
#     placed in the first 32GB address space. The Java Heap base address is the
#     maximum limit for the native heap growth. Please use -XX:HeapBaseMinAddress
#     to set the Java Heap base and to place the Java Heap above 32GB virtual address.
# This output file may be truncated or incomplete.
#
#  Out of Memory Error (allocation.cpp:44), pid=25468, tid=25868
#
# JRE version: OpenJDK Runtime Environment Temurin-17.0.5+8 (17.0.5+8) (build 17.0.5+8)
# Java VM: OpenJDK 64-Bit Server VM Temurin-17.0.5+8 (17.0.5+8, mixed mode, emulated-client, tiered, compressed oops, compressed class ptrs, g1 gc, windows-amd64)
# No core dump will be written. Minidumps are not enabled by default on client versions of Windows
#

---------------  S U M M A R Y ------------

Command Line: -Dsts.lsp.client=vscode -Dsts.log.file=/dev/null -XX:TieredStopAtLevel=1 -Xlog:jni+resolve=off -Dspring.config.location=file:c:\Users\OMEN\.vscode\extensions\pivotal.vscode-spring-boot-1.43.0\language-server\BOOT-INF\classes\application.properties org.springframework.ide.vscode.boot.app.BootLanguageServerBootApp

Host: Intel(R) Core(TM) i7-7700HQ CPU @ 2.80GHz, 8 cores, 15G,  Windows 10 , 64 bit Build 19041 (10.0.19041.2364)
Time: Tue Jan 31 18:04:51 2023 Middle East Standard Time elapsed time: 157857.381539 seconds (1d 19h 50m 57s)

---------------  T H R E A D  ---------------

Current thread (0x000001f540bce620):  VMThread "VM Thread" [stack: 0x0000004f71d00000,0x0000004f71e00000] [id=25868]

Stack: [0x0000004f71d00000,0x0000004f71e00000]
Native frames: (J=compiled Java code, j=interpreted, Vv=VM code, C=native code)
V  [jvm.dll+0x676b3a]
V  [jvm.dll+0x831444]
V  [jvm.dll+0x832bee]
V  [jvm.dll+0x833253]
V  [jvm.dll+0x244ce5]
V  [jvm.dll+0xa631f]
V  [jvm.dll+0x2f4f91]
V  [jvm.dll+0x2f0c10]
V  [jvm.dll+0x2d92f7]
V  [jvm.dll+0x31c3b7]
V  [jvm.dll+0x8376fb]
V  [jvm.dll+0x838434]
V  [jvm.dll+0x83894c]
V  [jvm.dll+0x838d24]
V  [jvm.dll+0x838df0]
V  [jvm.dll+0x7e17ea]
V  [jvm.dll+0x6759e5]
C  [ucrtbase.dll+0x21bb2]
C  [KERNEL32.DLL+0x17614]
C  [ntdll.dll+0x526a1]

VM_Operation (0x0000004f726feb00): G1CollectFull, mode: safepoint, requested by thread 0x000001f542319ae0


---------------  P R O C E S S  ---------------

Threads class SMR info:
_java_thread_list=0x000001f542f364e0, length=26, elements={
0x000001f541439750, 0x000001f54143a4d0, 0x000001f54146a810, 0x000001f54146b390,
0x000001f54146d060, 0x000001f54146d920, 0x000001f54146e290, 0x000001f54146eb90,
0x000001f54168a2c0, 0x000001f54169ac10, 0x000001f542025040, 0x000001f542319ae0,
0x000001f542462070, 0x000001f52cc63420, 0x000001f542462940, 0x000001f542494560,
0x000001f5425a6c20, 0x000001f5425a70f0, 0x000001f542597060, 0x000001f542377520,
0x000001f542e606c0, 0x000001f542e5d6a0, 0x000001f542e60b90, 0x000001f542e61a00,
0x000001f542e63bb0, 0x000001f542e64080
}

Java Threads: ( => current thread )
  0x000001f541439750 JavaThread "Reference Handler" daemon [_thread_blocked, id=14480, stack(0x0000004f71e00000,0x0000004f71f00000)]
  0x000001f54143a4d0 JavaThread "Finalizer" daemon [_thread_blocked, id=13800, stack(0x0000004f71f00000,0x0000004f72000000)]
  0x000001f54146a810 JavaThread "Signal Dispatcher" daemon [_thread_blocked, id=26548, stack(0x0000004f72000000,0x0000004f72100000)]
  0x000001f54146b390 JavaThread "Attach Listener" daemon [_thread_blocked, id=29904, stack(0x0000004f72100000,0x0000004f72200000)]
  0x000001f54146d060 JavaThread "Service Thread" daemon [_thread_blocked, id=31540, stack(0x0000004f72200000,0x0000004f72300000)]
  0x000001f54146d920 JavaThread "Monitor Deflation Thread" daemon [_thread_blocked, id=25076, stack(0x0000004f72300000,0x0000004f72400000)]
  0x000001f54146e290 JavaThread "C1 CompilerThread0" daemon [_thread_blocked, id=25208, stack(0x0000004f72400000,0x0000004f72500000)]
  0x000001f54146eb90 JavaThread "Sweeper thread" daemon [_thread_blocked, id=28816, stack(0x0000004f72500000,0x0000004f72600000)]
  0x000001f54168a2c0 JavaThread "Notification Thread" daemon [_thread_blocked, id=29688, stack(0x0000004f72700000,0x0000004f72800000)]
  0x000001f54169ac10 JavaThread "Common-Cleaner" daemon [_thread_blocked, id=26876, stack(0x0000004f72900000,0x0000004f72a00000)]
  0x000001f542025040 JavaThread "boundedElastic-evictor-1" daemon [_thread_blocked, id=24288, stack(0x0000004f71500000,0x0000004f71600000)]
  0x000001f542319ae0 JavaThread "pool-11-thread-1" [_thread_blocked, id=24248, stack(0x0000004f72600000,0x0000004f72700000)]
  0x000001f542462070 JavaThread "LanguageServerApp-lifecycle" [_thread_blocked, id=1564, stack(0x0000004f72a00000,0x0000004f72b00000)]
  0x000001f52cc63420 JavaThread "DestroyJavaVM" [_thread_blocked, id=1220, stack(0x0000004f71700000,0x0000004f71800000)]
  0x000001f542462940 JavaThread "pool-12-thread-1" [_thread_in_native, id=32424, stack(0x0000004f73000000,0x0000004f73100000)]
  0x000001f542494560 JavaThread "Simple-Language-Server main thread" daemon [_thread_blocked, id=32308, stack(0x0000004f73300000,0x0000004f73400000)]
  0x000001f5425a6c20 JavaThread "pool-8-thread-1" [_thread_blocked, id=28380, stack(0x0000004f73500000,0x0000004f73600000)]
  0x000001f5425a70f0 JavaThread "parallel-1" daemon [_thread_blocked, id=13744, stack(0x0000004f73600000,0x0000004f73700000)]
  0x000001f542597060 JavaThread "Reconciler-1" daemon [_thread_blocked, id=4304, stack(0x0000004f73800000,0x0000004f73900000)]
  0x000001f542377520 JavaThread "parallel-2" daemon [_thread_blocked, id=9904, stack(0x0000004f73900000,0x0000004f73a00000)]
  0x000001f542e606c0 JavaThread "pool-6-thread-1" [_thread_blocked, id=10720, stack(0x0000004f74b00000,0x0000004f74c00000)]
  0x000001f542e5d6a0 JavaThread "pool-10-thread-1" [_thread_blocked, id=12476, stack(0x0000004f74c00000,0x0000004f74d00000)]
  0x000001f542e60b90 JavaThread "pool-10-thread-2" [_thread_blocked, id=6524, stack(0x0000004f74d00000,0x0000004f74e00000)]
  0x000001f542e61a00 JavaThread "parallel-3" daemon [_thread_blocked, id=26968, stack(0x0000004f73e00000,0x0000004f73f00000)]
  0x000001f542e63bb0 JavaThread "parallel-4" daemon [_thread_blocked, id=24932, stack(0x0000004f74000000,0x0000004f74100000)]
  0x000001f542e64080 JavaThread "pool-10-thread-3" [_thread_blocked, id=12596, stack(0x0000004f73d00000,0x0000004f73e00000)]

Other Threads:
=>0x000001f540bce620 VMThread "VM Thread" [stack: 0x0000004f71d00000,0x0000004f71e00000] [id=25868]
  0x000001f54168a790 WatcherThread [stack: 0x0000004f72800000,0x0000004f72900000] [id=25752]
  0x000001f52ccd2a90 GCTaskThread "GC Thread#0" [stack: 0x0000004f71800000,0x0000004f71900000] [id=2348]
  0x000001f5420ec470 GCTaskThread "GC Thread#1" [stack: 0x0000004f72b00000,0x0000004f72c00000] [id=10180]
  0x000001f5420ec720 GCTaskThread "GC Thread#2" [stack: 0x0000004f72c00000,0x0000004f72d00000] [id=13992]
  0x000001f5420ec9d0 GCTaskThread "GC Thread#3" [stack: 0x0000004f72d00000,0x0000004f72e00000] [id=32080]
  0x000001f5420ecc80 GCTaskThread "GC Thread#4" [stack: 0x0000004f72e00000,0x0000004f72f00000] [id=27780]
  0x000001f5420ecf30 GCTaskThread "GC Thread#5" [stack: 0x0000004f72f00000,0x0000004f73000000] [id=23280]
  0x000001f54208e850 GCTaskThread "GC Thread#6" [stack: 0x0000004f73100000,0x0000004f73200000] [id=6716]
  0x000001f542006aa0 GCTaskThread "GC Thread#7" [stack: 0x0000004f73200000,0x0000004f73300000] [id=12364]
  0x000001f52cce36f0 ConcurrentGCThread "G1 Main Marker" [stack: 0x0000004f71900000,0x0000004f71a00000] [id=13052]
  0x000001f52cce4010 ConcurrentGCThread "G1 Conc#0" [stack: 0x0000004f71a00000,0x0000004f71b00000] [id=32040]
  0x000001f54278afe0 ConcurrentGCThread "G1 Conc#1" [stack: 0x0000004f73400000,0x0000004f73500000] [id=11848]
  0x000001f52cd2e600 ConcurrentGCThread "G1 Refine#0" [stack: 0x0000004f71b00000,0x0000004f71c00000] [id=26940]
  0x000001f542b1e6d0 ConcurrentGCThread "G1 Refine#1" [stack: 0x0000004f74a00000,0x0000004f74b00000] [id=22716]
  0x000001f545e4b8e0 ConcurrentGCThread "G1 Refine#2" [stack: 0x0000004f74f00000,0x0000004f75000000] [id=4732]
  0x000001f545e4c740 ConcurrentGCThread "G1 Refine#3" [stack: 0x0000004f73c00000,0x0000004f73d00000] [id=28720]
  0x000001f545e4b320 ConcurrentGCThread "G1 Refine#4" [stack: 0x0000004f71400000,0x0000004f71500000] [id=27660]
  0x000001f540a5b120 ConcurrentGCThread "G1 Service" [stack: 0x0000004f71c00000,0x0000004f71d00000] [id=28196]

Threads with active compile tasks:

VM state: at safepoint (normal execution)

VM Mutex/Monitor currently owned by a thread:  ([mutex/lock_event])
[0x000001f52cb38b70] Threads_lock - owner thread: 0x000001f540bce620
[0x000001f52cc62a20] Heap_lock - owner thread: 0x000001f542319ae0

Heap address: 0x0000000701e00000, size: 4066 MB, Compressed Oops mode: Zero based, Oop shift amount: 3

CDS archive(s) not mapped
Compressed class space mapped at: 0x0000000800000000-0x0000000840000000, reserved size: 1073741824
Narrow klass base: 0x0000000800000000, Narrow klass shift: 0, Narrow klass range: 0x40000000

GC Precious Log:
 CPUs: 8 total, 8 available
 Memory: 16263M
 Large Page Support: Disabled
 NUMA Support: Disabled
 Compressed Oops: Enabled (Zero based)
 Heap Region Size: 2M
 Heap Min Capacity: 8M
 Heap Initial Capacity: 256M
 Heap Max Capacity: 4066M
 Pre-touch: Disabled
 Parallel Workers: 8
 Concurrent Workers: 2
 Concurrent Refinement Workers: 8
 Periodic GC: Disabled

Heap:
 garbage-first heap   total 131072K, used 37660K [0x0000000701e00000, 0x0000000800000000)
  region size 2048K, 1 young (2048K), 0 survivors (0K)
 Metaspace       used 61466K, committed 62080K, reserved 1105920K
  class space    used 8461K, committed 8704K, reserved 1048576K

Heap Regions: E=young(eden), S=young(survivor), O=old, HS=humongous(starts), HC=humongous(continues), CS=collection set, F=free, OA=open archive, CA=closed archive, TAMS=top-at-mark-start (previous, next)
|   0|0x0000000701e00000, 0x0000000702000000, 0x0000000702000000|100%| O|  |TAMS 0x0000000702000000, 0x0000000701e00000| Untracked 
|   1|0x0000000702000000, 0x0000000702200000, 0x0000000702200000|100%| O|  |TAMS 0x0000000702200000, 0x0000000702000000| Untracked 
|   2|0x0000000702200000, 0x0000000702400000, 0x0000000702400000|100%| O|  |TAMS 0x0000000702400000, 0x0000000702200000| Untracked 
|   3|0x0000000702400000, 0x0000000702600000, 0x0000000702600000|100%| O|  |TAMS 0x0000000702600000, 0x0000000702400000| Untracked 
|   4|0x0000000702600000, 0x00000007027ffff8, 0x0000000702800000| 99%| O|  |TAMS 0x00000007027ffff8, 0x0000000702600000| Untracked 
|   5|0x0000000702800000, 0x0000000702a00000, 0x0000000702a00000|100%| O|  |TAMS 0x0000000702a00000, 0x0000000702800000| Untracked 
|   6|0x0000000702a00000, 0x0000000702c00000, 0x0000000702c00000|100%| O|  |TAMS 0x0000000702c00000, 0x0000000702a00000| Untracked 
|   7|0x0000000702c00000, 0x0000000702dfffe8, 0x0000000702e00000| 99%| O|  |TAMS 0x0000000702dfffe8, 0x0000000702c00000| Untracked 
|   8|0x0000000702e00000, 0x0000000702fe5e00, 0x0000000703000000| 94%| O|  |TAMS 0x0000000702e00000, 0x0000000702e00000| Untracked 
|   9|0x0000000703000000, 0x00000007031ffff0, 0x0000000703200000| 99%| O|  |TAMS 0x00000007031ffff0, 0x0000000703000000| Untracked 
|  10|0x0000000703200000, 0x00000007033f5740, 0x0000000703400000| 97%| O|  |TAMS 0x00000007033f5740, 0x0000000703200000| Untracked 
|  11|0x0000000703400000, 0x00000007035fffe0, 0x0000000703600000| 99%| O|  |TAMS 0x00000007035fffe0, 0x0000000703400000| Untracked 
|  12|0x0000000703600000, 0x00000007037f45c0, 0x0000000703800000| 97%| O|  |TAMS 0x00000007037f45c0, 0x0000000703600000| Untracked 
|  13|0x0000000703800000, 0x00000007039023a0, 0x0000000703a00000| 50%| O|  |TAMS 0x0000000703800000, 0x0000000703800000| Untracked 
|  14|0x0000000703a00000, 0x0000000703a00068, 0x0000000703c00000|  0%| O|  |TAMS 0x0000000703a00000, 0x0000000703a00000| Untracked 
|  15|0x0000000703c00000, 0x0000000703e00000, 0x0000000703e00000|100%| O|  |TAMS 0x0000000703e00000, 0x0000000703c00000| Untracked 
|  16|0x0000000703e00000, 0x0000000703e00000, 0x0000000704000000|  0%| F|  |TAMS 0x0000000703e00000, 0x0000000703e00000| Untracked 
|  17|0x0000000704000000, 0x00000007041f7958, 0x0000000704200000| 98%| O|  |TAMS 0x00000007041f7958, 0x0000000704000000| Untracked 
|  18|0x0000000704200000, 0x0000000704200000, 0x0000000704400000|  0%| F|  |TAMS 0x0000000704200000, 0x0000000704200000| Untracked 
|  19|0x0000000704400000, 0x0000000704400000, 0x0000000704600000|  0%| F|  |TAMS 0x0000000704400000, 0x0000000704400000| Untracked 
|  20|0x0000000704600000, 0x0000000704600000, 0x0000000704800000|  0%| F|  |TAMS 0x0000000704600000, 0x0000000704600000| Untracked 
|  21|0x0000000704800000, 0x00000007049fd828, 0x0000000704a00000| 99%| O|  |TAMS 0x00000007049fd828, 0x0000000704800000| Untracked 
|  22|0x0000000704a00000, 0x0000000704a00000, 0x0000000704c00000|  0%| F|  |TAMS 0x0000000704a00000, 0x0000000704a00000| Untracked 
|  23|0x0000000704c00000, 0x0000000704c00000, 0x0000000704e00000|  0%| F|  |TAMS 0x0000000704c00000, 0x0000000704c00000| Untracked 
|  24|0x0000000704e00000, 0x0000000704e00000, 0x0000000705000000|  0%| F|  |TAMS 0x0000000704e00000, 0x0000000704e00000| Untracked 
|  25|0x0000000705000000, 0x0000000705000000, 0x0000000705200000|  0%| F|  |TAMS 0x0000000705000000, 0x0000000705000000| Untracked 
|  26|0x0000000705200000, 0x0000000705200000, 0x0000000705400000|  0%| F|  |TAMS 0x0000000705200000, 0x0000000705200000| Untracked 
|  27|0x0000000705400000, 0x0000000705400000, 0x0000000705600000|  0%| F|  |TAMS 0x0000000705400000, 0x0000000705400000| Untracked 
|  28|0x0000000705600000, 0x0000000705600000, 0x0000000705800000|  0%| F|  |TAMS 0x0000000705600000, 0x0000000705600000| Untracked 
|  29|0x0000000705800000, 0x0000000705a00000, 0x0000000705a00000|100%| O|  |TAMS 0x0000000705a00000, 0x0000000705800000| Untracked 
|  30|0x0000000705a00000, 0x0000000705c00000, 0x0000000705c00000|100%| O|  |TAMS 0x0000000705c00000, 0x0000000705a00000| Untracked 
|  31|0x0000000705c00000, 0x0000000705c00000, 0x0000000705e00000|  0%| F|  |TAMS 0x0000000705c00000, 0x0000000705c00000| Untracked 
|  32|0x0000000705e00000, 0x0000000705e00000, 0x0000000706000000|  0%| F|  |TAMS 0x0000000705e00000, 0x0000000705e00000| Untracked 
|  33|0x0000000706000000, 0x0000000706000000, 0x0000000706200000|  0%| F|  |TAMS 0x0000000706000000, 0x0000000706000000| Untracked 
|  34|0x0000000706200000, 0x0000000706200000, 0x0000000706400000|  0%| F|  |TAMS 0x0000000706200000, 0x0000000706200000| Untracked 
|  35|0x0000000706400000, 0x0000000706400000, 0x0000000706600000|  0%| F|  |TAMS 0x0000000706400000, 0x0000000706400000| Untracked 
|  36|0x0000000706600000, 0x0000000706600000, 0x0000000706800000|  0%| F|  |TAMS 0x0000000706600000, 0x0000000706600000| Untracked 
|  37|0x0000000706800000, 0x0000000706800000, 0x0000000706a00000|  0%| F|  |TAMS 0x0000000706800000, 0x0000000706800000| Untracked 
|  38|0x0000000706a00000, 0x0000000706a00000, 0x0000000706c00000|  0%| F|  |TAMS 0x0000000706a00000, 0x0000000706a00000| Untracked 
|  39|0x0000000706c00000, 0x0000000706c00000, 0x0000000706e00000|  0%| F|  |TAMS 0x0000000706c00000, 0x0000000706c00000| Untracked 
|  40|0x0000000706e00000, 0x0000000706e00000, 0x0000000707000000|  0%| F|  |TAMS 0x0000000706e00000, 0x0000000706e00000| Untracked 
|  41|0x0000000707000000, 0x0000000707000000, 0x0000000707200000|  0%| F|  |TAMS 0x0000000707000000, 0x0000000707000000| Untracked 
|  42|0x0000000707200000, 0x0000000707200000, 0x0000000707400000|  0%| F|  |TAMS 0x0000000707200000, 0x0000000707200000| Untracked 
|  43|0x0000000707400000, 0x0000000707400000, 0x0000000707600000|  0%| F|  |TAMS 0x0000000707400000, 0x0000000707400000| Untracked 
|  44|0x0000000707600000, 0x0000000707600000, 0x0000000707800000|  0%| F|  |TAMS 0x0000000707600000, 0x0000000707600000| Untracked 
|  45|0x0000000707800000, 0x0000000707800000, 0x0000000707a00000|  0%| F|  |TAMS 0x0000000707800000, 0x0000000707800000| Untracked 
|  46|0x0000000707a00000, 0x0000000707a00000, 0x0000000707c00000|  0%| F|  |TAMS 0x0000000707a00000, 0x0000000707a00000| Untracked 
|  47|0x0000000707c00000, 0x0000000707c00000, 0x0000000707e00000|  0%| F|  |TAMS 0x0000000707c00000, 0x0000000707c00000| Untracked 
|  48|0x0000000707e00000, 0x0000000707e00000, 0x0000000708000000|  0%| F|  |TAMS 0x0000000707e00000, 0x0000000707e00000| Untracked 
|  49|0x0000000708000000, 0x0000000708000000, 0x0000000708200000|  0%| F|  |TAMS 0x0000000708000000, 0x0000000708000000| Untracked 
|  50|0x0000000708200000, 0x0000000708200000, 0x0000000708400000|  0%| F|  |TAMS 0x0000000708200000, 0x0000000708200000| Untracked 
|  51|0x0000000708400000, 0x0000000708400000, 0x0000000708600000|  0%| F|  |TAMS 0x0000000708400000, 0x0000000708400000| Untracked 
|  52|0x0000000708600000, 0x0000000708600000, 0x0000000708800000|  0%| F|  |TAMS 0x0000000708600000, 0x0000000708600000| Untracked 
|  53|0x0000000708800000, 0x0000000708800000, 0x0000000708a00000|  0%| F|  |TAMS 0x0000000708800000, 0x0000000708800000| Untracked 
|  54|0x0000000708a00000, 0x0000000708a00000, 0x0000000708c00000|  0%| F|  |TAMS 0x0000000708a00000, 0x0000000708a00000| Untracked 
|  55|0x0000000708c00000, 0x0000000708c00000, 0x0000000708e00000|  0%| F|  |TAMS 0x0000000708c00000, 0x0000000708c00000| Untracked 
|  56|0x0000000708e00000, 0x0000000708e00000, 0x0000000709000000|  0%| F|  |TAMS 0x0000000708e00000, 0x0000000708e00000| Untracked 
|  57|0x0000000709000000, 0x0000000709000000, 0x0000000709200000|  0%| F|  |TAMS 0x0000000709000000, 0x0000000709000000| Untracked 
|  58|0x0000000709200000, 0x0000000709200000, 0x0000000709400000|  0%| F|  |TAMS 0x0000000709200000, 0x0000000709200000| Untracked 
|  59|0x0000000709400000, 0x0000000709400000, 0x0000000709600000|  0%| F|  |TAMS 0x0000000709400000, 0x0000000709400000| Untracked 
|  60|0x0000000709600000, 0x0000000709600000, 0x0000000709800000|  0%| F|  |TAMS 0x0000000709600000, 0x0000000709600000| Untracked 
|  61|0x0000000709800000, 0x0000000709800000, 0x0000000709a00000|  0%| F|  |TAMS 0x0000000709800000, 0x0000000709800000| Untracked 
|  62|0x0000000709a00000, 0x0000000709a00000, 0x0000000709c00000|  0%| F|  |TAMS 0x0000000709a00000, 0x0000000709a00000| Untracked 
|  63|0x0000000709c00000, 0x0000000709c0c548, 0x0000000709e00000|  2%| E|  |TAMS 0x0000000709c00000, 0x0000000709c00000| Complete 

Card table byte_map: [0x000001f5351a0000,0x000001f5359a0000] _byte_map_base: 0x000001f531991000

Marking Bits (Prev, Next): (CMBitMap*) 0x000001f52ccd2fb0, (CMBitMap*) 0x000001f52ccd2ff0
 Prev Bits: [0x000001f5361a0000, 0x000001f53a128000)
 Next Bits: [0x000001f53a130000, 0x000001f53e0b8000)

Polling page: 0x000001f52cd30000

Metaspace:

Usage:
  Non-class:     51.76 MB used.
      Class:      8.26 MB used.
       Both:     60.03 MB used.

Virtual space:
  Non-class space:       56.00 MB reserved,      52.12 MB ( 93%) committed,  7 nodes.
      Class space:        1.00 GB reserved,       8.50 MB ( <1%) committed,  1 nodes.
             Both:        1.05 GB reserved,      60.62 MB (  6%) committed. 

Chunk freelists:
   Non-Class:  3.89 MB
       Class:  3.58 MB
        Both:  7.47 MB

MaxMetaspaceSize: unlimited
CompressedClassSpaceSize: 1.00 GB
Initial GC threshold: 21.00 MB
Current GC threshold: 101.06 MB
CDS: off
MetaspaceReclaimPolicy: balanced
 - commit_granule_bytes: 65536.
 - commit_granule_words: 8192.
 - virtual_space_node_default_size: 1048576.
 - enlarge_chunks_in_place: 1.
 - new_chunks_are_fully_committed: 0.
 - uncommit_free_chunks: 1.
 - use_allocation_guard: 0.
 - handle_deallocations: 1.


Internal statistics:

num_allocs_failed_limit: 8.
num_arena_births: 654.
num_arena_deaths: 216.
num_vsnodes_births: 8.
num_vsnodes_deaths: 0.
num_space_committed: 970.
num_space_uncommitted: 0.
num_chunks_returned_to_freelist: 252.
num_chunks_taken_from_freelist: 2577.
num_chunk_merges: 87.
num_chunk_splits: 1823.
num_chunks_enlarged: 1394.
num_purges: 16.
num_inconsistent_stats: 0.

CodeCache: size=49152Kb used=15043Kb max_used=15378Kb free=34108Kb
 bounds [0x000001f5310c0000, 0x000001f531fd0000, 0x000001f5340c0000]
 total_blobs=8745 nmethods=8100 adapters=572
 compilation: enabled
              stopped_count=0, restarted_count=0
 full_count=0

Compilation events (20 events):
Event: 5279.972 Thread 0x000001f54146e290 8106       1       java.lang.invoke.Invokers$Holder::linkToTargetMethod (9 bytes)
Event: 5279.972 Thread 0x000001f54146e290 nmethod 8106 0x000001f531bb6c90 code [0x000001f531bb6e40, 0x000001f531bb6f58]
Event: 5279.972 Thread 0x000001f54146e290 8107       1       java.lang.invoke.LambdaForm$DMH/0x0000000800877000::newInvokeSpecial (23 bytes)
Event: 5279.972 Thread 0x000001f54146e290 nmethod 8107 0x000001f531bb6790 code [0x000001f531bb6940, 0x000001f531bb6ae8]
Event: 5279.972 Thread 0x000001f54146e290 8108       1       java.lang.ProcessImpl$$Lambda$1089/0x00000008005bfd88::<init> (10 bytes)
Event: 5279.972 Thread 0x000001f54146e290 nmethod 8108 0x000001f531bb6490 code [0x000001f531bb6620, 0x000001f531bb66f8]
Event: 5279.972 Thread 0x000001f54146e290 8110       1       java.lang.ProcessHandleImpl::getInternal (13 bytes)
Event: 5279.973 Thread 0x000001f54146e290 nmethod 8110 0x000001f531bb6110 code [0x000001f531bb62a0, 0x000001f531bb6408]
Event: 5279.973 Thread 0x000001f54146e290 8111       1       java.lang.ProcessImpl$2::<init> (20 bytes)
Event: 5279.973 Thread 0x000001f54146e290 nmethod 8111 0x000001f531bb5d90 code [0x000001f531bb5f20, 0x000001f531bb6098]
Event: 5280.168 Thread 0x000001f54146e290 8112   !   1       java.io.FilterOutputStream::close (183 bytes)
Event: 5280.213 Thread 0x000001f54146e290 nmethod 8112 0x000001f531bb4c10 code [0x000001f531bb4e20, 0x000001f531bb5318]
Event: 5280.213 Thread 0x000001f54146e290 8114       1       java.lang.ProcessImpl$$Lambda$1089/0x00000008005bfd88::run (8 bytes)
Event: 5280.213 Thread 0x000001f54146e290 nmethod 8114 0x000001f531bb4910 code [0x000001f531bb4aa0, 0x000001f531bb4b88]
Event: 5280.213 Thread 0x000001f54146e290 8115       1       java.lang.ProcessImpl::lambda$new$0 (6 bytes)
Event: 5280.213 Thread 0x000001f54146e290 nmethod 8115 0x000001f531bb4610 code [0x000001f531bb47a0, 0x000001f531bb4868]
Event: 28344.047 Thread 0x000001f54146e290 8117       1       java.lang.ProcessImpl$2::run (242 bytes)
Event: 28344.049 Thread 0x000001f54146e290 nmethod 8117 0x000001f531bb2b10 code [0x000001f531bb2dc0, 0x000001f531bb3c18]
Event: 28344.049 Thread 0x000001f54146e290 8118       1       java.lang.ProcessImpl::waitFor (136 bytes)
Event: 28344.050 Thread 0x000001f54146e290 nmethod 8118 0x000001f531bb2290 code [0x000001f531bb24a0, 0x000001f531bb28b8]

GC Heap History (20 events):
Event: 157753.683 GC heap before
{Heap before GC invocations=3173 (full 3130):
 garbage-first heap   total 131072K, used 37660K [0x0000000701e00000, 0x0000000800000000)
  region size 2048K, 1 young (2048K), 0 survivors (0K)
 Metaspace       used 61466K, committed 62080K, reserved 1105920K
  class space    used 8461K, committed 8704K, reserved 1048576K
}
Event: 157753.727 GC heap after
{Heap after GC invocations=3174 (full 3131):
 garbage-first heap   total 131072K, used 37660K [0x0000000701e00000, 0x0000000800000000)
  region size 2048K, 0 young (0K), 0 survivors (0K)
 Metaspace       used 61466K, committed 62080K, reserved 1105920K
  class space    used 8461K, committed 8704K, reserved 1048576K
}
Event: 157763.950 GC heap before
{Heap before GC invocations=3174 (full 3131):
 garbage-first heap   total 131072K, used 37660K [0x0000000701e00000, 0x0000000800000000)
  region size 2048K, 1 young (2048K), 0 survivors (0K)
 Metaspace       used 61466K, committed 62080K, reserved 1105920K
  class space    used 8461K, committed 8704K, reserved 1048576K
}
Event: 157763.993 GC heap after
{Heap after GC invocations=3175 (full 3132):
 garbage-first heap   total 131072K, used 37660K [0x0000000701e00000, 0x0000000800000000)
  region size 2048K, 0 young (0K), 0 survivors (0K)
 Metaspace       used 61466K, committed 62080K, reserved 1105920K
  class space    used 8461K, committed 8704K, reserved 1048576K
}
Event: 157774.256 GC heap before
{Heap before GC invocations=3175 (full 3132):
 garbage-first heap   total 131072K, used 37660K [0x0000000701e00000, 0x0000000800000000)
  region size 2048K, 1 young (2048K), 0 survivors (0K)
 Metaspace       used 61466K, committed 62080K, reserved 1105920K
  class space    used 8461K, committed 8704K, reserved 1048576K
}
Event: 157774.301 GC heap after
{Heap after GC invocations=3176 (full 3133):
 garbage-first heap   total 131072K, used 37660K [0x0000000701e00000, 0x0000000800000000)
  region size 2048K, 0 young (0K), 0 survivors (0K)
 Metaspace       used 61466K, committed 62080K, reserved 1105920K
  class space    used 8461K, committed 8704K, reserved 1048576K
}
Event: 157784.866 GC heap before
{Heap before GC invocations=3176 (full 3133):
 garbage-first heap   total 131072K, used 37660K [0x0000000701e00000, 0x0000000800000000)
  region size 2048K, 1 young (2048K), 0 survivors (0K)
 Metaspace       used 61466K, committed 62080K, reserved 1105920K
  class space    used 8461K, committed 8704K, reserved 1048576K
}
Event: 157784.910 GC heap after
{Heap after GC invocations=3177 (full 3134):
 garbage-first heap   total 131072K, used 37660K [0x0000000701e00000, 0x0000000800000000)
  region size 2048K, 0 young (0K), 0 survivors (0K)
 Metaspace       used 61466K, committed 62080K, reserved 1105920K
  class space    used 8461K, committed 8704K, reserved 1048576K
}
Event: 157795.162 GC heap before
{Heap before GC invocations=3177 (full 3134):
 garbage-first heap   total 131072K, used 37660K [0x0000000701e00000, 0x0000000800000000)
  region size 2048K, 1 young (2048K), 0 survivors (0K)
 Metaspace       used 61466K, committed 62080K, reserved 1105920K
  class space    used 8461K, committed 8704K, reserved 1048576K
}
Event: 157795.207 GC heap after
{Heap after GC invocations=3178 (full 3135):
 garbage-first heap   total 131072K, used 37660K [0x0000000701e00000, 0x0000000800000000)
  region size 2048K, 0 young (0K), 0 survivors (0K)
 Metaspace       used 61466K, committed 62080K, reserved 1105920K
  class space    used 8461K, committed 8704K, reserved 1048576K
}
Event: 157805.463 GC heap before
{Heap before GC invocations=3178 (full 3135):
 garbage-first heap   total 131072K, used 37660K [0x0000000701e00000, 0x0000000800000000)
  region size 2048K, 1 young (2048K), 0 survivors (0K)
 Metaspace       used 61466K, committed 62080K, reserved 1105920K
  class space    used 8461K, committed 8704K, reserved 1048576K
}
Event: 157805.510 GC heap after
{Heap after GC invocations=3179 (full 3136):
 garbage-first heap   total 131072K, used 37660K [0x0000000701e00000, 0x0000000800000000)
  region size 2048K, 0 young (0K), 0 survivors (0K)
 Metaspace       used 61466K, committed 62080K, reserved 1105920K
  class space    used 8461K, committed 8704K, reserved 1048576K
}
Event: 157815.691 GC heap before
{Heap before GC invocations=3179 (full 3136):
 garbage-first heap   total 131072K, used 37660K [0x0000000701e00000, 0x0000000800000000)
  region size 2048K, 1 young (2048K), 0 survivors (0K)
 Metaspace       used 61466K, committed 62080K, reserved 1105920K
  class space    used 8461K, committed 8704K, reserved 1048576K
}
Event: 157815.734 GC heap after
{Heap after GC invocations=3180 (full 3137):
 garbage-first heap   total 131072K, used 37660K [0x0000000701e00000, 0x0000000800000000)
  region size 2048K, 0 young (0K), 0 survivors (0K)
 Metaspace       used 61466K, committed 62080K, reserved 1105920K
  class space    used 8461K, committed 8704K, reserved 1048576K
}
Event: 157825.916 GC heap before
{Heap before GC invocations=3180 (full 3137):
 garbage-first heap   total 131072K, used 37660K [0x0000000701e00000, 0x0000000800000000)
  region size 2048K, 1 young (2048K), 0 survivors (0K)
 Metaspace       used 61466K, committed 62080K, reserved 1105920K
  class space    used 8461K, committed 8704K, reserved 1048576K
}
Event: 157825.960 GC heap after
{Heap after GC invocations=3181 (full 3138):
 garbage-first heap   total 131072K, used 37660K [0x0000000701e00000, 0x0000000800000000)
  region size 2048K, 0 young (0K), 0 survivors (0K)
 Metaspace       used 61466K, committed 62080K, reserved 1105920K
  class space    used 8461K, committed 8704K, reserved 1048576K
}
Event: 157836.201 GC heap before
{Heap before GC invocations=3181 (full 3138):
 garbage-first heap   total 131072K, used 37660K [0x0000000701e00000, 0x0000000800000000)
  region size 2048K, 1 young (2048K), 0 survivors (0K)
 Metaspace       used 61466K, committed 62080K, reserved 1105920K
  class space    used 8461K, committed 8704K, reserved 1048576K
}
Event: 157836.251 GC heap after
{Heap after GC invocations=3182 (full 3139):
 garbage-first heap   total 131072K, used 37660K [0x0000000701e00000, 0x0000000800000000)
  region size 2048K, 0 young (0K), 0 survivors (0K)
 Metaspace       used 61466K, committed 62080K, reserved 1105920K
  class space    used 8461K, committed 8704K, reserved 1048576K
}
Event: 157846.494 GC heap before
{Heap before GC invocations=3182 (full 3139):
 garbage-first heap   total 131072K, used 37660K [0x0000000701e00000, 0x0000000800000000)
  region size 2048K, 1 young (2048K), 0 survivors (0K)
 Metaspace       used 61466K, committed 62080K, reserved 1105920K
  class space    used 8461K, committed 8704K, reserved 1048576K
}
Event: 157846.540 GC heap after
{Heap after GC invocations=3183 (full 3140):
 garbage-first heap   total 131072K, used 37660K [0x0000000701e00000, 0x0000000800000000)
  region size 2048K, 0 young (0K), 0 survivors (0K)
 Metaspace       used 61466K, committed 62080K, reserved 1105920K
  class space    used 8461K, committed 8704K, reserved 1048576K
}

Dll operation events (10 events):
Event: 0.054 Loaded shared library c:\Users\OMEN\.vscode\extensions\redhat.java-1.14.0-win32-x64\jre\17.0.5-win32-x86_64\bin\java.dll
Event: 7.111 Loaded shared library C:\Users\OMEN\.vscode\extensions\redhat.java-1.14.0-win32-x64\jre\17.0.5-win32-x86_64\bin\net.dll
Event: 7.117 Loaded shared library C:\Users\OMEN\.vscode\extensions\redhat.java-1.14.0-win32-x64\jre\17.0.5-win32-x86_64\bin\nio.dll
Event: 7.386 Loaded shared library C:\Users\OMEN\.vscode\extensions\redhat.java-1.14.0-win32-x64\jre\17.0.5-win32-x86_64\bin\zip.dll
Event: 9.465 Loaded shared library C:\Users\OMEN\.vscode\extensions\redhat.java-1.14.0-win32-x64\jre\17.0.5-win32-x86_64\bin\jimage.dll
Event: 10.259 Loaded shared library c:\Users\OMEN\.vscode\extensions\redhat.java-1.14.0-win32-x64\jre\17.0.5-win32-x86_64\bin\verify.dll
Event: 2537.009 Loaded shared library C:\Users\OMEN\.vscode\extensions\redhat.java-1.14.0-win32-x64\jre\17.0.5-win32-x86_64\bin\management.dll
Event: 2537.012 Loaded shared library C:\Users\OMEN\.vscode\extensions\redhat.java-1.14.0-win32-x64\jre\17.0.5-win32-x86_64\bin\management_ext.dll
Event: 2552.898 Loaded shared library C:\Users\OMEN\.vscode\extensions\redhat.java-1.14.0-win32-x64\jre\17.0.5-win32-x86_64\bin\sunmscapi.dll
Event: 2595.538 Loaded shared library C:\Users\OMEN\AppData\Local\Temp\snappy-1.1.8-01da16a9-b0e9-404e-bbe0-4c6b88bc2307-snappyjava.dll

Deoptimization events (20 events):
Event: 2541.518 Thread 0x000001f542462940 DEOPT PACKING pc=0x000001f531582c09 sp=0x0000004f730fdae0
Event: 2541.518 Thread 0x000001f542462940 DEOPT UNPACKING pc=0x000001f531112b43 sp=0x0000004f730fcf70 mode 3
Event: 2545.721 Thread 0x000001f542376b80 DEOPT PACKING pc=0x000001f5317a8694 sp=0x0000004f73cfef70
Event: 2545.722 Thread 0x000001f542376b80 DEOPT UNPACKING pc=0x000001f531112b43 sp=0x0000004f73cfe4d8 mode 0
Event: 2546.490 Thread 0x000001f542494560 DEOPT PACKING pc=0x000001f53158961f sp=0x0000004f733ff3d0
Event: 2546.490 Thread 0x000001f542494560 DEOPT UNPACKING pc=0x000001f531112b43 sp=0x0000004f733fe828 mode 3
Event: 2551.103 Thread 0x000001f542e60b90 DEOPT PACKING pc=0x000001f5312b532c sp=0x0000004f74dfe390
Event: 2551.103 Thread 0x000001f542e60b90 DEOPT UNPACKING pc=0x000001f531112b43 sp=0x0000004f74dfd858 mode 0
Event: 2580.336 Thread 0x000001f5425a75c0 DEOPT PACKING pc=0x000001f53163fae2 sp=0x0000004f737fcad0
Event: 2580.336 Thread 0x000001f5425a75c0 DEOPT UNPACKING pc=0x000001f531112b43 sp=0x0000004f737fbfd8 mode 3
Event: 2583.994 Thread 0x000001f5425a75c0 DEOPT PACKING pc=0x000001f531e9a63c sp=0x0000004f737fe0b0
Event: 2583.994 Thread 0x000001f5425a75c0 DEOPT UNPACKING pc=0x000001f531112b43 sp=0x0000004f737fd5a8 mode 0
Event: 2583.994 Thread 0x000001f5425a75c0 DEOPT PACKING pc=0x000001f531dda5b4 sp=0x0000004f737fe180
Event: 2583.994 Thread 0x000001f5425a75c0 DEOPT UNPACKING pc=0x000001f531112b43 sp=0x0000004f737fd658 mode 0
Event: 2583.994 Thread 0x000001f5425a75c0 DEOPT PACKING pc=0x000001f531dc977c sp=0x0000004f737fe230
Event: 2583.994 Thread 0x000001f5425a75c0 DEOPT UNPACKING pc=0x000001f531112b43 sp=0x0000004f737fd7b0 mode 0
Event: 2583.995 Thread 0x000001f5425a75c0 DEOPT PACKING pc=0x000001f531eacf1c sp=0x0000004f737fe550
Event: 2583.995 Thread 0x000001f5425a75c0 DEOPT UNPACKING pc=0x000001f531112b43 sp=0x0000004f737fd9e0 mode 0
Event: 3010.919 Thread 0x000001f542462940 DEOPT PACKING pc=0x000001f5316ab654 sp=0x0000004f730feff0
Event: 3010.919 Thread 0x000001f542462940 DEOPT UNPACKING pc=0x000001f531112b43 sp=0x0000004f730fe498 mode 0

Classes unloaded (20 events):
Event: 2710.172 Thread 0x000001f540bce620 Unloading class 0x0000000800437000 'java/lang/invoke/LambdaForm$MH+0x0000000800437000'
Event: 2710.172 Thread 0x000001f540bce620 Unloading class 0x0000000800436c00 'java/lang/invoke/LambdaForm$MH+0x0000000800436c00'
Event: 2710.172 Thread 0x000001f540bce620 Unloading class 0x0000000800436800 'java/lang/invoke/LambdaForm$MH+0x0000000800436800'
Event: 2710.172 Thread 0x000001f540bce620 Unloading class 0x0000000800436400 'java/lang/invoke/LambdaForm$MH+0x0000000800436400'
Event: 2710.172 Thread 0x000001f540bce620 Unloading class 0x0000000800436000 'java/lang/invoke/LambdaForm$MH+0x0000000800436000'
Event: 2710.172 Thread 0x000001f540bce620 Unloading class 0x0000000800435c00 'java/lang/invoke/LambdaForm$MH+0x0000000800435c00'
Event: 2710.172 Thread 0x000001f540bce620 Unloading class 0x0000000800435400 'java/lang/invoke/LambdaForm$MH+0x0000000800435400'
Event: 2710.172 Thread 0x000001f540bce620 Unloading class 0x0000000800435000 'java/lang/invoke/LambdaForm$MH+0x0000000800435000'
Event: 2710.172 Thread 0x000001f540bce620 Unloading class 0x0000000800434c00 'java/lang/invoke/LambdaForm$MH+0x0000000800434c00'
Event: 2710.172 Thread 0x000001f540bce620 Unloading class 0x0000000800434800 'java/lang/invoke/LambdaForm$MH+0x0000000800434800'
Event: 2710.172 Thread 0x000001f540bce620 Unloading class 0x0000000800434400 'java/lang/invoke/LambdaForm$MH+0x0000000800434400'
Event: 2710.172 Thread 0x000001f540bce620 Unloading class 0x0000000800434000 'java/lang/invoke/LambdaForm$MH+0x0000000800434000'
Event: 2710.172 Thread 0x000001f540bce620 Unloading class 0x0000000800398400 'java/lang/invoke/LambdaForm$MH+0x0000000800398400'
Event: 2710.172 Thread 0x000001f540bce620 Unloading class 0x0000000800356c00 'java/lang/invoke/LambdaForm$MH+0x0000000800356c00'
Event: 2710.172 Thread 0x000001f540bce620 Unloading class 0x0000000800356400 'java/lang/invoke/LambdaForm$MH+0x0000000800356400'
Event: 2710.172 Thread 0x000001f540bce620 Unloading class 0x0000000800356000 'java/lang/invoke/LambdaForm$MH+0x0000000800356000'
Event: 2710.172 Thread 0x000001f540bce620 Unloading class 0x0000000800355c00 'java/lang/invoke/LambdaForm$MH+0x0000000800355c00'
Event: 2710.172 Thread 0x000001f540bce620 Unloading class 0x0000000800355400 'java/lang/invoke/LambdaForm$MH+0x0000000800355400'
Event: 2710.172 Thread 0x000001f540bce620 Unloading class 0x0000000800355000 'java/lang/invoke/LambdaForm$MH+0x0000000800355000'
Event: 2710.172 Thread 0x000001f540bce620 Unloading class 0x00000008000c8400 'java/lang/invoke/LambdaForm$MH+0x00000008000c8400'

Classes redefined (0 events):
No events

Internal exceptions (20 events):
Event: 2600.293 Thread 0x000001f542e5db70 Exception <a 'sun/nio/fs/WindowsException'{0x000000071ce6f540}> (0x000000071ce6f540) 
thrown [s\src\hotspot\share\prims\jni.cpp, line 516]
Event: 2600.293 Thread 0x000001f542e5db70 Exception <a 'sun/nio/fs/WindowsException'{0x000000071ce6f910}> (0x000000071ce6f910) 
thrown [s\src\hotspot\share\prims\jni.cpp, line 516]
Event: 2600.309 Thread 0x000001f542e5db70 Exception <a 'sun/nio/fs/WindowsException'{0x000000071cea2500}> (0x000000071cea2500) 
thrown [s\src\hotspot\share\prims\jni.cpp, line 516]
Event: 2600.309 Thread 0x000001f542e5db70 Exception <a 'sun/nio/fs/WindowsException'{0x000000071cea28b0}> (0x000000071cea28b0) 
thrown [s\src\hotspot\share\prims\jni.cpp, line 516]
Event: 2600.309 Thread 0x000001f542e5db70 Exception <a 'sun/nio/fs/WindowsException'{0x000000071cea3840}> (0x000000071cea3840) 
thrown [s\src\hotspot\share\prims\jni.cpp, line 516]
Event: 2600.309 Thread 0x000001f542e5db70 Exception <a 'sun/nio/fs/WindowsException'{0x000000071cea3bf0}> (0x000000071cea3bf0) 
thrown [s\src\hotspot\share\prims\jni.cpp, line 516]
Event: 2600.311 Thread 0x000001f542e5db70 Exception <a 'sun/nio/fs/WindowsException'{0x000000071cec54a8}> (0x000000071cec54a8) 
thrown [s\src\hotspot\share\prims\jni.cpp, line 516]
Event: 2600.311 Thread 0x000001f542e5db70 Exception <a 'sun/nio/fs/WindowsException'{0x000000071cec5858}> (0x000000071cec5858) 
thrown [s\src\hotspot\share\prims\jni.cpp, line 516]
Event: 2600.311 Thread 0x000001f542e5db70 Exception <a 'sun/nio/fs/WindowsException'{0x000000071cec67d8}> (0x000000071cec67d8) 
thrown [s\src\hotspot\share\prims\jni.cpp, line 516]
Event: 2600.311 Thread 0x000001f542e5db70 Exception <a 'sun/nio/fs/WindowsException'{0x000000071cec6b88}> (0x000000071cec6b88) 
thrown [s\src\hotspot\share\prims\jni.cpp, line 516]
Event: 2600.327 Thread 0x000001f542e5db70 Exception <a 'sun/nio/fs/WindowsException'{0x000000071cf29370}> (0x000000071cf29370) 
thrown [s\src\hotspot\share\prims\jni.cpp, line 516]
Event: 2600.328 Thread 0x000001f542e5db70 Exception <a 'sun/nio/fs/WindowsException'{0x000000071cf29740}> (0x000000071cf29740) 
thrown [s\src\hotspot\share\prims\jni.cpp, line 516]
Event: 2600.328 Thread 0x000001f542e5db70 Exception <a 'sun/nio/fs/WindowsException'{0x000000071cf2ac30}> (0x000000071cf2ac30) 
thrown [s\src\hotspot\share\prims\jni.cpp, line 516]
Event: 2600.329 Thread 0x000001f542e5db70 Exception <a 'sun/nio/fs/WindowsException'{0x000000071cf2b000}> (0x000000071cf2b000) 
thrown [s\src\hotspot\share\prims\jni.cpp, line 516]
Event: 2600.332 Thread 0x000001f542e5db70 Exception <a 'sun/nio/fs/WindowsException'{0x000000071cf56678}> (0x000000071cf56678) 
thrown [s\src\hotspot\share\prims\jni.cpp, line 516]
Event: 2600.332 Thread 0x000001f542e5db70 Exception <a 'sun/nio/fs/WindowsException'{0x000000071cf56a38}> (0x000000071cf56a38) 
thrown [s\src\hotspot\share\prims\jni.cpp, line 516]
Event: 2600.345 Thread 0x000001f542e5db70 Exception <a 'sun/nio/fs/WindowsException'{0x000000071cf57f28}> (0x000000071cf57f28) 
thrown [s\src\hotspot\share\prims\jni.cpp, line 516]
Event: 2600.346 Thread 0x000001f542e5db70 Exception <a 'sun/nio/fs/WindowsException'{0x000000071cf582e8}> (0x000000071cf582e8) 
thrown [s\src\hotspot\share\prims\jni.cpp, line 516]
Event: 2637.187 Thread 0x000001f542319ae0 Exception <a 'java/lang/NoSuchMethodError'{0x000000071cd02b10}: 'void java.lang.invoke.DirectMethodHandle$Holder.invokeStatic(java.lang.Object, long)'> (0x000000071cd02b10) 
thrown [s\src\hotspot\share\interpreter\linkResolver.cpp, line 759]
Event: 2637.188 Thread 0x000001f542319ae0 Exception <a 'java/lang/NoSuchMethodError'{0x000000071cd07ec0}: 'java.lang.Object java.lang.invoke.DirectMethodHandle$Holder.newInvokeSpecial(java.lang.Object, long)'> (0x000000071cd07ec0) 
thrown [s\src\hotspot\share\interpreter\linkResolver.cpp, line 759]

VM Operations (20 events):
Event: 157753.727 Executing VM operation: G1CollectFull done
Event: 157763.949 Executing VM operation: G1CollectFull
Event: 157763.993 Executing VM operation: G1CollectFull done
Event: 157774.256 Executing VM operation: G1CollectFull
Event: 157774.302 Executing VM operation: G1CollectFull done
Event: 157784.866 Executing VM operation: G1CollectFull
Event: 157784.910 Executing VM operation: G1CollectFull done
Event: 157795.162 Executing VM operation: G1CollectFull
Event: 157795.208 Executing VM operation: G1CollectFull done
Event: 157805.463 Executing VM operation: G1CollectFull
Event: 157805.510 Executing VM operation: G1CollectFull done
Event: 157815.691 Executing VM operation: G1CollectFull
Event: 157815.734 Executing VM operation: G1CollectFull done
Event: 157825.916 Executing VM operation: G1CollectFull
Event: 157825.960 Executing VM operation: G1CollectFull done
Event: 157836.201 Executing VM operation: G1CollectFull
Event: 157836.251 Executing VM operation: G1CollectFull done
Event: 157846.494 Executing VM operation: G1CollectFull
Event: 157846.540 Executing VM operation: G1CollectFull done
Event: 157857.378 Executing VM operation: G1CollectFull

Events (20 events):
Event: 2605.454 Thread 0x000001f5460248c0 Thread exited: 0x000001f5460248c0
Event: 2617.242 Thread 0x000001f542e5db70 Thread exited: 0x000001f542e5db70
Event: 2619.484 Thread 0x000001f542e62870 Thread exited: 0x000001f542e62870
Event: 2637.171 loading class java/lang/ProcessBuilder
Event: 2637.172 loading class java/lang/ProcessBuilder done
Event: 2637.172 loading class java/lang/ProcessImpl
Event: 2637.174 loading class java/lang/Process
Event: 2637.174 loading class java/lang/Process done
Event: 2637.174 loading class java/lang/ProcessImpl done
Event: 2637.189 loading class java/lang/ProcessImpl$2
Event: 2637.189 loading class java/lang/ProcessImpl$2 done
Event: 2637.189 loading class java/lang/Process$PipeInputStream
Event: 2637.189 loading class java/lang/Process$PipeInputStream done
Event: 2637.191 loading class jdk/internal/event/ProcessStartEvent
Event: 2637.192 loading class jdk/internal/event/ProcessStartEvent done
Event: 2645.593 Thread 0x000001f542e62d40 Thread exited: 0x000001f542e62d40
Event: 2660.375 Thread 0x000001f542e61ed0 Thread exited: 0x000001f542e61ed0
Event: 2705.593 Thread 0x000001f5425a75c0 Thread exited: 0x000001f5425a75c0
Event: 3010.920 Thread 0x000001f542e5db70 Thread added: 0x000001f542e5db70
Event: 3070.924 Thread 0x000001f542e5db70 Thread exited: 0x000001f542e5db70


Dynamic libraries:
0x00007ff633710000 - 0x00007ff63371e000 	c:\Users\OMEN\.vscode\extensions\redhat.java-1.14.0-win32-x64\jre\17.0.5-win32-x86_64\bin\java.exe
0x00007ff948350000 - 0x00007ff948548000 	C:\Windows\SYSTEM32\ntdll.dll
0x00007ff946960000 - 0x00007ff946a1f000 	C:\Windows\System32\KERNEL32.DLL
0x00007ff945fe0000 - 0x00007ff9462b2000 	C:\Windows\System32\KERNELBASE.dll
0x00007ff945e90000 - 0x00007ff945f90000 	C:\Windows\System32\ucrtbase.dll
0x00007ff930620000 - 0x00007ff930637000 	c:\Users\OMEN\.vscode\extensions\redhat.java-1.14.0-win32-x64\jre\17.0.5-win32-x86_64\bin\jli.dll
0x00007ff930390000 - 0x00007ff9303a9000 	c:\Users\OMEN\.vscode\extensions\redhat.java-1.14.0-win32-x64\jre\17.0.5-win32-x86_64\bin\VCRUNTIME140.dll
0x00007ff9464d0000 - 0x00007ff946671000 	C:\Windows\System32\USER32.dll
0x00007ff9462c0000 - 0x00007ff9462e2000 	C:\Windows\System32\win32u.dll
0x00007ff9272b0000 - 0x00007ff92754a000 	C:\Windows\WinSxS\amd64_microsoft.windows.common-controls_6595b64144ccf1df_6.0.19041.1110_none_60b5254171f9507e\COMCTL32.dll
0x00007ff9470a0000 - 0x00007ff9470cb000 	C:\Windows\System32\GDI32.dll
0x00007ff947540000 - 0x00007ff9475de000 	C:\Windows\System32\msvcrt.dll
0x00007ff945ad0000 - 0x00007ff945bdf000 	C:\Windows\System32\gdi32full.dll
0x00007ff9462f0000 - 0x00007ff94638d000 	C:\Windows\System32\msvcp_win.dll
0x00007ff946490000 - 0x00007ff9464c2000 	C:\Windows\System32\IMM32.DLL
0x00007ff9403c0000 - 0x00007ff9403cc000 	c:\Users\OMEN\.vscode\extensions\redhat.java-1.14.0-win32-x64\jre\17.0.5-win32-x86_64\bin\vcruntime140_1.dll
0x00007ff8d6140000 - 0x00007ff8d61d1000 	c:\Users\OMEN\.vscode\extensions\redhat.java-1.14.0-win32-x64\jre\17.0.5-win32-x86_64\bin\msvcp140.dll
0x00007ff8c6430000 - 0x00007ff8c7074000 	c:\Users\OMEN\.vscode\extensions\redhat.java-1.14.0-win32-x64\jre\17.0.5-win32-x86_64\bin\server\jvm.dll
0x00007ff946a20000 - 0x00007ff946ace000 	C:\Windows\System32\ADVAPI32.dll
0x00007ff9480e0000 - 0x00007ff94817c000 	C:\Windows\System32\sechost.dll
0x00007ff946830000 - 0x00007ff946955000 	C:\Windows\System32\RPCRT4.dll
0x00007ff92c3b0000 - 0x00007ff92c3b9000 	C:\Windows\SYSTEM32\WSOCK32.dll
0x00007ff9467c0000 - 0x00007ff94682b000 	C:\Windows\System32\WS2_32.dll
0x00007ff928380000 - 0x00007ff9283a7000 	C:\Windows\SYSTEM32\WINMM.dll
0x00007ff93edb0000 - 0x00007ff93edba000 	C:\Windows\SYSTEM32\VERSION.dll
0x00007ff944250000 - 0x00007ff944262000 	C:\Windows\SYSTEM32\kernel.appcore.dll
0x00007ff93ff30000 - 0x00007ff93ff3a000 	c:\Users\OMEN\.vscode\extensions\redhat.java-1.14.0-win32-x64\jre\17.0.5-win32-x86_64\bin\jimage.dll
0x00007ff9437a0000 - 0x00007ff943984000 	C:\Windows\SYSTEM32\DBGHELP.DLL
0x00007ff930f70000 - 0x00007ff930fa5000 	C:\Windows\SYSTEM32\dbgcore.DLL
0x00007ff945a40000 - 0x00007ff945ac2000 	C:\Windows\System32\bcryptPrimitives.dll
0x00007ff927b40000 - 0x00007ff927b65000 	c:\Users\OMEN\.vscode\extensions\redhat.java-1.14.0-win32-x64\jre\17.0.5-win32-x86_64\bin\java.dll
0x00007ff9264c0000 - 0x00007ff9264d8000 	c:\Users\OMEN\.vscode\extensions\redhat.java-1.14.0-win32-x64\jre\17.0.5-win32-x86_64\bin\zip.dll
0x00007ff947870000 - 0x00007ff947fb4000 	C:\Windows\System32\SHELL32.dll
0x00007ff943aa0000 - 0x00007ff944232000 	C:\Windows\SYSTEM32\windows.storage.dll
0x00007ff946c70000 - 0x00007ff946fc5000 	C:\Windows\System32\combase.dll
0x00007ff945350000 - 0x00007ff945380000 	C:\Windows\SYSTEM32\Wldp.dll
0x00007ff946bc0000 - 0x00007ff946c6d000 	C:\Windows\System32\SHCORE.dll
0x00007ff946760000 - 0x00007ff9467b5000 	C:\Windows\System32\shlwapi.dll
0x00007ff945980000 - 0x00007ff94599f000 	C:\Windows\SYSTEM32\profapi.dll
0x00007ff924750000 - 0x00007ff924769000 	C:\Users\OMEN\.vscode\extensions\redhat.java-1.14.0-win32-x64\jre\17.0.5-win32-x86_64\bin\net.dll
0x00007ff939320000 - 0x00007ff93942c000 	C:\Windows\SYSTEM32\WINHTTP.dll
0x00007ff945130000 - 0x00007ff94519a000 	C:\Windows\system32\mswsock.dll
0x00007ff9246c0000 - 0x00007ff9246d5000 	C:\Users\OMEN\.vscode\extensions\redhat.java-1.14.0-win32-x64\jre\17.0.5-win32-x86_64\bin\nio.dll
0x00007ff930fb0000 - 0x00007ff930fc0000 	c:\Users\OMEN\.vscode\extensions\redhat.java-1.14.0-win32-x64\jre\17.0.5-win32-x86_64\bin\verify.dll
0x00007ff945400000 - 0x00007ff945418000 	C:\Windows\SYSTEM32\CRYPTSP.dll
0x00007ff944a00000 - 0x00007ff944a34000 	C:\Windows\system32\rsaenh.dll
0x00007ff945be0000 - 0x00007ff945c07000 	C:\Windows\System32\bcrypt.dll
0x00007ff945940000 - 0x00007ff94596e000 	C:\Windows\SYSTEM32\USERENV.dll
0x00007ff9452c0000 - 0x00007ff9452cc000 	C:\Windows\SYSTEM32\CRYPTBASE.dll
0x00007ff944dd0000 - 0x00007ff944e0b000 	C:\Windows\SYSTEM32\IPHLPAPI.DLL
0x00007ff946480000 - 0x00007ff946488000 	C:\Windows\System32\NSI.dll
0x00007ff93aa30000 - 0x00007ff93aa47000 	C:\Windows\SYSTEM32\dhcpcsvc6.DLL
0x00007ff93b7e0000 - 0x00007ff93b7fd000 	C:\Windows\SYSTEM32\dhcpcsvc.DLL
0x00007ff944e10000 - 0x00007ff944eda000 	C:\Windows\SYSTEM32\DNSAPI.dll
0x00007ff942d70000 - 0x00007ff942d79000 	C:\Users\OMEN\.vscode\extensions\redhat.java-1.14.0-win32-x64\jre\17.0.5-win32-x86_64\bin\management.dll
0x00007ff9305a0000 - 0x00007ff9305ab000 	C:\Users\OMEN\.vscode\extensions\redhat.java-1.14.0-win32-x64\jre\17.0.5-win32-x86_64\bin\management_ext.dll
0x00007ff947090000 - 0x00007ff947098000 	C:\Windows\System32\PSAPI.DLL
0x00007ff9302a0000 - 0x00007ff9302ae000 	C:\Users\OMEN\.vscode\extensions\redhat.java-1.14.0-win32-x64\jre\17.0.5-win32-x86_64\bin\sunmscapi.dll
0x00007ff945d30000 - 0x00007ff945e86000 	C:\Windows\System32\CRYPT32.dll
0x00007ff945510000 - 0x00007ff945537000 	C:\Windows\SYSTEM32\ncrypt.dll
0x00007ff9454d0000 - 0x00007ff94550b000 	C:\Windows\SYSTEM32\NTASN1.dll
0x00007ff932540000 - 0x00007ff93254a000 	C:\Windows\System32\rasadhlp.dll
0x00007ff938970000 - 0x00007ff9389f0000 	C:\Windows\System32\fwpuclnt.dll
0x000000006c500000 - 0x000000006c5c7000 	C:\Users\OMEN\AppData\Local\Temp\snappy-1.1.8-01da16a9-b0e9-404e-bbe0-4c6b88bc2307-snappyjava.dll

dbghelp: loaded successfully - version: 4.0.5 - missing functions: none
symbol engine: initialized successfully - sym options: 0x614 - pdb path: .;c:\Users\OMEN\.vscode\extensions\redhat.java-1.14.0-win32-x64\jre\17.0.5-win32-x86_64\bin;C:\Windows\SYSTEM32;C:\Windows\WinSxS\amd64_microsoft.windows.common-controls_6595b64144ccf1df_6.0.19041.1110_none_60b5254171f9507e;c:\Users\OMEN\.vscode\extensions\redhat.java-1.14.0-win32-x64\jre\17.0.5-win32-x86_64\bin\server;C:\Users\OMEN\AppData\Local\Temp

VM Arguments:
jvm_args: -Dsts.lsp.client=vscode -Dsts.log.file=/dev/null -XX:TieredStopAtLevel=1 -Xlog:jni+resolve=off -Dspring.config.location=file:c:\Users\OMEN\.vscode\extensions\pivotal.vscode-spring-boot-1.43.0\language-server\BOOT-INF\classes\application.properties 
java_command: org.springframework.ide.vscode.boot.app.BootLanguageServerBootApp
java_class_path (initial): c:\Users\OMEN\.vscode\extensions\pivotal.vscode-spring-boot-1.43.0\language-server\BOOT-INF\classes;c:\Users\OMEN\.vscode\extensions\pivotal.vscode-spring-boot-1.43.0\language-server\BOOT-INF\lib\annotations-23.1.0.jar;c:\Users\OMEN\.vscode\extensions\pivotal.vscode-spring-boot-1.43.0\language-server\BOOT-INF\lib\ant-1.10.12.jar;c:\Users\OMEN\.vscode\extensions\pivotal.vscode-spring-boot-1.43.0\language-server\BOOT-INF\lib\ant-launcher-1.10.12.jar;c:\Users\OMEN\.vscode\extensions\pivotal.vscode-spring-boot-1.43.0\language-server\BOOT-INF\lib\antlr-runtime-3.5.2.jar;c:\Users\OMEN\.vscode\extensions\pivotal.vscode-spring-boot-1.43.0\language-server\BOOT-INF\lib\antlr4-4.9.3.jar;c:\Users\OMEN\.vscode\extensions\pivotal.vscode-spring-boot-1.43.0\language-server\BOOT-INF\lib\antlr4-runtime-4.9.3.jar;c:\Users\OMEN\.vscode\extensions\pivotal.vscode-spring-boot-1.43.0\language-server\BOOT-INF\lib\apiguardian-api-1.1.2.jar;c:\Users\OMEN\.vscode\extensions\pivotal.vscode-spring-boot-1.43.0\language-server\BOOT-INF\lib\asm-9.4.jar;c:\Users\OMEN\.vscode\extensions\pivotal.vscode-spring-boot-1.43.0\language-server\BOOT-INF\lib\asm-analysis-9.4.jar;c:\Users\OMEN\.vscode\extensions\pivotal.vscode-spring-boot-1.43.0\language-server\BOOT-INF\lib\asm-tree-9.4.jar;c:\Users\OMEN\.vscode\extensions\pivotal.vscode-spring-boot-1.43.0\language-server\BOOT-INF\lib\asm-util-9.4.jar;c:\Users\OMEN\.vscode\extensions\pivotal.vscode-spring-boot-1.43.0\language-server\BOOT-INF\lib\caffeine-3.1.2.jar;c:\Users\OMEN\.vscode\extensions\pivotal.vscode-spring-boot-1.43.0\language-server\BOOT-INF\lib\checker-qual-3.12.0.jar;c:\Users\OMEN\.vscode\extensions\pivotal.vscode-spring-boot-1.43.0\language-server\BOOT-INF\lib\ci-environment-9.1.0.jar;c:\Users\OMEN\.vscode\extensions\pivotal.vscode-spring-boot-1.43.0\language-server\BOOT-INF\lib\classgraph-4.8.149.jar;c:\Users\OMEN\.vscode\extensions\pivotal.vscode-spring-boot-1.43.0\language-server\BOOT-INF\lib\commons-codec-1.15.ja
Launcher Type: SUN_STANDARD

[Global flags]
     intx CICompilerCount                          = 4                                         {product} {ergonomic}
     uint ConcGCThreads                            = 2                                         {product} {ergonomic}
     uint G1ConcRefinementThreads                  = 8                                         {product} {ergonomic}
   size_t G1HeapRegionSize                         = 2097152                                   {product} {ergonomic}
    uintx GCDrainStackTargetSize                   = 64                                        {product} {ergonomic}
   size_t InitialHeapSize                          = 268435456                                 {product} {ergonomic}
   size_t MarkStackSize                            = 4194304                                   {product} {ergonomic}
   size_t MaxHeapSize                              = 4263510016                                {product} {ergonomic}
   size_t MaxNewSize                               = 2556428288                                {product} {ergonomic}
   size_t MinHeapDeltaBytes                        = 2097152                                   {product} {ergonomic}
   size_t MinHeapSize                              = 8388608                                   {product} {ergonomic}
    uintx NonProfiledCodeHeapSize                  = 0                                      {pd product} {ergonomic}
     bool ProfileInterpreter                       = false                                  {pd product} {command line}
    uintx ProfiledCodeHeapSize                     = 0                                      {pd product} {ergonomic}
   size_t SoftMaxHeapSize                          = 4263510016                             {manageable} {ergonomic}
     intx TieredStopAtLevel                        = 1                                         {product} {command line}
     bool UseCompressedClassPointers               = true                           {product lp64_product} {ergonomic}
     bool UseCompressedOops                        = true                           {product lp64_product} {ergonomic}
     bool UseG1GC                                  = true                                      {product} {ergonomic}
     bool UseLargePagesIndividualAllocation        = false                                  {pd product} {ergonomic}

Logging:
Log output configuration:
 #0: stdout all=warning,jni+resolve=off uptime,level,tags
 #1: stderr all=off uptime,level,tags

Environment Variables:
PATH=C:\Program Files\Eclipse Adoptium\jdk-17.0.6.10-hotspot\bin;C:\Windows\system32;C:\Windows;C:\Windows\System32\Wbem;C:\Windows\System32\WindowsPowerShell\v1.0\;C:\Windows\System32\OpenSSH\;C:\Program Files (x86)\NVIDIA Corporation\PhysX\Common;C:\Program Files\NVIDIA Corporation\NVIDIA NvDLISR;C:\Program Files\Git\cmd;C:\ProgramData\ComposerSetup\bin;C:\Program Files\Docker\Docker\resources\bin;C:\Users\OMEN\AppData\Local\Microsoft\WindowsApps;C:\Users\OMEN\AppData\Local\Programs\Microsoft VS Code\bin;C:\Users\OMEN\AppData\Local\GitHubDesktop\bin;C:\Program Files\php-8.2.1;C:\Users\OMEN\AppData\Roaming\Composer\vendor\bin
USERNAME=OMEN
OS=Windows_NT
PROCESSOR_IDENTIFIER=Intel64 Family 6 Model 158 Stepping 9, GenuineIntel
TMP=C:\Users\OMEN\AppData\Local\Temp
TEMP=C:\Users\OMEN\AppData\Local\Temp



---------------  S Y S T E M  ---------------

OS:
 Windows 10 , 64 bit Build 19041 (10.0.19041.2364)
OS uptime: 5 days 20:15 hours
Hyper-V role detected

CPU: total 8 (initial active 8) (4 cores per cpu, 2 threads per core) family 6 model 158 stepping 9 microcode 0xea, cx8, cmov, fxsr, ht, mmx, 3dnowpref, sse, sse2, sse3, ssse3, sse4.1, sse4.2, popcnt, lzcnt, tsc, tscinvbit, avx, avx2, aes, erms, clmul, bmi1, bmi2, adx, fma, vzeroupper, clflush, clflushopt, hv

Memory: 4k page, system-wide physical 16263M (1061M free)
TotalPageFile size 46617M (AvailPageFile size 504M)
current process WorkingSet (physical memory assigned to process): 84M, peak: 665M
current process commit charge ("private bytes"): 309M, peak: 683M

vm_info: OpenJDK 64-Bit Server VM (17.0.5+8) for windows-amd64 JRE (17.0.5+8), built on Oct 19 2022 04:48:13 by "temurin" with MS VC++ 16.7 (VS2019)

END.
