#
# There is insufficient memory for the Java Runtime Environment to continue.
# Native memory allocation (mmap) failed to map 423624704 bytes for G1 virtual space
# Possible reasons:
#   The system is out of physical RAM or swap space
#   The process is running with CompressedOops enabled, and the Java Heap may be blocking the growth of the native heap
# Possible solutions:
#   Reduce memory load on the system
#   Increase physical memory or swap space
#   Check if swap backing store is full
#   Decrease Java heap size (-Xmx/-Xms)
#   Decrease number of Java threads
#   Decrease Java thread stack sizes (-Xss)
#   Set larger code cache with -XX:ReservedCodeCacheSize=
#   JVM is running with Zero Based Compressed Oops mode in which the Java heap is
#     placed in the first 32GB address space. The Java Heap base address is the
#     maximum limit for the native heap growth. Please use -XX:HeapBaseMinAddress
#     to set the Java Heap base and to place the Java Heap above 32GB virtual address.
# This output file may be truncated or incomplete.
#
#  Out of Memory Error (os_windows.cpp:3548), pid=30356, tid=2252
#
# JRE version: OpenJDK Runtime Environment Temurin-17.0.5+8 (17.0.5+8) (build 17.0.5+8)
# Java VM: OpenJDK 64-Bit Server VM Temurin-17.0.5+8 (17.0.5+8, mixed mode, emulated-client, tiered, compressed oops, compressed class ptrs, g1 gc, windows-amd64)
# No core dump will be written. Minidumps are not enabled by default on client versions of Windows
#

---------------  S U M M A R Y ------------

Command Line: -Dsts.lsp.client=vscode -Dsts.log.file=/dev/null -XX:TieredStopAtLevel=1 -Xlog:jni+resolve=off -Dspring.config.location=file:c:\Users\OMEN\.vscode\extensions\pivotal.vscode-spring-boot-1.43.0\language-server\BOOT-INF\classes\application.properties org.springframework.ide.vscode.boot.app.BootLanguageServerBootApp

Host: Intel(R) Core(TM) i7-7700HQ CPU @ 2.80GHz, 8 cores, 15G,  Windows 10 , 64 bit Build 19041 (10.0.19041.2364)
Time: Tue Jan 31 18:05:20 2023 Middle East Standard Time elapsed time: 4.335887 seconds (0d 0h 0m 4s)

---------------  T H R E A D  ---------------

Current thread (0x00000288dedbd8c0):  VMThread "VM Thread" [stack: 0x000000a7dab00000,0x000000a7dac00000] [id=2252]

Stack: [0x000000a7dab00000,0x000000a7dac00000]
Native frames: (J=compiled Java code, j=interpreted, Vv=VM code, C=native code)
V  [jvm.dll+0x676b3a]
V  [jvm.dll+0x831444]
V  [jvm.dll+0x832bee]
V  [jvm.dll+0x833253]
V  [jvm.dll+0x244ce5]
V  [jvm.dll+0x673a49]
V  [jvm.dll+0x66811a]
V  [jvm.dll+0x303ceb]
V  [jvm.dll+0x30b1e6]
V  [jvm.dll+0x35adbe]
V  [jvm.dll+0x35afef]
V  [jvm.dll+0x2dab88]
V  [jvm.dll+0x2d8e3c]
V  [jvm.dll+0x2d840c]
V  [jvm.dll+0x31c31b]
V  [jvm.dll+0x8376fb]
V  [jvm.dll+0x838434]
V  [jvm.dll+0x83894c]
V  [jvm.dll+0x838d24]
V  [jvm.dll+0x838df0]
V  [jvm.dll+0x7e17ea]
V  [jvm.dll+0x6759e5]
C  [ucrtbase.dll+0x21bb2]
C  [KERNEL32.DLL+0x17614]
C  [ntdll.dll+0x526a1]

VM_Operation (0x000000a7dcdfdc40): G1CollectForAllocation, mode: safepoint, requested by thread 0x00000288e0fdc8d0


---------------  P R O C E S S  ---------------

Threads class SMR info:
_java_thread_list=0x00000288e40fa7f0, length=40, elements={
0x00000288df842760, 0x00000288df843450, 0x00000288df85ab10, 0x00000288df8775b0,
0x00000288df877f60, 0x00000288df878910, 0x00000288df87c870, 0x00000288df885270,
0x00000288dfa6de80, 0x00000288dfa8c0e0, 0x00000288dfa98950, 0x00000288e042bce0,
0x00000288e06b5020, 0x00000288e0cc7d10, 0x00000288e0f47040, 0x00000288e0e173f0,
0x00000288cce63420, 0x00000288e0d4c640, 0x00000288e0723dc0, 0x00000288e0e97880,
0x00000288e0e96e70, 0x00000288e0fdb590, 0x00000288e0fdb0c0, 0x00000288e0fdbf30,
0x00000288e0fdc400, 0x00000288e0fdc8d0, 0x00000288e0fdba60, 0x00000288e10d7e90,
0x00000288e10d8830, 0x00000288e10d8360, 0x00000288e10da040, 0x00000288e10dda00,
0x00000288e10dd530, 0x00000288e10d79c0, 0x00000288e10dc1f0, 0x00000288e10dc6c0,
0x00000288e10d8d00, 0x00000288e10db850, 0x00000288e10d91d0, 0x00000288e10d96a0
}

Java Threads: ( => current thread )
  0x00000288df842760 JavaThread "Reference Handler" daemon [_thread_blocked, id=2276, stack(0x000000a7dac00000,0x000000a7dad00000)]
  0x00000288df843450 JavaThread "Finalizer" daemon [_thread_blocked, id=2648, stack(0x000000a7dad00000,0x000000a7dae00000)]
  0x00000288df85ab10 JavaThread "Signal Dispatcher" daemon [_thread_blocked, id=23464, stack(0x000000a7dae00000,0x000000a7daf00000)]
  0x00000288df8775b0 JavaThread "Attach Listener" daemon [_thread_blocked, id=32200, stack(0x000000a7daf00000,0x000000a7db000000)]
  0x00000288df877f60 JavaThread "Service Thread" daemon [_thread_blocked, id=4840, stack(0x000000a7db000000,0x000000a7db100000)]
  0x00000288df878910 JavaThread "Monitor Deflation Thread" daemon [_thread_blocked, id=18244, stack(0x000000a7db100000,0x000000a7db200000)]
  0x00000288df87c870 JavaThread "C1 CompilerThread0" daemon [_thread_blocked, id=9220, stack(0x000000a7db200000,0x000000a7db300000)]
  0x00000288df885270 JavaThread "Sweeper thread" daemon [_thread_blocked, id=13732, stack(0x000000a7db300000,0x000000a7db400000)]
  0x00000288dfa6de80 JavaThread "C1 CompilerThread1" daemon [_thread_blocked, id=7820, stack(0x000000a7db400000,0x000000a7db500000)]
  0x00000288dfa8c0e0 JavaThread "Notification Thread" daemon [_thread_blocked, id=32600, stack(0x000000a7db500000,0x000000a7db600000)]
  0x00000288dfa98950 JavaThread "Common-Cleaner" daemon [_thread_blocked, id=9724, stack(0x000000a7db700000,0x000000a7db800000)]
  0x00000288e042bce0 JavaThread "C1 CompilerThread2" daemon [_thread_blocked, id=21240, stack(0x000000a7db800000,0x000000a7db900000)]
  0x00000288e06b5020 JavaThread "C1 CompilerThread3" daemon [_thread_blocked, id=25152, stack(0x000000a7dbe00000,0x000000a7dbf00000)]
  0x00000288e0cc7d10 JavaThread "boundedElastic-evictor-1" daemon [_thread_blocked, id=10756, stack(0x000000a7dc100000,0x000000a7dc200000)]
  0x00000288e0f47040 JavaThread "pool-11-thread-1" [_thread_blocked, id=3488, stack(0x000000a7dc300000,0x000000a7dc400000)]
  0x00000288e0e173f0 JavaThread "LanguageServerApp-lifecycle" [_thread_blocked, id=26616, stack(0x000000a7dc400000,0x000000a7dc500000)]
  0x00000288cce63420 JavaThread "DestroyJavaVM" [_thread_blocked, id=2180, stack(0x000000a7da500000,0x000000a7da600000)]
  0x00000288e0d4c640 JavaThread "pool-12-thread-1" [_thread_in_native, id=18576, stack(0x000000a7dc500000,0x000000a7dc600000)]
  0x00000288e0723dc0 JavaThread "Simple-Language-Server main thread" daemon [_thread_blocked, id=7620, stack(0x000000a7dc600000,0x000000a7dc700000)]
  0x00000288e0e97880 JavaThread "pool-8-thread-1" [_thread_blocked, id=3584, stack(0x000000a7dc700000,0x000000a7dc800000)]
  0x00000288e0e96e70 JavaThread "parallel-1" daemon [_thread_blocked, id=29476, stack(0x000000a7dc800000,0x000000a7dc900000)]
  0x00000288e0fdb590 JavaThread "ForkJoinPool.commonPool-worker-1" daemon [_thread_blocked, id=25476, stack(0x000000a7dc900000,0x000000a7dca00000)]
  0x00000288e0fdb0c0 JavaThread "parallel-2" daemon [_thread_blocked, id=3300, stack(0x000000a7dca00000,0x000000a7dcb00000)]
  0x00000288e0fdbf30 JavaThread "ClassGraph-worker-0" daemon [_thread_blocked, id=26724, stack(0x000000a7dcb00000,0x000000a7dcc00000)]
  0x00000288e0fdc400 JavaThread "ClassGraph-worker-1" daemon [_thread_blocked, id=28488, stack(0x000000a7dcc00000,0x000000a7dcd00000)]
  0x00000288e0fdc8d0 JavaThread "ClassGraph-worker-2" daemon [_thread_blocked, id=5512, stack(0x000000a7dcd00000,0x000000a7dce00000)]
  0x00000288e0fdba60 JavaThread "ClassGraph-worker-3" daemon [_thread_blocked, id=6340, stack(0x000000a7dce00000,0x000000a7dcf00000)]
  0x00000288e10d7e90 JavaThread "ClassGraph-worker-4" daemon [_thread_blocked, id=19284, stack(0x000000a7dcf00000,0x000000a7dd000000)]
  0x00000288e10d8830 JavaThread "ClassGraph-worker-5" daemon [_thread_blocked, id=7332, stack(0x000000a7dd000000,0x000000a7dd100000)]
  0x00000288e10d8360 JavaThread "ClassGraph-worker-6" daemon [_thread_blocked, id=9872, stack(0x000000a7dd100000,0x000000a7dd200000)]
  0x00000288e10da040 JavaThread "ClassGraph-worker-7" daemon [_thread_blocked, id=2904, stack(0x000000a7dd200000,0x000000a7dd300000)]
  0x00000288e10dda00 JavaThread "ClassGraph-worker-8" daemon [_thread_blocked, id=18836, stack(0x000000a7dd300000,0x000000a7dd400000)]
  0x00000288e10dd530 JavaThread "ClassGraph-worker-9" daemon [_thread_blocked, id=13796, stack(0x000000a7dd400000,0x000000a7dd500000)]
  0x00000288e10d79c0 JavaThread "ClassGraph-worker-10" daemon [_thread_blocked, id=14448, stack(0x000000a7dd500000,0x000000a7dd600000)]
  0x00000288e10dc1f0 JavaThread "ClassGraph-worker-11" daemon [_thread_blocked, id=20016, stack(0x000000a7dd600000,0x000000a7dd700000)]
  0x00000288e10dc6c0 JavaThread "ClassGraph-worker-12" daemon [_thread_blocked, id=27680, stack(0x000000a7dd700000,0x000000a7dd800000)]
  0x00000288e10d8d00 JavaThread "ClassGraph-worker-13" daemon [_thread_blocked, id=31024, stack(0x000000a7dd800000,0x000000a7dd900000)]
  0x00000288e10db850 JavaThread "Reconciler-1" daemon [_thread_blocked, id=26052, stack(0x000000a7dd900000,0x000000a7dda00000)]
  0x00000288e10d91d0 JavaThread "pool-6-thread-1" [_thread_blocked, id=23516, stack(0x000000a7dda00000,0x000000a7ddb00000)]
  0x00000288e10d96a0 JavaThread "pool-10-thread-1" [_thread_blocked, id=24240, stack(0x000000a7ddb00000,0x000000a7ddc00000)]

Other Threads:
=>0x00000288dedbd8c0 VMThread "VM Thread" [stack: 0x000000a7dab00000,0x000000a7dac00000] [id=2252]
  0x00000288ccef1ff0 WatcherThread [stack: 0x000000a7db600000,0x000000a7db700000] [id=30268]
  0x00000288cced1b20 GCTaskThread "GC Thread#0" [stack: 0x000000a7da600000,0x000000a7da700000] [id=2756]
  0x00000288e047bb50 GCTaskThread "GC Thread#1" [stack: 0x000000a7db900000,0x000000a7dba00000] [id=29892]
  0x00000288e04a0030 GCTaskThread "GC Thread#2" [stack: 0x000000a7dba00000,0x000000a7dbb00000] [id=26516]
  0x00000288e042ec70 GCTaskThread "GC Thread#3" [stack: 0x000000a7dbb00000,0x000000a7dbc00000] [id=11916]
  0x00000288e042ef20 GCTaskThread "GC Thread#4" [stack: 0x000000a7dbc00000,0x000000a7dbd00000] [id=22620]
  0x00000288e0260fd0 GCTaskThread "GC Thread#5" [stack: 0x000000a7dbd00000,0x000000a7dbe00000] [id=8532]
  0x00000288e0746250 GCTaskThread "GC Thread#6" [stack: 0x000000a7dbf00000,0x000000a7dc000000] [id=7252]
  0x00000288e0746500 GCTaskThread "GC Thread#7" [stack: 0x000000a7dc000000,0x000000a7dc100000] [id=22792]
  0x00000288ccee2720 ConcurrentGCThread "G1 Main Marker" [stack: 0x000000a7da700000,0x000000a7da800000] [id=3292]
  0x00000288ccee3770 ConcurrentGCThread "G1 Conc#0" [stack: 0x000000a7da800000,0x000000a7da900000] [id=1704]
  0x00000288e09f0d10 ConcurrentGCThread "G1 Conc#1" [stack: 0x000000a7dc200000,0x000000a7dc300000] [id=428]
  0x00000288ccf27060 ConcurrentGCThread "G1 Refine#0" [stack: 0x000000a7da900000,0x000000a7daa00000] [id=24620]
  0x00000288ccf27920 ConcurrentGCThread "G1 Service" [stack: 0x000000a7daa00000,0x000000a7dab00000] [id=1804]

Threads with active compile tasks:

VM state: at safepoint (normal execution)

VM Mutex/Monitor currently owned by a thread:  ([mutex/lock_event])
[0x00000288cacea640] Threads_lock - owner thread: 0x00000288dedbd8c0
[0x00000288cce61c10] Heap_lock - owner thread: 0x00000288e0fdc8d0

Heap address: 0x0000000701e00000, size: 4066 MB, Compressed Oops mode: Zero based, Oop shift amount: 3

CDS archive(s) not mapped
Compressed class space mapped at: 0x0000000800000000-0x0000000840000000, reserved size: 1073741824
Narrow klass base: 0x0000000800000000, Narrow klass shift: 0, Narrow klass range: 0x40000000

GC Precious Log:
 CPUs: 8 total, 8 available
 Memory: 16263M
 Large Page Support: Disabled
 NUMA Support: Disabled
 Compressed Oops: Enabled (Zero based)
 Heap Region Size: 2M
 Heap Min Capacity: 8M
 Heap Initial Capacity: 256M
 Heap Max Capacity: 4066M
 Pre-touch: Disabled
 Parallel Workers: 8
 Concurrent Workers: 2
 Concurrent Refinement Workers: 8
 Periodic GC: Disabled

Heap:
 garbage-first heap   total 262144K, used 83513K [0x0000000701e00000, 0x0000000800000000)
  region size 2048K, 5 young (10240K), 5 survivors (10240K)
 Metaspace       used 40282K, committed 40768K, reserved 1089536K
  class space    used 5152K, committed 5376K, reserved 1048576K

Heap Regions: E=young(eden), S=young(survivor), O=old, HS=humongous(starts), HC=humongous(continues), CS=collection set, F=free, OA=open archive, CA=closed archive, TAMS=top-at-mark-start (previous, next)
|   0|0x0000000701e00000, 0x0000000702000000, 0x0000000702000000|100%| O|  |TAMS 0x0000000702000000, 0x0000000701e00000| Untracked 
|   1|0x0000000702000000, 0x0000000702200000, 0x0000000702200000|100%| O|  |TAMS 0x0000000702200000, 0x0000000702000000| Untracked 
|   2|0x0000000702200000, 0x0000000702400000, 0x0000000702400000|100%| O|  |TAMS 0x0000000702400000, 0x0000000702200000| Untracked 
|   3|0x0000000702400000, 0x000000070259a000, 0x0000000702600000| 80%| O|  |TAMS 0x000000070259a000, 0x0000000702400000| Untracked 
|   4|0x0000000702600000, 0x0000000702800000, 0x0000000702800000|100%| O|  |TAMS 0x0000000702800000, 0x0000000702600000| Untracked 
|   5|0x0000000702800000, 0x0000000702a00000, 0x0000000702a00000|100%| O|  |TAMS 0x0000000702a00000, 0x0000000702800000| Untracked 
|   6|0x0000000702a00000, 0x0000000702c00000, 0x0000000702c00000|100%| O|  |TAMS 0x0000000702c00000, 0x0000000702a00000| Untracked 
|   7|0x0000000702c00000, 0x0000000702e00000, 0x0000000702e00000|100%| O|  |TAMS 0x0000000702e00000, 0x0000000702c00000| Untracked 
|   8|0x0000000702e00000, 0x0000000703000000, 0x0000000703000000|100%| O|  |TAMS 0x0000000703000000, 0x0000000702e00000| Untracked 
|   9|0x0000000703000000, 0x0000000703200000, 0x0000000703200000|100%| O|  |TAMS 0x0000000703200000, 0x0000000703000000| Untracked 
|  10|0x0000000703200000, 0x0000000703400000, 0x0000000703400000|100%| O|  |TAMS 0x0000000703400000, 0x0000000703200000| Untracked 
|  11|0x0000000703400000, 0x0000000703600000, 0x0000000703600000|100%| O|  |TAMS 0x0000000703600000, 0x0000000703400000| Untracked 
|  12|0x0000000703600000, 0x0000000703800000, 0x0000000703800000|100%| O|  |TAMS 0x0000000703800000, 0x0000000703600000| Untracked 
|  13|0x0000000703800000, 0x0000000703a00000, 0x0000000703a00000|100%| O|  |TAMS 0x0000000703a00000, 0x0000000703800000| Untracked 
|  14|0x0000000703a00000, 0x0000000703c00000, 0x0000000703c00000|100%| O|  |TAMS 0x0000000703c00000, 0x0000000703a00000| Untracked 
|  15|0x0000000703c00000, 0x0000000703e00000, 0x0000000703e00000|100%| O|  |TAMS 0x0000000703e00000, 0x0000000703c00000| Untracked 
|  16|0x0000000703e00000, 0x0000000704000000, 0x0000000704000000|100%| O|  |TAMS 0x0000000704000000, 0x0000000703e00000| Untracked 
|  17|0x0000000704000000, 0x0000000704200000, 0x0000000704200000|100%| O|  |TAMS 0x0000000704200000, 0x0000000704000000| Untracked 
|  18|0x0000000704200000, 0x0000000704400000, 0x0000000704400000|100%| O|  |TAMS 0x0000000704400000, 0x0000000704200000| Untracked 
|  19|0x0000000704400000, 0x0000000704600000, 0x0000000704600000|100%| O|  |TAMS 0x0000000704600000, 0x0000000704400000| Untracked 
|  20|0x0000000704600000, 0x0000000704800000, 0x0000000704800000|100%| O|  |TAMS 0x0000000704800000, 0x0000000704600000| Untracked 
|  21|0x0000000704800000, 0x0000000704800000, 0x0000000704a00000|  0%| F|  |TAMS 0x0000000704800000, 0x0000000704800000| Untracked 
|  22|0x0000000704a00000, 0x0000000704c00000, 0x0000000704c00000|100%| O|  |TAMS 0x0000000704c00000, 0x0000000704a00000| Untracked 
|  23|0x0000000704c00000, 0x0000000704e00000, 0x0000000704e00000|100%| O|  |TAMS 0x0000000704e00000, 0x0000000704c00000| Untracked 
|  24|0x0000000704e00000, 0x0000000705000000, 0x0000000705000000|100%| O|  |TAMS 0x0000000705000000, 0x0000000704e00000| Untracked 
|  25|0x0000000705000000, 0x0000000705200000, 0x0000000705200000|100%| O|  |TAMS 0x0000000705059000, 0x0000000705000000| Untracked 
|  26|0x0000000705200000, 0x0000000705400000, 0x0000000705400000|100%| O|  |TAMS 0x0000000705200000, 0x0000000705200000| Untracked 
|  27|0x0000000705400000, 0x0000000705600000, 0x0000000705600000|100%| O|  |TAMS 0x0000000705400000, 0x0000000705400000| Untracked 
|  28|0x0000000705600000, 0x0000000705800000, 0x0000000705800000|100%| O|  |TAMS 0x0000000705600000, 0x0000000705600000| Untracked 
|  29|0x0000000705800000, 0x0000000705a00000, 0x0000000705a00000|100%| O|  |TAMS 0x0000000705800000, 0x0000000705800000| Untracked 
|  30|0x0000000705a00000, 0x0000000705c00000, 0x0000000705c00000|100%| O|  |TAMS 0x0000000705a00000, 0x0000000705a00000| Untracked 
|  31|0x0000000705c00000, 0x0000000705e00000, 0x0000000705e00000|100%| O|  |TAMS 0x0000000705c00000, 0x0000000705c00000| Untracked 
|  32|0x0000000705e00000, 0x0000000706000000, 0x0000000706000000|100%| O|  |TAMS 0x0000000705e00000, 0x0000000705e00000| Untracked 
|  33|0x0000000706000000, 0x0000000706200000, 0x0000000706200000|100%| O|  |TAMS 0x0000000706000000, 0x0000000706000000| Untracked 
|  34|0x0000000706200000, 0x0000000706400000, 0x0000000706400000|100%| O|  |TAMS 0x0000000706200000, 0x0000000706200000| Untracked 
|  35|0x0000000706400000, 0x0000000706600000, 0x0000000706600000|100%| O|  |TAMS 0x0000000706400000, 0x0000000706400000| Untracked 
|  36|0x0000000706600000, 0x0000000706800000, 0x0000000706800000|100%| O|  |TAMS 0x0000000706600000, 0x0000000706600000| Untracked 
|  37|0x0000000706800000, 0x00000007069e1a00, 0x0000000706a00000| 94%| O|  |TAMS 0x0000000706800000, 0x0000000706800000| Untracked 
|  38|0x0000000706a00000, 0x0000000706a00000, 0x0000000706c00000|  0%| F|  |TAMS 0x0000000706a00000, 0x0000000706a00000| Untracked 
|  39|0x0000000706c00000, 0x0000000706c00000, 0x0000000706e00000|  0%| F|  |TAMS 0x0000000706c00000, 0x0000000706c00000| Untracked 
|  40|0x0000000706e00000, 0x0000000706e00000, 0x0000000707000000|  0%| F|  |TAMS 0x0000000706e00000, 0x0000000706e00000| Untracked 
|  41|0x0000000707000000, 0x0000000707000000, 0x0000000707200000|  0%| F|  |TAMS 0x0000000707000000, 0x0000000707000000| Untracked 
|  42|0x0000000707200000, 0x0000000707200000, 0x0000000707400000|  0%| F|  |TAMS 0x0000000707200000, 0x0000000707200000| Untracked 
|  43|0x0000000707400000, 0x0000000707400000, 0x0000000707600000|  0%| F|  |TAMS 0x0000000707400000, 0x0000000707400000| Untracked 
|  44|0x0000000707600000, 0x0000000707600000, 0x0000000707800000|  0%| F|  |TAMS 0x0000000707600000, 0x0000000707600000| Untracked 
|  45|0x0000000707800000, 0x0000000707800000, 0x0000000707a00000|  0%| F|  |TAMS 0x0000000707800000, 0x0000000707800000| Untracked 
|  46|0x0000000707a00000, 0x0000000707a00000, 0x0000000707c00000|  0%| F|  |TAMS 0x0000000707a00000, 0x0000000707a00000| Untracked 
|  47|0x0000000707c00000, 0x0000000707c00000, 0x0000000707e00000|  0%| F|  |TAMS 0x0000000707c00000, 0x0000000707c00000| Untracked 
|  48|0x0000000707e00000, 0x0000000707e00000, 0x0000000708000000|  0%| F|  |TAMS 0x0000000707e00000, 0x0000000707e00000| Untracked 
|  49|0x0000000708000000, 0x0000000708000000, 0x0000000708200000|  0%| F|  |TAMS 0x0000000708000000, 0x0000000708000000| Untracked 
|  50|0x0000000708200000, 0x0000000708200000, 0x0000000708400000|  0%| F|  |TAMS 0x0000000708200000, 0x0000000708200000| Untracked 
|  51|0x0000000708400000, 0x0000000708400000, 0x0000000708600000|  0%| F|  |TAMS 0x0000000708400000, 0x0000000708400000| Untracked 
|  52|0x0000000708600000, 0x0000000708600000, 0x0000000708800000|  0%| F|  |TAMS 0x0000000708600000, 0x0000000708600000| Untracked 
|  53|0x0000000708800000, 0x0000000708800000, 0x0000000708a00000|  0%| F|  |TAMS 0x0000000708800000, 0x0000000708800000| Untracked 
|  54|0x0000000708a00000, 0x0000000708a00000, 0x0000000708c00000|  0%| F|  |TAMS 0x0000000708a00000, 0x0000000708a00000| Untracked 
|  55|0x0000000708c00000, 0x0000000708c12b60, 0x0000000708e00000|  3%| S|CS|TAMS 0x0000000708c00000, 0x0000000708c00000| Complete 
|  56|0x0000000708e00000, 0x0000000709000000, 0x0000000709000000|100%| S|CS|TAMS 0x0000000708e00000, 0x0000000708e00000| Complete 
|  57|0x0000000709000000, 0x0000000709200000, 0x0000000709200000|100%| S|CS|TAMS 0x0000000709000000, 0x0000000709000000| Complete 
|  58|0x0000000709200000, 0x0000000709400000, 0x0000000709400000|100%| S|CS|TAMS 0x0000000709200000, 0x0000000709200000| Complete 
|  59|0x0000000709400000, 0x0000000709400000, 0x0000000709600000|  0%| F|  |TAMS 0x0000000709400000, 0x0000000709400000| Untracked 
|  60|0x0000000709600000, 0x0000000709600000, 0x0000000709800000|  0%| F|  |TAMS 0x0000000709600000, 0x0000000709600000| Untracked 
|  61|0x0000000709800000, 0x0000000709a00000, 0x0000000709a00000|100%| S|CS|TAMS 0x0000000709800000, 0x0000000709800000| Complete 
|  62|0x0000000709a00000, 0x0000000709a00000, 0x0000000709c00000|  0%| F|  |TAMS 0x0000000709a00000, 0x0000000709a00000| Untracked 
|  63|0x0000000709c00000, 0x0000000709c00000, 0x0000000709e00000|  0%| F|  |TAMS 0x0000000709c00000, 0x0000000709c00000| Untracked 
|  64|0x0000000709e00000, 0x0000000709e00000, 0x000000070a000000|  0%| F|  |TAMS 0x0000000709e00000, 0x0000000709e00000| Untracked 
|  65|0x000000070a000000, 0x000000070a000000, 0x000000070a200000|  0%| F|  |TAMS 0x000000070a000000, 0x000000070a000000| Untracked 
|  66|0x000000070a200000, 0x000000070a200000, 0x000000070a400000|  0%| F|  |TAMS 0x000000070a200000, 0x000000070a200000| Untracked 
|  67|0x000000070a400000, 0x000000070a400000, 0x000000070a600000|  0%| F|  |TAMS 0x000000070a400000, 0x000000070a400000| Untracked 
|  68|0x000000070a600000, 0x000000070a600000, 0x000000070a800000|  0%| F|  |TAMS 0x000000070a600000, 0x000000070a600000| Untracked 
|  69|0x000000070a800000, 0x000000070a800000, 0x000000070aa00000|  0%| F|  |TAMS 0x000000070a800000, 0x000000070a800000| Untracked 
|  70|0x000000070aa00000, 0x000000070aa00000, 0x000000070ac00000|  0%| F|  |TAMS 0x000000070aa00000, 0x000000070aa00000| Untracked 
|  71|0x000000070ac00000, 0x000000070ac00000, 0x000000070ae00000|  0%| F|  |TAMS 0x000000070ac00000, 0x000000070ac00000| Untracked 
|  72|0x000000070ae00000, 0x000000070ae00000, 0x000000070b000000|  0%| F|  |TAMS 0x000000070ae00000, 0x000000070ae00000| Untracked 
|  73|0x000000070b000000, 0x000000070b000000, 0x000000070b200000|  0%| F|  |TAMS 0x000000070b000000, 0x000000070b000000| Untracked 
|  74|0x000000070b200000, 0x000000070b200000, 0x000000070b400000|  0%| F|  |TAMS 0x000000070b200000, 0x000000070b200000| Untracked 
|  75|0x000000070b400000, 0x000000070b400000, 0x000000070b600000|  0%| F|  |TAMS 0x000000070b400000, 0x000000070b400000| Untracked 
|  76|0x000000070b600000, 0x000000070b600000, 0x000000070b800000|  0%| F|  |TAMS 0x000000070b600000, 0x000000070b600000| Untracked 
|  77|0x000000070b800000, 0x000000070b800000, 0x000000070ba00000|  0%| F|  |TAMS 0x000000070b800000, 0x000000070b800000| Untracked 
|  78|0x000000070ba00000, 0x000000070ba00000, 0x000000070bc00000|  0%| F|  |TAMS 0x000000070ba00000, 0x000000070ba00000| Untracked 
|  79|0x000000070bc00000, 0x000000070bc00000, 0x000000070be00000|  0%| F|  |TAMS 0x000000070bc00000, 0x000000070bc00000| Untracked 
|  80|0x000000070be00000, 0x000000070be00000, 0x000000070c000000|  0%| F|  |TAMS 0x000000070be00000, 0x000000070be00000| Untracked 
|  81|0x000000070c000000, 0x000000070c000000, 0x000000070c200000|  0%| F|  |TAMS 0x000000070c000000, 0x000000070c000000| Untracked 
|  82|0x000000070c200000, 0x000000070c200000, 0x000000070c400000|  0%| F|  |TAMS 0x000000070c200000, 0x000000070c200000| Untracked 
|  83|0x000000070c400000, 0x000000070c400000, 0x000000070c600000|  0%| F|  |TAMS 0x000000070c400000, 0x000000070c400000| Untracked 
|  84|0x000000070c600000, 0x000000070c600000, 0x000000070c800000|  0%| F|  |TAMS 0x000000070c600000, 0x000000070c600000| Untracked 
|  85|0x000000070c800000, 0x000000070c800000, 0x000000070ca00000|  0%| F|  |TAMS 0x000000070c800000, 0x000000070c800000| Untracked 
|  86|0x000000070ca00000, 0x000000070ca00000, 0x000000070cc00000|  0%| F|  |TAMS 0x000000070ca00000, 0x000000070ca00000| Untracked 
|  87|0x000000070cc00000, 0x000000070cc00000, 0x000000070ce00000|  0%| F|  |TAMS 0x000000070cc00000, 0x000000070cc00000| Untracked 
|  88|0x000000070ce00000, 0x000000070ce00000, 0x000000070d000000|  0%| F|  |TAMS 0x000000070ce00000, 0x000000070ce00000| Untracked 
|  89|0x000000070d000000, 0x000000070d000000, 0x000000070d200000|  0%| F|  |TAMS 0x000000070d000000, 0x000000070d000000| Untracked 
|  90|0x000000070d200000, 0x000000070d200000, 0x000000070d400000|  0%| F|  |TAMS 0x000000070d200000, 0x000000070d200000| Untracked 
|  91|0x000000070d400000, 0x000000070d400000, 0x000000070d600000|  0%| F|  |TAMS 0x000000070d400000, 0x000000070d400000| Untracked 
|  92|0x000000070d600000, 0x000000070d600000, 0x000000070d800000|  0%| F|  |TAMS 0x000000070d600000, 0x000000070d600000| Untracked 
|  93|0x000000070d800000, 0x000000070d800000, 0x000000070da00000|  0%| F|  |TAMS 0x000000070d800000, 0x000000070d800000| Untracked 
|  94|0x000000070da00000, 0x000000070da00000, 0x000000070dc00000|  0%| F|  |TAMS 0x000000070da00000, 0x000000070da00000| Untracked 
|  95|0x000000070dc00000, 0x000000070dc00000, 0x000000070de00000|  0%| F|  |TAMS 0x000000070dc00000, 0x000000070dc00000| Untracked 
|  96|0x000000070de00000, 0x000000070de00000, 0x000000070e000000|  0%| F|  |TAMS 0x000000070de00000, 0x000000070de00000| Untracked 
|  97|0x000000070e000000, 0x000000070e000000, 0x000000070e200000|  0%| F|  |TAMS 0x000000070e000000, 0x000000070e000000| Untracked 
|  98|0x000000070e200000, 0x000000070e200000, 0x000000070e400000|  0%| F|  |TAMS 0x000000070e200000, 0x000000070e200000| Untracked 
|  99|0x000000070e400000, 0x000000070e400000, 0x000000070e600000|  0%| F|  |TAMS 0x000000070e400000, 0x000000070e400000| Untracked 
| 100|0x000000070e600000, 0x000000070e600000, 0x000000070e800000|  0%| F|  |TAMS 0x000000070e600000, 0x000000070e600000| Untracked 
| 101|0x000000070e800000, 0x000000070e800000, 0x000000070ea00000|  0%| F|  |TAMS 0x000000070e800000, 0x000000070e800000| Untracked 
| 102|0x000000070ea00000, 0x000000070ea00000, 0x000000070ec00000|  0%| F|  |TAMS 0x000000070ea00000, 0x000000070ea00000| Untracked 
| 103|0x000000070ec00000, 0x000000070ec00000, 0x000000070ee00000|  0%| F|  |TAMS 0x000000070ec00000, 0x000000070ec00000| Untracked 
| 104|0x000000070ee00000, 0x000000070ee00000, 0x000000070f000000|  0%| F|  |TAMS 0x000000070ee00000, 0x000000070ee00000| Untracked 
| 105|0x000000070f000000, 0x000000070f000000, 0x000000070f200000|  0%| F|  |TAMS 0x000000070f000000, 0x000000070f000000| Untracked 
| 106|0x000000070f200000, 0x000000070f200000, 0x000000070f400000|  0%| F|  |TAMS 0x000000070f200000, 0x000000070f200000| Untracked 
| 107|0x000000070f400000, 0x000000070f400000, 0x000000070f600000|  0%| F|  |TAMS 0x000000070f400000, 0x000000070f400000| Untracked 
| 108|0x000000070f600000, 0x000000070f600000, 0x000000070f800000|  0%| F|  |TAMS 0x000000070f600000, 0x000000070f600000| Untracked 
| 109|0x000000070f800000, 0x000000070f800000, 0x000000070fa00000|  0%| F|  |TAMS 0x000000070f800000, 0x000000070f800000| Untracked 
| 110|0x000000070fa00000, 0x000000070fa00000, 0x000000070fc00000|  0%| F|  |TAMS 0x000000070fa00000, 0x000000070fa00000| Untracked 
| 111|0x000000070fc00000, 0x000000070fc00000, 0x000000070fe00000|  0%| F|  |TAMS 0x000000070fc00000, 0x000000070fc00000| Untracked 
| 112|0x000000070fe00000, 0x000000070fe00000, 0x0000000710000000|  0%| F|  |TAMS 0x000000070fe00000, 0x000000070fe00000| Untracked 
| 113|0x0000000710000000, 0x0000000710000000, 0x0000000710200000|  0%| F|  |TAMS 0x0000000710000000, 0x0000000710000000| Untracked 
| 114|0x0000000710200000, 0x0000000710200000, 0x0000000710400000|  0%| F|  |TAMS 0x0000000710200000, 0x0000000710200000| Untracked 
| 115|0x0000000710400000, 0x0000000710400000, 0x0000000710600000|  0%| F|  |TAMS 0x0000000710400000, 0x0000000710400000| Untracked 
| 116|0x0000000710600000, 0x0000000710600000, 0x0000000710800000|  0%| F|  |TAMS 0x0000000710600000, 0x0000000710600000| Untracked 
| 117|0x0000000710800000, 0x0000000710800000, 0x0000000710a00000|  0%| F|  |TAMS 0x0000000710800000, 0x0000000710800000| Untracked 
| 118|0x0000000710a00000, 0x0000000710a00000, 0x0000000710c00000|  0%| F|  |TAMS 0x0000000710a00000, 0x0000000710a00000| Untracked 
| 119|0x0000000710c00000, 0x0000000710c00000, 0x0000000710e00000|  0%| F|  |TAMS 0x0000000710c00000, 0x0000000710c00000| Untracked 
| 120|0x0000000710e00000, 0x0000000710e00000, 0x0000000711000000|  0%| F|  |TAMS 0x0000000710e00000, 0x0000000710e00000| Untracked 
| 121|0x0000000711000000, 0x0000000711000000, 0x0000000711200000|  0%| F|  |TAMS 0x0000000711000000, 0x0000000711000000| Untracked 
| 122|0x0000000711200000, 0x0000000711200000, 0x0000000711400000|  0%| F|  |TAMS 0x0000000711200000, 0x0000000711200000| Untracked 
| 123|0x0000000711400000, 0x0000000711400000, 0x0000000711600000|  0%| F|  |TAMS 0x0000000711400000, 0x0000000711400000| Untracked 
| 124|0x0000000711600000, 0x0000000711600000, 0x0000000711800000|  0%| F|  |TAMS 0x0000000711600000, 0x0000000711600000| Untracked 
| 125|0x0000000711800000, 0x0000000711800000, 0x0000000711a00000|  0%| F|  |TAMS 0x0000000711800000, 0x0000000711800000| Untracked 
| 126|0x0000000711a00000, 0x0000000711a00000, 0x0000000711c00000|  0%| F|  |TAMS 0x0000000711a00000, 0x0000000711a00000| Untracked 
| 127|0x0000000711c00000, 0x0000000711c00000, 0x0000000711e00000|  0%| F|  |TAMS 0x0000000711c00000, 0x0000000711c00000| Untracked 

Card table byte_map: [0x00000288d3400000,0x00000288d3c00000] _byte_map_base: 0x00000288cfbf1000

Marking Bits (Prev, Next): (CMBitMap*) 0x00000288cced2020, (CMBitMap*) 0x00000288cced1fe0
 Prev Bits: [0x00000288d8390000, 0x00000288dc318000)
 Next Bits: [0x00000288d4400000, 0x00000288d8388000)

Polling page: 0x00000288cac70000

Metaspace:

Usage:
  Non-class:     34.31 MB used.
      Class:      5.03 MB used.
       Both:     39.34 MB used.

Virtual space:
  Non-class space:       40.00 MB reserved,      34.56 MB ( 86%) committed,  5 nodes.
      Class space:        1.00 GB reserved,       5.25 MB ( <1%) committed,  1 nodes.
             Both:        1.04 GB reserved,      39.81 MB (  4%) committed. 

Chunk freelists:
   Non-Class:  864.00 KB
       Class:  2.67 MB
        Both:  3.51 MB

MaxMetaspaceSize: unlimited
CompressedClassSpaceSize: 1.00 GB
Initial GC threshold: 21.00 MB
Current GC threshold: 66.25 MB
CDS: off
MetaspaceReclaimPolicy: balanced
 - commit_granule_bytes: 65536.
 - commit_granule_words: 8192.
 - virtual_space_node_default_size: 1048576.
 - enlarge_chunks_in_place: 1.
 - new_chunks_are_fully_committed: 0.
 - uncommit_free_chunks: 1.
 - use_allocation_guard: 0.
 - handle_deallocations: 1.


Internal statistics:

num_allocs_failed_limit: 8.
num_arena_births: 500.
num_arena_deaths: 0.
num_vsnodes_births: 6.
num_vsnodes_deaths: 0.
num_space_committed: 637.
num_space_uncommitted: 0.
num_chunks_returned_to_freelist: 8.
num_chunks_taken_from_freelist: 1712.
num_chunk_merges: 8.
num_chunk_splits: 1193.
num_chunks_enlarged: 899.
num_purges: 0.
num_inconsistent_stats: 0.

CodeCache: size=49152Kb used=10241Kb max_used=10241Kb free=38910Kb
 bounds [0x00000288cfaf0000, 0x00000288d0500000, 0x00000288d2af0000]
 total_blobs=4898 nmethods=4341 adapters=481
 compilation: enabled
              stopped_count=0, restarted_count=0
 full_count=0

Compilation events (20 events):
Event: 4.166 Thread 0x00000288dfa6de80 nmethod 4329 0x00000288d04de990 code [0x00000288d04deea0, 0x00000288d04e08c8]
Event: 4.166 Thread 0x00000288df87c870 nmethod 4332 0x00000288d04e1e90 code [0x00000288d04e2080, 0x00000288d04e24f8]
Event: 4.166 Thread 0x00000288e06b5020 4333       1       io.github.classgraph.ModuleReaderProxy::open (72 bytes)
Event: 4.166 Thread 0x00000288e042bce0 4334       1       io.github.classgraph.Classfile::readClassAttributes (863 bytes)
Event: 4.167 Thread 0x00000288dfa6de80 4335   !   1       io.github.classgraph.Classfile::<init> (860 bytes)
Event: 4.167 Thread 0x00000288e06b5020 nmethod 4333 0x00000288d04e2790 code [0x00000288d04e29a0, 0x00000288d04e2ec8]
Event: 4.171 Thread 0x00000288e042bce0 nmethod 4334 0x00000288d04e3110 code [0x00000288d04e36e0, 0x00000288d04e5878]
Event: 4.171 Thread 0x00000288dfa6de80 nmethod 4335 0x00000288d04e6d90 code [0x00000288d04e75c0, 0x00000288d04ea2e8]
Event: 4.180 Thread 0x00000288dfa6de80 4336   !   1       nonapi.io.github.classgraph.fileslice.reader.ClassfileReader::close (43 bytes)
Event: 4.180 Thread 0x00000288dfa6de80 nmethod 4336 0x00000288d04ebd90 code [0x00000288d04ebf40, 0x00000288d04ec118]
Event: 4.186 Thread 0x00000288dfa6de80 4337       1       io.github.classgraph.Classfile::extendScanningUpwards (585 bytes)
Event: 4.191 Thread 0x00000288e042bce0 4338       1       io.github.classgraph.ClasspathElementModule$1$1::<init> (16 bytes)
Event: 4.209 Thread 0x00000288df87c870 4339       1       nonapi.io.github.classgraph.utils.ProxyingInputStream::<init> (10 bytes)
Event: 4.212 Thread 0x00000288df87c870 nmethod 4339 0x00000288d04ec210 code [0x00000288d04ec3a0, 0x00000288d04ec4b8]
Event: 4.213 Thread 0x00000288e042bce0 nmethod 4338 0x00000288d04ec510 code [0x00000288d04ec6a0, 0x00000288d04ec898]
Event: 4.222 Thread 0x00000288dfa6de80 nmethod 4337 0x00000288d04ec910 code [0x00000288d04ecd80, 0x00000288d04edd28]
Event: 4.250 Thread 0x00000288e042bce0 4340  s!   1       jdk.internal.loader.URLClassPath::getLoader (196 bytes)
Event: 4.251 Thread 0x00000288e042bce0 nmethod 4340 0x00000288d04eec90 code [0x00000288d04eef40, 0x00000288d04ef9b8]
Event: 4.323 Thread 0x00000288dfa6de80 4341       1       java.util.concurrent.ConcurrentHashMap::resizeStamp (9 bytes)
Event: 4.323 Thread 0x00000288dfa6de80 nmethod 4341 0x00000288d04f0290 code [0x00000288d04f0420, 0x00000288d04f04e8]

GC Heap History (20 events):
Event: 3.679 GC heap after
{Heap after GC invocations=13 (full 0):
 garbage-first heap   total 75776K, used 34738K [0x0000000701e00000, 0x0000000800000000)
  region size 2048K, 2 young (4096K), 2 survivors (4096K)
 Metaspace       used 37990K, committed 38336K, reserved 1089536K
  class space    used 4923K, committed 5056K, reserved 1048576K
}
Event: 3.726 GC heap before
{Heap before GC invocations=13 (full 0):
 garbage-first heap   total 75776K, used 53170K [0x0000000701e00000, 0x0000000800000000)
  region size 2048K, 12 young (24576K), 2 survivors (4096K)
 Metaspace       used 38505K, committed 38912K, reserved 1089536K
  class space    used 4935K, committed 5120K, reserved 1048576K
}
Event: 3.731 GC heap after
{Heap after GC invocations=14 (full 0):
 garbage-first heap   total 112640K, used 39250K [0x0000000701e00000, 0x0000000800000000)
  region size 2048K, 2 young (4096K), 2 survivors (4096K)
 Metaspace       used 38505K, committed 38912K, reserved 1089536K
  class space    used 4935K, committed 5120K, reserved 1048576K
}
Event: 3.813 GC heap before
{Heap before GC invocations=14 (full 0):
 garbage-first heap   total 112640K, used 76114K [0x0000000701e00000, 0x0000000800000000)
  region size 2048K, 21 young (43008K), 2 survivors (4096K)
 Metaspace       used 38818K, committed 39296K, reserved 1089536K
  class space    used 4970K, committed 5184K, reserved 1048576K
}
Event: 3.820 GC heap after
{Heap after GC invocations=15 (full 0):
 garbage-first heap   total 112640K, used 50756K [0x0000000701e00000, 0x0000000800000000)
  region size 2048K, 3 young (6144K), 3 survivors (6144K)
 Metaspace       used 38818K, committed 39296K, reserved 1089536K
  class space    used 4970K, committed 5184K, reserved 1048576K
}
Event: 4.026 GC heap before
{Heap before GC invocations=15 (full 0):
 garbage-first heap   total 112640K, used 79428K [0x0000000701e00000, 0x0000000800000000)
  region size 2048K, 18 young (36864K), 3 survivors (6144K)
 Metaspace       used 39828K, committed 40320K, reserved 1089536K
  class space    used 5104K, committed 5312K, reserved 1048576K
}
Event: 4.033 GC heap after
{Heap after GC invocations=16 (full 0):
 garbage-first heap   total 112640K, used 57292K [0x0000000701e00000, 0x0000000800000000)
  region size 2048K, 3 young (6144K), 3 survivors (6144K)
 Metaspace       used 39828K, committed 40320K, reserved 1089536K
  class space    used 5104K, committed 5312K, reserved 1048576K
}
Event: 4.123 GC heap before
{Heap before GC invocations=16 (full 0):
 garbage-first heap   total 112640K, used 79820K [0x0000000701e00000, 0x0000000800000000)
  region size 2048K, 15 young (30720K), 3 survivors (6144K)
 Metaspace       used 40177K, committed 40576K, reserved 1089536K
  class space    used 5137K, committed 5312K, reserved 1048576K
}
Event: 4.141 GC heap after
{Heap after GC invocations=17 (full 0):
 garbage-first heap   total 112640K, used 68248K [0x0000000701e00000, 0x0000000800000000)
  region size 2048K, 2 young (4096K), 2 survivors (4096K)
 Metaspace       used 40177K, committed 40576K, reserved 1089536K
  class space    used 5137K, committed 5312K, reserved 1048576K
}
Event: 4.171 GC heap before
{Heap before GC invocations=17 (full 0):
 garbage-first heap   total 112640K, used 80536K [0x0000000701e00000, 0x0000000800000000)
  region size 2048K, 9 young (18432K), 2 survivors (4096K)
 Metaspace       used 40181K, committed 40704K, reserved 1089536K
  class space    used 5139K, committed 5376K, reserved 1048576K
}
Event: 4.177 GC heap after
{Heap after GC invocations=18 (full 0):
 garbage-first heap   total 225280K, used 69954K [0x0000000701e00000, 0x0000000800000000)
  region size 2048K, 1 young (2048K), 1 survivors (2048K)
 Metaspace       used 40181K, committed 40704K, reserved 1089536K
  class space    used 5139K, committed 5376K, reserved 1048576K
}
Event: 4.231 GC heap before
{Heap before GC invocations=18 (full 0):
 garbage-first heap   total 225280K, used 145730K [0x0000000701e00000, 0x0000000800000000)
  region size 2048K, 39 young (79872K), 1 survivors (2048K)
 Metaspace       used 40208K, committed 40704K, reserved 1089536K
  class space    used 5146K, committed 5376K, reserved 1048576K
}
Event: 4.233 GC heap after
{Heap after GC invocations=19 (full 0):
 garbage-first heap   total 225280K, used 72654K [0x0000000701e00000, 0x0000000800000000)
  region size 2048K, 2 young (4096K), 2 survivors (4096K)
 Metaspace       used 40208K, committed 40704K, reserved 1089536K
  class space    used 5146K, committed 5376K, reserved 1048576K
}
Event: 4.265 GC heap before
{Heap before GC invocations=20 (full 0):
 garbage-first heap   total 225280K, used 164814K [0x0000000701e00000, 0x0000000800000000)
  region size 2048K, 48 young (98304K), 2 survivors (4096K)
 Metaspace       used 40282K, committed 40768K, reserved 1089536K
  class space    used 5152K, committed 5376K, reserved 1048576K
}
Event: 4.269 GC heap after
{Heap after GC invocations=21 (full 0):
 garbage-first heap   total 225280K, used 76508K [0x0000000701e00000, 0x0000000800000000)
  region size 2048K, 4 young (8192K), 4 survivors (8192K)
 Metaspace       used 40282K, committed 40768K, reserved 1089536K
  class space    used 5152K, committed 5376K, reserved 1048576K
}
Event: 4.270 GC heap before
{Heap before GC invocations=21 (full 0):
 garbage-first heap   total 225280K, used 76508K [0x0000000701e00000, 0x0000000800000000)
  region size 2048K, 5 young (10240K), 4 survivors (8192K)
 Metaspace       used 40282K, committed 40768K, reserved 1089536K
  class space    used 5152K, committed 5376K, reserved 1048576K
}
Event: 4.273 GC heap after
{Heap after GC invocations=22 (full 0):
 garbage-first heap   total 225280K, used 76469K [0x0000000701e00000, 0x0000000800000000)
  region size 2048K, 1 young (2048K), 1 survivors (2048K)
 Metaspace       used 40282K, committed 40768K, reserved 1089536K
  class space    used 5152K, committed 5376K, reserved 1048576K
}
Event: 4.299 GC heap before
{Heap before GC invocations=22 (full 0):
 garbage-first heap   total 225280K, used 170677K [0x0000000701e00000, 0x0000000800000000)
  region size 2048K, 49 young (100352K), 1 survivors (2048K)
 Metaspace       used 40282K, committed 40768K, reserved 1089536K
  class space    used 5152K, committed 5376K, reserved 1048576K
}
Event: 4.301 GC heap after
{Heap after GC invocations=23 (full 0):
 garbage-first heap   total 225280K, used 79214K [0x0000000701e00000, 0x0000000800000000)
  region size 2048K, 2 young (4096K), 2 survivors (4096K)
 Metaspace       used 40282K, committed 40768K, reserved 1089536K
  class space    used 5152K, committed 5376K, reserved 1048576K
}
Event: 4.329 GC heap before
{Heap before GC invocations=23 (full 0):
 garbage-first heap   total 225280K, used 175470K [0x0000000701e00000, 0x0000000800000000)
  region size 2048K, 50 young (102400K), 2 survivors (4096K)
 Metaspace       used 40282K, committed 40768K, reserved 1089536K
  class space    used 5152K, committed 5376K, reserved 1048576K
}

Dll operation events (8 events):
Event: 0.008 Loaded shared library c:\Users\OMEN\.vscode\extensions\redhat.java-1.14.0-win32-x64\jre\17.0.5-win32-x86_64\bin\java.dll
Event: 0.196 Loaded shared library C:\Users\OMEN\.vscode\extensions\redhat.java-1.14.0-win32-x64\jre\17.0.5-win32-x86_64\bin\net.dll
Event: 0.198 Loaded shared library C:\Users\OMEN\.vscode\extensions\redhat.java-1.14.0-win32-x64\jre\17.0.5-win32-x86_64\bin\nio.dll
Event: 0.205 Loaded shared library C:\Users\OMEN\.vscode\extensions\redhat.java-1.14.0-win32-x64\jre\17.0.5-win32-x86_64\bin\zip.dll
Event: 0.366 Loaded shared library C:\Users\OMEN\.vscode\extensions\redhat.java-1.14.0-win32-x64\jre\17.0.5-win32-x86_64\bin\jimage.dll
Event: 0.490 Loaded shared library c:\Users\OMEN\.vscode\extensions\redhat.java-1.14.0-win32-x64\jre\17.0.5-win32-x86_64\bin\verify.dll
Event: 3.006 Loaded shared library C:\Users\OMEN\.vscode\extensions\redhat.java-1.14.0-win32-x64\jre\17.0.5-win32-x86_64\bin\management.dll
Event: 3.008 Loaded shared library C:\Users\OMEN\.vscode\extensions\redhat.java-1.14.0-win32-x64\jre\17.0.5-win32-x86_64\bin\management_ext.dll

Deoptimization events (12 events):
Event: 1.599 Thread 0x00000288cce63420 DEOPT PACKING pc=0x00000288d0090d79 sp=0x000000a7da5fd270
Event: 1.599 Thread 0x00000288cce63420 DEOPT UNPACKING pc=0x00000288cfb42b43 sp=0x000000a7da5fc750 mode 3
Event: 3.277 Thread 0x00000288e0723dc0 DEOPT PACKING pc=0x00000288d02ae16d sp=0x000000a7dc6fdd20
Event: 3.277 Thread 0x00000288e0723dc0 DEOPT UNPACKING pc=0x00000288cfb42b43 sp=0x000000a7dc6fd248 mode 3
Event: 3.393 Thread 0x00000288e0fdb590 DEOPT PACKING pc=0x00000288d02c9f93 sp=0x000000a7dc9fe650
Event: 3.393 Thread 0x00000288e0fdb590 DEOPT UNPACKING pc=0x00000288cfb42b43 sp=0x000000a7dc9fdb98 mode 3
Event: 3.412 Thread 0x00000288e0d4c640 DEOPT PACKING pc=0x00000288d0094009 sp=0x000000a7dc5fd880
Event: 3.412 Thread 0x00000288e0d4c640 DEOPT UNPACKING pc=0x00000288cfb42b43 sp=0x000000a7dc5fcd10 mode 3
Event: 3.543 Thread 0x00000288e0fdc8d0 DEOPT PACKING pc=0x00000288d008f41f sp=0x000000a7dcdfece0
Event: 3.543 Thread 0x00000288e0fdc8d0 DEOPT UNPACKING pc=0x00000288cfb42b43 sp=0x000000a7dcdfe138 mode 3
Event: 3.867 Thread 0x00000288e10dc6c0 DEOPT PACKING pc=0x00000288d03d0874 sp=0x000000a7dd7feab0
Event: 3.867 Thread 0x00000288e10dc6c0 DEOPT UNPACKING pc=0x00000288cfb42b43 sp=0x000000a7dd7fdf40 mode 0

Classes unloaded (0 events):
No events

Classes redefined (0 events):
No events

Internal exceptions (20 events):
Event: 3.426 Thread 0x00000288e0fdc400 Exception <a 'sun/nio/fs/WindowsException'{0x0000000705f1c158}> (0x0000000705f1c158) 
thrown [s\src\hotspot\share\prims\jni.cpp, line 516]
Event: 3.426 Thread 0x00000288e0fdc400 Exception <a 'sun/nio/fs/WindowsException'{0x0000000705f1cb68}> (0x0000000705f1cb68) 
thrown [s\src\hotspot\share\prims\jni.cpp, line 516]
Event: 3.426 Thread 0x00000288e0fdc400 Exception <a 'sun/nio/fs/WindowsException'{0x0000000705f1cf40}> (0x0000000705f1cf40) 
thrown [s\src\hotspot\share\prims\jni.cpp, line 516]
Event: 3.426 Thread 0x00000288e0fdc400 Exception <a 'sun/nio/fs/WindowsException'{0x0000000705f1d928}> (0x0000000705f1d928) 
thrown [s\src\hotspot\share\prims\jni.cpp, line 516]
Event: 3.426 Thread 0x00000288e0fdc400 Exception <a 'sun/nio/fs/WindowsException'{0x0000000705f1dcc8}> (0x0000000705f1dcc8) 
thrown [s\src\hotspot\share\prims\jni.cpp, line 516]
Event: 3.426 Thread 0x00000288e0fdc400 Exception <a 'sun/nio/fs/WindowsException'{0x0000000705f1e6c0}> (0x0000000705f1e6c0) 
thrown [s\src\hotspot\share\prims\jni.cpp, line 516]
Event: 3.426 Thread 0x00000288e0fdc400 Exception <a 'sun/nio/fs/WindowsException'{0x0000000705f1ea78}> (0x0000000705f1ea78) 
thrown [s\src\hotspot\share\prims\jni.cpp, line 516]
Event: 3.427 Thread 0x00000288e0fdc400 Exception <a 'sun/nio/fs/WindowsException'{0x0000000705f1f460}> (0x0000000705f1f460) 
thrown [s\src\hotspot\share\prims\jni.cpp, line 516]
Event: 3.427 Thread 0x00000288e0fdc400 Exception <a 'sun/nio/fs/WindowsException'{0x0000000705f1f808}> (0x0000000705f1f808) 
thrown [s\src\hotspot\share\prims\jni.cpp, line 516]
Event: 3.427 Thread 0x00000288e0fdc400 Exception <a 'sun/nio/fs/WindowsException'{0x0000000705f20200}> (0x0000000705f20200) 
thrown [s\src\hotspot\share\prims\jni.cpp, line 516]
Event: 3.427 Thread 0x00000288e0fdc400 Exception <a 'sun/nio/fs/WindowsException'{0x0000000705f205b8}> (0x0000000705f205b8) 
thrown [s\src\hotspot\share\prims\jni.cpp, line 516]
Event: 3.427 Thread 0x00000288e0fdc400 Exception <a 'sun/nio/fs/WindowsException'{0x0000000705f20fc8}> (0x0000000705f20fc8) 
thrown [s\src\hotspot\share\prims\jni.cpp, line 516]
Event: 3.427 Thread 0x00000288e0fdc400 Exception <a 'sun/nio/fs/WindowsException'{0x0000000705f213a0}> (0x0000000705f213a0) 
thrown [s\src\hotspot\share\prims\jni.cpp, line 516]
Event: 3.427 Thread 0x00000288e0fdc400 Exception <a 'sun/nio/fs/WindowsException'{0x0000000705f21dc8}> (0x0000000705f21dc8) 
thrown [s\src\hotspot\share\prims\jni.cpp, line 516]
Event: 3.427 Thread 0x00000288e0fdc400 Exception <a 'sun/nio/fs/WindowsException'{0x0000000705f221b8}> (0x0000000705f221b8) 
thrown [s\src\hotspot\share\prims\jni.cpp, line 516]
Event: 3.428 Thread 0x00000288e0fdc400 Exception <a 'sun/nio/fs/WindowsException'{0x0000000705f22bd8}> (0x0000000705f22bd8) 
thrown [s\src\hotspot\share\prims\jni.cpp, line 516]
Event: 3.428 Thread 0x00000288e0fdc400 Exception <a 'sun/nio/fs/WindowsException'{0x0000000705f22fc0}> (0x0000000705f22fc0) 
thrown [s\src\hotspot\share\prims\jni.cpp, line 516]
Event: 3.877 Thread 0x00000288e0723dc0 Exception <a 'java/lang/NoSuchMethodError'{0x00000007082a3558}: 'java.lang.Object java.lang.invoke.Invokers$Holder.invoke_MT(java.lang.Object, java.lang.Object, java.lang.Object)'> (0x00000007082a3558) 
thrown [s\src\hotspot\share\interpreter\linkResolver.cpp, line 759]
Event: 3.965 Thread 0x00000288e0723dc0 Exception <a 'java/lang/NoSuchMethodError'{0x000000070787cc18}: 'java.lang.Object java.lang.invoke.DirectMethodHandle$Holder.newInvokeSpecial(java.lang.Object, java.lang.Object, int)'> (0x000000070787cc18) 
thrown [s\src\hotspot\share\interpreter\linkResolver.cpp, line 759]
Event: 3.979 Thread 0x00000288e10d91d0 Exception <a 'sun/nio/fs/WindowsException'{0x0000000707450498}> (0x0000000707450498) 
thrown [s\src\hotspot\share\prims\jni.cpp, line 516]

VM Operations (20 events):
Event: 4.214 Executing VM operation: HandshakeAllThreads done
Event: 4.230 Executing VM operation: G1CollectForAllocation
Event: 4.230 Executing VM operation: G1CollectForAllocation done
Event: 4.230 Executing VM operation: G1CollectForAllocation
Event: 4.233 Executing VM operation: G1CollectForAllocation done
Event: 4.248 Executing VM operation: G1Concurrent
Event: 4.249 Executing VM operation: G1Concurrent done
Event: 4.265 Executing VM operation: G1CollectForAllocation
Event: 4.265 Executing VM operation: G1CollectForAllocation done
Event: 4.265 Executing VM operation: G1CollectForAllocation
Event: 4.269 Executing VM operation: G1CollectForAllocation done
Event: 4.270 Executing VM operation: G1CollectForAllocation
Event: 4.274 Executing VM operation: G1CollectForAllocation done
Event: 4.299 Executing VM operation: G1CollectForAllocation
Event: 4.299 Executing VM operation: G1CollectForAllocation done
Event: 4.299 Executing VM operation: G1CollectForAllocation
Event: 4.301 Executing VM operation: G1CollectForAllocation done
Event: 4.328 Executing VM operation: G1CollectForAllocation
Event: 4.329 Executing VM operation: G1CollectForAllocation done
Event: 4.329 Executing VM operation: G1CollectForAllocation

Events (20 events):
Event: 3.910 loading class java/nio/file/Files$3
Event: 3.910 loading class java/nio/file/Files$3 done
Event: 3.910 loading class java/nio/file/FileVisitResult
Event: 3.910 loading class java/nio/file/FileVisitResult done
Event: 3.936 loading class java/nio/channels/Channels$ReadableByteChannelImpl
Event: 3.936 loading class java/nio/channels/Channels$ReadableByteChannelImpl done
Event: 3.937 loading class java/nio/channels/NonWritableChannelException
Event: 3.937 loading class java/nio/channels/NonWritableChannelException done
Event: 3.962 loading class java/util/WeakHashMap$EntrySet
Event: 3.962 loading class java/util/WeakHashMap$EntrySet done
Event: 3.962 loading class java/util/WeakHashMap$EntryIterator
Event: 3.962 loading class java/util/WeakHashMap$HashIterator
Event: 3.963 loading class java/util/WeakHashMap$HashIterator done
Event: 3.963 loading class java/util/WeakHashMap$EntryIterator done
Event: 3.966 Thread 0x00000288e10d91d0 Thread added: 0x00000288e10d91d0
Event: 3.967 Thread 0x00000288e10d96a0 Thread added: 0x00000288e10d96a0
Event: 3.975 loading class sun/security/provider/MD5
Event: 3.975 loading class sun/security/provider/MD5 done
Event: 3.975 loading class sun/security/provider/ByteArrayAccess$LE
Event: 3.975 loading class sun/security/provider/ByteArrayAccess$LE done


Dynamic libraries:
0x00007ff633710000 - 0x00007ff63371e000 	c:\Users\OMEN\.vscode\extensions\redhat.java-1.14.0-win32-x64\jre\17.0.5-win32-x86_64\bin\java.exe
0x00007ff948350000 - 0x00007ff948548000 	C:\Windows\SYSTEM32\ntdll.dll
0x00007ff946960000 - 0x00007ff946a1f000 	C:\Windows\System32\KERNEL32.DLL
0x00007ff945fe0000 - 0x00007ff9462b2000 	C:\Windows\System32\KERNELBASE.dll
0x00007ff945e90000 - 0x00007ff945f90000 	C:\Windows\System32\ucrtbase.dll
0x00007ff930620000 - 0x00007ff930637000 	c:\Users\OMEN\.vscode\extensions\redhat.java-1.14.0-win32-x64\jre\17.0.5-win32-x86_64\bin\jli.dll
0x00007ff930390000 - 0x00007ff9303a9000 	c:\Users\OMEN\.vscode\extensions\redhat.java-1.14.0-win32-x64\jre\17.0.5-win32-x86_64\bin\VCRUNTIME140.dll
0x00007ff9464d0000 - 0x00007ff946671000 	C:\Windows\System32\USER32.dll
0x00007ff9272b0000 - 0x00007ff92754a000 	C:\Windows\WinSxS\amd64_microsoft.windows.common-controls_6595b64144ccf1df_6.0.19041.1110_none_60b5254171f9507e\COMCTL32.dll
0x00007ff9462c0000 - 0x00007ff9462e2000 	C:\Windows\System32\win32u.dll
0x00007ff9470a0000 - 0x00007ff9470cb000 	C:\Windows\System32\GDI32.dll
0x00007ff947540000 - 0x00007ff9475de000 	C:\Windows\System32\msvcrt.dll
0x00007ff945ad0000 - 0x00007ff945bdf000 	C:\Windows\System32\gdi32full.dll
0x00007ff9462f0000 - 0x00007ff94638d000 	C:\Windows\System32\msvcp_win.dll
0x00007ff946490000 - 0x00007ff9464c2000 	C:\Windows\System32\IMM32.DLL
0x00007ff9403c0000 - 0x00007ff9403cc000 	c:\Users\OMEN\.vscode\extensions\redhat.java-1.14.0-win32-x64\jre\17.0.5-win32-x86_64\bin\vcruntime140_1.dll
0x00007ff8d6140000 - 0x00007ff8d61d1000 	c:\Users\OMEN\.vscode\extensions\redhat.java-1.14.0-win32-x64\jre\17.0.5-win32-x86_64\bin\msvcp140.dll
0x00007ff8c6430000 - 0x00007ff8c7074000 	c:\Users\OMEN\.vscode\extensions\redhat.java-1.14.0-win32-x64\jre\17.0.5-win32-x86_64\bin\server\jvm.dll
0x00007ff946a20000 - 0x00007ff946ace000 	C:\Windows\System32\ADVAPI32.dll
0x00007ff9480e0000 - 0x00007ff94817c000 	C:\Windows\System32\sechost.dll
0x00007ff946830000 - 0x00007ff946955000 	C:\Windows\System32\RPCRT4.dll
0x00007ff928380000 - 0x00007ff9283a7000 	C:\Windows\SYSTEM32\WINMM.dll
0x00007ff93edb0000 - 0x00007ff93edba000 	C:\Windows\SYSTEM32\VERSION.dll
0x00007ff92c3b0000 - 0x00007ff92c3b9000 	C:\Windows\SYSTEM32\WSOCK32.dll
0x00007ff9467c0000 - 0x00007ff94682b000 	C:\Windows\System32\WS2_32.dll
0x00007ff944250000 - 0x00007ff944262000 	C:\Windows\SYSTEM32\kernel.appcore.dll
0x00007ff93ff30000 - 0x00007ff93ff3a000 	c:\Users\OMEN\.vscode\extensions\redhat.java-1.14.0-win32-x64\jre\17.0.5-win32-x86_64\bin\jimage.dll
0x00007ff9437a0000 - 0x00007ff943984000 	C:\Windows\SYSTEM32\DBGHELP.DLL
0x00007ff930f70000 - 0x00007ff930fa5000 	C:\Windows\SYSTEM32\dbgcore.DLL
0x00007ff945a40000 - 0x00007ff945ac2000 	C:\Windows\System32\bcryptPrimitives.dll
0x00007ff927b40000 - 0x00007ff927b65000 	c:\Users\OMEN\.vscode\extensions\redhat.java-1.14.0-win32-x64\jre\17.0.5-win32-x86_64\bin\java.dll
0x00007ff9264c0000 - 0x00007ff9264d8000 	c:\Users\OMEN\.vscode\extensions\redhat.java-1.14.0-win32-x64\jre\17.0.5-win32-x86_64\bin\zip.dll
0x00007ff947870000 - 0x00007ff947fb4000 	C:\Windows\System32\SHELL32.dll
0x00007ff943aa0000 - 0x00007ff944232000 	C:\Windows\SYSTEM32\windows.storage.dll
0x00007ff946c70000 - 0x00007ff946fc5000 	C:\Windows\System32\combase.dll
0x00007ff945350000 - 0x00007ff945380000 	C:\Windows\SYSTEM32\Wldp.dll
0x00007ff946bc0000 - 0x00007ff946c6d000 	C:\Windows\System32\SHCORE.dll
0x00007ff946760000 - 0x00007ff9467b5000 	C:\Windows\System32\shlwapi.dll
0x00007ff945980000 - 0x00007ff94599f000 	C:\Windows\SYSTEM32\profapi.dll
0x00007ff924750000 - 0x00007ff924769000 	C:\Users\OMEN\.vscode\extensions\redhat.java-1.14.0-win32-x64\jre\17.0.5-win32-x86_64\bin\net.dll
0x00007ff939320000 - 0x00007ff93942c000 	C:\Windows\SYSTEM32\WINHTTP.dll
0x00007ff945130000 - 0x00007ff94519a000 	C:\Windows\system32\mswsock.dll
0x00007ff9246c0000 - 0x00007ff9246d5000 	C:\Users\OMEN\.vscode\extensions\redhat.java-1.14.0-win32-x64\jre\17.0.5-win32-x86_64\bin\nio.dll
0x00007ff930fb0000 - 0x00007ff930fc0000 	c:\Users\OMEN\.vscode\extensions\redhat.java-1.14.0-win32-x64\jre\17.0.5-win32-x86_64\bin\verify.dll
0x00007ff945400000 - 0x00007ff945418000 	C:\Windows\SYSTEM32\CRYPTSP.dll
0x00007ff944a00000 - 0x00007ff944a34000 	C:\Windows\system32\rsaenh.dll
0x00007ff945be0000 - 0x00007ff945c07000 	C:\Windows\System32\bcrypt.dll
0x00007ff945940000 - 0x00007ff94596e000 	C:\Windows\SYSTEM32\USERENV.dll
0x00007ff9452c0000 - 0x00007ff9452cc000 	C:\Windows\SYSTEM32\CRYPTBASE.dll
0x00007ff944dd0000 - 0x00007ff944e0b000 	C:\Windows\SYSTEM32\IPHLPAPI.DLL
0x00007ff946480000 - 0x00007ff946488000 	C:\Windows\System32\NSI.dll
0x00007ff93aa30000 - 0x00007ff93aa47000 	C:\Windows\SYSTEM32\dhcpcsvc6.DLL
0x00007ff93b7e0000 - 0x00007ff93b7fd000 	C:\Windows\SYSTEM32\dhcpcsvc.DLL
0x00007ff944e10000 - 0x00007ff944eda000 	C:\Windows\SYSTEM32\DNSAPI.dll
0x00007ff942d70000 - 0x00007ff942d79000 	C:\Users\OMEN\.vscode\extensions\redhat.java-1.14.0-win32-x64\jre\17.0.5-win32-x86_64\bin\management.dll
0x00007ff9305a0000 - 0x00007ff9305ab000 	C:\Users\OMEN\.vscode\extensions\redhat.java-1.14.0-win32-x64\jre\17.0.5-win32-x86_64\bin\management_ext.dll
0x00007ff947090000 - 0x00007ff947098000 	C:\Windows\System32\PSAPI.DLL

dbghelp: loaded successfully - version: 4.0.5 - missing functions: none
symbol engine: initialized successfully - sym options: 0x614 - pdb path: .;c:\Users\OMEN\.vscode\extensions\redhat.java-1.14.0-win32-x64\jre\17.0.5-win32-x86_64\bin;C:\Windows\SYSTEM32;C:\Windows\WinSxS\amd64_microsoft.windows.common-controls_6595b64144ccf1df_6.0.19041.1110_none_60b5254171f9507e;c:\Users\OMEN\.vscode\extensions\redhat.java-1.14.0-win32-x64\jre\17.0.5-win32-x86_64\bin\server

VM Arguments:
jvm_args: -Dsts.lsp.client=vscode -Dsts.log.file=/dev/null -XX:TieredStopAtLevel=1 -Xlog:jni+resolve=off -Dspring.config.location=file:c:\Users\OMEN\.vscode\extensions\pivotal.vscode-spring-boot-1.43.0\language-server\BOOT-INF\classes\application.properties 
java_command: org.springframework.ide.vscode.boot.app.BootLanguageServerBootApp
java_class_path (initial): c:\Users\OMEN\.vscode\extensions\pivotal.vscode-spring-boot-1.43.0\language-server\BOOT-INF\classes;c:\Users\OMEN\.vscode\extensions\pivotal.vscode-spring-boot-1.43.0\language-server\BOOT-INF\lib\annotations-23.1.0.jar;c:\Users\OMEN\.vscode\extensions\pivotal.vscode-spring-boot-1.43.0\language-server\BOOT-INF\lib\ant-1.10.12.jar;c:\Users\OMEN\.vscode\extensions\pivotal.vscode-spring-boot-1.43.0\language-server\BOOT-INF\lib\ant-launcher-1.10.12.jar;c:\Users\OMEN\.vscode\extensions\pivotal.vscode-spring-boot-1.43.0\language-server\BOOT-INF\lib\antlr-runtime-3.5.2.jar;c:\Users\OMEN\.vscode\extensions\pivotal.vscode-spring-boot-1.43.0\language-server\BOOT-INF\lib\antlr4-4.9.3.jar;c:\Users\OMEN\.vscode\extensions\pivotal.vscode-spring-boot-1.43.0\language-server\BOOT-INF\lib\antlr4-runtime-4.9.3.jar;c:\Users\OMEN\.vscode\extensions\pivotal.vscode-spring-boot-1.43.0\language-server\BOOT-INF\lib\apiguardian-api-1.1.2.jar;c:\Users\OMEN\.vscode\extensions\pivotal.vscode-spring-boot-1.43.0\language-server\BOOT-INF\lib\asm-9.4.jar;c:\Users\OMEN\.vscode\extensions\pivotal.vscode-spring-boot-1.43.0\language-server\BOOT-INF\lib\asm-analysis-9.4.jar;c:\Users\OMEN\.vscode\extensions\pivotal.vscode-spring-boot-1.43.0\language-server\BOOT-INF\lib\asm-tree-9.4.jar;c:\Users\OMEN\.vscode\extensions\pivotal.vscode-spring-boot-1.43.0\language-server\BOOT-INF\lib\asm-util-9.4.jar;c:\Users\OMEN\.vscode\extensions\pivotal.vscode-spring-boot-1.43.0\language-server\BOOT-INF\lib\caffeine-3.1.2.jar;c:\Users\OMEN\.vscode\extensions\pivotal.vscode-spring-boot-1.43.0\language-server\BOOT-INF\lib\checker-qual-3.12.0.jar;c:\Users\OMEN\.vscode\extensions\pivotal.vscode-spring-boot-1.43.0\language-server\BOOT-INF\lib\ci-environment-9.1.0.jar;c:\Users\OMEN\.vscode\extensions\pivotal.vscode-spring-boot-1.43.0\language-server\BOOT-INF\lib\classgraph-4.8.149.jar;c:\Users\OMEN\.vscode\extensions\pivotal.vscode-spring-boot-1.43.0\language-server\BOOT-INF\lib\commons-codec-1.15.ja
Launcher Type: SUN_STANDARD

[Global flags]
     intx CICompilerCount                          = 4                                         {product} {ergonomic}
     uint ConcGCThreads                            = 2                                         {product} {ergonomic}
     uint G1ConcRefinementThreads                  = 8                                         {product} {ergonomic}
   size_t G1HeapRegionSize                         = 2097152                                   {product} {ergonomic}
    uintx GCDrainStackTargetSize                   = 64                                        {product} {ergonomic}
   size_t InitialHeapSize                          = 268435456                                 {product} {ergonomic}
   size_t MarkStackSize                            = 4194304                                   {product} {ergonomic}
   size_t MaxHeapSize                              = 4263510016                                {product} {ergonomic}
   size_t MaxNewSize                               = 2556428288                                {product} {ergonomic}
   size_t MinHeapDeltaBytes                        = 2097152                                   {product} {ergonomic}
   size_t MinHeapSize                              = 8388608                                   {product} {ergonomic}
    uintx NonProfiledCodeHeapSize                  = 0                                      {pd product} {ergonomic}
     bool ProfileInterpreter                       = false                                  {pd product} {command line}
    uintx ProfiledCodeHeapSize                     = 0                                      {pd product} {ergonomic}
   size_t SoftMaxHeapSize                          = 4263510016                             {manageable} {ergonomic}
     intx TieredStopAtLevel                        = 1                                         {product} {command line}
     bool UseCompressedClassPointers               = true                           {product lp64_product} {ergonomic}
     bool UseCompressedOops                        = true                           {product lp64_product} {ergonomic}
     bool UseG1GC                                  = true                                      {product} {ergonomic}
     bool UseLargePagesIndividualAllocation        = false                                  {pd product} {ergonomic}

Logging:
Log output configuration:
 #0: stdout all=warning,jni+resolve=off uptime,level,tags
 #1: stderr all=off uptime,level,tags

Environment Variables:
PATH=C:\Program Files\Eclipse Adoptium\jdk-17.0.6.10-hotspot\bin;C:\Windows\system32;C:\Windows;C:\Windows\System32\Wbem;C:\Windows\System32\WindowsPowerShell\v1.0\;C:\Windows\System32\OpenSSH\;C:\Program Files (x86)\NVIDIA Corporation\PhysX\Common;C:\Program Files\NVIDIA Corporation\NVIDIA NvDLISR;C:\Program Files\Git\cmd;C:\ProgramData\ComposerSetup\bin;C:\Program Files\Docker\Docker\resources\bin;C:\Users\OMEN\AppData\Local\Microsoft\WindowsApps;C:\Users\OMEN\AppData\Local\Programs\Microsoft VS Code\bin;C:\Users\OMEN\AppData\Local\GitHubDesktop\bin;C:\Program Files\php-8.2.1;C:\Users\OMEN\AppData\Roaming\Composer\vendor\bin
USERNAME=OMEN
OS=Windows_NT
PROCESSOR_IDENTIFIER=Intel64 Family 6 Model 158 Stepping 9, GenuineIntel
TMP=C:\Users\OMEN\AppData\Local\Temp
TEMP=C:\Users\OMEN\AppData\Local\Temp



---------------  S Y S T E M  ---------------

OS:
 Windows 10 , 64 bit Build 19041 (10.0.19041.2364)
OS uptime: 5 days 20:16 hours
Hyper-V role detected

CPU: total 8 (initial active 8) (4 cores per cpu, 2 threads per core) family 6 model 158 stepping 9 microcode 0xea, cx8, cmov, fxsr, ht, mmx, 3dnowpref, sse, sse2, sse3, ssse3, sse4.1, sse4.2, popcnt, lzcnt, tsc, tscinvbit, avx, avx2, aes, erms, clmul, bmi1, bmi2, adx, fma, vzeroupper, clflush, clflushopt, hv

Memory: 4k page, system-wide physical 16263M (779M free)
TotalPageFile size 46617M (AvailPageFile size 388M)
current process WorkingSet (physical memory assigned to process): 329M, peak: 329M
current process commit charge ("private bytes"): 410M, peak: 814M

vm_info: OpenJDK 64-Bit Server VM (17.0.5+8) for windows-amd64 JRE (17.0.5+8), built on Oct 19 2022 04:48:13 by "temurin" with MS VC++ 16.7 (VS2019)

END.
